#
# There is insufficient memory for the Java Runtime Environment to continue.
# Native memory allocation (malloc) failed to allocate 1729392 bytes for Chunk::new
# Possible reasons:
#   The system is out of physical RAM or swap space
#   The process is running with CompressedOops enabled, and the Java Heap may be blocking the growth of the native heap
# Possible solutions:
#   Reduce memory load on the system
#   Increase physical memory or swap space
#   Check if swap backing store is full
#   Decrease Java heap size (-Xmx/-Xms)
#   Decrease number of Java threads
#   Decrease Java thread stack sizes (-Xss)
#   Set larger code cache with -XX:ReservedCodeCacheSize=
#   JVM is running with Unscaled Compressed Oops mode in which the Java heap is
#     placed in the first 4GB address space. The Java Heap base address is the
#     maximum limit for the native heap growth. Please use -XX:HeapBaseMinAddress
#     to set the Java Heap base and to place the Java Heap above 4GB virtual address.
# This output file may be truncated or incomplete.
#
#  Out of Memory Error (arena.cpp:189), pid=27400, tid=18712
#
# JRE version: OpenJDK Runtime Environment (17.0.6) (build 17.0.6+0-b2043.56-10027231)
# Java VM: OpenJDK 64-Bit Server VM (17.0.6+0-b2043.56-10027231, mixed mode, tiered, compressed oops, compressed class ptrs, g1 gc, windows-amd64)
# No core dump will be written. Minidumps are not enabled by default on client versions of Windows
#

---------------  S U M M A R Y ------------

Command Line: org.jetbrains.kotlin.cli.jvm.K2JVMCompiler @C:\workspace\android\app\build\20231023_866967330561987332.compiler.options

Host: 11th Gen Intel(R) Core(TM) i5-1135G7 @ 2.40GHz, 8 cores, 7G,  Windows 11 , 64 bit Build 22621 (10.0.22621.2428)
Time: Mon Oct 23 19:40:25 2023  Windows 11 , 64 bit Build 22621 (10.0.22621.2428) elapsed time: 13.700931 seconds (0d 0h 0m 13s)

---------------  T H R E A D  ---------------

Current thread (0x00000240cc6d8a60):  JavaThread "C2 CompilerThread2" daemon [_thread_in_native, id=18712, stack(0x000000e1e4300000,0x000000e1e4400000)]


Current CompileTask:
C2:  13701 13809       4       org.jetbrains.kotlin.resolve.TypeResolver::resolvePossiblyBareType (237 bytes)

Stack: [0x000000e1e4300000,0x000000e1e4400000]
Native frames: (J=compiled Java code, j=interpreted, Vv=VM code, C=native code)
V  [jvm.dll+0x683c9a]
V  [jvm.dll+0x8427a4]
V  [jvm.dll+0x843f9e]
V  [jvm.dll+0x844603]
V  [jvm.dll+0x249b75]
V  [jvm.dll+0xabcac]
V  [jvm.dll+0xac27c]
V  [jvm.dll+0x368857]
V  [jvm.dll+0x332f31]
V  [jvm.dll+0x3323da]
V  [jvm.dll+0x21c201]
V  [jvm.dll+0x21b621]
V  [jvm.dll+0x1a4fdd]
V  [jvm.dll+0x22b098]
V  [jvm.dll+0x229159]
V  [jvm.dll+0x7f81ec]
V  [jvm.dll+0x7f274a]
V  [jvm.dll+0x682ad5]
C  [ucrtbase.dll+0x29363]
C  [KERNEL32.DLL+0x1257d]
C  [ntdll.dll+0x5aa78]


---------------  P R O C E S S  ---------------

Threads class SMR info:
_java_thread_list=0x00000240cc5ba0d0, length=14, elements={
0x00000240af36b7d0, 0x00000240cb014220, 0x00000240cb014bd0, 0x00000240cbc5f0a0,
0x00000240cbc5f960, 0x00000240cbc72590, 0x00000240cbc72e50, 0x00000240cbc74160,
0x00000240cbc8a010, 0x00000240cbc8bd30, 0x00000240cbdf9b00, 0x00000240cbe0be40,
0x00000240cbe02970, 0x00000240cc6d8a60
}

Java Threads: ( => current thread )
  0x00000240af36b7d0 JavaThread "main" [_thread_in_Java, id=3484, stack(0x000000e1e2b00000,0x000000e1e2c00000)]
  0x00000240cb014220 JavaThread "Reference Handler" daemon [_thread_blocked, id=11576, stack(0x000000e1e3200000,0x000000e1e3300000)]
  0x00000240cb014bd0 JavaThread "Finalizer" daemon [_thread_blocked, id=27816, stack(0x000000e1e3300000,0x000000e1e3400000)]
  0x00000240cbc5f0a0 JavaThread "Signal Dispatcher" daemon [_thread_blocked, id=27032, stack(0x000000e1e3400000,0x000000e1e3500000)]
  0x00000240cbc5f960 JavaThread "Attach Listener" daemon [_thread_blocked, id=26476, stack(0x000000e1e3500000,0x000000e1e3600000)]
  0x00000240cbc72590 JavaThread "Service Thread" daemon [_thread_blocked, id=13316, stack(0x000000e1e3600000,0x000000e1e3700000)]
  0x00000240cbc72e50 JavaThread "Monitor Deflation Thread" daemon [_thread_blocked, id=28220, stack(0x000000e1e3700000,0x000000e1e3800000)]
  0x00000240cbc74160 JavaThread "C2 CompilerThread0" daemon [_thread_in_native, id=21828, stack(0x000000e1e3800000,0x000000e1e3900000)]
  0x00000240cbc8a010 JavaThread "C1 CompilerThread0" daemon [_thread_blocked, id=6832, stack(0x000000e1e3900000,0x000000e1e3a00000)]
  0x00000240cbc8bd30 JavaThread "Sweeper thread" daemon [_thread_blocked, id=9276, stack(0x000000e1e3a00000,0x000000e1e3b00000)]
  0x00000240cbdf9b00 JavaThread "Notification Thread" daemon [_thread_blocked, id=28480, stack(0x000000e1e3b00000,0x000000e1e3c00000)]
  0x00000240cbe0be40 JavaThread "Common-Cleaner" daemon [_thread_blocked, id=21840, stack(0x000000e1e3d00000,0x000000e1e3e00000)]
  0x00000240cbe02970 JavaThread "C2 CompilerThread1" daemon [_thread_in_native, id=13788, stack(0x000000e1e3e00000,0x000000e1e3f00000)]
=>0x00000240cc6d8a60 JavaThread "C2 CompilerThread2" daemon [_thread_in_native, id=18712, stack(0x000000e1e4300000,0x000000e1e4400000)]

Other Threads:
  0x00000240cb011b10 VMThread "VM Thread" [stack: 0x000000e1e3100000,0x000000e1e3200000] [id=26784]
  0x00000240cbd02b70 WatcherThread [stack: 0x000000e1e3c00000,0x000000e1e3d00000] [id=25580]
  0x00000240b14e5530 GCTaskThread "GC Thread#0" [stack: 0x000000e1e2c00000,0x000000e1e2d00000] [id=21484]
  0x00000240cc338a30 GCTaskThread "GC Thread#1" [stack: 0x000000e1e3f00000,0x000000e1e4000000] [id=25576]
  0x00000240cc338ef0 GCTaskThread "GC Thread#2" [stack: 0x000000e1e4000000,0x000000e1e4100000] [id=15696]
  0x00000240cc4c2bd0 GCTaskThread "GC Thread#3" [stack: 0x000000e1e4100000,0x000000e1e4200000] [id=19632]
  0x00000240cc4c2e80 GCTaskThread "GC Thread#4" [stack: 0x000000e1e4200000,0x000000e1e4300000] [id=17156]
  0x00000240cd148d30 GCTaskThread "GC Thread#5" [stack: 0x000000e1e4400000,0x000000e1e4500000] [id=17904]
  0x00000240cd1e53e0 GCTaskThread "GC Thread#6" [stack: 0x000000e1e4500000,0x000000e1e4600000] [id=18980]
  0x00000240cd13c930 GCTaskThread "GC Thread#7" [stack: 0x000000e1e4600000,0x000000e1e4700000] [id=4524]
  0x00000240b14f6080 ConcurrentGCThread "G1 Main Marker" [stack: 0x000000e1e2d00000,0x000000e1e2e00000] [id=11924]
  0x00000240b14f7230 ConcurrentGCThread "G1 Conc#0" [stack: 0x000000e1e2e00000,0x000000e1e2f00000] [id=17280]
  0x00000240cd13be70 ConcurrentGCThread "G1 Conc#1" [stack: 0x000000e1e4700000,0x000000e1e4800000] [id=24008]
  0x00000240cae6b1a0 ConcurrentGCThread "G1 Refine#0" [stack: 0x000000e1e2f00000,0x000000e1e3000000] [id=28188]
  0x00000240d1386ed0 ConcurrentGCThread "G1 Refine#1" [stack: 0x000000e1e4800000,0x000000e1e4900000] [id=20836]
  0x00000240d0936380 ConcurrentGCThread "G1 Refine#2" [stack: 0x000000e1e4900000,0x000000e1e4a00000] [id=26156]
  0x00000240cf0a4f10 ConcurrentGCThread "G1 Refine#3" [stack: 0x000000e1e4a00000,0x000000e1e4b00000] [id=26504]
  0x00000240cf0a51f0 ConcurrentGCThread "G1 Refine#4" [stack: 0x000000e1e4b00000,0x000000e1e4c00000] [id=15732]
  0x00000240d5b77a90 ConcurrentGCThread "G1 Refine#5" [stack: 0x000000e1e4c00000,0x000000e1e4d00000] [id=1656]
  0x00000240d0dd0290 ConcurrentGCThread "G1 Refine#6" [stack: 0x000000e1e4d00000,0x000000e1e4e00000] [id=6648]
  0x00000240cae6b9d0 ConcurrentGCThread "G1 Service" [stack: 0x000000e1e3000000,0x000000e1e3100000] [id=27304]

Threads with active compile tasks:
C2 CompilerThread0    13738 13845       4       org.jetbrains.kotlin.resolve.QualifiedExpressionResolver::resolveDescriptorForType (252 bytes)
C2 CompilerThread1    13738 13846       4       org.jetbrains.kotlin.resolve.TypeResolver::resolveType (58 bytes)
C2 CompilerThread2    13739 13809       4       org.jetbrains.kotlin.resolve.TypeResolver::resolvePossiblyBareType (237 bytes)

VM state: not at safepoint (normal execution)

VM Mutex/Monitor currently owned by a thread: None

Heap address: 0x0000000085000000, size: 1968 MB, Compressed Oops mode: 32-bit

CDS archive(s) not mapped
Compressed class space mapped at: 0x0000000100000000-0x0000000140000000, reserved size: 1073741824
Narrow klass base: 0x0000000000000000, Narrow klass shift: 3, Narrow klass range: 0x140000000

GC Precious Log:
 CPUs: 8 total, 8 available
 Memory: 7865M
 Large Page Support: Disabled
 NUMA Support: Disabled
 Compressed Oops: Enabled (32-bit)
 Heap Region Size: 1M
 Heap Min Capacity: 8M
 Heap Initial Capacity: 124M
 Heap Max Capacity: 1968M
 Pre-touch: Disabled
 Parallel Workers: 8
 Concurrent Workers: 2
 Concurrent Refinement Workers: 8
 Periodic GC: Disabled

Heap:
 garbage-first heap   total 260096K, used 160264K [0x0000000085000000, 0x0000000100000000)
  region size 1024K, 13 young (13312K), 2 survivors (2048K)
 Metaspace       used 70490K, committed 70912K, reserved 1114112K
  class space    used 7869K, committed 8064K, reserved 1048576K

Heap Regions: E=young(eden), S=young(survivor), O=old, HS=humongous(starts), HC=humongous(continues), CS=collection set, F=free, OA=open archive, CA=closed archive, TAMS=top-at-mark-start (previous, next)
|   0|0x0000000085000000, 0x0000000085100000, 0x0000000085100000|100%|HS|  |TAMS 0x0000000085100000, 0x0000000085000000| Complete 
|   1|0x0000000085100000, 0x0000000085200000, 0x0000000085200000|100%|HC|  |TAMS 0x0000000085200000, 0x0000000085100000| Complete 
|   2|0x0000000085200000, 0x0000000085300000, 0x0000000085300000|100%|HC|  |TAMS 0x0000000085300000, 0x0000000085200000| Complete 
|   3|0x0000000085300000, 0x0000000085400000, 0x0000000085400000|100%|HC|  |TAMS 0x0000000085400000, 0x0000000085300000| Complete 
|   4|0x0000000085400000, 0x0000000085500000, 0x0000000085500000|100%| O|  |TAMS 0x0000000085500000, 0x0000000085400000| Untracked 
|   5|0x0000000085500000, 0x0000000085600000, 0x0000000085600000|100%| O|  |TAMS 0x0000000085600000, 0x0000000085500000| Untracked 
|   6|0x0000000085600000, 0x0000000085700000, 0x0000000085700000|100%| O|  |TAMS 0x0000000085700000, 0x0000000085600000| Untracked 
|   7|0x0000000085700000, 0x0000000085800000, 0x0000000085800000|100%| O|  |TAMS 0x0000000085800000, 0x0000000085700000| Untracked 
|   8|0x0000000085800000, 0x0000000085900000, 0x0000000085900000|100%|HS|  |TAMS 0x0000000085900000, 0x0000000085800000| Complete 
|   9|0x0000000085900000, 0x0000000085a00000, 0x0000000085a00000|100%|HC|  |TAMS 0x0000000085a00000, 0x0000000085900000| Complete 
|  10|0x0000000085a00000, 0x0000000085b00000, 0x0000000085b00000|100%|HC|  |TAMS 0x0000000085b00000, 0x0000000085a00000| Complete 
|  11|0x0000000085b00000, 0x0000000085c00000, 0x0000000085c00000|100%|HC|  |TAMS 0x0000000085c00000, 0x0000000085b00000| Complete 
|  12|0x0000000085c00000, 0x0000000085d00000, 0x0000000085d00000|100%| O|  |TAMS 0x0000000085d00000, 0x0000000085c00000| Untracked 
|  13|0x0000000085d00000, 0x0000000085e00000, 0x0000000085e00000|100%| O|  |TAMS 0x0000000085e00000, 0x0000000085d00000| Untracked 
|  14|0x0000000085e00000, 0x0000000085f00000, 0x0000000085f00000|100%| O|  |TAMS 0x0000000085f00000, 0x0000000085e00000| Untracked 
|  15|0x0000000085f00000, 0x0000000086000000, 0x0000000086000000|100%| O|  |TAMS 0x0000000086000000, 0x0000000085f00000| Untracked 
|  16|0x0000000086000000, 0x0000000086100000, 0x0000000086100000|100%| O|  |TAMS 0x0000000086100000, 0x0000000086000000| Untracked 
|  17|0x0000000086100000, 0x0000000086200000, 0x0000000086200000|100%| O|  |TAMS 0x0000000086200000, 0x0000000086100000| Untracked 
|  18|0x0000000086200000, 0x0000000086300000, 0x0000000086300000|100%| O|  |TAMS 0x0000000086300000, 0x0000000086200000| Untracked 
|  19|0x0000000086300000, 0x0000000086400000, 0x0000000086400000|100%| O|  |TAMS 0x0000000086400000, 0x0000000086300000| Untracked 
|  20|0x0000000086400000, 0x0000000086500000, 0x0000000086500000|100%| O|  |TAMS 0x0000000086500000, 0x0000000086400000| Untracked 
|  21|0x0000000086500000, 0x0000000086600000, 0x0000000086600000|100%| O|  |TAMS 0x0000000086600000, 0x0000000086500000| Untracked 
|  22|0x0000000086600000, 0x0000000086700000, 0x0000000086700000|100%| O|  |TAMS 0x0000000086700000, 0x0000000086600000| Untracked 
|  23|0x0000000086700000, 0x0000000086800000, 0x0000000086800000|100%| O|  |TAMS 0x0000000086800000, 0x0000000086700000| Untracked 
|  24|0x0000000086800000, 0x0000000086900000, 0x0000000086900000|100%| O|  |TAMS 0x0000000086900000, 0x0000000086800000| Untracked 
|  25|0x0000000086900000, 0x0000000086a00000, 0x0000000086a00000|100%| O|  |TAMS 0x0000000086a00000, 0x0000000086900000| Untracked 
|  26|0x0000000086a00000, 0x0000000086b00000, 0x0000000086b00000|100%| O|  |TAMS 0x0000000086b00000, 0x0000000086a00000| Untracked 
|  27|0x0000000086b00000, 0x0000000086c00000, 0x0000000086c00000|100%| O|  |TAMS 0x0000000086c00000, 0x0000000086b00000| Untracked 
|  28|0x0000000086c00000, 0x0000000086c00000, 0x0000000086d00000|  0%| F|  |TAMS 0x0000000086c00000, 0x0000000086c00000| Untracked 
|  29|0x0000000086d00000, 0x0000000086e00000, 0x0000000086e00000|100%| O|  |TAMS 0x0000000086e00000, 0x0000000086d00000| Untracked 
|  30|0x0000000086e00000, 0x0000000086f00000, 0x0000000086f00000|100%| O|  |TAMS 0x0000000086f00000, 0x0000000086e00000| Untracked 
|  31|0x0000000086f00000, 0x0000000086f00000, 0x0000000087000000|  0%| F|  |TAMS 0x0000000086f00000, 0x0000000086f00000| Untracked 
|  32|0x0000000087000000, 0x0000000087100000, 0x0000000087100000|100%| O|  |TAMS 0x0000000087100000, 0x0000000087000000| Untracked 
|  33|0x0000000087100000, 0x0000000087200000, 0x0000000087200000|100%| O|  |TAMS 0x0000000087200000, 0x0000000087100000| Untracked 
|  34|0x0000000087200000, 0x0000000087300000, 0x0000000087300000|100%| O|  |TAMS 0x0000000087300000, 0x0000000087200000| Untracked 
|  35|0x0000000087300000, 0x0000000087400000, 0x0000000087400000|100%| O|  |TAMS 0x0000000087400000, 0x0000000087300000| Untracked 
|  36|0x0000000087400000, 0x0000000087500000, 0x0000000087500000|100%| O|  |TAMS 0x0000000087500000, 0x0000000087400000| Untracked 
|  37|0x0000000087500000, 0x0000000087600000, 0x0000000087600000|100%| O|  |TAMS 0x0000000087600000, 0x0000000087500000| Untracked 
|  38|0x0000000087600000, 0x0000000087700000, 0x0000000087700000|100%| O|  |TAMS 0x0000000087700000, 0x0000000087600000| Untracked 
|  39|0x0000000087700000, 0x0000000087800000, 0x0000000087800000|100%| O|  |TAMS 0x0000000087800000, 0x0000000087700000| Untracked 
|  40|0x0000000087800000, 0x0000000087900000, 0x0000000087900000|100%| O|  |TAMS 0x0000000087900000, 0x0000000087800000| Untracked 
|  41|0x0000000087900000, 0x0000000087a00000, 0x0000000087a00000|100%| O|  |TAMS 0x0000000087a00000, 0x0000000087900000| Untracked 
|  42|0x0000000087a00000, 0x0000000087b00000, 0x0000000087b00000|100%| O|  |TAMS 0x0000000087b00000, 0x0000000087a00000| Untracked 
|  43|0x0000000087b00000, 0x0000000087c00000, 0x0000000087c00000|100%| O|  |TAMS 0x0000000087c00000, 0x0000000087b00000| Untracked 
|  44|0x0000000087c00000, 0x0000000087d00000, 0x0000000087d00000|100%| O|  |TAMS 0x0000000087d00000, 0x0000000087c00000| Untracked 
|  45|0x0000000087d00000, 0x0000000087e00000, 0x0000000087e00000|100%| O|  |TAMS 0x0000000087e00000, 0x0000000087d00000| Untracked 
|  46|0x0000000087e00000, 0x0000000087f00000, 0x0000000087f00000|100%| O|  |TAMS 0x0000000087f00000, 0x0000000087e00000| Untracked 
|  47|0x0000000087f00000, 0x0000000088000000, 0x0000000088000000|100%| O|  |TAMS 0x0000000088000000, 0x0000000087f00000| Untracked 
|  48|0x0000000088000000, 0x0000000088100000, 0x0000000088100000|100%| O|  |TAMS 0x0000000088100000, 0x0000000088000000| Untracked 
|  49|0x0000000088100000, 0x0000000088200000, 0x0000000088200000|100%| O|  |TAMS 0x0000000088200000, 0x0000000088100000| Untracked 
|  50|0x0000000088200000, 0x0000000088300000, 0x0000000088300000|100%| O|  |TAMS 0x0000000088300000, 0x0000000088200000| Untracked 
|  51|0x0000000088300000, 0x0000000088400000, 0x0000000088400000|100%| O|  |TAMS 0x0000000088400000, 0x0000000088300000| Untracked 
|  52|0x0000000088400000, 0x0000000088500000, 0x0000000088500000|100%| O|  |TAMS 0x0000000088500000, 0x0000000088400000| Untracked 
|  53|0x0000000088500000, 0x0000000088600000, 0x0000000088600000|100%|HS|  |TAMS 0x0000000088600000, 0x0000000088500000| Complete 
|  54|0x0000000088600000, 0x0000000088700000, 0x0000000088700000|100%|HC|  |TAMS 0x0000000088700000, 0x0000000088600000| Complete 
|  55|0x0000000088700000, 0x0000000088800000, 0x0000000088800000|100%| O|  |TAMS 0x0000000088800000, 0x0000000088700000| Untracked 
|  56|0x0000000088800000, 0x0000000088900000, 0x0000000088900000|100%| O|  |TAMS 0x0000000088900000, 0x0000000088800000| Untracked 
|  57|0x0000000088900000, 0x0000000088a00000, 0x0000000088a00000|100%| O|  |TAMS 0x0000000088a00000, 0x0000000088900000| Untracked 
|  58|0x0000000088a00000, 0x0000000088b00000, 0x0000000088b00000|100%| O|  |TAMS 0x0000000088b00000, 0x0000000088a00000| Untracked 
|  59|0x0000000088b00000, 0x0000000088c00000, 0x0000000088c00000|100%| O|  |TAMS 0x0000000088c00000, 0x0000000088b00000| Untracked 
|  60|0x0000000088c00000, 0x0000000088d00000, 0x0000000088d00000|100%| O|  |TAMS 0x0000000088d00000, 0x0000000088c00000| Untracked 
|  61|0x0000000088d00000, 0x0000000088e00000, 0x0000000088e00000|100%| O|  |TAMS 0x0000000088e00000, 0x0000000088d00000| Untracked 
|  62|0x0000000088e00000, 0x0000000088f00000, 0x0000000088f00000|100%| O|  |TAMS 0x0000000088f00000, 0x0000000088e00000| Untracked 
|  63|0x0000000088f00000, 0x0000000089000000, 0x0000000089000000|100%| O|  |TAMS 0x0000000089000000, 0x0000000088f00000| Untracked 
|  64|0x0000000089000000, 0x0000000089100000, 0x0000000089100000|100%| O|  |TAMS 0x0000000089100000, 0x0000000089000000| Untracked 
|  65|0x0000000089100000, 0x0000000089200000, 0x0000000089200000|100%| O|  |TAMS 0x0000000089100000, 0x0000000089100000| Untracked 
|  66|0x0000000089200000, 0x0000000089300000, 0x0000000089300000|100%| O|  |TAMS 0x0000000089200000, 0x0000000089200000| Untracked 
|  67|0x0000000089300000, 0x0000000089400000, 0x0000000089400000|100%| O|  |TAMS 0x0000000089400000, 0x0000000089300000| Untracked 
|  68|0x0000000089400000, 0x0000000089500000, 0x0000000089500000|100%| O|  |TAMS 0x0000000089500000, 0x0000000089400000| Untracked 
|  69|0x0000000089500000, 0x0000000089600000, 0x0000000089600000|100%| O|  |TAMS 0x0000000089600000, 0x0000000089500000| Untracked 
|  70|0x0000000089600000, 0x0000000089700000, 0x0000000089700000|100%| O|  |TAMS 0x0000000089700000, 0x0000000089600000| Untracked 
|  71|0x0000000089700000, 0x0000000089800000, 0x0000000089800000|100%| O|  |TAMS 0x0000000089800000, 0x0000000089700000| Untracked 
|  72|0x0000000089800000, 0x0000000089900000, 0x0000000089900000|100%| O|  |TAMS 0x0000000089900000, 0x0000000089800000| Untracked 
|  73|0x0000000089900000, 0x0000000089a00000, 0x0000000089a00000|100%| O|  |TAMS 0x0000000089a00000, 0x0000000089900000| Untracked 
|  74|0x0000000089a00000, 0x0000000089b00000, 0x0000000089b00000|100%| O|  |TAMS 0x0000000089b00000, 0x0000000089a00000| Untracked 
|  75|0x0000000089b00000, 0x0000000089c00000, 0x0000000089c00000|100%| O|  |TAMS 0x0000000089c00000, 0x0000000089b00000| Untracked 
|  76|0x0000000089c00000, 0x0000000089d00000, 0x0000000089d00000|100%| O|  |TAMS 0x0000000089d00000, 0x0000000089c00000| Untracked 
|  77|0x0000000089d00000, 0x0000000089e00000, 0x0000000089e00000|100%| O|  |TAMS 0x0000000089e00000, 0x0000000089d00000| Untracked 
|  78|0x0000000089e00000, 0x0000000089f00000, 0x0000000089f00000|100%| O|  |TAMS 0x0000000089f00000, 0x0000000089e00000| Untracked 
|  79|0x0000000089f00000, 0x000000008a000000, 0x000000008a000000|100%| O|  |TAMS 0x000000008a000000, 0x0000000089f00000| Untracked 
|  80|0x000000008a000000, 0x000000008a100000, 0x000000008a100000|100%| O|  |TAMS 0x000000008a100000, 0x000000008a000000| Untracked 
|  81|0x000000008a100000, 0x000000008a200000, 0x000000008a200000|100%| O|  |TAMS 0x000000008a200000, 0x000000008a100000| Untracked 
|  82|0x000000008a200000, 0x000000008a300000, 0x000000008a300000|100%| O|  |TAMS 0x000000008a300000, 0x000000008a200000| Untracked 
|  83|0x000000008a300000, 0x000000008a400000, 0x000000008a400000|100%| O|  |TAMS 0x000000008a400000, 0x000000008a300000| Untracked 
|  84|0x000000008a400000, 0x000000008a500000, 0x000000008a500000|100%| O|  |TAMS 0x000000008a500000, 0x000000008a400000| Untracked 
|  85|0x000000008a500000, 0x000000008a600000, 0x000000008a600000|100%| O|  |TAMS 0x000000008a600000, 0x000000008a500000| Untracked 
|  86|0x000000008a600000, 0x000000008a700000, 0x000000008a700000|100%| O|  |TAMS 0x000000008a700000, 0x000000008a600000| Untracked 
|  87|0x000000008a700000, 0x000000008a800000, 0x000000008a800000|100%|HS|  |TAMS 0x000000008a800000, 0x000000008a700000| Complete 
|  88|0x000000008a800000, 0x000000008a900000, 0x000000008a900000|100%|HC|  |TAMS 0x000000008a900000, 0x000000008a800000| Complete 
|  89|0x000000008a900000, 0x000000008aa00000, 0x000000008aa00000|100%|HC|  |TAMS 0x000000008aa00000, 0x000000008a900000| Complete 
|  90|0x000000008aa00000, 0x000000008ab00000, 0x000000008ab00000|100%|HC|  |TAMS 0x000000008ab00000, 0x000000008aa00000| Complete 
|  91|0x000000008ab00000, 0x000000008ac00000, 0x000000008ac00000|100%|HC|  |TAMS 0x000000008ac00000, 0x000000008ab00000| Complete 
|  92|0x000000008ac00000, 0x000000008ad00000, 0x000000008ad00000|100%|HC|  |TAMS 0x000000008ad00000, 0x000000008ac00000| Complete 
|  93|0x000000008ad00000, 0x000000008ae00000, 0x000000008ae00000|100%|HC|  |TAMS 0x000000008ae00000, 0x000000008ad00000| Complete 
|  94|0x000000008ae00000, 0x000000008af00000, 0x000000008af00000|100%|HC|  |TAMS 0x000000008af00000, 0x000000008ae00000| Complete 
|  95|0x000000008af00000, 0x000000008b000000, 0x000000008b000000|100%|HC|  |TAMS 0x000000008b000000, 0x000000008af00000| Complete 
|  96|0x000000008b000000, 0x000000008b100000, 0x000000008b100000|100%| O|  |TAMS 0x000000008b100000, 0x000000008b000000| Untracked 
|  97|0x000000008b100000, 0x000000008b200000, 0x000000008b200000|100%| O|  |TAMS 0x000000008b200000, 0x000000008b100000| Untracked 
|  98|0x000000008b200000, 0x000000008b300000, 0x000000008b300000|100%| O|  |TAMS 0x000000008b300000, 0x000000008b200000| Untracked 
|  99|0x000000008b300000, 0x000000008b400000, 0x000000008b400000|100%| O|  |TAMS 0x000000008b400000, 0x000000008b300000| Untracked 
| 100|0x000000008b400000, 0x000000008b500000, 0x000000008b500000|100%| O|  |TAMS 0x000000008b500000, 0x000000008b400000| Untracked 
| 101|0x000000008b500000, 0x000000008b600000, 0x000000008b600000|100%| O|  |TAMS 0x000000008b600000, 0x000000008b500000| Untracked 
| 102|0x000000008b600000, 0x000000008b700000, 0x000000008b700000|100%| O|  |TAMS 0x000000008b700000, 0x000000008b600000| Untracked 
| 103|0x000000008b700000, 0x000000008b800000, 0x000000008b800000|100%| O|  |TAMS 0x000000008b800000, 0x000000008b700000| Untracked 
| 104|0x000000008b800000, 0x000000008b900000, 0x000000008b900000|100%| O|  |TAMS 0x000000008b900000, 0x000000008b800000| Untracked 
| 105|0x000000008b900000, 0x000000008ba00000, 0x000000008ba00000|100%| O|  |TAMS 0x000000008ba00000, 0x000000008b900000| Untracked 
| 106|0x000000008ba00000, 0x000000008bb00000, 0x000000008bb00000|100%| O|  |TAMS 0x000000008bb00000, 0x000000008ba00000| Untracked 
| 107|0x000000008bb00000, 0x000000008bc00000, 0x000000008bc00000|100%| O|  |TAMS 0x000000008bc00000, 0x000000008bb00000| Untracked 
| 108|0x000000008bc00000, 0x000000008bd00000, 0x000000008bd00000|100%| O|  |TAMS 0x000000008bd00000, 0x000000008bc00000| Untracked 
| 109|0x000000008bd00000, 0x000000008be00000, 0x000000008be00000|100%| O|  |TAMS 0x000000008be00000, 0x000000008bd00000| Untracked 
| 110|0x000000008be00000, 0x000000008bf00000, 0x000000008bf00000|100%| O|  |TAMS 0x000000008bf00000, 0x000000008be00000| Untracked 
| 111|0x000000008bf00000, 0x000000008c000000, 0x000000008c000000|100%| O|  |TAMS 0x000000008c000000, 0x000000008bf00000| Untracked 
| 112|0x000000008c000000, 0x000000008c100000, 0x000000008c100000|100%| O|  |TAMS 0x000000008c100000, 0x000000008c000000| Untracked 
| 113|0x000000008c100000, 0x000000008c200000, 0x000000008c200000|100%| O|  |TAMS 0x000000008c200000, 0x000000008c100000| Untracked 
| 114|0x000000008c200000, 0x000000008c300000, 0x000000008c300000|100%| O|  |TAMS 0x000000008c300000, 0x000000008c200000| Untracked 
| 115|0x000000008c300000, 0x000000008c400000, 0x000000008c400000|100%| O|  |TAMS 0x000000008c400000, 0x000000008c300000| Untracked 
| 116|0x000000008c400000, 0x000000008c500000, 0x000000008c500000|100%| O|  |TAMS 0x000000008c500000, 0x000000008c400000| Untracked 
| 117|0x000000008c500000, 0x000000008c600000, 0x000000008c600000|100%| O|  |TAMS 0x000000008c600000, 0x000000008c500000| Untracked 
| 118|0x000000008c600000, 0x000000008c700000, 0x000000008c700000|100%| O|  |TAMS 0x000000008c653a00, 0x000000008c600000| Untracked 
| 119|0x000000008c700000, 0x000000008c800000, 0x000000008c800000|100%| O|  |TAMS 0x000000008c700000, 0x000000008c700000| Untracked 
| 120|0x000000008c800000, 0x000000008c900000, 0x000000008c900000|100%| O|  |TAMS 0x000000008c800000, 0x000000008c800000| Untracked 
| 121|0x000000008c900000, 0x000000008ca00000, 0x000000008ca00000|100%| O|  |TAMS 0x000000008c900000, 0x000000008c900000| Untracked 
| 122|0x000000008ca00000, 0x000000008cb00000, 0x000000008cb00000|100%| O|  |TAMS 0x000000008ca00000, 0x000000008ca00000| Untracked 
| 123|0x000000008cb00000, 0x000000008cc00000, 0x000000008cc00000|100%| O|  |TAMS 0x000000008cb00000, 0x000000008cb00000| Untracked 
| 124|0x000000008cc00000, 0x000000008cd00000, 0x000000008cd00000|100%| O|  |TAMS 0x000000008cc00000, 0x000000008cc00000| Untracked 
| 125|0x000000008cd00000, 0x000000008ce00000, 0x000000008ce00000|100%| O|  |TAMS 0x000000008cd00000, 0x000000008cd00000| Untracked 
| 126|0x000000008ce00000, 0x000000008cf00000, 0x000000008cf00000|100%| O|  |TAMS 0x000000008ce00000, 0x000000008ce00000| Untracked 
| 127|0x000000008cf00000, 0x000000008d000000, 0x000000008d000000|100%| O|  |TAMS 0x000000008cf00000, 0x000000008cf00000| Untracked 
| 128|0x000000008d000000, 0x000000008d100000, 0x000000008d100000|100%| O|  |TAMS 0x000000008d000000, 0x000000008d000000| Untracked 
| 129|0x000000008d100000, 0x000000008d200000, 0x000000008d200000|100%| O|  |TAMS 0x000000008d100000, 0x000000008d100000| Untracked 
| 130|0x000000008d200000, 0x000000008d300000, 0x000000008d300000|100%| O|  |TAMS 0x000000008d200000, 0x000000008d200000| Untracked 
| 131|0x000000008d300000, 0x000000008d400000, 0x000000008d400000|100%| O|  |TAMS 0x000000008d300000, 0x000000008d300000| Untracked 
| 132|0x000000008d400000, 0x000000008d500000, 0x000000008d500000|100%| O|  |TAMS 0x000000008d400000, 0x000000008d400000| Untracked 
| 133|0x000000008d500000, 0x000000008d600000, 0x000000008d600000|100%| O|  |TAMS 0x000000008d500000, 0x000000008d500000| Untracked 
| 134|0x000000008d600000, 0x000000008d700000, 0x000000008d700000|100%| O|  |TAMS 0x000000008d600000, 0x000000008d600000| Untracked 
| 135|0x000000008d700000, 0x000000008d800000, 0x000000008d800000|100%| O|  |TAMS 0x000000008d700000, 0x000000008d700000| Untracked 
| 136|0x000000008d800000, 0x000000008d900000, 0x000000008d900000|100%| O|  |TAMS 0x000000008d800000, 0x000000008d800000| Untracked 
| 137|0x000000008d900000, 0x000000008da00000, 0x000000008da00000|100%| O|  |TAMS 0x000000008d900000, 0x000000008d900000| Untracked 
| 138|0x000000008da00000, 0x000000008db00000, 0x000000008db00000|100%| O|  |TAMS 0x000000008da00000, 0x000000008da00000| Untracked 
| 139|0x000000008db00000, 0x000000008dc00000, 0x000000008dc00000|100%| O|  |TAMS 0x000000008db00000, 0x000000008db00000| Untracked 
| 140|0x000000008dc00000, 0x000000008dd00000, 0x000000008dd00000|100%| O|  |TAMS 0x000000008dc00000, 0x000000008dc00000| Untracked 
| 141|0x000000008dd00000, 0x000000008de00000, 0x000000008de00000|100%| O|  |TAMS 0x000000008dd00000, 0x000000008dd00000| Untracked 
| 142|0x000000008de00000, 0x000000008df00000, 0x000000008df00000|100%| O|  |TAMS 0x000000008de00000, 0x000000008de00000| Untracked 
| 143|0x000000008df00000, 0x000000008e000000, 0x000000008e000000|100%| O|  |TAMS 0x000000008df00000, 0x000000008df00000| Untracked 
| 144|0x000000008e000000, 0x000000008e100000, 0x000000008e100000|100%| O|  |TAMS 0x000000008e000000, 0x000000008e000000| Untracked 
| 145|0x000000008e100000, 0x000000008e200000, 0x000000008e200000|100%| O|  |TAMS 0x000000008e100000, 0x000000008e100000| Untracked 
| 146|0x000000008e200000, 0x000000008e2eaa00, 0x000000008e300000| 91%| O|  |TAMS 0x000000008e200000, 0x000000008e200000| Untracked 
| 147|0x000000008e300000, 0x000000008e300000, 0x000000008e400000|  0%| F|  |TAMS 0x000000008e300000, 0x000000008e300000| Untracked 
| 148|0x000000008e400000, 0x000000008e400000, 0x000000008e500000|  0%| F|  |TAMS 0x000000008e400000, 0x000000008e400000| Untracked 
| 149|0x000000008e500000, 0x000000008e500000, 0x000000008e600000|  0%| F|  |TAMS 0x000000008e500000, 0x000000008e500000| Untracked 
| 150|0x000000008e600000, 0x000000008e600000, 0x000000008e700000|  0%| F|  |TAMS 0x000000008e600000, 0x000000008e600000| Untracked 
| 151|0x000000008e700000, 0x000000008e700000, 0x000000008e800000|  0%| F|  |TAMS 0x000000008e700000, 0x000000008e700000| Untracked 
| 152|0x000000008e800000, 0x000000008e800000, 0x000000008e900000|  0%| F|  |TAMS 0x000000008e800000, 0x000000008e800000| Untracked 
| 153|0x000000008e900000, 0x000000008e900000, 0x000000008ea00000|  0%| F|  |TAMS 0x000000008e900000, 0x000000008e900000| Untracked 
| 154|0x000000008ea00000, 0x000000008ea00000, 0x000000008eb00000|  0%| F|  |TAMS 0x000000008ea00000, 0x000000008ea00000| Untracked 
| 155|0x000000008eb00000, 0x000000008eb00000, 0x000000008ec00000|  0%| F|  |TAMS 0x000000008eb00000, 0x000000008eb00000| Untracked 
| 156|0x000000008ec00000, 0x000000008ec00000, 0x000000008ed00000|  0%| F|  |TAMS 0x000000008ec00000, 0x000000008ec00000| Untracked 
| 157|0x000000008ed00000, 0x000000008ed00000, 0x000000008ee00000|  0%| F|  |TAMS 0x000000008ed00000, 0x000000008ed00000| Untracked 
| 158|0x000000008ee00000, 0x000000008ee00000, 0x000000008ef00000|  0%| F|  |TAMS 0x000000008ee00000, 0x000000008ee00000| Untracked 
| 159|0x000000008ef00000, 0x000000008ef00000, 0x000000008f000000|  0%| F|  |TAMS 0x000000008ef00000, 0x000000008ef00000| Untracked 
| 160|0x000000008f000000, 0x000000008f000000, 0x000000008f100000|  0%| F|  |TAMS 0x000000008f000000, 0x000000008f000000| Untracked 
| 161|0x000000008f100000, 0x000000008f100000, 0x000000008f200000|  0%| F|  |TAMS 0x000000008f100000, 0x000000008f100000| Untracked 
| 162|0x000000008f200000, 0x000000008f200000, 0x000000008f300000|  0%| F|  |TAMS 0x000000008f200000, 0x000000008f200000| Untracked 
| 163|0x000000008f300000, 0x000000008f300000, 0x000000008f400000|  0%| F|  |TAMS 0x000000008f300000, 0x000000008f300000| Untracked 
| 164|0x000000008f400000, 0x000000008f400000, 0x000000008f500000|  0%| F|  |TAMS 0x000000008f400000, 0x000000008f400000| Untracked 
| 165|0x000000008f500000, 0x000000008f500000, 0x000000008f600000|  0%| F|  |TAMS 0x000000008f500000, 0x000000008f500000| Untracked 
| 166|0x000000008f600000, 0x000000008f600000, 0x000000008f700000|  0%| F|  |TAMS 0x000000008f600000, 0x000000008f600000| Untracked 
| 167|0x000000008f700000, 0x000000008f700000, 0x000000008f800000|  0%| F|  |TAMS 0x000000008f700000, 0x000000008f700000| Untracked 
| 168|0x000000008f800000, 0x000000008f800000, 0x000000008f900000|  0%| F|  |TAMS 0x000000008f800000, 0x000000008f800000| Untracked 
| 169|0x000000008f900000, 0x000000008f900000, 0x000000008fa00000|  0%| F|  |TAMS 0x000000008f900000, 0x000000008f900000| Untracked 
| 170|0x000000008fa00000, 0x000000008fa00000, 0x000000008fb00000|  0%| F|  |TAMS 0x000000008fa00000, 0x000000008fa00000| Untracked 
| 171|0x000000008fb00000, 0x000000008fb00000, 0x000000008fc00000|  0%| F|  |TAMS 0x000000008fb00000, 0x000000008fb00000| Untracked 
| 172|0x000000008fc00000, 0x000000008fc00000, 0x000000008fd00000|  0%| F|  |TAMS 0x000000008fc00000, 0x000000008fc00000| Untracked 
| 173|0x000000008fd00000, 0x000000008fd00000, 0x000000008fe00000|  0%| F|  |TAMS 0x000000008fd00000, 0x000000008fd00000| Untracked 
| 174|0x000000008fe00000, 0x000000008fe00000, 0x000000008ff00000|  0%| F|  |TAMS 0x000000008fe00000, 0x000000008fe00000| Untracked 
| 175|0x000000008ff00000, 0x000000008ff00000, 0x0000000090000000|  0%| F|  |TAMS 0x000000008ff00000, 0x000000008ff00000| Untracked 
| 176|0x0000000090000000, 0x0000000090000000, 0x0000000090100000|  0%| F|  |TAMS 0x0000000090000000, 0x0000000090000000| Untracked 
| 177|0x0000000090100000, 0x0000000090100000, 0x0000000090200000|  0%| F|  |TAMS 0x0000000090100000, 0x0000000090100000| Untracked 
| 178|0x0000000090200000, 0x0000000090200000, 0x0000000090300000|  0%| F|  |TAMS 0x0000000090200000, 0x0000000090200000| Untracked 
| 179|0x0000000090300000, 0x0000000090300000, 0x0000000090400000|  0%| F|  |TAMS 0x0000000090300000, 0x0000000090300000| Untracked 
| 180|0x0000000090400000, 0x0000000090400000, 0x0000000090500000|  0%| F|  |TAMS 0x0000000090400000, 0x0000000090400000| Untracked 
| 181|0x0000000090500000, 0x0000000090500000, 0x0000000090600000|  0%| F|  |TAMS 0x0000000090500000, 0x0000000090500000| Untracked 
| 182|0x0000000090600000, 0x0000000090600000, 0x0000000090700000|  0%| F|  |TAMS 0x0000000090600000, 0x0000000090600000| Untracked 
| 183|0x0000000090700000, 0x0000000090700000, 0x0000000090800000|  0%| F|  |TAMS 0x0000000090700000, 0x0000000090700000| Untracked 
| 184|0x0000000090800000, 0x0000000090800000, 0x0000000090900000|  0%| F|  |TAMS 0x0000000090800000, 0x0000000090800000| Untracked 
| 185|0x0000000090900000, 0x0000000090900000, 0x0000000090a00000|  0%| F|  |TAMS 0x0000000090900000, 0x0000000090900000| Untracked 
| 186|0x0000000090a00000, 0x0000000090a00000, 0x0000000090b00000|  0%| F|  |TAMS 0x0000000090a00000, 0x0000000090a00000| Untracked 
| 187|0x0000000090b00000, 0x0000000090b00000, 0x0000000090c00000|  0%| F|  |TAMS 0x0000000090b00000, 0x0000000090b00000| Untracked 
| 188|0x0000000090c00000, 0x0000000090c00000, 0x0000000090d00000|  0%| F|  |TAMS 0x0000000090c00000, 0x0000000090c00000| Untracked 
| 189|0x0000000090d00000, 0x0000000090d00000, 0x0000000090e00000|  0%| F|  |TAMS 0x0000000090d00000, 0x0000000090d00000| Untracked 
| 190|0x0000000090e00000, 0x0000000090e00000, 0x0000000090f00000|  0%| F|  |TAMS 0x0000000090e00000, 0x0000000090e00000| Untracked 
| 191|0x0000000090f00000, 0x0000000090f00000, 0x0000000091000000|  0%| F|  |TAMS 0x0000000090f00000, 0x0000000090f00000| Untracked 
| 192|0x0000000091000000, 0x0000000091000000, 0x0000000091100000|  0%| F|  |TAMS 0x0000000091000000, 0x0000000091000000| Untracked 
| 193|0x0000000091100000, 0x0000000091100000, 0x0000000091200000|  0%| F|  |TAMS 0x0000000091100000, 0x0000000091100000| Untracked 
| 194|0x0000000091200000, 0x0000000091200000, 0x0000000091300000|  0%| F|  |TAMS 0x0000000091200000, 0x0000000091200000| Untracked 
| 195|0x0000000091300000, 0x0000000091300000, 0x0000000091400000|  0%| F|  |TAMS 0x0000000091300000, 0x0000000091300000| Untracked 
| 196|0x0000000091400000, 0x0000000091400000, 0x0000000091500000|  0%| F|  |TAMS 0x0000000091400000, 0x0000000091400000| Untracked 
| 197|0x0000000091500000, 0x0000000091500000, 0x0000000091600000|  0%| F|  |TAMS 0x0000000091500000, 0x0000000091500000| Untracked 
| 198|0x0000000091600000, 0x0000000091600000, 0x0000000091700000|  0%| F|  |TAMS 0x0000000091600000, 0x0000000091600000| Untracked 
| 199|0x0000000091700000, 0x0000000091700000, 0x0000000091800000|  0%| F|  |TAMS 0x0000000091700000, 0x0000000091700000| Untracked 
| 200|0x0000000091800000, 0x0000000091800000, 0x0000000091900000|  0%| F|  |TAMS 0x0000000091800000, 0x0000000091800000| Untracked 
| 201|0x0000000091900000, 0x0000000091900000, 0x0000000091a00000|  0%| F|  |TAMS 0x0000000091900000, 0x0000000091900000| Untracked 
| 202|0x0000000091a00000, 0x0000000091a00000, 0x0000000091b00000|  0%| F|  |TAMS 0x0000000091a00000, 0x0000000091a00000| Untracked 
| 203|0x0000000091b00000, 0x0000000091b00000, 0x0000000091c00000|  0%| F|  |TAMS 0x0000000091b00000, 0x0000000091b00000| Untracked 
| 204|0x0000000091c00000, 0x0000000091c00000, 0x0000000091d00000|  0%| F|  |TAMS 0x0000000091c00000, 0x0000000091c00000| Untracked 
| 205|0x0000000091d00000, 0x0000000091d00000, 0x0000000091e00000|  0%| F|  |TAMS 0x0000000091d00000, 0x0000000091d00000| Untracked 
| 206|0x0000000091e00000, 0x0000000091e00000, 0x0000000091f00000|  0%| F|  |TAMS 0x0000000091e00000, 0x0000000091e00000| Untracked 
| 207|0x0000000091f00000, 0x0000000091f00000, 0x0000000092000000|  0%| F|  |TAMS 0x0000000091f00000, 0x0000000091f00000| Untracked 
| 208|0x0000000092000000, 0x0000000092000000, 0x0000000092100000|  0%| F|  |TAMS 0x0000000092000000, 0x0000000092000000| Untracked 
| 209|0x0000000092100000, 0x0000000092100000, 0x0000000092200000|  0%| F|  |TAMS 0x0000000092100000, 0x0000000092100000| Untracked 
| 210|0x0000000092200000, 0x0000000092200000, 0x0000000092300000|  0%| F|  |TAMS 0x0000000092200000, 0x0000000092200000| Untracked 
| 211|0x0000000092300000, 0x0000000092300000, 0x0000000092400000|  0%| F|  |TAMS 0x0000000092300000, 0x0000000092300000| Untracked 
| 212|0x0000000092400000, 0x0000000092400000, 0x0000000092500000|  0%| F|  |TAMS 0x0000000092400000, 0x0000000092400000| Untracked 
| 213|0x0000000092500000, 0x0000000092500000, 0x0000000092600000|  0%| F|  |TAMS 0x0000000092500000, 0x0000000092500000| Untracked 
| 214|0x0000000092600000, 0x0000000092600000, 0x0000000092700000|  0%| F|  |TAMS 0x0000000092600000, 0x0000000092600000| Untracked 
| 215|0x0000000092700000, 0x0000000092700000, 0x0000000092800000|  0%| F|  |TAMS 0x0000000092700000, 0x0000000092700000| Untracked 
| 216|0x0000000092800000, 0x0000000092800000, 0x0000000092900000|  0%| F|  |TAMS 0x0000000092800000, 0x0000000092800000| Untracked 
| 217|0x0000000092900000, 0x0000000092900000, 0x0000000092a00000|  0%| F|  |TAMS 0x0000000092900000, 0x0000000092900000| Untracked 
| 218|0x0000000092a00000, 0x0000000092a00000, 0x0000000092b00000|  0%| F|  |TAMS 0x0000000092a00000, 0x0000000092a00000| Untracked 
| 219|0x0000000092b00000, 0x0000000092b00000, 0x0000000092c00000|  0%| F|  |TAMS 0x0000000092b00000, 0x0000000092b00000| Untracked 
| 220|0x0000000092c00000, 0x0000000092c00000, 0x0000000092d00000|  0%| F|  |TAMS 0x0000000092c00000, 0x0000000092c00000| Untracked 
| 221|0x0000000092d00000, 0x0000000092d00000, 0x0000000092e00000|  0%| F|  |TAMS 0x0000000092d00000, 0x0000000092d00000| Untracked 
| 222|0x0000000092e00000, 0x0000000092e00000, 0x0000000092f00000|  0%| F|  |TAMS 0x0000000092e00000, 0x0000000092e00000| Untracked 
| 223|0x0000000092f00000, 0x0000000092f00000, 0x0000000093000000|  0%| F|  |TAMS 0x0000000092f00000, 0x0000000092f00000| Untracked 
| 224|0x0000000093000000, 0x0000000093000000, 0x0000000093100000|  0%| F|  |TAMS 0x0000000093000000, 0x0000000093000000| Untracked 
| 225|0x0000000093100000, 0x0000000093100000, 0x0000000093200000|  0%| F|  |TAMS 0x0000000093100000, 0x0000000093100000| Untracked 
| 226|0x0000000093200000, 0x0000000093200000, 0x0000000093300000|  0%| F|  |TAMS 0x0000000093200000, 0x0000000093200000| Untracked 
| 227|0x0000000093300000, 0x0000000093300000, 0x0000000093400000|  0%| F|  |TAMS 0x0000000093300000, 0x0000000093300000| Untracked 
| 228|0x0000000093400000, 0x0000000093400000, 0x0000000093500000|  0%| F|  |TAMS 0x0000000093400000, 0x0000000093400000| Untracked 
| 229|0x0000000093500000, 0x0000000093500000, 0x0000000093600000|  0%| F|  |TAMS 0x0000000093500000, 0x0000000093500000| Untracked 
| 230|0x0000000093600000, 0x0000000093600000, 0x0000000093700000|  0%| F|  |TAMS 0x0000000093600000, 0x0000000093600000| Untracked 
| 231|0x0000000093700000, 0x0000000093700000, 0x0000000093800000|  0%| F|  |TAMS 0x0000000093700000, 0x0000000093700000| Untracked 
| 232|0x0000000093800000, 0x0000000093800000, 0x0000000093900000|  0%| F|  |TAMS 0x0000000093800000, 0x0000000093800000| Untracked 
| 233|0x0000000093900000, 0x0000000093900000, 0x0000000093a00000|  0%| F|  |TAMS 0x0000000093900000, 0x0000000093900000| Untracked 
| 234|0x0000000093a00000, 0x0000000093a00000, 0x0000000093b00000|  0%| F|  |TAMS 0x0000000093a00000, 0x0000000093a00000| Untracked 
| 235|0x0000000093b00000, 0x0000000093b00000, 0x0000000093c00000|  0%| F|  |TAMS 0x0000000093b00000, 0x0000000093b00000| Untracked 
| 236|0x0000000093c00000, 0x0000000093c00000, 0x0000000093d00000|  0%| F|  |TAMS 0x0000000093c00000, 0x0000000093c00000| Untracked 
| 237|0x0000000093d00000, 0x0000000093d00000, 0x0000000093e00000|  0%| F|  |TAMS 0x0000000093d00000, 0x0000000093d00000| Untracked 
| 238|0x0000000093e00000, 0x0000000093e00000, 0x0000000093f00000|  0%| F|  |TAMS 0x0000000093e00000, 0x0000000093e00000| Untracked 
| 239|0x0000000093f00000, 0x0000000093f00000, 0x0000000094000000|  0%| F|  |TAMS 0x0000000093f00000, 0x0000000093f00000| Untracked 
| 240|0x0000000094000000, 0x0000000094100000, 0x0000000094100000|100%| E|  |TAMS 0x0000000094000000, 0x0000000094000000| Complete 
| 241|0x0000000094100000, 0x0000000094200000, 0x0000000094200000|100%| E|CS|TAMS 0x0000000094100000, 0x0000000094100000| Complete 
| 242|0x0000000094200000, 0x0000000094300000, 0x0000000094300000|100%| E|CS|TAMS 0x0000000094200000, 0x0000000094200000| Complete 
| 243|0x0000000094300000, 0x0000000094400000, 0x0000000094400000|100%| E|CS|TAMS 0x0000000094300000, 0x0000000094300000| Complete 
| 244|0x0000000094400000, 0x0000000094500000, 0x0000000094500000|100%| E|CS|TAMS 0x0000000094400000, 0x0000000094400000| Complete 
| 245|0x0000000094500000, 0x0000000094600000, 0x0000000094600000|100%| E|CS|TAMS 0x0000000094500000, 0x0000000094500000| Complete 
| 246|0x0000000094600000, 0x0000000094700000, 0x0000000094700000|100%| E|CS|TAMS 0x0000000094600000, 0x0000000094600000| Complete 
| 247|0x0000000094700000, 0x0000000094800000, 0x0000000094800000|100%| E|CS|TAMS 0x0000000094700000, 0x0000000094700000| Complete 
| 248|0x0000000094800000, 0x0000000094900000, 0x0000000094900000|100%| E|CS|TAMS 0x0000000094800000, 0x0000000094800000| Complete 
| 249|0x0000000094900000, 0x0000000094997760, 0x0000000094a00000| 59%| S|CS|TAMS 0x0000000094900000, 0x0000000094900000| Complete 
| 250|0x0000000094a00000, 0x0000000094b00000, 0x0000000094b00000|100%| S|CS|TAMS 0x0000000094a00000, 0x0000000094a00000| Complete 
| 251|0x0000000094b00000, 0x0000000094c00000, 0x0000000094c00000|100%| E|CS|TAMS 0x0000000094b00000, 0x0000000094b00000| Complete 
| 252|0x0000000094c00000, 0x0000000094d00000, 0x0000000094d00000|100%| E|CS|TAMS 0x0000000094c00000, 0x0000000094c00000| Complete 
| 253|0x0000000094d00000, 0x0000000094e00000, 0x0000000094e00000|100%| E|CS|TAMS 0x0000000094d00000, 0x0000000094d00000| Complete 

Card table byte_map: [0x00000240c4060000,0x00000240c4440000] _byte_map_base: 0x00000240c3c38000

Marking Bits (Prev, Next): (CMBitMap*) 0x00000240b14e5b40, (CMBitMap*) 0x00000240b14e5b80
 Prev Bits: [0x00000240c4820000, 0x00000240c66e0000)
 Next Bits: [0x00000240c66e0000, 0x00000240c85a0000)

Polling page: 0x00000240b0c50000

Metaspace:

Usage:
  Non-class:     61.15 MB used.
      Class:      7.69 MB used.
       Both:     68.84 MB used.

Virtual space:
  Non-class space:       64.00 MB reserved,      61.38 MB ( 96%) committed,  8 nodes.
      Class space:        1.00 GB reserved,       7.88 MB ( <1%) committed,  1 nodes.
             Both:        1.06 GB reserved,      69.25 MB (  6%) committed. 

Chunk freelists:
   Non-Class:  1.93 MB
       Class:  173.00 KB
        Both:  2.10 MB

MaxMetaspaceSize: unlimited
CompressedClassSpaceSize: 1.00 GB
Initial GC threshold: 21.00 MB
Current GC threshold: 114.69 MB
CDS: off
MetaspaceReclaimPolicy: balanced
 - commit_granule_bytes: 65536.
 - commit_granule_words: 8192.
 - virtual_space_node_default_size: 1048576.
 - enlarge_chunks_in_place: 1.
 - new_chunks_are_fully_committed: 0.
 - uncommit_free_chunks: 1.
 - use_allocation_guard: 0.
 - handle_deallocations: 1.


Internal statistics:

num_allocs_failed_limit: 6.
num_arena_births: 362.
num_arena_deaths: 0.
num_vsnodes_births: 9.
num_vsnodes_deaths: 0.
num_space_committed: 1106.
num_space_uncommitted: 0.
num_chunks_returned_to_freelist: 6.
num_chunks_taken_from_freelist: 2695.
num_chunk_merges: 6.
num_chunk_splits: 2058.
num_chunks_enlarged: 1716.
num_purges: 0.
num_inconsistent_stats: 0.

CodeHeap 'non-profiled nmethods': size=120000Kb used=7434Kb max_used=7684Kb free=112566Kb
 bounds [0x00000240bc420000, 0x00000240bcbb0000, 0x00000240c3950000]
CodeHeap 'profiled nmethods': size=120000Kb used=31021Kb max_used=33620Kb free=88979Kb
 bounds [0x00000240b4950000, 0x00000240b6a30000, 0x00000240bbe80000]
CodeHeap 'non-nmethods': size=5760Kb used=1334Kb max_used=1411Kb free=4425Kb
 bounds [0x00000240bbe80000, 0x00000240bc0f0000, 0x00000240bc420000]
 total_blobs=11572 nmethods=10932 adapters=548
 compilation: enabled
              stopped_count=0, restarted_count=0
 full_count=0

Compilation events (20 events):
Event: 13.622 Thread 0x00000240cbe02970 nmethod 13848 0x00000240bc443b10 code [0x00000240bc443ca0, 0x00000240bc443dc8]
Event: 13.622 Thread 0x00000240cbe02970 13853       4       org.jetbrains.kotlin.load.java.lazy.descriptors.LazyJavaClassDescriptor::getTypeConstructor (8 bytes)
Event: 13.623 Thread 0x00000240cbe02970 nmethod 13853 0x00000240bc5c7110 code [0x00000240bc5c7280, 0x00000240bc5c72f8]
Event: 13.623 Thread 0x00000240cbe02970 13846       4       org.jetbrains.kotlin.resolve.TypeResolver::resolveType (58 bytes)
Event: 13.659 Thread 0x00000240cbc8a010 13854       3       org.jetbrains.kotlin.load.kotlin.FileBasedKotlinClass$2::visitAnnotation (24 bytes)
Event: 13.659 Thread 0x00000240cbc8a010 nmethod 13854 0x00000240b4c84610 code [0x00000240b4c847c0, 0x00000240b4c84998]
Event: 13.659 Thread 0x00000240cbc8a010 13855       3       org.jetbrains.kotlin.load.kotlin.AbstractBinaryClassAnnotationLoader$loadClassAnnotations$1::visitAnnotation (29 bytes)
Event: 13.660 Thread 0x00000240cbc8a010 nmethod 13855 0x00000240b5021c90 code [0x00000240b5021f20, 0x00000240b50229a8]
Event: 13.661 Thread 0x00000240cbc8a010 13856       1       jdk.internal.reflect.ClassFileAssembler::setMaxLocals (6 bytes)
Event: 13.661 Thread 0x00000240cbc8a010 nmethod 13856 0x00000240bc75e490 code [0x00000240bc75e620, 0x00000240bc75e6f8]
Event: 13.661 Thread 0x00000240cbc8a010 13857       3       jdk.internal.reflect.ClassFileAssembler::opc_new (16 bytes)
Event: 13.662 Thread 0x00000240cbc8a010 nmethod 13857 0x00000240b4f51a90 code [0x00000240b4f51ca0, 0x00000240b4f521e8]
Event: 13.662 Thread 0x00000240cbc8a010 13858       3       jdk.internal.reflect.ByteVectorFactory::create (8 bytes)
Event: 13.662 Thread 0x00000240cbc8a010 nmethod 13858 0x00000240b4f4ea90 code [0x00000240b4f4ec40, 0x00000240b4f4ef98]
Event: 13.667 Thread 0x00000240cbc74160 nmethod 13836 0x00000240bc7a0b10 code [0x00000240bc7a0ee0, 0x00000240bc7a4540]
Event: 13.668 Thread 0x00000240cbc74160 13845       4       org.jetbrains.kotlin.resolve.QualifiedExpressionResolver::resolveDescriptorForType (252 bytes)
Event: 13.668 Thread 0x00000240cbc8a010 13859       3       org.jetbrains.kotlinx.serialization.compiler.resolve.SerializableProperties$special$$inlined$filterIsInstance$1::invoke (6 bytes)
Event: 13.668 Thread 0x00000240cbc8a010 nmethod 13859 0x00000240b4abf690 code [0x00000240b4abf840, 0x00000240b4abfb98]
Event: 13.668 Thread 0x00000240cbc8a010 13860       3       org.jetbrains.kotlinx.serialization.compiler.resolve.SerializableProperties$special$$inlined$filterIsInstance$1::invoke (8 bytes)
Event: 13.668 Thread 0x00000240cbc8a010 nmethod 13860 0x00000240b503ba90 code [0x00000240b503bc40, 0x00000240b503bf38]

GC Heap History (20 events):
Event: 4.769 GC heap before
{Heap before GC invocations=21 (full 0):
 garbage-first heap   total 91136K, used 55854K [0x0000000085000000, 0x0000000100000000)
  region size 1024K, 4 young (4096K), 1 survivors (1024K)
 Metaspace       used 48270K, committed 48512K, reserved 1097728K
  class space    used 5709K, committed 5824K, reserved 1048576K
}
Event: 4.775 GC heap after
{Heap after GC invocations=22 (full 0):
 garbage-first heap   total 179200K, used 54272K [0x0000000085000000, 0x0000000100000000)
  region size 1024K, 1 young (1024K), 1 survivors (1024K)
 Metaspace       used 48270K, committed 48512K, reserved 1097728K
  class space    used 5709K, committed 5824K, reserved 1048576K
}
Event: 5.402 GC heap before
{Heap before GC invocations=22 (full 0):
 garbage-first heap   total 179200K, used 116736K [0x0000000085000000, 0x0000000100000000)
  region size 1024K, 59 young (60416K), 1 survivors (1024K)
 Metaspace       used 51119K, committed 51392K, reserved 1097728K
  class space    used 6044K, committed 6144K, reserved 1048576K
}
Event: 5.411 GC heap after
{Heap after GC invocations=23 (full 0):
 garbage-first heap   total 179200K, used 67277K [0x0000000085000000, 0x0000000100000000)
  region size 1024K, 8 young (8192K), 8 survivors (8192K)
 Metaspace       used 51119K, committed 51392K, reserved 1097728K
  class space    used 6044K, committed 6144K, reserved 1048576K
}
Event: 6.144 GC heap before
{Heap before GC invocations=23 (full 0):
 garbage-first heap   total 179200K, used 118477K [0x0000000085000000, 0x0000000100000000)
  region size 1024K, 58 young (59392K), 8 survivors (8192K)
 Metaspace       used 56545K, committed 56832K, reserved 1105920K
  class space    used 6704K, committed 6848K, reserved 1048576K
}
Event: 6.154 GC heap after
{Heap after GC invocations=24 (full 0):
 garbage-first heap   total 179200K, used 73256K [0x0000000085000000, 0x0000000100000000)
  region size 1024K, 7 young (7168K), 7 survivors (7168K)
 Metaspace       used 56545K, committed 56832K, reserved 1105920K
  class space    used 6704K, committed 6848K, reserved 1048576K
}
Event: 6.882 GC heap before
{Heap before GC invocations=24 (full 0):
 garbage-first heap   total 179200K, used 127528K [0x0000000085000000, 0x0000000100000000)
  region size 1024K, 58 young (59392K), 7 survivors (7168K)
 Metaspace       used 58567K, committed 58816K, reserved 1105920K
  class space    used 6854K, committed 6976K, reserved 1048576K
}
Event: 6.902 GC heap after
{Heap after GC invocations=25 (full 0):
 garbage-first heap   total 179200K, used 84992K [0x0000000085000000, 0x0000000100000000)
  region size 1024K, 8 young (8192K), 8 survivors (8192K)
 Metaspace       used 58567K, committed 58816K, reserved 1105920K
  class space    used 6854K, committed 6976K, reserved 1048576K
}
Event: 7.544 GC heap before
{Heap before GC invocations=25 (full 0):
 garbage-first heap   total 179200K, used 132096K [0x0000000085000000, 0x0000000100000000)
  region size 1024K, 54 young (55296K), 8 survivors (8192K)
 Metaspace       used 58943K, committed 59264K, reserved 1105920K
  class space    used 6859K, committed 7040K, reserved 1048576K
}
Event: 7.566 GC heap after
{Heap after GC invocations=26 (full 0):
 garbage-first heap   total 260096K, used 95584K [0x0000000085000000, 0x0000000100000000)
  region size 1024K, 7 young (7168K), 7 survivors (7168K)
 Metaspace       used 58943K, committed 59264K, reserved 1105920K
  class space    used 6859K, committed 7040K, reserved 1048576K
}
Event: 8.600 GC heap before
{Heap before GC invocations=26 (full 0):
 garbage-first heap   total 260096K, used 189792K [0x0000000085000000, 0x0000000100000000)
  region size 1024K, 90 young (92160K), 7 survivors (7168K)
 Metaspace       used 62115K, committed 62464K, reserved 1105920K
  class space    used 7197K, committed 7360K, reserved 1048576K
}
Event: 8.627 GC heap after
{Heap after GC invocations=27 (full 0):
 garbage-first heap   total 260096K, used 120832K [0x0000000085000000, 0x0000000100000000)
  region size 1024K, 12 young (12288K), 12 survivors (12288K)
 Metaspace       used 62115K, committed 62464K, reserved 1105920K
  class space    used 7197K, committed 7360K, reserved 1048576K
}
Event: 10.437 GC heap before
{Heap before GC invocations=27 (full 0):
 garbage-first heap   total 260096K, used 191488K [0x0000000085000000, 0x0000000100000000)
  region size 1024K, 81 young (82944K), 12 survivors (12288K)
 Metaspace       used 67347K, committed 67776K, reserved 1114112K
  class space    used 7665K, committed 7872K, reserved 1048576K
}
Event: 10.460 GC heap after
{Heap after GC invocations=28 (full 0):
 garbage-first heap   total 260096K, used 131406K [0x0000000085000000, 0x0000000100000000)
  region size 1024K, 10 young (10240K), 10 survivors (10240K)
 Metaspace       used 67347K, committed 67776K, reserved 1114112K
  class space    used 7665K, committed 7872K, reserved 1048576K
}
Event: 12.133 GC heap before
{Heap before GC invocations=28 (full 0):
 garbage-first heap   total 260096K, used 197966K [0x0000000085000000, 0x0000000100000000)
  region size 1024K, 75 young (76800K), 10 survivors (10240K)
 Metaspace       used 70035K, committed 70400K, reserved 1114112K
  class space    used 7858K, committed 8064K, reserved 1048576K
}
Event: 12.151 GC heap after
{Heap after GC invocations=29 (full 0):
 garbage-first heap   total 260096K, used 141650K [0x0000000085000000, 0x0000000100000000)
  region size 1024K, 10 young (10240K), 10 survivors (10240K)
 Metaspace       used 70035K, committed 70400K, reserved 1114112K
  class space    used 7858K, committed 8064K, reserved 1048576K
}
Event: 13.177 GC heap before
{Heap before GC invocations=30 (full 0):
 garbage-first heap   total 260096K, used 201042K [0x0000000085000000, 0x0000000100000000)
  region size 1024K, 70 young (71680K), 10 survivors (10240K)
 Metaspace       used 70391K, committed 70784K, reserved 1114112K
  class space    used 7869K, committed 8064K, reserved 1048576K
}
Event: 13.195 GC heap after
{Heap after GC invocations=31 (full 0):
 garbage-first heap   total 260096K, used 148809K [0x0000000085000000, 0x0000000100000000)
  region size 1024K, 9 young (9216K), 9 survivors (9216K)
 Metaspace       used 70391K, committed 70784K, reserved 1114112K
  class space    used 7869K, committed 8064K, reserved 1048576K
}
Event: 13.299 GC heap before
{Heap before GC invocations=31 (full 0):
 garbage-first heap   total 260096K, used 151881K [0x0000000085000000, 0x0000000100000000)
  region size 1024K, 12 young (12288K), 9 survivors (9216K)
 Metaspace       used 70418K, committed 70784K, reserved 1114112K
  class space    used 7869K, committed 8064K, reserved 1048576K
}
Event: 13.309 GC heap after
{Heap after GC invocations=32 (full 0):
 garbage-first heap   total 260096K, used 150024K [0x0000000085000000, 0x0000000100000000)
  region size 1024K, 2 young (2048K), 2 survivors (2048K)
 Metaspace       used 70418K, committed 70784K, reserved 1114112K
  class space    used 7869K, committed 8064K, reserved 1048576K
}

Dll operation events (2 events):
Event: 0.012 Loaded shared library C:\Program Files (x86)\android-studio-2022.3.1.17-windows\android-studio\jbr\bin\java.dll
Event: 1.052 Loaded shared library C:\Program Files (x86)\android-studio-2022.3.1.17-windows\android-studio\jbr\bin\verify.dll

Deoptimization events (20 events):
Event: 13.025 Thread 0x00000240af36b7d0 Uncommon trap: trap_request=0xffffffc6 fr.pc=0x00000240bcaf70f8 relative=0x00000000000008f8
Event: 13.025 Thread 0x00000240af36b7d0 Uncommon trap: reason=bimorphic_or_optimized_type_check action=maybe_recompile pc=0x00000240bcaf70f8 method=java.util.AbstractList$Itr.hasNext()Z @ 8 c2
Event: 13.025 Thread 0x00000240af36b7d0 DEOPT PACKING pc=0x00000240bcaf70f8 sp=0x000000e1e2bfbd30
Event: 13.025 Thread 0x00000240af36b7d0 DEOPT UNPACKING pc=0x00000240bbeda1a3 sp=0x000000e1e2bfbbf8 mode 2
Event: 13.026 Thread 0x00000240af36b7d0 Uncommon trap: trap_request=0xffffffc6 fr.pc=0x00000240bcaf70f8 relative=0x00000000000008f8
Event: 13.026 Thread 0x00000240af36b7d0 Uncommon trap: reason=bimorphic_or_optimized_type_check action=maybe_recompile pc=0x00000240bcaf70f8 method=java.util.AbstractList$Itr.hasNext()Z @ 8 c2
Event: 13.026 Thread 0x00000240af36b7d0 DEOPT PACKING pc=0x00000240bcaf70f8 sp=0x000000e1e2bfbd30
Event: 13.026 Thread 0x00000240af36b7d0 DEOPT UNPACKING pc=0x00000240bbeda1a3 sp=0x000000e1e2bfbbf8 mode 2
Event: 13.026 Thread 0x00000240af36b7d0 Uncommon trap: trap_request=0xffffffc6 fr.pc=0x00000240bcaf70f8 relative=0x00000000000008f8
Event: 13.026 Thread 0x00000240af36b7d0 Uncommon trap: reason=bimorphic_or_optimized_type_check action=maybe_recompile pc=0x00000240bcaf70f8 method=java.util.AbstractList$Itr.hasNext()Z @ 8 c2
Event: 13.026 Thread 0x00000240af36b7d0 DEOPT PACKING pc=0x00000240bcaf70f8 sp=0x000000e1e2bfbd30
Event: 13.026 Thread 0x00000240af36b7d0 DEOPT UNPACKING pc=0x00000240bbeda1a3 sp=0x000000e1e2bfbbf8 mode 2
Event: 13.033 Thread 0x00000240af36b7d0 Uncommon trap: trap_request=0xffffffc6 fr.pc=0x00000240bcaf5cfc relative=0x000000000000045c
Event: 13.033 Thread 0x00000240af36b7d0 Uncommon trap: reason=bimorphic_or_optimized_type_check action=maybe_recompile pc=0x00000240bcaf5cfc method=java.util.AbstractList$Itr.hasNext()Z @ 8 c2
Event: 13.033 Thread 0x00000240af36b7d0 DEOPT PACKING pc=0x00000240bcaf5cfc sp=0x000000e1e2bfbcd0
Event: 13.033 Thread 0x00000240af36b7d0 DEOPT UNPACKING pc=0x00000240bbeda1a3 sp=0x000000e1e2bfbbe0 mode 2
Event: 13.041 Thread 0x00000240af36b7d0 Uncommon trap: trap_request=0xffffffc6 fr.pc=0x00000240bc986920 relative=0x0000000000000180
Event: 13.041 Thread 0x00000240af36b7d0 Uncommon trap: reason=bimorphic_or_optimized_type_check action=maybe_recompile pc=0x00000240bc986920 method=org.jetbrains.kotlin.resolve.descriptorUtil.DescriptorUtilsKt.getAnnotationClass(Lorg/jetbrains/kotlin/descriptors/annotations/AnnotationDescriptor
Event: 13.041 Thread 0x00000240af36b7d0 DEOPT PACKING pc=0x00000240bc986920 sp=0x000000e1e2bfdcd0
Event: 13.041 Thread 0x00000240af36b7d0 DEOPT UNPACKING pc=0x00000240bbeda1a3 sp=0x000000e1e2bfdc60 mode 2

Classes unloaded (0 events):
No events

Classes redefined (0 events):
No events

Internal exceptions (20 events):
Event: 8.538 Thread 0x00000240af36b7d0 Exception <a 'java/lang/NoSuchMethodError'{0x000000008fd254d8}: 'java.lang.Object java.lang.invoke.DirectMethodHandle$Holder.invokeStatic(java.lang.Object, int, java.lang.Object)'> (0x000000008fd254d8) 
thrown [s\src\hotspot\share\interpreter\linkResolver.cpp, line 771]
Event: 9.261 Thread 0x00000240af36b7d0 Exception <a 'java/lang/NoSuchMethodError'{0x0000000093cf7968}: 'java.lang.Object java.lang.invoke.DirectMethodHandle$Holder.invokeStatic(java.lang.Object, java.lang.Object, java.lang.Object, java.lang.Object, int)'> (0x0000000093cf7968) 
thrown [s\src\hotspot\share\interpreter\linkResolver.cpp, line 771]
Event: 9.261 Thread 0x00000240af36b7d0 Exception <a 'java/lang/NoSuchMethodError'{0x0000000093b01a48}: 'java.lang.Object java.lang.invoke.DirectMethodHandle$Holder.newInvokeSpecial(java.lang.Object, java.lang.Object, java.lang.Object, java.lang.Object, int)'> (0x0000000093b01a48) 
thrown [s\src\hotspot\share\interpreter\linkResolver.cpp, line 771]
Event: 9.262 Thread 0x00000240af36b7d0 Exception <a 'java/lang/NoSuchMethodError'{0x0000000093b062d0}: 'java.lang.Object java.lang.invoke.DirectMethodHandle$Holder.invokeSpecial(java.lang.Object, java.lang.Object, java.lang.Object, java.lang.Object, java.lang.Object, int)'> (0x0000000093b062d0) 
thrown [s\src\hotspot\share\interpreter\linkResolver.cpp, line 771]
Event: 9.262 Thread 0x00000240af36b7d0 Exception <a 'java/lang/NoSuchMethodError'{0x0000000093b0a508}: 'java.lang.Object java.lang.invoke.Invokers$Holder.linkToTargetMethod(java.lang.Object, java.lang.Object, java.lang.Object, int, java.lang.Object)'> (0x0000000093b0a508) 
thrown [s\src\hotspot\share\interpreter\linkResolver.cpp, line 771]
Event: 9.439 Thread 0x00000240af36b7d0 Exception <a 'java/lang/NoSuchMethodError'{0x0000000093457b68}: 'java.lang.Object java.lang.invoke.DirectMethodHandle$Holder.newInvokeSpecial(java.lang.Object, int, java.lang.Object, java.lang.Object)'> (0x0000000093457b68) 
thrown [s\src\hotspot\share\interpreter\linkResolver.cpp, line 771]
Event: 9.752 Thread 0x00000240af36b7d0 Implicit null exception at 0x00000240bc4f939a to 0x00000240bc4f9508
Event: 9.752 Thread 0x00000240af36b7d0 Implicit null exception at 0x00000240bc48aad8 to 0x00000240bc48ab6a
Event: 9.758 Thread 0x00000240af36b7d0 Implicit null exception at 0x00000240bc484c8f to 0x00000240bc484d05
Event: 9.802 Thread 0x00000240af36b7d0 Implicit null exception at 0x00000240bc88fe75 to 0x00000240bc8904c4
Event: 9.806 Thread 0x00000240af36b7d0 Exception <a 'java/lang/NoSuchMethodError'{0x0000000092181800}: 'java.lang.Object java.lang.invoke.DirectMethodHandle$Holder.invokeInterface(java.lang.Object, java.lang.Object, java.lang.Object)'> (0x0000000092181800) 
thrown [s\src\hotspot\share\interpreter\linkResolver.cpp, line 771]
Event: 9.807 Thread 0x00000240af36b7d0 Exception <a 'java/lang/IncompatibleClassChangeError'{0x0000000092185170}: Found class java.lang.Object, but interface was expected> (0x0000000092185170) 
thrown [s\src\hotspot\share\interpreter\linkResolver.cpp, line 838]
Event: 9.810 Thread 0x00000240af36b7d0 Implicit null exception at 0x00000240bc828cf2 to 0x00000240bc82934c
Event: 9.837 Thread 0x00000240af36b7d0 Exception <a 'java/lang/NoSuchMethodError'{0x0000000091f05930}: 'java.lang.Object java.lang.invoke.DirectMethodHandle$Holder.newInvokeSpecial(java.lang.Object, java.lang.Object, java.lang.Object, java.lang.Object, java.lang.Object, java.lang.Object, java.lang.Object, java.lang.Object)'> (0x0000000091f05930) 
thrown [s\src\hotspot\share\interpreter\linkResolver.cpp, line 771]
Event: 9.838 Thread 0x00000240af36b7d0 Exception <a 'java/lang/NoSuchMethodError'{0x0000000091f0af48}: 'java.lang.Object java.lang.invoke.DirectMethodHandle$Holder.invokeSpecial(java.lang.Object, java.lang.Object, java.lang.Object, java.lang.Object, java.lang.Object, java.lang.Object, java.lang.Object, java.lang.Object, java.lang.Object)'> (0x0000000091f0af48) 
thrown [s\src\hotspot\share\interpreter\linkResolver.cpp, line 771]
Event: 9.838 Thread 0x00000240af36b7d0 Exception <a 'java/lang/NoSuchMethodError'{0x0000000091f0fe78}: 'java.lang.Object java.lang.invoke.Invokers$Holder.linkToTargetMethod(java.lang.Object, java.lang.Object, java.lang.Object, java.lang.Object, java.lang.Object, java.lang.Object, java.lang.Object, java.lang.Object)'> (0x0000000091f0fe78) 
thrown [s\src\hotspot\share\interpreter\linkResolver.cpp, line 771]
Event: 10.588 Thread 0x00000240af36b7d0 Exception <a 'java/lang/NoSuchMethodError'{0x0000000094964f88}: 'void java.lang.invoke.DirectMethodHandle$Holder.invokeStatic(java.lang.Object, java.lang.Object, java.lang.Object)'> (0x0000000094964f88) 
thrown [s\src\hotspot\share\interpreter\linkResolver.cpp, line 771]
Event: 10.605 Thread 0x00000240af36b7d0 Exception <a 'java/lang/NoSuchMethodError'{0x0000000094858078}: 'java.lang.Object java.lang.invoke.DirectMethodHandle$Holder.newInvokeSpecial(java.lang.Object, java.lang.Object, java.lang.Object, java.lang.Object, java.lang.Object, java.lang.Object, java.lang.Object)'> (0x0000000094858078) 
thrown [s\src\hotspot\share\interpreter\linkResolver.cpp, line 771]
Event: 10.605 Thread 0x00000240af36b7d0 Exception <a 'java/lang/NoSuchMethodError'{0x000000009485d180}: 'java.lang.Object java.lang.invoke.Invokers$Holder.linkToTargetMethod(java.lang.Object, java.lang.Object, java.lang.Object, java.lang.Object, java.lang.Object, java.lang.Object, java.lang.Object)'> (0x000000009485d180) 
thrown [s\src\hotspot\share\interpreter\linkResolver.cpp, line 771]
Event: 11.207 Thread 0x00000240af36b7d0 Implicit null exception at 0x00000240bc7a17c4 to 0x00000240bc7a3900

VM Operations (20 events):
Event: 12.384 Executing VM operation: HandshakeAllThreads
Event: 12.384 Executing VM operation: HandshakeAllThreads done
Event: 12.385 Executing VM operation: G1Concurrent
Event: 12.385 Executing VM operation: G1Concurrent done
Event: 12.514 Executing VM operation: ICBufferFull
Event: 12.514 Executing VM operation: ICBufferFull done
Event: 12.864 Executing VM operation: ICBufferFull
Event: 12.865 Executing VM operation: ICBufferFull done
Event: 13.073 Executing VM operation: ICBufferFull
Event: 13.073 Executing VM operation: ICBufferFull done
Event: 13.177 Executing VM operation: G1CollectForAllocation
Event: 13.195 Executing VM operation: G1CollectForAllocation done
Event: 13.299 Executing VM operation: G1CollectForAllocation
Event: 13.309 Executing VM operation: G1CollectForAllocation done
Event: 13.527 Executing VM operation: HandshakeAllThreads
Event: 13.527 Executing VM operation: HandshakeAllThreads done
Event: 13.569 Executing VM operation: HandshakeAllThreads
Event: 13.569 Executing VM operation: HandshakeAllThreads done
Event: 13.667 Executing VM operation: HandshakeAllThreads
Event: 13.667 Executing VM operation: HandshakeAllThreads done

Events (20 events):
Event: 13.689 Thread 0x00000240cbc8bd30 flushing nmethod 0x00000240b602cf90
Event: 13.690 Thread 0x00000240cbc8bd30 flushing nmethod 0x00000240b60fef10
Event: 13.690 Thread 0x00000240cbc8bd30 flushing nmethod 0x00000240b610a010
Event: 13.690 Thread 0x00000240cbc8bd30 flushing nmethod 0x00000240b616f390
Event: 13.691 Thread 0x00000240cbc8bd30 flushing nmethod 0x00000240b61b2110
Event: 13.691 Thread 0x00000240cbc8bd30 flushing nmethod 0x00000240b621ef90
Event: 13.691 Thread 0x00000240cbc8bd30 flushing nmethod 0x00000240b6232e90
Event: 13.691 Thread 0x00000240cbc8bd30 flushing nmethod 0x00000240b62c1810
Event: 13.692 Thread 0x00000240cbc8bd30 flushing nmethod 0x00000240b6305c10
Event: 13.692 Thread 0x00000240cbc8bd30 flushing nmethod 0x00000240b6377f90
Event: 13.692 Thread 0x00000240cbc8bd30 flushing nmethod 0x00000240b6386e10
Event: 13.693 Thread 0x00000240cbc8bd30 flushing nmethod 0x00000240b654b690
Event: 13.694 Thread 0x00000240cbc8bd30 flushing nmethod 0x00000240b6598b10
Event: 13.695 Thread 0x00000240cbc8bd30 flushing nmethod 0x00000240b66dc510
Event: 13.695 Thread 0x00000240cbc8bd30 flushing nmethod 0x00000240b6703290
Event: 13.695 Thread 0x00000240cbc8bd30 flushing nmethod 0x00000240b6712b10
Event: 13.695 Thread 0x00000240cbc8bd30 flushing nmethod 0x00000240b6734010
Event: 13.695 Thread 0x00000240cbc8bd30 flushing nmethod 0x00000240b6738790
Event: 13.695 Thread 0x00000240cbc8bd30 flushing nmethod 0x00000240b6743e10
Event: 13.695 Thread 0x00000240cbc8bd30 flushing nmethod 0x00000240b680e310


Dynamic libraries:
0x00007ff6647b0000 - 0x00007ff6647ba000 	C:\Program Files (x86)\android-studio-2022.3.1.17-windows\android-studio\jbr\bin\java.exe
0x00007ff8e76b0000 - 0x00007ff8e78c7000 	C:\WINDOWS\SYSTEM32\ntdll.dll
0x00007ff8e60a0000 - 0x00007ff8e6164000 	C:\WINDOWS\System32\KERNEL32.DLL
0x00007ff8e4ff0000 - 0x00007ff8e5396000 	C:\WINDOWS\System32\KERNELBASE.dll
0x00007ff8e4c00000 - 0x00007ff8e4d11000 	C:\WINDOWS\System32\ucrtbase.dll
0x00007ff8b46d0000 - 0x00007ff8b46e7000 	C:\Program Files (x86)\android-studio-2022.3.1.17-windows\android-studio\jbr\bin\jli.dll
0x00007ff8e5790000 - 0x00007ff8e593d000 	C:\WINDOWS\System32\USER32.dll
0x00007ff8e4ab0000 - 0x00007ff8e4ad6000 	C:\WINDOWS\System32\win32u.dll
0x00007ff8ceaa0000 - 0x00007ff8ceabb000 	C:\Program Files (x86)\android-studio-2022.3.1.17-windows\android-studio\jbr\bin\VCRUNTIME140.dll
0x00007ff8e59f0000 - 0x00007ff8e5a19000 	C:\WINDOWS\System32\GDI32.dll
0x00007ff8e4ae0000 - 0x00007ff8e4bf8000 	C:\WINDOWS\System32\gdi32full.dll
0x00007ff8e4d20000 - 0x00007ff8e4dba000 	C:\WINDOWS\System32\msvcp_win.dll
0x00007ff8d90f0000 - 0x00007ff8d9383000 	C:\WINDOWS\WinSxS\amd64_microsoft.windows.common-controls_6595b64144ccf1df_6.0.22621.2361_none_2712ced57382f843\COMCTL32.dll
0x00007ff8e56e0000 - 0x00007ff8e5787000 	C:\WINDOWS\System32\msvcrt.dll
0x00007ff8e7400000 - 0x00007ff8e7431000 	C:\WINDOWS\System32\IMM32.DLL
0x00007ff8e1c20000 - 0x00007ff8e1c2c000 	C:\Program Files (x86)\android-studio-2022.3.1.17-windows\android-studio\jbr\bin\vcruntime140_1.dll
0x00007ff8c25f0000 - 0x00007ff8c267d000 	C:\Program Files (x86)\android-studio-2022.3.1.17-windows\android-studio\jbr\bin\msvcp140.dll
0x00007ff8967a0000 - 0x00007ff89740e000 	C:\Program Files (x86)\android-studio-2022.3.1.17-windows\android-studio\jbr\bin\server\jvm.dll
0x00007ff8e5940000 - 0x00007ff8e59f0000 	C:\WINDOWS\System32\ADVAPI32.dll
0x00007ff8e5490000 - 0x00007ff8e5536000 	C:\WINDOWS\System32\sechost.dll
0x00007ff8e69d0000 - 0x00007ff8e6ae7000 	C:\WINDOWS\System32\RPCRT4.dll
0x00007ff8d9390000 - 0x00007ff8d939a000 	C:\WINDOWS\SYSTEM32\VERSION.dll
0x00007ff8dba70000 - 0x00007ff8dbaa4000 	C:\WINDOWS\SYSTEM32\WINMM.dll
0x00007ff8bffd0000 - 0x00007ff8bffd9000 	C:\WINDOWS\SYSTEM32\WSOCK32.dll
0x00007ff8e6950000 - 0x00007ff8e69c1000 	C:\WINDOWS\System32\WS2_32.dll
0x00007ff8e3b60000 - 0x00007ff8e3b78000 	C:\WINDOWS\SYSTEM32\kernel.appcore.dll
0x00007ff8e10e0000 - 0x00007ff8e10ea000 	C:\Program Files (x86)\android-studio-2022.3.1.17-windows\android-studio\jbr\bin\jimage.dll
0x00007ff8e21b0000 - 0x00007ff8e23de000 	C:\WINDOWS\SYSTEM32\DBGHELP.DLL
0x00007ff8e6360000 - 0x00007ff8e66ea000 	C:\WINDOWS\System32\combase.dll
0x00007ff8e5a80000 - 0x00007ff8e5b57000 	C:\WINDOWS\System32\OLEAUT32.dll
0x00007ff8d7a10000 - 0x00007ff8d7a42000 	C:\WINDOWS\SYSTEM32\dbgcore.DLL
0x00007ff8e4a30000 - 0x00007ff8e4aaa000 	C:\WINDOWS\System32\bcryptPrimitives.dll
0x00007ff8bd8a0000 - 0x00007ff8bd8c5000 	C:\Program Files (x86)\android-studio-2022.3.1.17-windows\android-studio\jbr\bin\java.dll
0x00007ff8cf8f0000 - 0x00007ff8cf908000 	C:\Program Files (x86)\android-studio-2022.3.1.17-windows\android-studio\jbr\bin\zip.dll
0x00007ff8e6af0000 - 0x00007ff8e7348000 	C:\WINDOWS\System32\SHELL32.dll
0x00007ff8e29a0000 - 0x00007ff8e3292000 	C:\WINDOWS\SYSTEM32\windows.storage.dll
0x00007ff8e2860000 - 0x00007ff8e299e000 	C:\WINDOWS\SYSTEM32\wintypes.dll
0x00007ff8e7450000 - 0x00007ff8e7543000 	C:\WINDOWS\System32\SHCORE.dll
0x00007ff8e7350000 - 0x00007ff8e73ae000 	C:\WINDOWS\System32\shlwapi.dll
0x00007ff8e4960000 - 0x00007ff8e4986000 	C:\WINDOWS\SYSTEM32\profapi.dll
0x00007ff8bd750000 - 0x00007ff8bd769000 	C:\Program Files (x86)\android-studio-2022.3.1.17-windows\android-studio\jbr\bin\net.dll
0x00007ff8dd540000 - 0x00007ff8dd677000 	C:\WINDOWS\SYSTEM32\WINHTTP.dll
0x00007ff8e3fe0000 - 0x00007ff8e4049000 	C:\WINDOWS\system32\mswsock.dll
0x00007ff8b5a00000 - 0x00007ff8b5a16000 	C:\Program Files (x86)\android-studio-2022.3.1.17-windows\android-studio\jbr\bin\nio.dll
0x00007ff8e10d0000 - 0x00007ff8e10e0000 	C:\Program Files (x86)\android-studio-2022.3.1.17-windows\android-studio\jbr\bin\verify.dll

dbghelp: loaded successfully - version: 4.0.5 - missing functions: none
symbol engine: initialized successfully - sym options: 0x614 - pdb path: .;C:\Program Files (x86)\android-studio-2022.3.1.17-windows\android-studio\jbr\bin;C:\WINDOWS\SYSTEM32;C:\WINDOWS\WinSxS\amd64_microsoft.windows.common-controls_6595b64144ccf1df_6.0.22621.2361_none_2712ced57382f843;C:\Program Files (x86)\android-studio-2022.3.1.17-windows\android-studio\jbr\bin\server

VM Arguments:
java_command: org.jetbrains.kotlin.cli.jvm.K2JVMCompiler @C:\workspace\android\app\build\20231023_866967330561987332.compiler.options
java_class_path (initial): C:\Users\user\.gradle\caches\modules-2\files-2.1\org.jetbrains.kotlin\kotlin-compiler-embeddable\1.8.10\b0757fd774344d54ce93f5ad6c30ba1c1731c8ff\kotlin-compiler-embeddable-1.8.10.jar;C:\Users\user\.gradle\caches\modules-2\files-2.1\org.jetbrains.kotlin\kotlin-stdlib\1.8.10\6d5560a229477df9406943d5feda5618e98eb64c\kotlin-stdlib-1.8.10.jar;C:\Users\user\.gradle\caches\modules-2\files-2.1\org.jetbrains.kotlin\kotlin-script-runtime\1.8.10\b13ea9c7e46d589139e56086a878763290e20bd5\kotlin-script-runtime-1.8.10.jar;C:\Users\user\.gradle\caches\modules-2\files-2.1\org.jetbrains.kotlin\kotlin-reflect\1.6.10\1cbe9c92c12a94eea200d23c2bbaedaf3daf5132\kotlin-reflect-1.6.10.jar;C:\Users\user\.gradle\caches\modules-2\files-2.1\org.jetbrains.kotlin\kotlin-daemon-embeddable\1.8.10\ad8541d9bc1cf9e52c3204161247910c2cf601d4\kotlin-daemon-embeddable-1.8.10.jar;C:\Users\user\.gradle\caches\modules-2\files-2.1\org.jetbrains.intellij.deps\trove4j\1.0.20200330\3afb14d5f9ceb459d724e907a21145e8ff394f02\trove4j-1.0.20200330.jar;C:\Users\user\.gradle\caches\modules-2\files-2.1\net.java.dev.jna\jna\5.6.0\330f2244e9030119ab3030fc3fededc86713d9cc\jna-5.6.0.jar;C:\Users\user\.gradle\caches\modules-2\files-2.1\org.jetbrains.kotlin\kotlin-stdlib-common\1.8.10\a61b182458550492c12aee66157d7b524a63a5ec\kotlin-stdlib-common-1.8.10.jar;C:\Users\user\.gradle\caches\modules-2\files-2.1\org.jetbrains\annotations\13.0\919f0dfe192fb4e063e7dacadee7f8bb9a2672a9\annotations-13.0.jar
Launcher Type: SUN_STANDARD

[Global flags]
     intx CICompilerCount                          = 4                                         {product} {ergonomic}
     uint ConcGCThreads                            = 2                                         {product} {ergonomic}
     uint G1ConcRefinementThreads                  = 8                                         {product} {ergonomic}
   size_t G1HeapRegionSize                         = 1048576                                   {product} {ergonomic}
    uintx GCDrainStackTargetSize                   = 64                                        {product} {ergonomic}
   size_t InitialHeapSize                          = 130023424                                 {product} {ergonomic}
   size_t MarkStackSize                            = 4194304                                   {product} {ergonomic}
   size_t MaxHeapSize                              = 2063597568                                {product} {ergonomic}
   size_t MaxNewSize                               = 1237319680                                {product} {ergonomic}
   size_t MinHeapDeltaBytes                        = 1048576                                   {product} {ergonomic}
   size_t MinHeapSize                              = 8388608                                   {product} {ergonomic}
    uintx NonNMethodCodeHeapSize                   = 5839372                                {pd product} {ergonomic}
    uintx NonProfiledCodeHeapSize                  = 122909434                              {pd product} {ergonomic}
    uintx ProfiledCodeHeapSize                     = 122909434                              {pd product} {ergonomic}
    uintx ReservedCodeCacheSize                    = 251658240                              {pd product} {ergonomic}
     bool SegmentedCodeCache                       = true                                      {product} {ergonomic}
   size_t SoftMaxHeapSize                          = 2063597568                             {manageable} {ergonomic}
     bool UseCompressedClassPointers               = true                           {product lp64_product} {ergonomic}
     bool UseCompressedOops                        = true                           {product lp64_product} {ergonomic}
     bool UseG1GC                                  = true                                      {product} {ergonomic}
     bool UseLargePagesIndividualAllocation        = false                                  {pd product} {ergonomic}

Logging:
Log output configuration:
 #0: stdout all=warning uptime,level,tags
 #1: stderr all=off uptime,level,tags

Environment Variables:
PATH=C:\Program Files\Common Files\Oracle\Java\javapath;C:\WINDOWS\system32;C:\WINDOWS;C:\WINDOWS\System32\Wbem;C:\WINDOWS\System32\WindowsPowerShell\v1.0\;C:\WINDOWS\System32\OpenSSH\;C:\Program Files (x86)\Git\cmd;C:\Program Files\Java\jdk-18.0.2.1\bin;C:\Program Files\MATLAB\R2022a\bin;C:\Program Files\Java\openssl-0.9.8e_X64\bin;C:\Program Files\nodejs\;C:\ProgramData\chocolatey\bin;C:\Users\user\AppData\Local\Programs\Python\Python39\Scripts\;C:\Users\user\AppData\Local\Programs\Python\Python39\;C:\Users\user\AppData\Local\Microsoft\WindowsApps;C:\Users\user\AppData\Local\Programs\Microsoft VS Code\bin;C:\Program Files\JetBrains\PyCharm Community Edition 2021.2\bin;;C:\Users\user\flutter\bin;C:\Users\user\AppData\Roaming\npm;C:\Program Files\JetBrains\IntelliJ IDEA 2023.2.2\bin;;C:\Users\user\AppData\Local\afreeca;C:\Program Files (x86)\ESTsoft\ALSee\x64
USERNAME=user
OS=Windows_NT
PROCESSOR_IDENTIFIER=Intel64 Family 6 Model 140 Stepping 1, GenuineIntel
TMP=C:\Users\user\AppData\Local\Temp
TEMP=C:\Users\user\AppData\Local\Temp


JNI global refs:
JNI global refs: 13, weak refs: 4

JNI global refs memory usage: 843, weak refs: 841


---------------  S Y S T E M  ---------------

OS:
 Windows 11 , 64 bit Build 22621 (10.0.22621.2428)
OS uptime: 0 days 21:06 hours

CPU: total 8 (initial active 8) (4 cores per cpu, 2 threads per core) family 6 model 140 stepping 1 microcode 0x9a, cx8, cmov, fxsr, ht, mmx, 3dnowpref, sse, sse2, sse3, ssse3, sse4.1, sse4.2, popcnt, lzcnt, tsc, tscinvbit, avx, avx2, aes, erms, clmul, bmi1, bmi2, adx, avx512f, avx512dq, avx512cd, avx512bw, avx512vl, sha, fma, vzeroupper, avx512_vpopcntdq, avx512_vpclmulqdq, avx512_vaes, avx512_vnni, clflush, clflushopt, clwb, avx512_vbmi2, avx512_vbmi

Memory: 4k page, system-wide physical 7865M (395M free)
TotalPageFile size 14038M (AvailPageFile size 5M)
current process WorkingSet (physical memory assigned to process): 487M, peak: 495M
current process commit charge ("private bytes"): 527M, peak: 534M

vm_info: OpenJDK 64-Bit Server VM (17.0.6+0-b2043.56-10027231) for windows-amd64 JRE (17.0.6+0-b2043.56-10027231), built on Apr 28 2023 00:43:19 by "androidbuild" with MS VC++ 16.10 / 16.11 (VS2019)

END.
