#
# There is insufficient memory for the Java Runtime Environment to continue.
# Native memory allocation (mmap) failed to map 121634816 bytes for G1 virtual space
# Possible reasons:
#   The system is out of physical RAM or swap space
#   The process is running with CompressedOops enabled, and the Java Heap may be blocking the growth of the native heap
# Possible solutions:
#   Reduce memory load on the system
#   Increase physical memory or swap space
#   Check if swap backing store is full
#   Decrease Java heap size (-Xmx/-Xms)
#   Decrease number of Java threads
#   Decrease Java thread stack sizes (-Xss)
#   Set larger code cache with -XX:ReservedCodeCacheSize=
#   JVM is running with Unscaled Compressed Oops mode in which the Java heap is
#     placed in the first 4GB address space. The Java Heap base address is the
#     maximum limit for the native heap growth. Please use -XX:HeapBaseMinAddress
#     to set the Java Heap base and to place the Java Heap above 4GB virtual address.
# This output file may be truncated or incomplete.
#
#  Out of Memory Error (os_windows.cpp:3769), pid=3168, tid=26060
#
# JRE version: OpenJDK Runtime Environment (17.0.6) (build 17.0.6+0-b2043.56-10027231)
# Java VM: OpenJDK 64-Bit Server VM (17.0.6+0-b2043.56-10027231, mixed mode, tiered, compressed oops, compressed class ptrs, g1 gc, windows-amd64)
# No core dump will be written. Minidumps are not enabled by default on client versions of Windows
#

---------------  S U M M A R Y ------------

Command Line: --add-opens=java.base/java.util=ALL-UNNAMED --add-opens=java.base/java.lang=ALL-UNNAMED --add-opens=java.base/java.lang.invoke=ALL-UNNAMED --add-opens=java.prefs/java.util.prefs=ALL-UNNAMED --add-opens=java.base/java.nio.charset=ALL-UNNAMED --add-opens=java.base/java.net=ALL-UNNAMED --add-opens=java.base/java.util.concurrent.atomic=ALL-UNNAMED -Xmx2048m -Dfile.encoding=UTF-8 -Duser.country=KR -Duser.language=ko -Duser.variant org.gradle.launcher.daemon.bootstrap.GradleDaemon 8.0

Host: 11th Gen Intel(R) Core(TM) i5-1135G7 @ 2.40GHz, 8 cores, 7G,  Windows 11 , 64 bit Build 22621 (10.0.22621.2428)
Time: Sun Oct 15 16:47:58 2023  Windows 11 , 64 bit Build 22621 (10.0.22621.2428) elapsed time: 10.654336 seconds (0d 0h 0m 10s)

---------------  T H R E A D  ---------------

Current thread (0x0000016c7d74a940):  VMThread "VM Thread" [stack: 0x000000654ac00000,0x000000654ad00000] [id=26060]

Stack: [0x000000654ac00000,0x000000654ad00000]
Native frames: (J=compiled Java code, j=interpreted, Vv=VM code, C=native code)
V  [jvm.dll+0x683c9a]
V  [jvm.dll+0x8427a4]
V  [jvm.dll+0x843f9e]
V  [jvm.dll+0x844603]
V  [jvm.dll+0x249b75]
V  [jvm.dll+0x680b69]
V  [jvm.dll+0x67505a]
V  [jvm.dll+0x309acb]
V  [jvm.dll+0x310f86]
V  [jvm.dll+0x3608ee]
V  [jvm.dll+0x360b1f]
V  [jvm.dll+0x2dfbf8]
V  [jvm.dll+0x2ddec4]
V  [jvm.dll+0x2dd4cc]
V  [jvm.dll+0x321f3b]
V  [jvm.dll+0x848ccb]
V  [jvm.dll+0x849a04]
V  [jvm.dll+0x849f1d]
V  [jvm.dll+0x84a2f4]
V  [jvm.dll+0x84a3c0]
V  [jvm.dll+0x7f274a]
V  [jvm.dll+0x682ad5]
C  [ucrtbase.dll+0x29363]
C  [KERNEL32.DLL+0x1257d]
C  [ntdll.dll+0x5aa78]

VM_Operation (0x000000654c3f59f0): G1CollectForAllocation, mode: safepoint, requested by thread 0x0000016c7f748f10


---------------  P R O C E S S  ---------------

Threads class SMR info:
_java_thread_list=0x0000016c00b4c1f0, length=127, elements={
0x0000016c6196a470, 0x0000016c7d74d4f0, 0x0000016c7d74e0a0, 0x0000016c7e05a010,
0x0000016c7e05a9d0, 0x0000016c7e05f4a0, 0x0000016c7e05fe50, 0x0000016c7e0640e0,
0x0000016c7e06dba0, 0x0000016c7e076d60, 0x0000016c7e1fc240, 0x0000016c7e1fcd20,
0x0000016c7f746890, 0x0000016c7f748570, 0x0000016c7f747bd0, 0x0000016c7f748a40,
0x0000016c7f7463c0, 0x0000016c7f7498b0, 0x0000016c7f748f10, 0x0000016c7f749d80,
0x0000016c7f746d60, 0x0000016c7f7480a0, 0x0000016c7f7493e0, 0x0000016c7f747230,
0x0000016c7f747700, 0x0000016c01610d40, 0x0000016c015dd6e0, 0x0000016c015e1a40,
0x0000016c015dc870, 0x0000016c015df890, 0x0000016c015e1570, 0x0000016c015e0700,
0x0000016c015e1f10, 0x0000016c015de080, 0x0000016c015ddbb0, 0x0000016c015de550,
0x0000016c015e23e0, 0x0000016c015dfd60, 0x0000016c015e0bd0, 0x0000016c015dba00,
0x0000016c015e10a0, 0x0000016c015db060, 0x0000016c047113e0, 0x0000016c04712720,
0x0000016c047118b0, 0x0000016c04711d80, 0x0000016c0470d550, 0x0000016c04712bf0,
0x0000016c0470f230, 0x0000016c0470e890, 0x0000016c0470f700, 0x0000016c0470fbd0,
0x0000016c04714400, 0x0000016c0470d080, 0x0000016c0470da20, 0x0000016c047100a0,
0x0000016c04710570, 0x0000016c047130c0, 0x0000016c04713f30, 0x0000016c0470def0,
0x0000016c04712250, 0x0000016c04710a40, 0x0000016c04713590, 0x0000016c04710f10,
0x0000016c04713a60, 0x0000016c0470ed60, 0x0000016c0470e3c0, 0x0000016c016c5210,
0x0000016c016c26c0, 0x0000016c016c2b90, 0x0000016c016c7890, 0x0000016c016c3060,
0x0000016c016c56e0, 0x0000016c016c0040, 0x0000016c016c73c0, 0x0000016c016c5bb0,
0x0000016c016c3530, 0x0000016c016c0510, 0x0000016c016c3a00, 0x0000016c016c3ed0,
0x0000016c016c1850, 0x0000016c016c43a0, 0x0000016c016c4870, 0x0000016c016c4d40,
0x0000016c016c6080, 0x0000016c016c6550, 0x0000016c016c6a20, 0x0000016c016c0eb0,
0x0000016c016c09e0, 0x0000016c016c6ef0, 0x0000016c016c1380, 0x0000016c016c1d20,
0x0000016c016c21f0, 0x0000016c063b05d0, 0x0000016c063acc10, 0x0000016c063aaf30,
0x0000016c063aa0c0, 0x0000016c063adf50, 0x0000016c063ad5b0, 0x0000016c063ae8f0,
0x0000016c063ad0e0, 0x0000016c063b1440, 0x0000016c063ac270, 0x0000016c063abda0,
0x0000016c063b0aa0, 0x0000016c063b0f70, 0x0000016c063af290, 0x0000016c063ae420,
0x0000016c063ada80, 0x0000016c063af760, 0x0000016c063b1910, 0x0000016c063aa590,
0x0000016c063aedc0, 0x0000016c063ac740, 0x0000016c063afc30, 0x0000016c063aaa60,
0x0000016c063ab400, 0x0000016c063ab8d0, 0x0000016c063b0100, 0x0000016c7eac8620,
0x0000016c7eac8af0, 0x0000016c7eaca7d0, 0x0000016c7eac5fa0, 0x0000016c7eac77b0,
0x0000016c7eac42c0, 0x0000016c7eac6940, 0x0000016c7eac9e30
}

Java Threads: ( => current thread )
  0x0000016c6196a470 JavaThread "main" [_thread_blocked, id=14704, stack(0x000000654a600000,0x000000654a700000)]
  0x0000016c7d74d4f0 JavaThread "Reference Handler" daemon [_thread_blocked, id=15632, stack(0x000000654ad00000,0x000000654ae00000)]
  0x0000016c7d74e0a0 JavaThread "Finalizer" daemon [_thread_blocked, id=12276, stack(0x000000654ae00000,0x000000654af00000)]
  0x0000016c7e05a010 JavaThread "Signal Dispatcher" daemon [_thread_blocked, id=2476, stack(0x000000654af00000,0x000000654b000000)]
  0x0000016c7e05a9d0 JavaThread "Attach Listener" daemon [_thread_blocked, id=1960, stack(0x000000654b000000,0x000000654b100000)]
  0x0000016c7e05f4a0 JavaThread "Service Thread" daemon [_thread_blocked, id=24996, stack(0x000000654b100000,0x000000654b200000)]
  0x0000016c7e05fe50 JavaThread "Monitor Deflation Thread" daemon [_thread_blocked, id=16512, stack(0x000000654b200000,0x000000654b300000)]
  0x0000016c7e0640e0 JavaThread "C2 CompilerThread0" daemon [_thread_blocked, id=24896, stack(0x000000654b300000,0x000000654b400000)]
  0x0000016c7e06dba0 JavaThread "C1 CompilerThread0" daemon [_thread_blocked, id=16972, stack(0x000000654b400000,0x000000654b500000)]
  0x0000016c7e076d60 JavaThread "Sweeper thread" daemon [_thread_blocked, id=22456, stack(0x000000654b500000,0x000000654b600000)]
  0x0000016c7e1fc240 JavaThread "Common-Cleaner" daemon [_thread_blocked, id=10908, stack(0x000000654b600000,0x000000654b700000)]
  0x0000016c7e1fcd20 JavaThread "Notification Thread" daemon [_thread_blocked, id=8244, stack(0x000000654b700000,0x000000654b800000)]
  0x0000016c7f746890 JavaThread "Daemon health stats" [_thread_blocked, id=17240, stack(0x000000654bf00000,0x000000654c000000)]
  0x0000016c7f748570 JavaThread "Incoming local TCP Connector on port 61513" [_thread_in_native, id=24480, stack(0x000000654b900000,0x000000654ba00000)]
  0x0000016c7f747bd0 JavaThread "Daemon periodic checks" [_thread_blocked, id=4332, stack(0x000000654ba00000,0x000000654bb00000)]
  0x0000016c7f748a40 JavaThread "Daemon" [_thread_blocked, id=3124, stack(0x000000654c000000,0x000000654c100000)]
  0x0000016c7f7463c0 JavaThread "Handler for socket connection from /127.0.0.1:61513 to /127.0.0.1:61514" [_thread_in_native, id=4172, stack(0x000000654c100000,0x000000654c200000)]
  0x0000016c7f7498b0 JavaThread "Cancel handler" [_thread_blocked, id=24612, stack(0x000000654c200000,0x000000654c300000)]
  0x0000016c7f748f10 JavaThread "Daemon worker" [_thread_blocked, id=21328, stack(0x000000654c300000,0x000000654c400000)]
  0x0000016c7f749d80 JavaThread "Asynchronous log dispatcher for DefaultDaemonConnection: socket connection from /127.0.0.1:61513 to /127.0.0.1:61514" [_thread_blocked, id=10372, stack(0x000000654c400000,0x000000654c500000)]
  0x0000016c7f746d60 JavaThread "Stdin handler" [_thread_blocked, id=19352, stack(0x000000654c500000,0x000000654c600000)]
  0x0000016c7f7480a0 JavaThread "Daemon client event forwarder" [_thread_blocked, id=11600, stack(0x000000654c600000,0x000000654c700000)]
  0x0000016c7f7493e0 JavaThread "Cache worker for journal cache (C:\Users\user\.gradle\caches\journal-1)" [_thread_blocked, id=17772, stack(0x000000654cb00000,0x000000654cc00000)]
  0x0000016c7f747230 JavaThread "File lock request listener" [_thread_in_native, id=24728, stack(0x000000654cc00000,0x000000654cd00000)]
  0x0000016c7f747700 JavaThread "Cache worker for file hash cache (C:\Users\user\.gradle\caches\8.0\fileHashes)" [_thread_blocked, id=25244, stack(0x000000654cd00000,0x000000654ce00000)]
  0x0000016c01610d40 JavaThread "C2 CompilerThread1" daemon [_thread_blocked, id=19680, stack(0x000000654ce00000,0x000000654cf00000)]
  0x0000016c015dd6e0 JavaThread "File watcher server" daemon [_thread_in_native, id=17576, stack(0x000000654d000000,0x000000654d100000)]
  0x0000016c015e1a40 JavaThread "File watcher consumer" daemon [_thread_blocked, id=24840, stack(0x000000654d100000,0x000000654d200000)]
  0x0000016c015dc870 JavaThread "Cache worker for checksums cache (C:\workspace\android\.gradle\8.0\checksums)" [_thread_blocked, id=6736, stack(0x000000654d200000,0x000000654d300000)]
  0x0000016c015df890 JavaThread "Cache worker for cache directory md-rule (C:\Users\user\.gradle\caches\8.0\md-rule)" [_thread_blocked, id=12224, stack(0x000000654d300000,0x000000654d400000)]
  0x0000016c015e1570 JavaThread "Cache worker for file content cache (C:\Users\user\.gradle\caches\8.0\fileContent)" [_thread_blocked, id=1180, stack(0x000000654d400000,0x000000654d500000)]
  0x0000016c015e0700 JavaThread "Cache worker for file hash cache (C:\workspace\android\.gradle\8.0\fileHashes)" [_thread_blocked, id=2880, stack(0x000000654d500000,0x000000654d600000)]
  0x0000016c015e1f10 JavaThread "Cache worker for cache directory md-supplier (C:\Users\user\.gradle\caches\8.0\md-supplier)" [_thread_blocked, id=7620, stack(0x000000654d600000,0x000000654d700000)]
  0x0000016c015de080 JavaThread "Cache worker for execution history cache (C:\Users\user\.gradle\caches\8.0\executionHistory)" [_thread_blocked, id=24832, stack(0x000000654d700000,0x000000654d800000)]
  0x0000016c015ddbb0 JavaThread "jar transforms" [_thread_blocked, id=22440, stack(0x000000654d800000,0x000000654d900000)]
  0x0000016c015de550 JavaThread "jar transforms Thread 2" [_thread_blocked, id=22760, stack(0x000000654d900000,0x000000654da00000)]
  0x0000016c015e23e0 JavaThread "Cache worker for kotlin-dsl (C:\Users\user\.gradle\caches\8.0\kotlin-dsl)" [_thread_blocked, id=24220, stack(0x000000654da00000,0x000000654db00000)]
  0x0000016c015dfd60 JavaThread "jar transforms Thread 3" [_thread_blocked, id=20604, stack(0x000000654db00000,0x000000654dc00000)]
  0x0000016c015e0bd0 JavaThread "jar transforms Thread 4" [_thread_blocked, id=13244, stack(0x000000654dc00000,0x000000654dd00000)]
  0x0000016c015dba00 JavaThread "Cache worker for dependencies-accessors (C:\workspace\android\.gradle\8.0\dependencies-accessors)" [_thread_blocked, id=10064, stack(0x000000654dd00000,0x000000654de00000)]
  0x0000016c015e10a0 JavaThread "Cache worker for Build Output Cleanup Cache (C:\workspace\android\.gradle\buildOutputCleanup)" [_thread_blocked, id=10384, stack(0x000000654de00000,0x000000654df00000)]
  0x0000016c015db060 JavaThread "jar transforms Thread 5" [_thread_blocked, id=17432, stack(0x000000654df00000,0x000000654e000000)]
  0x0000016c047113e0 JavaThread "Unconstrained build operations" [_thread_blocked, id=15216, stack(0x000000654e000000,0x000000654e100000)]
  0x0000016c04712720 JavaThread "Unconstrained build operations Thread 2" [_thread_blocked, id=6580, stack(0x000000654e100000,0x000000654e200000)]
  0x0000016c047118b0 JavaThread "Unconstrained build operations Thread 3" [_thread_blocked, id=12992, stack(0x000000654e200000,0x000000654e300000)]
  0x0000016c04711d80 JavaThread "Unconstrained build operations Thread 4" [_thread_blocked, id=17032, stack(0x000000654e300000,0x000000654e400000)]
  0x0000016c0470d550 JavaThread "Unconstrained build operations Thread 5" [_thread_blocked, id=22548, stack(0x000000654e400000,0x000000654e500000)]
  0x0000016c04712bf0 JavaThread "Unconstrained build operations Thread 6" [_thread_blocked, id=6148, stack(0x000000654e500000,0x000000654e600000)]
  0x0000016c0470f230 JavaThread "Unconstrained build operations Thread 7" [_thread_blocked, id=18988, stack(0x000000654e600000,0x000000654e700000)]
  0x0000016c0470e890 JavaThread "Unconstrained build operations Thread 8" [_thread_blocked, id=11260, stack(0x000000654e700000,0x000000654e800000)]
  0x0000016c0470f700 JavaThread "Unconstrained build operations Thread 9" [_thread_blocked, id=14812, stack(0x000000654e800000,0x000000654e900000)]
  0x0000016c0470fbd0 JavaThread "Unconstrained build operations Thread 10" [_thread_blocked, id=11564, stack(0x000000654e900000,0x000000654ea00000)]
  0x0000016c04714400 JavaThread "Unconstrained build operations Thread 11" [_thread_blocked, id=17868, stack(0x000000654ea00000,0x000000654eb00000)]
  0x0000016c0470d080 JavaThread "Unconstrained build operations Thread 12" [_thread_blocked, id=3132, stack(0x000000654eb00000,0x000000654ec00000)]
  0x0000016c0470da20 JavaThread "Unconstrained build operations Thread 13" [_thread_blocked, id=22116, stack(0x000000654ec00000,0x000000654ed00000)]
  0x0000016c047100a0 JavaThread "Unconstrained build operations Thread 14" [_thread_blocked, id=7460, stack(0x000000654ed00000,0x000000654ee00000)]
  0x0000016c04710570 JavaThread "Unconstrained build operations Thread 15" [_thread_blocked, id=24532, stack(0x000000654ee00000,0x000000654ef00000)]
  0x0000016c047130c0 JavaThread "Unconstrained build operations Thread 16" [_thread_blocked, id=13516, stack(0x000000654ef00000,0x000000654f000000)]
  0x0000016c04713f30 JavaThread "Unconstrained build operations Thread 17" [_thread_blocked, id=15852, stack(0x000000654f000000,0x000000654f100000)]
  0x0000016c0470def0 JavaThread "Unconstrained build operations Thread 18" [_thread_blocked, id=11724, stack(0x000000654f100000,0x000000654f200000)]
  0x0000016c04712250 JavaThread "Unconstrained build operations Thread 19" [_thread_blocked, id=13340, stack(0x000000654f200000,0x000000654f300000)]
  0x0000016c04710a40 JavaThread "Unconstrained build operations Thread 20" [_thread_blocked, id=25876, stack(0x000000654f300000,0x000000654f400000)]
  0x0000016c04713590 JavaThread "Unconstrained build operations Thread 21" [_thread_blocked, id=18072, stack(0x000000654f400000,0x000000654f500000)]
  0x0000016c04710f10 JavaThread "Unconstrained build operations Thread 22" [_thread_blocked, id=18912, stack(0x000000654f500000,0x000000654f600000)]
  0x0000016c04713a60 JavaThread "Unconstrained build operations Thread 23" [_thread_blocked, id=13480, stack(0x000000654f600000,0x000000654f700000)]
  0x0000016c0470ed60 JavaThread "Unconstrained build operations Thread 24" [_thread_blocked, id=9600, stack(0x000000654f700000,0x000000654f800000)]
  0x0000016c0470e3c0 JavaThread "Unconstrained build operations Thread 25" [_thread_blocked, id=2484, stack(0x000000654f800000,0x000000654f900000)]
  0x0000016c016c5210 JavaThread "Unconstrained build operations Thread 26" [_thread_blocked, id=10076, stack(0x000000654f900000,0x000000654fa00000)]
  0x0000016c016c26c0 JavaThread "Unconstrained build operations Thread 27" [_thread_blocked, id=12876, stack(0x000000654fa00000,0x000000654fb00000)]
  0x0000016c016c2b90 JavaThread "Unconstrained build operations Thread 28" [_thread_blocked, id=20692, stack(0x000000654fb00000,0x000000654fc00000)]
  0x0000016c016c7890 JavaThread "Unconstrained build operations Thread 29" [_thread_blocked, id=11396, stack(0x000000654fc00000,0x000000654fd00000)]
  0x0000016c016c3060 JavaThread "Unconstrained build operations Thread 30" [_thread_blocked, id=23796, stack(0x000000654fd00000,0x000000654fe00000)]
  0x0000016c016c56e0 JavaThread "Unconstrained build operations Thread 31" [_thread_blocked, id=14340, stack(0x000000654fe00000,0x000000654ff00000)]
  0x0000016c016c0040 JavaThread "Unconstrained build operations Thread 32" [_thread_blocked, id=16432, stack(0x000000654ff00000,0x0000006550000000)]
  0x0000016c016c73c0 JavaThread "Unconstrained build operations Thread 33" [_thread_blocked, id=4796, stack(0x0000006550000000,0x0000006550100000)]
  0x0000016c016c5bb0 JavaThread "Unconstrained build operations Thread 34" [_thread_blocked, id=3536, stack(0x0000006550100000,0x0000006550200000)]
  0x0000016c016c3530 JavaThread "Unconstrained build operations Thread 35" [_thread_blocked, id=13832, stack(0x0000006550200000,0x0000006550300000)]
  0x0000016c016c0510 JavaThread "Unconstrained build operations Thread 36" [_thread_blocked, id=7204, stack(0x0000006550300000,0x0000006550400000)]
  0x0000016c016c3a00 JavaThread "Unconstrained build operations Thread 37" [_thread_blocked, id=20092, stack(0x0000006550400000,0x0000006550500000)]
  0x0000016c016c3ed0 JavaThread "Unconstrained build operations Thread 38" [_thread_blocked, id=18172, stack(0x0000006550500000,0x0000006550600000)]
  0x0000016c016c1850 JavaThread "Unconstrained build operations Thread 39" [_thread_blocked, id=16540, stack(0x0000006550600000,0x0000006550700000)]
  0x0000016c016c43a0 JavaThread "Unconstrained build operations Thread 40" [_thread_blocked, id=5308, stack(0x0000006550700000,0x0000006550800000)]
  0x0000016c016c4870 JavaThread "Unconstrained build operations Thread 41" [_thread_blocked, id=19140, stack(0x0000006550800000,0x0000006550900000)]
  0x0000016c016c4d40 JavaThread "Unconstrained build operations Thread 42" [_thread_blocked, id=23880, stack(0x0000006550900000,0x0000006550a00000)]
  0x0000016c016c6080 JavaThread "Unconstrained build operations Thread 43" [_thread_blocked, id=14468, stack(0x0000006550a00000,0x0000006550b00000)]
  0x0000016c016c6550 JavaThread "Unconstrained build operations Thread 44" [_thread_blocked, id=1236, stack(0x0000006550b00000,0x0000006550c00000)]
  0x0000016c016c6a20 JavaThread "Unconstrained build operations Thread 45" [_thread_blocked, id=15492, stack(0x0000006550c00000,0x0000006550d00000)]
  0x0000016c016c0eb0 JavaThread "Unconstrained build operations Thread 46" [_thread_blocked, id=26592, stack(0x0000006550d00000,0x0000006550e00000)]
  0x0000016c016c09e0 JavaThread "Unconstrained build operations Thread 47" [_thread_blocked, id=7980, stack(0x0000006550e00000,0x0000006550f00000)]
  0x0000016c016c6ef0 JavaThread "Unconstrained build operations Thread 48" [_thread_blocked, id=18572, stack(0x0000006550f00000,0x0000006551000000)]
  0x0000016c016c1380 JavaThread "Unconstrained build operations Thread 49" [_thread_blocked, id=15892, stack(0x0000006551000000,0x0000006551100000)]
  0x0000016c016c1d20 JavaThread "Unconstrained build operations Thread 50" [_thread_blocked, id=25944, stack(0x0000006551100000,0x0000006551200000)]
  0x0000016c016c21f0 JavaThread "Unconstrained build operations Thread 51" [_thread_blocked, id=17916, stack(0x0000006551200000,0x0000006551300000)]
  0x0000016c063b05d0 JavaThread "Unconstrained build operations Thread 52" [_thread_blocked, id=17980, stack(0x0000006551300000,0x0000006551400000)]
  0x0000016c063acc10 JavaThread "Unconstrained build operations Thread 53" [_thread_blocked, id=17780, stack(0x0000006551400000,0x0000006551500000)]
  0x0000016c063aaf30 JavaThread "Unconstrained build operations Thread 54" [_thread_blocked, id=21780, stack(0x0000006551500000,0x0000006551600000)]
  0x0000016c063aa0c0 JavaThread "Unconstrained build operations Thread 55" [_thread_blocked, id=26004, stack(0x0000006551600000,0x0000006551700000)]
  0x0000016c063adf50 JavaThread "Unconstrained build operations Thread 56" [_thread_blocked, id=12144, stack(0x0000006551700000,0x0000006551800000)]
  0x0000016c063ad5b0 JavaThread "Unconstrained build operations Thread 57" [_thread_blocked, id=19552, stack(0x0000006551800000,0x0000006551900000)]
  0x0000016c063ae8f0 JavaThread "Unconstrained build operations Thread 58" [_thread_blocked, id=25256, stack(0x0000006551900000,0x0000006551a00000)]
  0x0000016c063ad0e0 JavaThread "Unconstrained build operations Thread 59" [_thread_blocked, id=5668, stack(0x0000006551a00000,0x0000006551b00000)]
  0x0000016c063b1440 JavaThread "Unconstrained build operations Thread 60" [_thread_blocked, id=23304, stack(0x0000006551b00000,0x0000006551c00000)]
  0x0000016c063ac270 JavaThread "Unconstrained build operations Thread 61" [_thread_blocked, id=5064, stack(0x0000006551c00000,0x0000006551d00000)]
  0x0000016c063abda0 JavaThread "Unconstrained build operations Thread 62" [_thread_blocked, id=9748, stack(0x0000006551d00000,0x0000006551e00000)]
  0x0000016c063b0aa0 JavaThread "Unconstrained build operations Thread 63" [_thread_blocked, id=24248, stack(0x0000006551e00000,0x0000006551f00000)]
  0x0000016c063b0f70 JavaThread "Unconstrained build operations Thread 64" [_thread_blocked, id=22200, stack(0x0000006551f00000,0x0000006552000000)]
  0x0000016c063af290 JavaThread "Unconstrained build operations Thread 65" [_thread_blocked, id=20220, stack(0x0000006552000000,0x0000006552100000)]
  0x0000016c063ae420 JavaThread "Unconstrained build operations Thread 66" [_thread_blocked, id=16740, stack(0x0000006552100000,0x0000006552200000)]
  0x0000016c063ada80 JavaThread "Unconstrained build operations Thread 67" [_thread_blocked, id=23288, stack(0x0000006552200000,0x0000006552300000)]
  0x0000016c063af760 JavaThread "Unconstrained build operations Thread 68" [_thread_blocked, id=19160, stack(0x0000006552300000,0x0000006552400000)]
  0x0000016c063b1910 JavaThread "Unconstrained build operations Thread 69" [_thread_blocked, id=13364, stack(0x0000006552400000,0x0000006552500000)]
  0x0000016c063aa590 JavaThread "Unconstrained build operations Thread 70" [_thread_blocked, id=24012, stack(0x0000006552500000,0x0000006552600000)]
  0x0000016c063aedc0 JavaThread "Unconstrained build operations Thread 71" [_thread_blocked, id=7852, stack(0x0000006552600000,0x0000006552700000)]
  0x0000016c063ac740 JavaThread "Unconstrained build operations Thread 72" [_thread_blocked, id=26360, stack(0x0000006552700000,0x0000006552800000)]
  0x0000016c063afc30 JavaThread "Unconstrained build operations Thread 73" [_thread_blocked, id=15416, stack(0x0000006552800000,0x0000006552900000)]
  0x0000016c063aaa60 JavaThread "Unconstrained build operations Thread 74" [_thread_blocked, id=10856, stack(0x0000006552900000,0x0000006552a00000)]
  0x0000016c063ab400 JavaThread "Unconstrained build operations Thread 75" [_thread_blocked, id=24276, stack(0x0000006552a00000,0x0000006552b00000)]
  0x0000016c063ab8d0 JavaThread "Unconstrained build operations Thread 76" [_thread_blocked, id=20268, stack(0x0000006552b00000,0x0000006552c00000)]
  0x0000016c063b0100 JavaThread "Unconstrained build operations Thread 77" [_thread_blocked, id=18760, stack(0x0000006552c00000,0x0000006552d00000)]
  0x0000016c7eac8620 JavaThread "Unconstrained build operations Thread 78" [_thread_blocked, id=25568, stack(0x0000006552d00000,0x0000006552e00000)]
  0x0000016c7eac8af0 JavaThread "Unconstrained build operations Thread 79" [_thread_blocked, id=19048, stack(0x0000006552e00000,0x0000006552f00000)]
  0x0000016c7eaca7d0 JavaThread "Unconstrained build operations Thread 80" [_thread_blocked, id=23248, stack(0x0000006552f00000,0x0000006553000000)]
  0x0000016c7eac5fa0 JavaThread "jar transforms Thread 6" [_thread_blocked, id=996, stack(0x0000006553000000,0x0000006553100000)]
  0x0000016c7eac77b0 JavaThread "jar transforms Thread 7" [_thread_blocked, id=10824, stack(0x0000006553100000,0x0000006553200000)]
  0x0000016c7eac42c0 JavaThread "jar transforms Thread 8" [_thread_blocked, id=17080, stack(0x0000006553200000,0x0000006553300000)]
  0x0000016c7eac6940 JavaThread "build event listener" [_thread_blocked, id=12520, stack(0x0000006553300000,0x0000006553400000)]
  0x0000016c7eac9e30 JavaThread "Memory manager" [_thread_blocked, id=15276, stack(0x0000006553400000,0x0000006553500000)]

Other Threads:
=>0x0000016c7d74a940 VMThread "VM Thread" [stack: 0x000000654ac00000,0x000000654ad00000] [id=26060]
  0x0000016c7e1ff200 WatcherThread [stack: 0x000000654b800000,0x000000654b900000] [id=15248]
  0x0000016c619c4fb0 GCTaskThread "GC Thread#0" [stack: 0x000000654a700000,0x000000654a800000] [id=10836]
  0x0000016c7efc2770 GCTaskThread "GC Thread#1" [stack: 0x000000654bb00000,0x000000654bc00000] [id=15024]
  0x0000016c7e8bc300 GCTaskThread "GC Thread#2" [stack: 0x000000654bc00000,0x000000654bd00000] [id=25916]
  0x0000016c7eea0380 GCTaskThread "GC Thread#3" [stack: 0x000000654bd00000,0x000000654be00000] [id=21640]
  0x0000016c7f24f140 GCTaskThread "GC Thread#4" [stack: 0x000000654be00000,0x000000654bf00000] [id=19844]
  0x0000016c018c3050 GCTaskThread "GC Thread#5" [stack: 0x000000654c700000,0x000000654c800000] [id=21404]
  0x0000016c0095bd10 GCTaskThread "GC Thread#6" [stack: 0x000000654c800000,0x000000654c900000] [id=24824]
  0x0000016c008c7050 GCTaskThread "GC Thread#7" [stack: 0x000000654c900000,0x000000654ca00000] [id=1980]
  0x0000016c619d5ef0 ConcurrentGCThread "G1 Main Marker" [stack: 0x000000654a800000,0x000000654a900000] [id=24392]
  0x0000016c619d70a0 ConcurrentGCThread "G1 Conc#0" [stack: 0x000000654a900000,0x000000654aa00000] [id=4212]
  0x0000016c01398040 ConcurrentGCThread "G1 Conc#1" [stack: 0x000000654ca00000,0x000000654cb00000] [id=6732]
  0x0000016c61a2d6c0 ConcurrentGCThread "G1 Refine#0" [stack: 0x000000654aa00000,0x000000654ab00000] [id=12312]
  0x0000016c61a2e0e0 ConcurrentGCThread "G1 Service" [stack: 0x000000654ab00000,0x000000654ac00000] [id=21496]

Threads with active compile tasks:
C2 CompilerThread0    10682 10064       4       groovy.lang.MetaClassImpl::inheritInterfaceNewMetaMethods (195 bytes)
C2 CompilerThread1    10682 10104       4       java.util.HashMap::put (13 bytes)

VM state: at safepoint (normal execution)

VM Mutex/Monitor currently owned by a thread:  ([mutex/lock_event])
[0x0000016c61964450] Threads_lock - owner thread: 0x0000016c7d74a940
[0x0000016c61965410] Heap_lock - owner thread: 0x0000016c7f748f10

Heap address: 0x0000000080000000, size: 2048 MB, Compressed Oops mode: 32-bit

CDS archive(s) not mapped
Compressed class space mapped at: 0x0000000100000000-0x0000000140000000, reserved size: 1073741824
Narrow klass base: 0x0000000000000000, Narrow klass shift: 3, Narrow klass range: 0x140000000

GC Precious Log:
 CPUs: 8 total, 8 available
 Memory: 7865M
 Large Page Support: Disabled
 NUMA Support: Disabled
 Compressed Oops: Enabled (32-bit)
 Heap Region Size: 1M
 Heap Min Capacity: 8M
 Heap Initial Capacity: 124M
 Heap Max Capacity: 2G
 Pre-touch: Disabled
 Parallel Workers: 8
 Concurrent Workers: 2
 Concurrent Refinement Workers: 8
 Periodic GC: Disabled

Heap:
 garbage-first heap   total 158720K, used 91534K [0x0000000080000000, 0x0000000100000000)
  region size 1024K, 1 young (1024K), 1 survivors (1024K)
 Metaspace       used 96727K, committed 97344K, reserved 1138688K
  class space    used 13165K, committed 13440K, reserved 1048576K

Heap Regions: E=young(eden), S=young(survivor), O=old, HS=humongous(starts), HC=humongous(continues), CS=collection set, F=free, OA=open archive, CA=closed archive, TAMS=top-at-mark-start (previous, next)
|   0|0x0000000080000000, 0x0000000080100000, 0x0000000080100000|100%|HS|  |TAMS 0x0000000080100000, 0x0000000080000000| Complete 
|   1|0x0000000080100000, 0x0000000080200000, 0x0000000080200000|100%|HC|  |TAMS 0x0000000080200000, 0x0000000080100000| Complete 
|   2|0x0000000080200000, 0x0000000080300000, 0x0000000080300000|100%|HC|  |TAMS 0x0000000080300000, 0x0000000080200000| Complete 
|   3|0x0000000080300000, 0x0000000080400000, 0x0000000080400000|100%|HC|  |TAMS 0x0000000080400000, 0x0000000080300000| Complete 
|   4|0x0000000080400000, 0x0000000080500000, 0x0000000080500000|100%| O|  |TAMS 0x0000000080500000, 0x0000000080400000| Untracked 
|   5|0x0000000080500000, 0x0000000080600000, 0x0000000080600000|100%| O|  |TAMS 0x0000000080600000, 0x0000000080500000| Untracked 
|   6|0x0000000080600000, 0x0000000080700000, 0x0000000080700000|100%| O|  |TAMS 0x0000000080700000, 0x0000000080600000| Untracked 
|   7|0x0000000080700000, 0x0000000080800000, 0x0000000080800000|100%| O|  |TAMS 0x0000000080800000, 0x0000000080700000| Untracked 
|   8|0x0000000080800000, 0x0000000080900000, 0x0000000080900000|100%| O|  |TAMS 0x0000000080900000, 0x0000000080800000| Untracked 
|   9|0x0000000080900000, 0x0000000080a00000, 0x0000000080a00000|100%| O|  |TAMS 0x0000000080a00000, 0x0000000080900000| Untracked 
|  10|0x0000000080a00000, 0x0000000080b00000, 0x0000000080b00000|100%| O|  |TAMS 0x0000000080b00000, 0x0000000080a00000| Untracked 
|  11|0x0000000080b00000, 0x0000000080c00000, 0x0000000080c00000|100%| O|  |TAMS 0x0000000080c00000, 0x0000000080b00000| Untracked 
|  12|0x0000000080c00000, 0x0000000080d00000, 0x0000000080d00000|100%| O|  |TAMS 0x0000000080d00000, 0x0000000080c00000| Untracked 
|  13|0x0000000080d00000, 0x0000000080e00000, 0x0000000080e00000|100%| O|  |TAMS 0x0000000080e00000, 0x0000000080d00000| Untracked 
|  14|0x0000000080e00000, 0x0000000080f00000, 0x0000000080f00000|100%| O|  |TAMS 0x0000000080f00000, 0x0000000080e00000| Untracked 
|  15|0x0000000080f00000, 0x0000000081000000, 0x0000000081000000|100%| O|  |TAMS 0x0000000081000000, 0x0000000080f00000| Untracked 
|  16|0x0000000081000000, 0x0000000081100000, 0x0000000081100000|100%| O|  |TAMS 0x0000000081100000, 0x0000000081000000| Untracked 
|  17|0x0000000081100000, 0x0000000081200000, 0x0000000081200000|100%| O|  |TAMS 0x0000000081200000, 0x0000000081100000| Untracked 
|  18|0x0000000081200000, 0x0000000081300000, 0x0000000081300000|100%| O|  |TAMS 0x0000000081300000, 0x0000000081200000| Untracked 
|  19|0x0000000081300000, 0x0000000081400000, 0x0000000081400000|100%| O|  |TAMS 0x0000000081400000, 0x0000000081300000| Untracked 
|  20|0x0000000081400000, 0x0000000081500000, 0x0000000081500000|100%| O|  |TAMS 0x0000000081500000, 0x0000000081400000| Untracked 
|  21|0x0000000081500000, 0x0000000081600000, 0x0000000081600000|100%| O|  |TAMS 0x0000000081600000, 0x0000000081500000| Untracked 
|  22|0x0000000081600000, 0x0000000081700000, 0x0000000081700000|100%| O|  |TAMS 0x0000000081700000, 0x0000000081600000| Untracked 
|  23|0x0000000081700000, 0x0000000081800000, 0x0000000081800000|100%| O|  |TAMS 0x0000000081800000, 0x0000000081700000| Untracked 
|  24|0x0000000081800000, 0x0000000081900000, 0x0000000081900000|100%| O|  |TAMS 0x0000000081900000, 0x0000000081800000| Untracked 
|  25|0x0000000081900000, 0x0000000081a00000, 0x0000000081a00000|100%| O|  |TAMS 0x0000000081a00000, 0x0000000081900000| Untracked 
|  26|0x0000000081a00000, 0x0000000081b00000, 0x0000000081b00000|100%| O|  |TAMS 0x0000000081b00000, 0x0000000081a00000| Untracked 
|  27|0x0000000081b00000, 0x0000000081c00000, 0x0000000081c00000|100%| O|  |TAMS 0x0000000081c00000, 0x0000000081b00000| Untracked 
|  28|0x0000000081c00000, 0x0000000081d00000, 0x0000000081d00000|100%| O|  |TAMS 0x0000000081d00000, 0x0000000081c00000| Untracked 
|  29|0x0000000081d00000, 0x0000000081e00000, 0x0000000081e00000|100%| O|  |TAMS 0x0000000081e00000, 0x0000000081d00000| Untracked 
|  30|0x0000000081e00000, 0x0000000081f00000, 0x0000000081f00000|100%| O|  |TAMS 0x0000000081f00000, 0x0000000081e00000| Untracked 
|  31|0x0000000081f00000, 0x0000000082000000, 0x0000000082000000|100%|HS|  |TAMS 0x0000000082000000, 0x0000000081f00000| Complete 
|  32|0x0000000082000000, 0x0000000082100000, 0x0000000082100000|100%|HS|  |TAMS 0x0000000082100000, 0x0000000082000000| Complete 
|  33|0x0000000082100000, 0x0000000082200000, 0x0000000082200000|100%|HS|  |TAMS 0x0000000082200000, 0x0000000082100000| Complete 
|  34|0x0000000082200000, 0x0000000082300000, 0x0000000082300000|100%|HS|  |TAMS 0x0000000082300000, 0x0000000082200000| Complete 
|  35|0x0000000082300000, 0x0000000082400000, 0x0000000082400000|100%|HC|  |TAMS 0x0000000082400000, 0x0000000082300000| Complete 
|  36|0x0000000082400000, 0x0000000082500000, 0x0000000082500000|100%| O|  |TAMS 0x0000000082500000, 0x0000000082400000| Untracked 
|  37|0x0000000082500000, 0x0000000082600000, 0x0000000082600000|100%| O|  |TAMS 0x0000000082600000, 0x0000000082500000| Untracked 
|  38|0x0000000082600000, 0x0000000082600000, 0x0000000082700000|  0%| F|  |TAMS 0x0000000082600000, 0x0000000082600000| Untracked 
|  39|0x0000000082700000, 0x0000000082800000, 0x0000000082800000|100%| O|  |TAMS 0x0000000082700000, 0x0000000082700000| Untracked 
|  40|0x0000000082800000, 0x0000000082900000, 0x0000000082900000|100%| O|  |TAMS 0x0000000082900000, 0x0000000082800000| Untracked 
|  41|0x0000000082900000, 0x0000000082a00000, 0x0000000082a00000|100%| O|  |TAMS 0x0000000082a00000, 0x0000000082900000| Untracked 
|  42|0x0000000082a00000, 0x0000000082b00000, 0x0000000082b00000|100%|HS|  |TAMS 0x0000000082b00000, 0x0000000082a00000| Complete 
|  43|0x0000000082b00000, 0x0000000082c00000, 0x0000000082c00000|100%|HC|  |TAMS 0x0000000082c00000, 0x0000000082b00000| Complete 
|  44|0x0000000082c00000, 0x0000000082d00000, 0x0000000082d00000|100%|HC|  |TAMS 0x0000000082d00000, 0x0000000082c00000| Complete 
|  45|0x0000000082d00000, 0x0000000082e00000, 0x0000000082e00000|100%|HC|  |TAMS 0x0000000082e00000, 0x0000000082d00000| Complete 
|  46|0x0000000082e00000, 0x0000000082f00000, 0x0000000082f00000|100%| O|  |TAMS 0x0000000082f00000, 0x0000000082e00000| Untracked 
|  47|0x0000000082f00000, 0x0000000083000000, 0x0000000083000000|100%| O|  |TAMS 0x0000000083000000, 0x0000000082f00000| Untracked 
|  48|0x0000000083000000, 0x0000000083100000, 0x0000000083100000|100%| O|  |TAMS 0x0000000083100000, 0x0000000083000000| Untracked 
|  49|0x0000000083100000, 0x0000000083200000, 0x0000000083200000|100%| O|  |TAMS 0x0000000083200000, 0x0000000083100000| Untracked 
|  50|0x0000000083200000, 0x0000000083300000, 0x0000000083300000|100%| O|  |TAMS 0x0000000083300000, 0x0000000083200000| Untracked 
|  51|0x0000000083300000, 0x0000000083400000, 0x0000000083400000|100%| O|  |TAMS 0x0000000083400000, 0x0000000083300000| Untracked 
|  52|0x0000000083400000, 0x0000000083500000, 0x0000000083500000|100%| O|  |TAMS 0x0000000083500000, 0x0000000083400000| Untracked 
|  53|0x0000000083500000, 0x0000000083600000, 0x0000000083600000|100%| O|  |TAMS 0x0000000083600000, 0x0000000083500000| Untracked 
|  54|0x0000000083600000, 0x0000000083700000, 0x0000000083700000|100%| O|  |TAMS 0x0000000083700000, 0x0000000083600000| Untracked 
|  55|0x0000000083700000, 0x0000000083800000, 0x0000000083800000|100%| O|  |TAMS 0x0000000083800000, 0x0000000083700000| Untracked 
|  56|0x0000000083800000, 0x0000000083900000, 0x0000000083900000|100%| O|  |TAMS 0x0000000083900000, 0x0000000083800000| Untracked 
|  57|0x0000000083900000, 0x0000000083a00000, 0x0000000083a00000|100%| O|  |TAMS 0x0000000083a00000, 0x0000000083900000| Untracked 
|  58|0x0000000083a00000, 0x0000000083b00000, 0x0000000083b00000|100%| O|  |TAMS 0x0000000083b00000, 0x0000000083a00000| Untracked 
|  59|0x0000000083b00000, 0x0000000083c00000, 0x0000000083c00000|100%| O|  |TAMS 0x0000000083c00000, 0x0000000083b00000| Untracked 
|  60|0x0000000083c00000, 0x0000000083d00000, 0x0000000083d00000|100%| O|  |TAMS 0x0000000083d00000, 0x0000000083c00000| Untracked 
|  61|0x0000000083d00000, 0x0000000083e00000, 0x0000000083e00000|100%| O|  |TAMS 0x0000000083e00000, 0x0000000083d00000| Untracked 
|  62|0x0000000083e00000, 0x0000000083f00000, 0x0000000083f00000|100%| O|  |TAMS 0x0000000083f00000, 0x0000000083e00000| Untracked 
|  63|0x0000000083f00000, 0x0000000084000000, 0x0000000084000000|100%| O|  |TAMS 0x0000000084000000, 0x0000000083f00000| Untracked 
|  64|0x0000000084000000, 0x0000000084100000, 0x0000000084100000|100%| O|  |TAMS 0x0000000084100000, 0x0000000084000000| Untracked 
|  65|0x0000000084100000, 0x0000000084200000, 0x0000000084200000|100%| O|  |TAMS 0x0000000084200000, 0x0000000084100000| Untracked 
|  66|0x0000000084200000, 0x0000000084300000, 0x0000000084300000|100%| O|  |TAMS 0x0000000084300000, 0x0000000084200000| Untracked 
|  67|0x0000000084300000, 0x0000000084400000, 0x0000000084400000|100%| O|  |TAMS 0x0000000084400000, 0x0000000084300000| Untracked 
|  68|0x0000000084400000, 0x0000000084500000, 0x0000000084500000|100%| O|  |TAMS 0x0000000084500000, 0x0000000084400000| Untracked 
|  69|0x0000000084500000, 0x0000000084600000, 0x0000000084600000|100%| O|  |TAMS 0x0000000084600000, 0x0000000084500000| Untracked 
|  70|0x0000000084600000, 0x0000000084700000, 0x0000000084700000|100%| O|  |TAMS 0x0000000084700000, 0x0000000084600000| Untracked 
|  71|0x0000000084700000, 0x0000000084800000, 0x0000000084800000|100%| O|  |TAMS 0x0000000084800000, 0x0000000084700000| Untracked 
|  72|0x0000000084800000, 0x0000000084900000, 0x0000000084900000|100%| O|  |TAMS 0x0000000084900000, 0x0000000084800000| Untracked 
|  73|0x0000000084900000, 0x0000000084a00000, 0x0000000084a00000|100%| O|  |TAMS 0x0000000084a00000, 0x0000000084900000| Untracked 
|  74|0x0000000084a00000, 0x0000000084b00000, 0x0000000084b00000|100%| O|  |TAMS 0x0000000084b00000, 0x0000000084a00000| Untracked 
|  75|0x0000000084b00000, 0x0000000084c00000, 0x0000000084c00000|100%| O|  |TAMS 0x0000000084c00000, 0x0000000084b00000| Untracked 
|  76|0x0000000084c00000, 0x0000000084d00000, 0x0000000084d00000|100%| O|  |TAMS 0x0000000084d00000, 0x0000000084c00000| Untracked 
|  77|0x0000000084d00000, 0x0000000084e00000, 0x0000000084e00000|100%| O|  |TAMS 0x0000000084e00000, 0x0000000084d00000| Untracked 
|  78|0x0000000084e00000, 0x0000000084f00000, 0x0000000084f00000|100%| O|  |TAMS 0x0000000084f00000, 0x0000000084e00000| Untracked 
|  79|0x0000000084f00000, 0x0000000085000000, 0x0000000085000000|100%| O|  |TAMS 0x0000000085000000, 0x0000000084f00000| Untracked 
|  80|0x0000000085000000, 0x0000000085100000, 0x0000000085100000|100%| O|  |TAMS 0x0000000085100000, 0x0000000085000000| Untracked 
|  81|0x0000000085100000, 0x0000000085200000, 0x0000000085200000|100%| O|  |TAMS 0x0000000085200000, 0x0000000085100000| Untracked 
|  82|0x0000000085200000, 0x0000000085300000, 0x0000000085300000|100%| O|  |TAMS 0x0000000085238800, 0x0000000085200000| Untracked 
|  83|0x0000000085300000, 0x0000000085400000, 0x0000000085400000|100%| O|  |TAMS 0x0000000085300000, 0x0000000085300000| Untracked 
|  84|0x0000000085400000, 0x0000000085500000, 0x0000000085500000|100%| O|  |TAMS 0x0000000085400000, 0x0000000085400000| Untracked 
|  85|0x0000000085500000, 0x0000000085600000, 0x0000000085600000|100%| O|  |TAMS 0x0000000085500000, 0x0000000085500000| Untracked 
|  86|0x0000000085600000, 0x0000000085700000, 0x0000000085700000|100%| O|  |TAMS 0x0000000085600000, 0x0000000085600000| Untracked 
|  87|0x0000000085700000, 0x0000000085800000, 0x0000000085800000|100%| O|  |TAMS 0x0000000085700000, 0x0000000085700000| Untracked 
|  88|0x0000000085800000, 0x0000000085900000, 0x0000000085900000|100%| O|  |TAMS 0x0000000085800000, 0x0000000085800000| Untracked 
|  89|0x0000000085900000, 0x0000000085975a00, 0x0000000085a00000| 45%| O|  |TAMS 0x0000000085900000, 0x0000000085900000| Untracked 
|  90|0x0000000085a00000, 0x0000000085a00000, 0x0000000085b00000|  0%| F|  |TAMS 0x0000000085a00000, 0x0000000085a00000| Untracked 
|  91|0x0000000085b00000, 0x0000000085b00000, 0x0000000085c00000|  0%| F|  |TAMS 0x0000000085b00000, 0x0000000085b00000| Untracked 
|  92|0x0000000085c00000, 0x0000000085c00000, 0x0000000085d00000|  0%| F|  |TAMS 0x0000000085c00000, 0x0000000085c00000| Untracked 
|  93|0x0000000085d00000, 0x0000000085d00000, 0x0000000085e00000|  0%| F|  |TAMS 0x0000000085d00000, 0x0000000085d00000| Untracked 
|  94|0x0000000085e00000, 0x0000000085e00000, 0x0000000085f00000|  0%| F|  |TAMS 0x0000000085e00000, 0x0000000085e00000| Untracked 
|  95|0x0000000085f00000, 0x0000000085f00000, 0x0000000086000000|  0%| F|  |TAMS 0x0000000085f00000, 0x0000000085f00000| Untracked 
|  96|0x0000000086000000, 0x0000000086000000, 0x0000000086100000|  0%| F|  |TAMS 0x0000000086000000, 0x0000000086000000| Untracked 
|  97|0x0000000086100000, 0x0000000086100000, 0x0000000086200000|  0%| F|  |TAMS 0x0000000086100000, 0x0000000086100000| Untracked 
|  98|0x0000000086200000, 0x0000000086200000, 0x0000000086300000|  0%| F|  |TAMS 0x0000000086200000, 0x0000000086200000| Untracked 
|  99|0x0000000086300000, 0x0000000086300000, 0x0000000086400000|  0%| F|  |TAMS 0x0000000086300000, 0x0000000086300000| Untracked 
| 100|0x0000000086400000, 0x0000000086400000, 0x0000000086500000|  0%| F|  |TAMS 0x0000000086400000, 0x0000000086400000| Untracked 
| 101|0x0000000086500000, 0x0000000086500000, 0x0000000086600000|  0%| F|  |TAMS 0x0000000086500000, 0x0000000086500000| Untracked 
| 102|0x0000000086600000, 0x0000000086600000, 0x0000000086700000|  0%| F|  |TAMS 0x0000000086600000, 0x0000000086600000| Untracked 
| 103|0x0000000086700000, 0x0000000086700000, 0x0000000086800000|  0%| F|  |TAMS 0x0000000086700000, 0x0000000086700000| Untracked 
| 104|0x0000000086800000, 0x0000000086800000, 0x0000000086900000|  0%| F|  |TAMS 0x0000000086800000, 0x0000000086800000| Untracked 
| 105|0x0000000086900000, 0x0000000086900000, 0x0000000086a00000|  0%| F|  |TAMS 0x0000000086900000, 0x0000000086900000| Untracked 
| 106|0x0000000086a00000, 0x0000000086a00000, 0x0000000086b00000|  0%| F|  |TAMS 0x0000000086a00000, 0x0000000086a00000| Untracked 
| 107|0x0000000086b00000, 0x0000000086b00000, 0x0000000086c00000|  0%| F|  |TAMS 0x0000000086b00000, 0x0000000086b00000| Untracked 
| 108|0x0000000086c00000, 0x0000000086c00000, 0x0000000086d00000|  0%| F|  |TAMS 0x0000000086c00000, 0x0000000086c00000| Untracked 
| 109|0x0000000086d00000, 0x0000000086d00000, 0x0000000086e00000|  0%| F|  |TAMS 0x0000000086d00000, 0x0000000086d00000| Untracked 
| 110|0x0000000086e00000, 0x0000000086e00000, 0x0000000086f00000|  0%| F|  |TAMS 0x0000000086e00000, 0x0000000086e00000| Untracked 
| 111|0x0000000086f00000, 0x0000000086f00000, 0x0000000087000000|  0%| F|  |TAMS 0x0000000086f00000, 0x0000000086f00000| Untracked 
| 112|0x0000000087000000, 0x0000000087000000, 0x0000000087100000|  0%| F|  |TAMS 0x0000000087000000, 0x0000000087000000| Untracked 
| 113|0x0000000087100000, 0x0000000087100000, 0x0000000087200000|  0%| F|  |TAMS 0x0000000087100000, 0x0000000087100000| Untracked 
| 114|0x0000000087200000, 0x0000000087200000, 0x0000000087300000|  0%| F|  |TAMS 0x0000000087200000, 0x0000000087200000| Untracked 
| 115|0x0000000087300000, 0x0000000087300000, 0x0000000087400000|  0%| F|  |TAMS 0x0000000087300000, 0x0000000087300000| Untracked 
| 116|0x0000000087400000, 0x0000000087400000, 0x0000000087500000|  0%| F|  |TAMS 0x0000000087400000, 0x0000000087400000| Untracked 
| 117|0x0000000087500000, 0x0000000087500000, 0x0000000087600000|  0%| F|  |TAMS 0x0000000087500000, 0x0000000087500000| Untracked 
| 118|0x0000000087600000, 0x0000000087600000, 0x0000000087700000|  0%| F|  |TAMS 0x0000000087600000, 0x0000000087600000| Untracked 
| 119|0x0000000087700000, 0x0000000087700000, 0x0000000087800000|  0%| F|  |TAMS 0x0000000087700000, 0x0000000087700000| Untracked 
| 120|0x0000000087800000, 0x0000000087800000, 0x0000000087900000|  0%| F|  |TAMS 0x0000000087800000, 0x0000000087800000| Untracked 
| 121|0x0000000087900000, 0x0000000087900000, 0x0000000087a00000|  0%| F|  |TAMS 0x0000000087900000, 0x0000000087900000| Untracked 
| 122|0x0000000087a00000, 0x0000000087a00000, 0x0000000087b00000|  0%| F|  |TAMS 0x0000000087a00000, 0x0000000087a00000| Untracked 
| 123|0x0000000087b00000, 0x0000000087b00000, 0x0000000087c00000|  0%| F|  |TAMS 0x0000000087b00000, 0x0000000087b00000| Untracked 
| 124|0x0000000087c00000, 0x0000000087c00000, 0x0000000087d00000|  0%| F|  |TAMS 0x0000000087c00000, 0x0000000087c00000| Untracked 
| 125|0x0000000087d00000, 0x0000000087d00000, 0x0000000087e00000|  0%| F|  |TAMS 0x0000000087d00000, 0x0000000087d00000| Untracked 
| 126|0x0000000087e00000, 0x0000000087e00000, 0x0000000087f00000|  0%| F|  |TAMS 0x0000000087e00000, 0x0000000087e00000| Untracked 
| 127|0x0000000087f00000, 0x0000000087f00000, 0x0000000088000000|  0%| F|  |TAMS 0x0000000087f00000, 0x0000000087f00000| Untracked 
| 128|0x0000000088000000, 0x0000000088000000, 0x0000000088100000|  0%| F|  |TAMS 0x0000000088000000, 0x0000000088000000| Untracked 
| 129|0x0000000088100000, 0x0000000088100000, 0x0000000088200000|  0%| F|  |TAMS 0x0000000088100000, 0x0000000088100000| Untracked 
| 130|0x0000000088200000, 0x0000000088200000, 0x0000000088300000|  0%| F|  |TAMS 0x0000000088200000, 0x0000000088200000| Untracked 
| 131|0x0000000088300000, 0x0000000088300000, 0x0000000088400000|  0%| F|  |TAMS 0x0000000088300000, 0x0000000088300000| Untracked 
| 132|0x0000000088400000, 0x0000000088400000, 0x0000000088500000|  0%| F|  |TAMS 0x0000000088400000, 0x0000000088400000| Untracked 
| 133|0x0000000088500000, 0x0000000088500000, 0x0000000088600000|  0%| F|  |TAMS 0x0000000088500000, 0x0000000088500000| Untracked 
| 134|0x0000000088600000, 0x0000000088600000, 0x0000000088700000|  0%| F|  |TAMS 0x0000000088600000, 0x0000000088600000| Untracked 
| 135|0x0000000088700000, 0x0000000088700000, 0x0000000088800000|  0%| F|  |TAMS 0x0000000088700000, 0x0000000088700000| Untracked 
| 136|0x0000000088800000, 0x0000000088800000, 0x0000000088900000|  0%| F|  |TAMS 0x0000000088800000, 0x0000000088800000| Untracked 
| 137|0x0000000088900000, 0x0000000088900000, 0x0000000088a00000|  0%| F|  |TAMS 0x0000000088900000, 0x0000000088900000| Untracked 
| 138|0x0000000088a00000, 0x0000000088a00000, 0x0000000088b00000|  0%| F|  |TAMS 0x0000000088a00000, 0x0000000088a00000| Untracked 
| 139|0x0000000088b00000, 0x0000000088b00000, 0x0000000088c00000|  0%| F|  |TAMS 0x0000000088b00000, 0x0000000088b00000| Untracked 
| 140|0x0000000088c00000, 0x0000000088c00000, 0x0000000088d00000|  0%| F|  |TAMS 0x0000000088c00000, 0x0000000088c00000| Untracked 
| 141|0x0000000088d00000, 0x0000000088d00000, 0x0000000088e00000|  0%| F|  |TAMS 0x0000000088d00000, 0x0000000088d00000| Untracked 
| 142|0x0000000088e00000, 0x0000000088e00000, 0x0000000088f00000|  0%| F|  |TAMS 0x0000000088e00000, 0x0000000088e00000| Untracked 
| 143|0x0000000088f00000, 0x0000000088f00000, 0x0000000089000000|  0%| F|  |TAMS 0x0000000088f00000, 0x0000000088f00000| Untracked 
| 144|0x0000000089000000, 0x0000000089000000, 0x0000000089100000|  0%| F|  |TAMS 0x0000000089000000, 0x0000000089000000| Untracked 
| 145|0x0000000089100000, 0x0000000089100000, 0x0000000089200000|  0%| F|  |TAMS 0x0000000089100000, 0x0000000089100000| Untracked 
| 146|0x0000000089200000, 0x0000000089200000, 0x0000000089300000|  0%| F|  |TAMS 0x0000000089200000, 0x0000000089200000| Untracked 
| 147|0x0000000089300000, 0x0000000089300000, 0x0000000089400000|  0%| F|  |TAMS 0x0000000089300000, 0x0000000089300000| Untracked 
| 148|0x0000000089400000, 0x0000000089400000, 0x0000000089500000|  0%| F|  |TAMS 0x0000000089400000, 0x0000000089400000| Untracked 
| 149|0x0000000089500000, 0x0000000089500000, 0x0000000089600000|  0%| F|  |TAMS 0x0000000089500000, 0x0000000089500000| Untracked 
| 150|0x0000000089600000, 0x0000000089600000, 0x0000000089700000|  0%| F|  |TAMS 0x0000000089600000, 0x0000000089600000| Untracked 
| 151|0x0000000089700000, 0x0000000089700000, 0x0000000089800000|  0%| F|  |TAMS 0x0000000089700000, 0x0000000089700000| Untracked 
| 152|0x0000000089800000, 0x00000000898ede90, 0x0000000089900000| 92%| S|CS|TAMS 0x0000000089800000, 0x0000000089800000| Complete 
| 153|0x0000000089900000, 0x0000000089900000, 0x0000000089a00000|  0%| F|  |TAMS 0x0000000089900000, 0x0000000089900000| Untracked 
| 154|0x0000000089a00000, 0x0000000089a00000, 0x0000000089b00000|  0%| F|  |TAMS 0x0000000089a00000, 0x0000000089a00000| Untracked 

Card table byte_map: [0x0000016c76470000,0x0000016c76870000] _byte_map_base: 0x0000016c76070000

Marking Bits (Prev, Next): (CMBitMap*) 0x0000016c619c55c0, (CMBitMap*) 0x0000016c619c5600
 Prev Bits: [0x0000016c76c70000, 0x0000016c78c70000)
 Next Bits: [0x0000016c78c70000, 0x0000016c7ac70000)

Polling page: 0x0000016c61a30000

Metaspace:

Usage:
  Non-class:     81.60 MB used.
      Class:     12.86 MB used.
       Both:     94.46 MB used.

Virtual space:
  Non-class space:       88.00 MB reserved,      81.94 MB ( 93%) committed,  11 nodes.
      Class space:        1.00 GB reserved,      13.12 MB (  1%) committed,  1 nodes.
             Both:        1.09 GB reserved,      95.06 MB (  9%) committed. 

Chunk freelists:
   Non-Class:  1.32 MB
       Class:  2.83 MB
        Both:  4.15 MB

MaxMetaspaceSize: unlimited
CompressedClassSpaceSize: 1.00 GB
Initial GC threshold: 21.00 MB
Current GC threshold: 156.69 MB
CDS: off
MetaspaceReclaimPolicy: balanced
 - commit_granule_bytes: 65536.
 - commit_granule_words: 8192.
 - virtual_space_node_default_size: 1048576.
 - enlarge_chunks_in_place: 1.
 - new_chunks_are_fully_committed: 0.
 - uncommit_free_chunks: 1.
 - use_allocation_guard: 0.
 - handle_deallocations: 1.


Internal statistics:

num_allocs_failed_limit: 6.
num_arena_births: 932.
num_arena_deaths: 0.
num_vsnodes_births: 12.
num_vsnodes_deaths: 0.
num_space_committed: 1521.
num_space_uncommitted: 0.
num_chunks_returned_to_freelist: 6.
num_chunks_taken_from_freelist: 4483.
num_chunk_merges: 6.
num_chunk_splits: 2995.
num_chunks_enlarged: 2040.
num_purges: 0.
num_inconsistent_stats: 0.

CodeHeap 'non-profiled nmethods': size=120000Kb used=5150Kb max_used=5679Kb free=114850Kb
 bounds [0x0000016c6e0d0000, 0x0000016c6e660000, 0x0000016c75600000]
CodeHeap 'profiled nmethods': size=120000Kb used=16354Kb max_used=17629Kb free=103645Kb
 bounds [0x0000016c66600000, 0x0000016c67740000, 0x0000016c6db30000]
CodeHeap 'non-nmethods': size=5760Kb used=2395Kb max_used=2470Kb free=3364Kb
 bounds [0x0000016c6db30000, 0x0000016c6dda0000, 0x0000016c6e0d0000]
 total_blobs=9527 nmethods=8606 adapters=833
 compilation: enabled
              stopped_count=0, restarted_count=0
 full_count=0

Compilation events (20 events):
Event: 10.626 Thread 0x0000016c7e06dba0 10101       3       java.util.TimSort::minRunLength (43 bytes)
Event: 10.626 Thread 0x0000016c7e06dba0 nmethod 10101 0x0000016c67333810 code [0x0000016c673339a0, 0x0000016c67333b58]
Event: 10.626 Thread 0x0000016c7e06dba0 10100       3       java.util.TimSort::<init> (181 bytes)
Event: 10.627 Thread 0x0000016c01610d40 nmethod 10079 0x0000016c6e1f6810 code [0x0000016c6e1f69c0, 0x0000016c6e1f7238]
Event: 10.627 Thread 0x0000016c01610d40 10072       4       java.util.Hashtable$Enumerator::hasMoreElements (53 bytes)
Event: 10.627 Thread 0x0000016c7e06dba0 nmethod 10100 0x0000016c66e9ea90 code [0x0000016c66e9eca0, 0x0000016c66e9f678]
Event: 10.629 Thread 0x0000016c01610d40 nmethod 10072 0x0000016c6e2d1710 code [0x0000016c6e2d1880, 0x0000016c6e2d1b18]
Event: 10.629 Thread 0x0000016c01610d40 10086       4       org.codehaus.groovy.reflection.CachedMethod::getReturnType (8 bytes)
Event: 10.630 Thread 0x0000016c01610d40 nmethod 10086 0x0000016c6e1f6510 code [0x0000016c6e1f6680, 0x0000016c6e1f6718]
Event: 10.630 Thread 0x0000016c01610d40 10070  s!   4       java.beans.PropertyDescriptor::getReadMethod (149 bytes)
Event: 10.631 Thread 0x0000016c7e06dba0 10103       3       java.util.TimSort::gallopLeft (335 bytes)
Event: 10.632 Thread 0x0000016c7e06dba0 nmethod 10103 0x0000016c66b4e390 code [0x0000016c66b4e5c0, 0x0000016c66b4f098]
Event: 10.639 Thread 0x0000016c01610d40 nmethod 10070 0x0000016c6e21c490 code [0x0000016c6e21c620, 0x0000016c6e21cab8]
Event: 10.639 Thread 0x0000016c01610d40 10102       4       org.codehaus.groovy.reflection.CachedClass::hashCode (33 bytes)
Event: 10.640 Thread 0x0000016c01610d40 nmethod 10102 0x0000016c6e1f6110 code [0x0000016c6e1f62a0, 0x0000016c6e1f6388]
Event: 10.640 Thread 0x0000016c01610d40 10076       4       java.util.Hashtable$Enumerator::hasNext (5 bytes)
Event: 10.643 Thread 0x0000016c01610d40 nmethod 10076 0x0000016c6e265190 code [0x0000016c6e265300, 0x0000016c6e265598]
Event: 10.643 Thread 0x0000016c01610d40 10104       4       java.util.HashMap::put (13 bytes)
Event: 10.646 Thread 0x0000016c7e06dba0 10110       3       org.codehaus.groovy.runtime.metaclass.MetaMethodIndex$Header::<init> (26 bytes)
Event: 10.647 Thread 0x0000016c7e06dba0 nmethod 10110 0x0000016c67621c10 code [0x0000016c67621dc0, 0x0000016c676220a8]

GC Heap History (20 events):
Event: 7.843 GC heap after
{Heap after GC invocations=27 (full 0):
 garbage-first heap   total 126976K, used 69679K [0x0000000080000000, 0x0000000100000000)
  region size 1024K, 3 young (3072K), 3 survivors (3072K)
 Metaspace       used 76391K, committed 76992K, reserved 1122304K
  class space    used 10107K, committed 10368K, reserved 1048576K
}
Event: 8.047 GC heap before
{Heap before GC invocations=28 (full 0):
 garbage-first heap   total 126976K, used 100399K [0x0000000080000000, 0x0000000100000000)
  region size 1024K, 33 young (33792K), 3 survivors (3072K)
 Metaspace       used 77291K, committed 77952K, reserved 1122304K
  class space    used 10212K, committed 10496K, reserved 1048576K
}
Event: 8.053 GC heap after
{Heap after GC invocations=29 (full 0):
 garbage-first heap   total 126976K, used 73402K [0x0000000080000000, 0x0000000100000000)
  region size 1024K, 5 young (5120K), 5 survivors (5120K)
 Metaspace       used 77291K, committed 77952K, reserved 1122304K
  class space    used 10212K, committed 10496K, reserved 1048576K
}
Event: 8.340 GC heap before
{Heap before GC invocations=29 (full 0):
 garbage-first heap   total 126976K, used 102074K [0x0000000080000000, 0x0000000100000000)
  region size 1024K, 33 young (33792K), 5 survivors (5120K)
 Metaspace       used 79816K, committed 80448K, reserved 1122304K
  class space    used 10556K, committed 10816K, reserved 1048576K
}
Event: 8.345 GC heap after
{Heap after GC invocations=30 (full 0):
 garbage-first heap   total 152576K, used 74963K [0x0000000080000000, 0x0000000100000000)
  region size 1024K, 2 young (2048K), 2 survivors (2048K)
 Metaspace       used 79816K, committed 80448K, reserved 1122304K
  class space    used 10556K, committed 10816K, reserved 1048576K
}
Event: 8.849 GC heap before
{Heap before GC invocations=31 (full 0):
 garbage-first heap   total 152576K, used 116947K [0x0000000080000000, 0x0000000100000000)
  region size 1024K, 43 young (44032K), 2 survivors (2048K)
 Metaspace       used 84856K, committed 85440K, reserved 1130496K
  class space    used 11453K, committed 11712K, reserved 1048576K
}
Event: 8.853 GC heap after
{Heap after GC invocations=32 (full 0):
 garbage-first heap   total 152576K, used 77088K [0x0000000080000000, 0x0000000100000000)
  region size 1024K, 4 young (4096K), 4 survivors (4096K)
 Metaspace       used 84856K, committed 85440K, reserved 1130496K
  class space    used 11453K, committed 11712K, reserved 1048576K
}
Event: 8.886 GC heap before
{Heap before GC invocations=32 (full 0):
 garbage-first heap   total 152576K, used 80160K [0x0000000080000000, 0x0000000100000000)
  region size 1024K, 7 young (7168K), 4 survivors (4096K)
 Metaspace       used 85148K, committed 85760K, reserved 1130496K
  class space    used 11486K, committed 11776K, reserved 1048576K
}
Event: 8.891 GC heap after
{Heap after GC invocations=33 (full 0):
 garbage-first heap   total 152576K, used 76818K [0x0000000080000000, 0x0000000100000000)
  region size 1024K, 1 young (1024K), 1 survivors (1024K)
 Metaspace       used 85148K, committed 85760K, reserved 1130496K
  class space    used 11486K, committed 11776K, reserved 1048576K
}
Event: 9.265 GC heap before
{Heap before GC invocations=33 (full 0):
 garbage-first heap   total 152576K, used 120850K [0x0000000080000000, 0x0000000100000000)
  region size 1024K, 44 young (45056K), 1 survivors (1024K)
 Metaspace       used 87414K, committed 88064K, reserved 1130496K
  class space    used 11825K, committed 12096K, reserved 1048576K
}
Event: 9.269 GC heap after
{Heap after GC invocations=34 (full 0):
 garbage-first heap   total 152576K, used 80406K [0x0000000080000000, 0x0000000100000000)
  region size 1024K, 5 young (5120K), 5 survivors (5120K)
 Metaspace       used 87414K, committed 88064K, reserved 1130496K
  class space    used 11825K, committed 12096K, reserved 1048576K
}
Event: 9.754 GC heap before
{Heap before GC invocations=35 (full 0):
 garbage-first heap   total 152576K, used 121366K [0x0000000080000000, 0x0000000100000000)
  region size 1024K, 45 young (46080K), 5 survivors (5120K)
 Metaspace       used 90277K, committed 90944K, reserved 1130496K
  class space    used 12237K, committed 12544K, reserved 1048576K
}
Event: 9.759 GC heap after
{Heap after GC invocations=36 (full 0):
 garbage-first heap   total 152576K, used 84093K [0x0000000080000000, 0x0000000100000000)
  region size 1024K, 4 young (4096K), 4 survivors (4096K)
 Metaspace       used 90277K, committed 90944K, reserved 1130496K
  class space    used 12237K, committed 12544K, reserved 1048576K
}
Event: 9.785 GC heap before
{Heap before GC invocations=36 (full 0):
 garbage-first heap   total 152576K, used 87165K [0x0000000080000000, 0x0000000100000000)
  region size 1024K, 7 young (7168K), 4 survivors (4096K)
 Metaspace       used 90459K, committed 91072K, reserved 1130496K
  class space    used 12262K, committed 12544K, reserved 1048576K
}
Event: 9.789 GC heap after
{Heap after GC invocations=37 (full 0):
 garbage-first heap   total 152576K, used 83881K [0x0000000080000000, 0x0000000100000000)
  region size 1024K, 1 young (1024K), 1 survivors (1024K)
 Metaspace       used 90459K, committed 91072K, reserved 1130496K
  class space    used 12262K, committed 12544K, reserved 1048576K
}
Event: 10.305 GC heap before
{Heap before GC invocations=37 (full 0):
 garbage-first heap   total 152576K, used 122793K [0x0000000080000000, 0x0000000100000000)
  region size 1024K, 39 young (39936K), 1 survivors (1024K)
 Metaspace       used 95243K, committed 95936K, reserved 1138688K
  class space    used 12960K, committed 13248K, reserved 1048576K
}
Event: 10.309 GC heap after
{Heap after GC invocations=38 (full 0):
 garbage-first heap   total 152576K, used 86721K [0x0000000080000000, 0x0000000100000000)
  region size 1024K, 4 young (4096K), 4 survivors (4096K)
 Metaspace       used 95243K, committed 95936K, reserved 1138688K
  class space    used 12960K, committed 13248K, reserved 1048576K
}
Event: 10.633 GC heap before
{Heap before GC invocations=39 (full 0):
 garbage-first heap   total 158720K, used 123585K [0x0000000080000000, 0x0000000100000000)
  region size 1024K, 40 young (40960K), 4 survivors (4096K)
 Metaspace       used 96726K, committed 97344K, reserved 1138688K
  class space    used 13165K, committed 13440K, reserved 1048576K
}
Event: 10.639 GC heap after
{Heap after GC invocations=40 (full 0):
 garbage-first heap   total 158720K, used 91131K [0x0000000080000000, 0x0000000100000000)
  region size 1024K, 5 young (5120K), 5 survivors (5120K)
 Metaspace       used 96726K, committed 97344K, reserved 1138688K
  class space    used 13165K, committed 13440K, reserved 1048576K
}
Event: 10.648 GC heap before
{Heap before GC invocations=40 (full 0):
 garbage-first heap   total 158720K, used 93179K [0x0000000080000000, 0x0000000100000000)
  region size 1024K, 7 young (7168K), 5 survivors (5120K)
 Metaspace       used 96727K, committed 97344K, reserved 1138688K
  class space    used 13165K, committed 13440K, reserved 1048576K
}

Dll operation events (2 events):
Event: 0.015 Loaded shared library C:\Program Files (x86)\android-studio-2022.3.1.17-windows\android-studio\jbr\bin\java.dll
Event: 0.352 Loaded shared library C:\Program Files (x86)\android-studio-2022.3.1.17-windows\android-studio\jbr\bin\verify.dll

Deoptimization events (20 events):
Event: 10.546 Thread 0x0000016c7f748f10 DEOPT PACKING pc=0x0000016c6e17e4f4 sp=0x000000654c3fb5e0
Event: 10.546 Thread 0x0000016c7f748f10 DEOPT UNPACKING pc=0x0000016c6db8a1a3 sp=0x000000654c3fb5b0 mode 2
Event: 10.549 Thread 0x0000016c7f748f10 Uncommon trap: trap_request=0xffffffc6 fr.pc=0x0000016c6e284d58 relative=0x0000000000000458
Event: 10.549 Thread 0x0000016c7f748f10 Uncommon trap: reason=bimorphic_or_optimized_type_check action=maybe_recompile pc=0x0000016c6e284d58 method=java.util.Spliterators$IteratorSpliterator.tryAdvance(Ljava/util/function/Consumer;)Z @ 50 c2
Event: 10.549 Thread 0x0000016c7f748f10 DEOPT PACKING pc=0x0000016c6e284d58 sp=0x000000654c3fb300
Event: 10.549 Thread 0x0000016c7f748f10 DEOPT UNPACKING pc=0x0000016c6db8a1a3 sp=0x000000654c3fb2a0 mode 2
Event: 10.549 Thread 0x0000016c7f748f10 Uncommon trap: trap_request=0xffffffc6 fr.pc=0x0000016c6e284d58 relative=0x0000000000000458
Event: 10.549 Thread 0x0000016c7f748f10 Uncommon trap: reason=bimorphic_or_optimized_type_check action=maybe_recompile pc=0x0000016c6e284d58 method=java.util.Spliterators$IteratorSpliterator.tryAdvance(Ljava/util/function/Consumer;)Z @ 50 c2
Event: 10.549 Thread 0x0000016c7f748f10 DEOPT PACKING pc=0x0000016c6e284d58 sp=0x000000654c3fb300
Event: 10.549 Thread 0x0000016c7f748f10 DEOPT UNPACKING pc=0x0000016c6db8a1a3 sp=0x000000654c3fb2a0 mode 2
Event: 10.564 Thread 0x0000016c7f748f10 Uncommon trap: trap_request=0xffffff45 fr.pc=0x0000016c6e45cd68 relative=0x0000000000000628
Event: 10.564 Thread 0x0000016c7f748f10 Uncommon trap: reason=unstable_if action=reinterpret pc=0x0000016c6e45cd68 method=java.util.HashMap$HashIterator.<init>(Ljava/util/HashMap;)V @ 45 c2
Event: 10.564 Thread 0x0000016c7f748f10 DEOPT PACKING pc=0x0000016c6e45cd68 sp=0x000000654c3fbae0
Event: 10.564 Thread 0x0000016c7f748f10 DEOPT UNPACKING pc=0x0000016c6db8a1a3 sp=0x000000654c3fb970 mode 2
Event: 10.569 Thread 0x0000016c7f748f10 Uncommon trap: trap_request=0xffffff45 fr.pc=0x0000016c6e4c4dd0 relative=0x00000000000012d0
Event: 10.569 Thread 0x0000016c7f748f10 Uncommon trap: reason=unstable_if action=reinterpret pc=0x0000016c6e4c4dd0 method=org.codehaus.groovy.runtime.metaclass.MetaMethodIndex.isOverridden(Lgroovy/lang/MetaMethod;Lgroovy/lang/MetaMethod;)Z @ 33 c2
Event: 10.569 Thread 0x0000016c7f748f10 DEOPT PACKING pc=0x0000016c6e4c4dd0 sp=0x000000654c3f8850
Event: 10.569 Thread 0x0000016c7f748f10 DEOPT UNPACKING pc=0x0000016c6db8a1a3 sp=0x000000654c3f87a8 mode 2
Event: 10.569 Thread 0x0000016c7f748f10 DEOPT PACKING pc=0x0000016c674f5f5e sp=0x000000654c3f8980
Event: 10.569 Thread 0x0000016c7f748f10 DEOPT UNPACKING pc=0x0000016c6db8ace3 sp=0x000000654c3f7e30 mode 0

Classes unloaded (0 events):
No events

Classes redefined (0 events):
No events

Internal exceptions (20 events):
Event: 10.622 Thread 0x0000016c7f748f10 Exception <a 'java/lang/ClassNotFoundException'{0x00000000879d3a98}: com/android/build/gradle/internal/tasks/CheckAarMetadataTaskCustomizer> (0x00000000879d3a98) 
thrown [s\src\hotspot\share\classfile\systemDictionary.cpp, line 256]
Event: 10.623 Thread 0x0000016c7f748f10 Exception <a 'java/lang/ClassNotFoundException'{0x00000000878012a0}: com/android/build/gradle/internal/tasks/CheckAarMetadataTask_DecoratedCustomizer> (0x00000000878012a0) 
thrown [s\src\hotspot\share\classfile\systemDictionary.cpp, line 256]
Event: 10.625 Thread 0x0000016c7f748f10 Exception <a 'java/lang/ClassNotFoundException'{0x000000008789c138}: com/android/build/gradle/tasks/GenerateResValues_DecoratedBeanInfo> (0x000000008789c138) 
thrown [s\src\hotspot\share\classfile\systemDictionary.cpp, line 256]
Event: 10.625 Thread 0x0000016c7f748f10 Exception <a 'java/lang/ClassNotFoundException'{0x00000000878a7980}: com/android/build/gradle/tasks/GenerateResValuesBeanInfo> (0x00000000878a7980) 
thrown [s\src\hotspot\share\classfile\systemDictionary.cpp, line 256]
Event: 10.626 Thread 0x0000016c7f748f10 Exception <a 'java/lang/ClassNotFoundException'{0x00000000878b2f30}: com/android/build/gradle/tasks/GenerateResValuesCustomizer> (0x00000000878b2f30) 
thrown [s\src\hotspot\share\classfile\systemDictionary.cpp, line 256]
Event: 10.626 Thread 0x0000016c7f748f10 Exception <a 'java/lang/ClassNotFoundException'{0x00000000878d0b98}: com/android/build/gradle/tasks/GenerateResValues_DecoratedCustomizer> (0x00000000878d0b98) 
thrown [s\src\hotspot\share\classfile\systemDictionary.cpp, line 256]
Event: 10.629 Thread 0x0000016c7f748f10 Exception <a 'java/lang/ClassNotFoundException'{0x000000008775d108}: com/android/build/gradle/tasks/MapSourceSetPathsTask_DecoratedBeanInfo> (0x000000008775d108) 
thrown [s\src\hotspot\share\classfile\systemDictionary.cpp, line 256]
Event: 10.629 Thread 0x0000016c7f748f10 Exception <a 'java/lang/ClassNotFoundException'{0x00000000877689b0}: com/android/build/gradle/tasks/MapSourceSetPathsTaskBeanInfo> (0x00000000877689b0) 
thrown [s\src\hotspot\share\classfile\systemDictionary.cpp, line 256]
Event: 10.629 Thread 0x0000016c7f748f10 Exception <a 'java/lang/ClassNotFoundException'{0x0000000087773f90}: com/android/build/gradle/tasks/MapSourceSetPathsTaskCustomizer> (0x0000000087773f90) 
thrown [s\src\hotspot\share\classfile\systemDictionary.cpp, line 256]
Event: 10.631 Thread 0x0000016c7f748f10 Exception <a 'java/lang/ClassNotFoundException'{0x00000000877a3dd0}: com/android/build/gradle/tasks/MapSourceSetPathsTask_DecoratedCustomizer> (0x00000000877a3dd0) 
thrown [s\src\hotspot\share\classfile\systemDictionary.cpp, line 256]
Event: 10.641 Thread 0x0000016c7f748f10 Exception <a 'java/lang/ClassNotFoundException'{0x0000000089a77700}: com/android/build/gradle/tasks/MergeResources_DecoratedBeanInfo> (0x0000000089a77700) 
thrown [s\src\hotspot\share\classfile\systemDictionary.cpp, line 256]
Event: 10.641 Thread 0x0000016c7f748f10 Exception <a 'java/lang/ClassNotFoundException'{0x0000000089a83150}: com/android/build/gradle/tasks/MergeResourcesBeanInfo> (0x0000000089a83150) 
thrown [s\src\hotspot\share\classfile\systemDictionary.cpp, line 256]
Event: 10.642 Thread 0x0000016c7f748f10 Exception <a 'java/lang/ClassNotFoundException'{0x0000000089a90120}: com/android/build/gradle/internal/tasks/NewIncrementalTaskBeanInfo> (0x0000000089a90120) 
thrown [s\src\hotspot\share\classfile\systemDictionary.cpp, line 256]
Event: 10.642 Thread 0x0000016c7f748f10 Exception <a 'java/lang/ClassNotFoundException'{0x0000000089a9c858}: com/android/build/gradle/internal/tasks/NewIncrementalTaskCustomizer> (0x0000000089a9c858) 
thrown [s\src\hotspot\share\classfile\systemDictionary.cpp, line 256]
Event: 10.643 Thread 0x0000016c7f748f10 Exception <a 'java/lang/ClassNotFoundException'{0x0000000089ab6eb8}: com/android/build/gradle/tasks/MergeResourcesCustomizer> (0x0000000089ab6eb8) 
thrown [s\src\hotspot\share\classfile\systemDictionary.cpp, line 256]
Event: 10.644 Thread 0x0000016c7f748f10 Exception <a 'java/lang/ClassNotFoundException'{0x0000000089afaf70}: com/android/build/gradle/tasks/MergeResources_DecoratedCustomizer> (0x0000000089afaf70) 
thrown [s\src\hotspot\share\classfile\systemDictionary.cpp, line 256]
Event: 10.647 Thread 0x0000016c7f748f10 Exception <a 'java/lang/ClassNotFoundException'{0x00000000899b44c0}: com/android/build/gradle/internal/res/ParseLibraryResourcesTask_DecoratedBeanInfo> (0x00000000899b44c0) 
thrown [s\src\hotspot\share\classfile\systemDictionary.cpp, line 256]
Event: 10.647 Thread 0x0000016c7f748f10 Exception <a 'java/lang/ClassNotFoundException'{0x00000000899c0208}: com/android/build/gradle/internal/res/ParseLibraryResourcesTaskBeanInfo> (0x00000000899c0208) 
thrown [s\src\hotspot\share\classfile\systemDictionary.cpp, line 256]
Event: 10.648 Thread 0x0000016c7f748f10 Exception <a 'java/lang/ClassNotFoundException'{0x00000000899cbf38}: com/android/build/gradle/internal/res/ParseLibraryResourcesTaskCustomizer> (0x00000000899cbf38) 
thrown [s\src\hotspot\share\classfile\systemDictionary.cpp, line 256]
Event: 10.648 Thread 0x0000016c7f748f10 Exception <a 'java/lang/ClassNotFoundException'{0x00000000899f0cd8}: com/android/build/gradle/internal/res/ParseLibraryResourcesTask_DecoratedCustomizer> (0x00000000899f0cd8) 
thrown [s\src\hotspot\share\classfile\systemDictionary.cpp, line 256]

VM Operations (20 events):
Event: 10.217 Executing VM operation: HandshakeAllThreads done
Event: 10.277 Executing VM operation: HandshakeAllThreads
Event: 10.277 Executing VM operation: HandshakeAllThreads done
Event: 10.284 Executing VM operation: ICBufferFull
Event: 10.284 Executing VM operation: ICBufferFull done
Event: 10.305 Executing VM operation: G1CollectForAllocation
Event: 10.310 Executing VM operation: G1CollectForAllocation done
Event: 10.365 Executing VM operation: HandshakeAllThreads
Event: 10.366 Executing VM operation: HandshakeAllThreads done
Event: 10.380 Executing VM operation: G1Concurrent
Event: 10.384 Executing VM operation: G1Concurrent done
Event: 10.407 Executing VM operation: HandshakeAllThreads
Event: 10.407 Executing VM operation: HandshakeAllThreads done
Event: 10.416 Executing VM operation: G1Concurrent
Event: 10.416 Executing VM operation: G1Concurrent done
Event: 10.593 Executing VM operation: ICBufferFull
Event: 10.593 Executing VM operation: ICBufferFull done
Event: 10.632 Executing VM operation: G1CollectForAllocation
Event: 10.639 Executing VM operation: G1CollectForAllocation done
Event: 10.648 Executing VM operation: G1CollectForAllocation

Events (20 events):
Event: 10.234 Thread 0x0000016c7e076d60 flushing nmethod 0x0000016c67618110
Event: 10.234 Thread 0x0000016c7e076d60 flushing nmethod 0x0000016c67619c10
Event: 10.234 Thread 0x0000016c7e076d60 flushing nmethod 0x0000016c6761b110
Event: 10.234 Thread 0x0000016c7e076d60 flushing nmethod 0x0000016c6761bb10
Event: 10.234 Thread 0x0000016c7e076d60 flushing nmethod 0x0000016c6761e690
Event: 10.234 Thread 0x0000016c7e076d60 flushing nmethod 0x0000016c67621790
Event: 10.234 Thread 0x0000016c7e076d60 flushing nmethod 0x0000016c67626990
Event: 10.234 Thread 0x0000016c7e076d60 flushing nmethod 0x0000016c676d4490
Event: 10.234 Thread 0x0000016c7e076d60 flushing nmethod 0x0000016c676d4810
Event: 10.234 Thread 0x0000016c7e076d60 flushing nmethod 0x0000016c6772d490
Event: 10.234 Thread 0x0000016c7e076d60 flushing nmethod 0x0000016c6772d910
Event: 10.234 Thread 0x0000016c7e076d60 flushing nmethod 0x0000016c6772e090
Event: 10.602 loading class java/lang/ClassBeanInfo
Event: 10.602 loading class java/lang/ClassBeanInfo done
Event: 10.603 loading class java/lang/ClassBeanInfo
Event: 10.603 loading class java/lang/ClassBeanInfo done
Event: 10.603 loading class java/lang/ClassCustomizer
Event: 10.603 loading class java/lang/ClassCustomizer done
Event: 10.603 loading class java/lang/ClassCustomizer
Event: 10.603 loading class java/lang/ClassCustomizer done


Dynamic libraries:
0x00007ff6cbde0000 - 0x00007ff6cbdea000 	C:\Program Files (x86)\android-studio-2022.3.1.17-windows\android-studio\jbr\bin\java.exe
0x00007ff9dd150000 - 0x00007ff9dd367000 	C:\WINDOWS\SYSTEM32\ntdll.dll
0x00007ff9daeb0000 - 0x00007ff9daf74000 	C:\WINDOWS\System32\KERNEL32.DLL
0x00007ff9da8b0000 - 0x00007ff9dac56000 	C:\WINDOWS\System32\KERNELBASE.dll
0x00007ff9da4d0000 - 0x00007ff9da5e1000 	C:\WINDOWS\System32\ucrtbase.dll
0x00007ff9b8ae0000 - 0x00007ff9b8af7000 	C:\Program Files (x86)\android-studio-2022.3.1.17-windows\android-studio\jbr\bin\jli.dll
0x00007ff9dc1a0000 - 0x00007ff9dc34d000 	C:\WINDOWS\System32\USER32.dll
0x00007ff9da5f0000 - 0x00007ff9da616000 	C:\WINDOWS\System32\win32u.dll
0x00007ff9dd0e0000 - 0x00007ff9dd109000 	C:\WINDOWS\System32\GDI32.dll
0x00007ff9da790000 - 0x00007ff9da8a8000 	C:\WINDOWS\System32\gdi32full.dll
0x00007ff9c8070000 - 0x00007ff9c8303000 	C:\WINDOWS\WinSxS\amd64_microsoft.windows.common-controls_6595b64144ccf1df_6.0.22621.2361_none_2712ced57382f843\COMCTL32.dll
0x00007ff9dad20000 - 0x00007ff9dadba000 	C:\WINDOWS\System32\msvcp_win.dll
0x00007ff9b5150000 - 0x00007ff9b516b000 	C:\Program Files (x86)\android-studio-2022.3.1.17-windows\android-studio\jbr\bin\VCRUNTIME140.dll
0x00007ff9daff0000 - 0x00007ff9db097000 	C:\WINDOWS\System32\msvcrt.dll
0x00007ff9daf80000 - 0x00007ff9dafb1000 	C:\WINDOWS\System32\IMM32.DLL
0x00007ff9d0840000 - 0x00007ff9d084c000 	C:\Program Files (x86)\android-studio-2022.3.1.17-windows\android-studio\jbr\bin\vcruntime140_1.dll
0x00007ff9a0df0000 - 0x00007ff9a0e7d000 	C:\Program Files (x86)\android-studio-2022.3.1.17-windows\android-studio\jbr\bin\msvcp140.dll
0x00007ff9559b0000 - 0x00007ff95661e000 	C:\Program Files (x86)\android-studio-2022.3.1.17-windows\android-studio\jbr\bin\server\jvm.dll
0x00007ff9dce00000 - 0x00007ff9dceb0000 	C:\WINDOWS\System32\ADVAPI32.dll
0x00007ff9dc350000 - 0x00007ff9dc3f6000 	C:\WINDOWS\System32\sechost.dll
0x00007ff9dbdc0000 - 0x00007ff9dbed7000 	C:\WINDOWS\System32\RPCRT4.dll
0x00007ff9d0720000 - 0x00007ff9d0754000 	C:\WINDOWS\SYSTEM32\WINMM.dll
0x00007ff9c0510000 - 0x00007ff9c0519000 	C:\WINDOWS\SYSTEM32\WSOCK32.dll
0x00007ff9cda10000 - 0x00007ff9cda1a000 	C:\WINDOWS\SYSTEM32\VERSION.dll
0x00007ff9db760000 - 0x00007ff9db7d1000 	C:\WINDOWS\System32\WS2_32.dll
0x00007ff9d9600000 - 0x00007ff9d9618000 	C:\WINDOWS\SYSTEM32\kernel.appcore.dll
0x00007ff9ce880000 - 0x00007ff9ce88a000 	C:\Program Files (x86)\android-studio-2022.3.1.17-windows\android-studio\jbr\bin\jimage.dll
0x00007ff9d7f30000 - 0x00007ff9d815e000 	C:\WINDOWS\SYSTEM32\DBGHELP.DLL
0x00007ff9db210000 - 0x00007ff9db59a000 	C:\WINDOWS\System32\combase.dll
0x00007ff9db0a0000 - 0x00007ff9db177000 	C:\WINDOWS\System32\OLEAUT32.dll
0x00007ff9ce600000 - 0x00007ff9ce632000 	C:\WINDOWS\SYSTEM32\dbgcore.DLL
0x00007ff9dadc0000 - 0x00007ff9dae3a000 	C:\WINDOWS\System32\bcryptPrimitives.dll
0x00007ff9cd930000 - 0x00007ff9cd955000 	C:\Program Files (x86)\android-studio-2022.3.1.17-windows\android-studio\jbr\bin\java.dll
0x00007ff9cce00000 - 0x00007ff9cce18000 	C:\Program Files (x86)\android-studio-2022.3.1.17-windows\android-studio\jbr\bin\zip.dll
0x00007ff9dc400000 - 0x00007ff9dcc58000 	C:\WINDOWS\System32\SHELL32.dll
0x00007ff9d8440000 - 0x00007ff9d8d32000 	C:\WINDOWS\SYSTEM32\windows.storage.dll
0x00007ff9d8300000 - 0x00007ff9d843e000 	C:\WINDOWS\SYSTEM32\wintypes.dll
0x00007ff9dbc60000 - 0x00007ff9dbd53000 	C:\WINDOWS\System32\SHCORE.dll
0x00007ff9dbd60000 - 0x00007ff9dbdbe000 	C:\WINDOWS\System32\shlwapi.dll
0x00007ff9da400000 - 0x00007ff9da426000 	C:\WINDOWS\SYSTEM32\profapi.dll
0x00007ff9c8010000 - 0x00007ff9c8029000 	C:\Program Files (x86)\android-studio-2022.3.1.17-windows\android-studio\jbr\bin\net.dll
0x00007ff9d2130000 - 0x00007ff9d2267000 	C:\WINDOWS\SYSTEM32\WINHTTP.dll
0x00007ff9d9a80000 - 0x00007ff9d9ae9000 	C:\WINDOWS\system32\mswsock.dll
0x00007ff9bedb0000 - 0x00007ff9bedc6000 	C:\Program Files (x86)\android-studio-2022.3.1.17-windows\android-studio\jbr\bin\nio.dll
0x00007ff9cd920000 - 0x00007ff9cd930000 	C:\Program Files (x86)\android-studio-2022.3.1.17-windows\android-studio\jbr\bin\verify.dll
0x00007ff9a86d0000 - 0x00007ff9a86f7000 	C:\Users\user\.gradle\native\68d5fa5c4cc2d200863cafc0d521ce42e7d3e7ee720ec0a83991735586a16f82\windows-amd64\native-platform.dll
0x00007ff99cac0000 - 0x00007ff99cc04000 	C:\Users\user\.gradle\native\e376f236ea51e6404a007f0833ffe2c6e607c4080706a723a18a27aeea778392\windows-amd64\native-platform-file-events.dll
0x00007ff9cd700000 - 0x00007ff9cd709000 	C:\Program Files (x86)\android-studio-2022.3.1.17-windows\android-studio\jbr\bin\management.dll
0x00007ff9cd5e0000 - 0x00007ff9cd5eb000 	C:\Program Files (x86)\android-studio-2022.3.1.17-windows\android-studio\jbr\bin\management_ext.dll
0x00007ff9db180000 - 0x00007ff9db188000 	C:\WINDOWS\System32\PSAPI.DLL
0x00007ff9d9cd0000 - 0x00007ff9d9ceb000 	C:\WINDOWS\SYSTEM32\CRYPTSP.dll
0x00007ff9d9560000 - 0x00007ff9d9595000 	C:\WINDOWS\system32\rsaenh.dll
0x00007ff9d9b70000 - 0x00007ff9d9b9c000 	C:\WINDOWS\SYSTEM32\USERENV.dll
0x00007ff9d9e90000 - 0x00007ff9d9eb8000 	C:\WINDOWS\SYSTEM32\bcrypt.dll
0x00007ff9d9cf0000 - 0x00007ff9d9cfc000 	C:\WINDOWS\SYSTEM32\CRYPTBASE.dll
0x00007ff9d9050000 - 0x00007ff9d907d000 	C:\WINDOWS\SYSTEM32\IPHLPAPI.DLL
0x00007ff9db750000 - 0x00007ff9db759000 	C:\WINDOWS\System32\NSI.dll
0x00007ff9d0b70000 - 0x00007ff9d0b89000 	C:\WINDOWS\SYSTEM32\dhcpcsvc6.DLL
0x00007ff9d0b30000 - 0x00007ff9d0b4f000 	C:\WINDOWS\SYSTEM32\dhcpcsvc.DLL
0x00007ff9d9080000 - 0x00007ff9d9179000 	C:\WINDOWS\SYSTEM32\DNSAPI.dll
0x00007ff9cd2c0000 - 0x00007ff9cd2c8000 	C:\WINDOWS\system32\wshunix.dll
0x00007ff9bd2d0000 - 0x00007ff9bd2e7000 	C:\WINDOWS\system32\napinsp.dll
0x00007ff9bd110000 - 0x00007ff9bd12b000 	C:\WINDOWS\system32\pnrpnsp.dll
0x00007ff9bbe20000 - 0x00007ff9bbe31000 	C:\WINDOWS\System32\winrnr.dll
0x00007ff9d00a0000 - 0x00007ff9d00b5000 	C:\WINDOWS\system32\wshbth.dll
0x00007ff9bbdf0000 - 0x00007ff9bbe11000 	C:\WINDOWS\system32\nlansp_c.dll
0x00007ff9d0b60000 - 0x00007ff9d0b6a000 	C:\Windows\System32\rasadhlp.dll
0x00007ff9cedc0000 - 0x00007ff9cee44000 	C:\WINDOWS\System32\fwpuclnt.dll

dbghelp: loaded successfully - version: 4.0.5 - missing functions: none
symbol engine: initialized successfully - sym options: 0x614 - pdb path: .;C:\Program Files (x86)\android-studio-2022.3.1.17-windows\android-studio\jbr\bin;C:\WINDOWS\SYSTEM32;C:\WINDOWS\WinSxS\amd64_microsoft.windows.common-controls_6595b64144ccf1df_6.0.22621.2361_none_2712ced57382f843;C:\Program Files (x86)\android-studio-2022.3.1.17-windows\android-studio\jbr\bin\server;C:\Users\user\.gradle\native\68d5fa5c4cc2d200863cafc0d521ce42e7d3e7ee720ec0a83991735586a16f82\windows-amd64;C:\Users\user\.gradle\native\e376f236ea51e6404a007f0833ffe2c6e607c4080706a723a18a27aeea778392\windows-amd64

VM Arguments:
jvm_args: --add-opens=java.base/java.util=ALL-UNNAMED --add-opens=java.base/java.lang=ALL-UNNAMED --add-opens=java.base/java.lang.invoke=ALL-UNNAMED --add-opens=java.prefs/java.util.prefs=ALL-UNNAMED --add-opens=java.base/java.nio.charset=ALL-UNNAMED --add-opens=java.base/java.net=ALL-UNNAMED --add-opens=java.base/java.util.concurrent.atomic=ALL-UNNAMED -Xmx2048m -Dfile.encoding=UTF-8 -Duser.country=KR -Duser.language=ko -Duser.variant 
java_command: org.gradle.launcher.daemon.bootstrap.GradleDaemon 8.0
java_class_path (initial): C:\Users\user\.gradle\wrapper\dists\gradle-8.0-bin\ca5e32bp14vu59qr306oxotwh\gradle-8.0\lib\gradle-launcher-8.0.jar
Launcher Type: SUN_STANDARD

[Global flags]
     intx CICompilerCount                          = 4                                         {product} {ergonomic}
     uint ConcGCThreads                            = 2                                         {product} {ergonomic}
     uint G1ConcRefinementThreads                  = 8                                         {product} {ergonomic}
   size_t G1HeapRegionSize                         = 1048576                                   {product} {ergonomic}
    uintx GCDrainStackTargetSize                   = 64                                        {product} {ergonomic}
   size_t InitialHeapSize                          = 130023424                                 {product} {ergonomic}
   size_t MarkStackSize                            = 4194304                                   {product} {ergonomic}
   size_t MaxHeapSize                              = 2147483648                                {product} {command line}
   size_t MaxNewSize                               = 1287651328                                {product} {ergonomic}
   size_t MinHeapDeltaBytes                        = 1048576                                   {product} {ergonomic}
   size_t MinHeapSize                              = 8388608                                   {product} {ergonomic}
    uintx NonNMethodCodeHeapSize                   = 5839372                                {pd product} {ergonomic}
    uintx NonProfiledCodeHeapSize                  = 122909434                              {pd product} {ergonomic}
    uintx ProfiledCodeHeapSize                     = 122909434                              {pd product} {ergonomic}
    uintx ReservedCodeCacheSize                    = 251658240                              {pd product} {ergonomic}
     bool SegmentedCodeCache                       = true                                      {product} {ergonomic}
   size_t SoftMaxHeapSize                          = 2147483648                             {manageable} {ergonomic}
     bool UseCompressedClassPointers               = true                           {product lp64_product} {ergonomic}
     bool UseCompressedOops                        = true                           {product lp64_product} {ergonomic}
     bool UseG1GC                                  = true                                      {product} {ergonomic}
     bool UseLargePagesIndividualAllocation        = false                                  {pd product} {ergonomic}

Logging:
Log output configuration:
 #0: stdout all=warning uptime,level,tags
 #1: stderr all=off uptime,level,tags

Environment Variables:
PATH=C:\Program Files\Common Files\Oracle\Java\javapath;C:\WINDOWS\system32;C:\WINDOWS;C:\WINDOWS\System32\Wbem;C:\WINDOWS\System32\WindowsPowerShell\v1.0\;C:\WINDOWS\System32\OpenSSH\;C:\Program Files (x86)\Git\cmd;C:\Program Files\Java\jdk-18.0.2.1\bin;C:\Program Files\MATLAB\R2022a\bin;C:\Program Files\Java\openssl-0.9.8e_X64\bin;C:\Program Files\nodejs\;C:\ProgramData\chocolatey\bin;C:\Users\user\AppData\Local\Programs\Python\Python39\Scripts\;C:\Users\user\AppData\Local\Programs\Python\Python39\;C:\Users\user\AppData\Local\Microsoft\WindowsApps;C:\Users\user\AppData\Local\Programs\Microsoft VS Code\bin;C:\Program Files\JetBrains\PyCharm Community Edition 2021.2\bin;;C:\Users\user\flutter\bin;C:\Users\user\AppData\Roaming\npm;C:\Program Files\JetBrains\IntelliJ IDEA 2023.2.2\bin;;C:\Users\user\AppData\Local\afreeca
USERNAME=user
OS=Windows_NT
PROCESSOR_IDENTIFIER=Intel64 Family 6 Model 140 Stepping 1, GenuineIntel
TMP=C:\Users\user\AppData\Local\Temp
TEMP=C:\Users\user\AppData\Local\Temp


JNI global refs:
JNI global refs: 27, weak refs: 3

JNI global refs memory usage: 843, weak refs: 841


---------------  S Y S T E M  ---------------

OS:
 Windows 11 , 64 bit Build 22621 (10.0.22621.2428)
OS uptime: 1 days 10:23 hours

CPU: total 8 (initial active 8) (4 cores per cpu, 2 threads per core) family 6 model 140 stepping 1 microcode 0x9a, cx8, cmov, fxsr, ht, mmx, 3dnowpref, sse, sse2, sse3, ssse3, sse4.1, sse4.2, popcnt, lzcnt, tsc, tscinvbit, avx, avx2, aes, erms, clmul, bmi1, bmi2, adx, avx512f, avx512dq, avx512cd, avx512bw, avx512vl, sha, fma, vzeroupper, avx512_vpopcntdq, avx512_vpclmulqdq, avx512_vaes, avx512_vnni, clflush, clflushopt, clwb, avx512_vbmi2, avx512_vbmi

Memory: 4k page, system-wide physical 7865M (427M free)
TotalPageFile size 11402M (AvailPageFile size 20M)
current process WorkingSet (physical memory assigned to process): 418M, peak: 419M
current process commit charge ("private bytes"): 455M, peak: 571M

vm_info: OpenJDK 64-Bit Server VM (17.0.6+0-b2043.56-10027231) for windows-amd64 JRE (17.0.6+0-b2043.56-10027231), built on Apr 28 2023 00:43:19 by "androidbuild" with MS VC++ 16.10 / 16.11 (VS2019)

END.
