#
# There is insufficient memory for the Java Runtime Environment to continue.
# Native memory allocation (mmap) failed to map 90177536 bytes for G1 virtual space
# Possible reasons:
#   The system is out of physical RAM or swap space
#   The process is running with CompressedOops enabled, and the Java Heap may be blocking the growth of the native heap
# Possible solutions:
#   Reduce memory load on the system
#   Increase physical memory or swap space
#   Check if swap backing store is full
#   Decrease Java heap size (-Xmx/-Xms)
#   Decrease number of Java threads
#   Decrease Java thread stack sizes (-Xss)
#   Set larger code cache with -XX:ReservedCodeCacheSize=
#   JVM is running with Unscaled Compressed Oops mode in which the Java heap is
#     placed in the first 4GB address space. The Java Heap base address is the
#     maximum limit for the native heap growth. Please use -XX:HeapBaseMinAddress
#     to set the Java Heap base and to place the Java Heap above 4GB virtual address.
# This output file may be truncated or incomplete.
#
#  Out of Memory Error (os_windows.cpp:3769), pid=18404, tid=3512
#
# JRE version: OpenJDK Runtime Environment (17.0.6) (build 17.0.6+0-b2043.56-10027231)
# Java VM: OpenJDK 64-Bit Server VM (17.0.6+0-b2043.56-10027231, mixed mode, tiered, compressed oops, compressed class ptrs, g1 gc, windows-amd64)
# No core dump will be written. Minidumps are not enabled by default on client versions of Windows
#

---------------  S U M M A R Y ------------

Command Line: --add-opens=java.base/java.util=ALL-UNNAMED --add-opens=java.base/java.lang=ALL-UNNAMED --add-opens=java.base/java.lang.invoke=ALL-UNNAMED --add-opens=java.prefs/java.util.prefs=ALL-UNNAMED --add-opens=java.base/java.nio.charset=ALL-UNNAMED --add-opens=java.base/java.net=ALL-UNNAMED --add-opens=java.base/java.util.concurrent.atomic=ALL-UNNAMED -Xmx2048m -Dfile.encoding=UTF-8 -Duser.country=KR -Duser.language=ko -Duser.variant org.gradle.launcher.daemon.bootstrap.GradleDaemon 8.0

Host: 11th Gen Intel(R) Core(TM) i5-1135G7 @ 2.40GHz, 8 cores, 7G,  Windows 11 , 64 bit Build 22621 (10.0.22621.2428)
Time: Sun Oct 15 16:47:38 2023  Windows 11 , 64 bit Build 22621 (10.0.22621.2428) elapsed time: 10.509348 seconds (0d 0h 0m 10s)

---------------  T H R E A D  ---------------

Current thread (0x000001d14f4ab090):  VMThread "VM Thread" [stack: 0x000000742ab00000,0x000000742ac00000] [id=3512]

Stack: [0x000000742ab00000,0x000000742ac00000]
Native frames: (J=compiled Java code, j=interpreted, Vv=VM code, C=native code)
V  [jvm.dll+0x683c9a]
V  [jvm.dll+0x8427a4]
V  [jvm.dll+0x843f9e]
V  [jvm.dll+0x844603]
V  [jvm.dll+0x249b75]
V  [jvm.dll+0x680b69]
V  [jvm.dll+0x67505a]
V  [jvm.dll+0x309acb]
V  [jvm.dll+0x310f86]
V  [jvm.dll+0x3608ee]
V  [jvm.dll+0x360b1f]
V  [jvm.dll+0x2dfbf8]
V  [jvm.dll+0x2ddec4]
V  [jvm.dll+0x2dd4cc]
V  [jvm.dll+0x321f3b]
V  [jvm.dll+0x848ccb]
V  [jvm.dll+0x849a04]
V  [jvm.dll+0x849f1d]
V  [jvm.dll+0x84a2f4]
V  [jvm.dll+0x84a3c0]
V  [jvm.dll+0x7f274a]
V  [jvm.dll+0x682ad5]
C  [ucrtbase.dll+0x29363]
C  [KERNEL32.DLL+0x1257d]
C  [ntdll.dll+0x5aa78]

VM_Operation (0x000000742cdfddd0): G1CollectForAllocation, mode: safepoint, requested by thread 0x000001d1513e1430


---------------  P R O C E S S  ---------------

Threads class SMR info:
_java_thread_list=0x000001d158615750, length=126, elements={
0x000001d135668f00, 0x000001d14f4adc50, 0x000001d14f4ae800, 0x000001d14f4d8690,
0x000001d14f4d2130, 0x000001d14f4d4bf0, 0x000001d14f4d55a0, 0x000001d150079bd0,
0x000001d15007a670, 0x000001d15007b880, 0x000001d1501d8560, 0x000001d1501e3670,
0x000001d1524efd40, 0x000001d152f24b80, 0x000001d151728410, 0x000001d151465a80,
0x000001d151465f50, 0x000001d152a28830, 0x000001d152aa45e0, 0x000001d1526560e0,
0x000001d1513e2c40, 0x000001d1513e05c0, 0x000001d1513e0f60, 0x000001d1513e2770,
0x000001d1513e1430, 0x000001d1513e1900, 0x000001d1513e0a90, 0x000001d1513e1dd0,
0x000001d1513e00f0, 0x000001d1513e22a0, 0x000001d1513e3110, 0x000001d1513e35e0,
0x000001d1513e3ab0, 0x000001d1554c1120, 0x000001d1554bc420, 0x000001d1554c0c50,
0x000001d1554bcdc0, 0x000001d1554bd290, 0x000001d1554bba80, 0x000001d1554be100,
0x000001d1554bb5b0, 0x000001d1554bf910, 0x000001d1554bfde0, 0x000001d1554beaa0,
0x000001d1554c02b0, 0x000001d1554c0780, 0x000001d1554b9da0, 0x000001d1554ba270,
0x000001d1554ba740, 0x000001d1554bac10, 0x000001d1554bb0e0, 0x000001d1559a43e0,
0x000001d1559a13c0, 0x000001d1559a2bd0, 0x000001d1559a6a60, 0x000001d1559a1d60,
0x000001d1559a7400, 0x000001d1559a1890, 0x000001d1559a6f30, 0x000001d1559a0080,
0x000001d1559a60c0, 0x000001d1559a5bf0, 0x000001d1559a2230, 0x000001d1559a78d0,
0x000001d1559a30a0, 0x000001d1559a2700, 0x000001d1559a3f10, 0x000001d1559a6590,
0x000001d1559a0550, 0x000001d1559a3a40, 0x000001d1559a5720, 0x000001d1559a48b0,
0x000001d1559a0a20, 0x000001d1559a4d80, 0x000001d1559a5250, 0x000001d1559a3570,
0x000001d1559a0ef0, 0x000001d152982c00, 0x000001d152985280, 0x000001d15297e8a0,
0x000001d1529848e0, 0x000001d152983a70, 0x000001d152985750, 0x000001d152984db0,
0x000001d15297f710, 0x000001d152985c20, 0x000001d1529818c0, 0x000001d152984410,
0x000001d152981d90, 0x000001d1529860f0, 0x000001d152983f40, 0x000001d152982260,
0x000001d15297fbe0, 0x000001d1529830d0, 0x000001d15297ed70, 0x000001d15297f240,
0x000001d1529800b0, 0x000001d1529813f0, 0x000001d152980580, 0x000001d152980a50,
0x000001d152980f20, 0x000001d152982730, 0x000001d1529835a0, 0x000001d153c8e2d0,
0x000001d153c89aa0, 0x000001d153c895d0, 0x000001d153c8b2b0, 0x000001d153c8cf90,
0x000001d153c8de00, 0x000001d153c8a910, 0x000001d153c8d930, 0x000001d153c89f70,
0x000001d153c8ec70, 0x000001d153c8b780, 0x000001d153c8e7a0, 0x000001d153c8f140,
0x000001d153c88c30, 0x000001d153c8c5f0, 0x000001d153c8d460, 0x000001d153c8f610,
0x000001d153c87dc0, 0x000001d153c88290, 0x000001d153c89100, 0x000001d153c88760,
0x000001d153c8a440, 0x000001d153c8ade0
}

Java Threads: ( => current thread )
  0x000001d135668f00 JavaThread "main" [_thread_blocked, id=8164, stack(0x000000742a500000,0x000000742a600000)]
  0x000001d14f4adc50 JavaThread "Reference Handler" daemon [_thread_blocked, id=20000, stack(0x000000742ac00000,0x000000742ad00000)]
  0x000001d14f4ae800 JavaThread "Finalizer" daemon [_thread_blocked, id=21492, stack(0x000000742ad00000,0x000000742ae00000)]
  0x000001d14f4d8690 JavaThread "Signal Dispatcher" daemon [_thread_blocked, id=13660, stack(0x000000742ae00000,0x000000742af00000)]
  0x000001d14f4d2130 JavaThread "Attach Listener" daemon [_thread_blocked, id=11196, stack(0x000000742af00000,0x000000742b000000)]
  0x000001d14f4d4bf0 JavaThread "Service Thread" daemon [_thread_blocked, id=11456, stack(0x000000742b000000,0x000000742b100000)]
  0x000001d14f4d55a0 JavaThread "Monitor Deflation Thread" daemon [_thread_blocked, id=23020, stack(0x000000742b100000,0x000000742b200000)]
  0x000001d150079bd0 JavaThread "C2 CompilerThread0" daemon [_thread_blocked, id=25612, stack(0x000000742b200000,0x000000742b300000)]
  0x000001d15007a670 JavaThread "C1 CompilerThread0" daemon [_thread_blocked, id=15512, stack(0x000000742b300000,0x000000742b400000)]
  0x000001d15007b880 JavaThread "Sweeper thread" daemon [_thread_blocked, id=11468, stack(0x000000742b400000,0x000000742b500000)]
  0x000001d1501d8560 JavaThread "Common-Cleaner" daemon [_thread_blocked, id=13380, stack(0x000000742b500000,0x000000742b600000)]
  0x000001d1501e3670 JavaThread "Notification Thread" daemon [_thread_blocked, id=23828, stack(0x000000742b600000,0x000000742b700000)]
  0x000001d1524efd40 JavaThread "Daemon health stats" [_thread_blocked, id=9100, stack(0x000000742bd00000,0x000000742be00000)]
  0x000001d152f24b80 JavaThread "Incoming local TCP Connector on port 61504" [_thread_in_native, id=9116, stack(0x000000742bb00000,0x000000742bc00000)]
  0x000001d151728410 JavaThread "Daemon periodic checks" [_thread_blocked, id=19700, stack(0x000000742be00000,0x000000742bf00000)]
  0x000001d151465a80 JavaThread "Daemon" [_thread_blocked, id=23512, stack(0x000000742bf00000,0x000000742c000000)]
  0x000001d151465f50 JavaThread "Handler for socket connection from /127.0.0.1:61504 to /127.0.0.1:61505" [_thread_in_native, id=18520, stack(0x000000742c000000,0x000000742c100000)]
  0x000001d152a28830 JavaThread "Cancel handler" [_thread_blocked, id=7672, stack(0x000000742c100000,0x000000742c200000)]
  0x000001d152aa45e0 JavaThread "Daemon worker" [_thread_blocked, id=14820, stack(0x000000742c200000,0x000000742c300000)]
  0x000001d1526560e0 JavaThread "Asynchronous log dispatcher for DefaultDaemonConnection: socket connection from /127.0.0.1:61504 to /127.0.0.1:61505" [_thread_blocked, id=22772, stack(0x000000742c300000,0x000000742c400000)]
  0x000001d1513e2c40 JavaThread "Stdin handler" [_thread_blocked, id=11436, stack(0x000000742c400000,0x000000742c500000)]
  0x000001d1513e05c0 JavaThread "Daemon client event forwarder" [_thread_blocked, id=10288, stack(0x000000742c500000,0x000000742c600000)]
  0x000001d1513e0f60 JavaThread "Cache worker for journal cache (C:\Users\user\.gradle\caches\journal-1)" [_thread_blocked, id=23652, stack(0x000000742cb00000,0x000000742cc00000)]
  0x000001d1513e2770 JavaThread "File lock request listener" [_thread_in_native, id=19280, stack(0x000000742cc00000,0x000000742cd00000)]
  0x000001d1513e1430 JavaThread "Cache worker for file hash cache (C:\Users\user\.gradle\caches\8.0\fileHashes)" [_thread_blocked, id=11252, stack(0x000000742cd00000,0x000000742ce00000)]
  0x000001d1513e1900 JavaThread "File watcher server" daemon [_thread_in_native, id=6572, stack(0x000000742ce00000,0x000000742cf00000)]
  0x000001d1513e0a90 JavaThread "File watcher consumer" daemon [_thread_blocked, id=19220, stack(0x000000742cf00000,0x000000742d000000)]
  0x000001d1513e1dd0 JavaThread "Cache worker for checksums cache (C:\workspace\android\.gradle\8.0\checksums)" [_thread_blocked, id=12828, stack(0x000000742d000000,0x000000742d100000)]
  0x000001d1513e00f0 JavaThread "Cache worker for cache directory md-rule (C:\Users\user\.gradle\caches\8.0\md-rule)" [_thread_blocked, id=25488, stack(0x000000742d100000,0x000000742d200000)]
  0x000001d1513e22a0 JavaThread "Cache worker for file content cache (C:\Users\user\.gradle\caches\8.0\fileContent)" [_thread_blocked, id=22776, stack(0x000000742d200000,0x000000742d300000)]
  0x000001d1513e3110 JavaThread "Cache worker for file hash cache (C:\workspace\android\.gradle\8.0\fileHashes)" [_thread_blocked, id=14028, stack(0x000000742d300000,0x000000742d400000)]
  0x000001d1513e35e0 JavaThread "Cache worker for cache directory md-supplier (C:\Users\user\.gradle\caches\8.0\md-supplier)" [_thread_blocked, id=21360, stack(0x000000742d400000,0x000000742d500000)]
  0x000001d1513e3ab0 JavaThread "Cache worker for execution history cache (C:\Users\user\.gradle\caches\8.0\executionHistory)" [_thread_blocked, id=3484, stack(0x000000742d500000,0x000000742d600000)]
  0x000001d1554c1120 JavaThread "jar transforms" [_thread_blocked, id=18884, stack(0x000000742d600000,0x000000742d700000)]
  0x000001d1554bc420 JavaThread "jar transforms Thread 2" [_thread_blocked, id=4312, stack(0x000000742d700000,0x000000742d800000)]
  0x000001d1554c0c50 JavaThread "Cache worker for kotlin-dsl (C:\Users\user\.gradle\caches\8.0\kotlin-dsl)" [_thread_blocked, id=18640, stack(0x000000742d900000,0x000000742da00000)]
  0x000001d1554bcdc0 JavaThread "jar transforms Thread 3" [_thread_blocked, id=3144, stack(0x000000742da00000,0x000000742db00000)]
  0x000001d1554bd290 JavaThread "jar transforms Thread 4" [_thread_blocked, id=15348, stack(0x000000742db00000,0x000000742dc00000)]
  0x000001d1554bba80 JavaThread "Cache worker for dependencies-accessors (C:\workspace\android\.gradle\8.0\dependencies-accessors)" [_thread_blocked, id=13232, stack(0x000000742dc00000,0x000000742dd00000)]
  0x000001d1554be100 JavaThread "Cache worker for Build Output Cleanup Cache (C:\workspace\android\.gradle\buildOutputCleanup)" [_thread_blocked, id=6344, stack(0x000000742dd00000,0x000000742de00000)]
  0x000001d1554bb5b0 JavaThread "jar transforms Thread 5" [_thread_blocked, id=18408, stack(0x000000742de00000,0x000000742df00000)]
  0x000001d1554bf910 JavaThread "Unconstrained build operations" [_thread_blocked, id=16532, stack(0x000000742ca00000,0x000000742cb00000)]
  0x000001d1554bfde0 JavaThread "Unconstrained build operations Thread 2" [_thread_blocked, id=23760, stack(0x000000742e000000,0x000000742e100000)]
  0x000001d1554beaa0 JavaThread "Unconstrained build operations Thread 3" [_thread_blocked, id=21676, stack(0x000000742e100000,0x000000742e200000)]
  0x000001d1554c02b0 JavaThread "Unconstrained build operations Thread 4" [_thread_blocked, id=25280, stack(0x000000742e200000,0x000000742e300000)]
  0x000001d1554c0780 JavaThread "Unconstrained build operations Thread 5" [_thread_blocked, id=19716, stack(0x000000742e300000,0x000000742e400000)]
  0x000001d1554b9da0 JavaThread "Unconstrained build operations Thread 6" [_thread_blocked, id=26228, stack(0x000000742e400000,0x000000742e500000)]
  0x000001d1554ba270 JavaThread "Unconstrained build operations Thread 7" [_thread_blocked, id=18068, stack(0x000000742e500000,0x000000742e600000)]
  0x000001d1554ba740 JavaThread "Unconstrained build operations Thread 8" [_thread_blocked, id=17124, stack(0x000000742e600000,0x000000742e700000)]
  0x000001d1554bac10 JavaThread "Unconstrained build operations Thread 9" [_thread_blocked, id=17720, stack(0x000000742e700000,0x000000742e800000)]
  0x000001d1554bb0e0 JavaThread "Unconstrained build operations Thread 10" [_thread_blocked, id=21928, stack(0x000000742e800000,0x000000742e900000)]
  0x000001d1559a43e0 JavaThread "Unconstrained build operations Thread 11" [_thread_blocked, id=22912, stack(0x000000742e900000,0x000000742ea00000)]
  0x000001d1559a13c0 JavaThread "Unconstrained build operations Thread 12" [_thread_blocked, id=1476, stack(0x000000742ea00000,0x000000742eb00000)]
  0x000001d1559a2bd0 JavaThread "Unconstrained build operations Thread 13" [_thread_blocked, id=9136, stack(0x000000742eb00000,0x000000742ec00000)]
  0x000001d1559a6a60 JavaThread "Unconstrained build operations Thread 14" [_thread_blocked, id=9880, stack(0x000000742ec00000,0x000000742ed00000)]
  0x000001d1559a1d60 JavaThread "Unconstrained build operations Thread 15" [_thread_blocked, id=6320, stack(0x000000742ed00000,0x000000742ee00000)]
  0x000001d1559a7400 JavaThread "Unconstrained build operations Thread 16" [_thread_blocked, id=21416, stack(0x000000742ee00000,0x000000742ef00000)]
  0x000001d1559a1890 JavaThread "Unconstrained build operations Thread 17" [_thread_blocked, id=19608, stack(0x000000742ef00000,0x000000742f000000)]
  0x000001d1559a6f30 JavaThread "Unconstrained build operations Thread 18" [_thread_blocked, id=11412, stack(0x000000742f000000,0x000000742f100000)]
  0x000001d1559a0080 JavaThread "Unconstrained build operations Thread 19" [_thread_blocked, id=5808, stack(0x000000742f100000,0x000000742f200000)]
  0x000001d1559a60c0 JavaThread "Unconstrained build operations Thread 20" [_thread_blocked, id=25492, stack(0x000000742f200000,0x000000742f300000)]
  0x000001d1559a5bf0 JavaThread "Unconstrained build operations Thread 21" [_thread_blocked, id=12952, stack(0x000000742f300000,0x000000742f400000)]
  0x000001d1559a2230 JavaThread "Unconstrained build operations Thread 22" [_thread_blocked, id=14152, stack(0x000000742f400000,0x000000742f500000)]
  0x000001d1559a78d0 JavaThread "Unconstrained build operations Thread 23" [_thread_blocked, id=17904, stack(0x000000742f500000,0x000000742f600000)]
  0x000001d1559a30a0 JavaThread "Unconstrained build operations Thread 24" [_thread_blocked, id=13280, stack(0x000000742f600000,0x000000742f700000)]
  0x000001d1559a2700 JavaThread "Unconstrained build operations Thread 25" [_thread_blocked, id=16584, stack(0x000000742f700000,0x000000742f800000)]
  0x000001d1559a3f10 JavaThread "Unconstrained build operations Thread 26" [_thread_blocked, id=25240, stack(0x000000742f800000,0x000000742f900000)]
  0x000001d1559a6590 JavaThread "Unconstrained build operations Thread 27" [_thread_blocked, id=14964, stack(0x000000742f900000,0x000000742fa00000)]
  0x000001d1559a0550 JavaThread "Unconstrained build operations Thread 28" [_thread_blocked, id=23172, stack(0x000000742fa00000,0x000000742fb00000)]
  0x000001d1559a3a40 JavaThread "Unconstrained build operations Thread 29" [_thread_blocked, id=10556, stack(0x000000742fb00000,0x000000742fc00000)]
  0x000001d1559a5720 JavaThread "Unconstrained build operations Thread 30" [_thread_blocked, id=25464, stack(0x000000742fc00000,0x000000742fd00000)]
  0x000001d1559a48b0 JavaThread "Unconstrained build operations Thread 31" [_thread_blocked, id=16516, stack(0x000000742fd00000,0x000000742fe00000)]
  0x000001d1559a0a20 JavaThread "Unconstrained build operations Thread 32" [_thread_blocked, id=18216, stack(0x000000742fe00000,0x000000742ff00000)]
  0x000001d1559a4d80 JavaThread "Unconstrained build operations Thread 33" [_thread_blocked, id=24380, stack(0x000000742ff00000,0x0000007430000000)]
  0x000001d1559a5250 JavaThread "Unconstrained build operations Thread 34" [_thread_blocked, id=10772, stack(0x0000007430000000,0x0000007430100000)]
  0x000001d1559a3570 JavaThread "Unconstrained build operations Thread 35" [_thread_blocked, id=15388, stack(0x0000007430100000,0x0000007430200000)]
  0x000001d1559a0ef0 JavaThread "Unconstrained build operations Thread 36" [_thread_blocked, id=20360, stack(0x0000007430200000,0x0000007430300000)]
  0x000001d152982c00 JavaThread "Unconstrained build operations Thread 37" [_thread_blocked, id=8952, stack(0x0000007430300000,0x0000007430400000)]
  0x000001d152985280 JavaThread "Unconstrained build operations Thread 38" [_thread_blocked, id=20744, stack(0x0000007430400000,0x0000007430500000)]
  0x000001d15297e8a0 JavaThread "Unconstrained build operations Thread 39" [_thread_blocked, id=16628, stack(0x0000007430500000,0x0000007430600000)]
  0x000001d1529848e0 JavaThread "Unconstrained build operations Thread 40" [_thread_blocked, id=13684, stack(0x0000007430600000,0x0000007430700000)]
  0x000001d152983a70 JavaThread "Unconstrained build operations Thread 41" [_thread_blocked, id=7772, stack(0x0000007430700000,0x0000007430800000)]
  0x000001d152985750 JavaThread "Unconstrained build operations Thread 42" [_thread_blocked, id=13496, stack(0x0000007430800000,0x0000007430900000)]
  0x000001d152984db0 JavaThread "Unconstrained build operations Thread 43" [_thread_blocked, id=18060, stack(0x0000007430900000,0x0000007430a00000)]
  0x000001d15297f710 JavaThread "Unconstrained build operations Thread 44" [_thread_blocked, id=21372, stack(0x0000007430a00000,0x0000007430b00000)]
  0x000001d152985c20 JavaThread "Unconstrained build operations Thread 45" [_thread_blocked, id=5852, stack(0x0000007430b00000,0x0000007430c00000)]
  0x000001d1529818c0 JavaThread "Unconstrained build operations Thread 46" [_thread_blocked, id=21552, stack(0x0000007430c00000,0x0000007430d00000)]
  0x000001d152984410 JavaThread "Unconstrained build operations Thread 47" [_thread_blocked, id=20496, stack(0x0000007430d00000,0x0000007430e00000)]
  0x000001d152981d90 JavaThread "Unconstrained build operations Thread 48" [_thread_blocked, id=19628, stack(0x0000007430e00000,0x0000007430f00000)]
  0x000001d1529860f0 JavaThread "Unconstrained build operations Thread 49" [_thread_blocked, id=7368, stack(0x0000007430f00000,0x0000007431000000)]
  0x000001d152983f40 JavaThread "Unconstrained build operations Thread 50" [_thread_blocked, id=2144, stack(0x0000007431000000,0x0000007431100000)]
  0x000001d152982260 JavaThread "Unconstrained build operations Thread 51" [_thread_blocked, id=8640, stack(0x0000007431100000,0x0000007431200000)]
  0x000001d15297fbe0 JavaThread "Unconstrained build operations Thread 52" [_thread_blocked, id=4700, stack(0x0000007431200000,0x0000007431300000)]
  0x000001d1529830d0 JavaThread "Unconstrained build operations Thread 53" [_thread_blocked, id=18840, stack(0x0000007431300000,0x0000007431400000)]
  0x000001d15297ed70 JavaThread "Unconstrained build operations Thread 54" [_thread_blocked, id=24520, stack(0x0000007431400000,0x0000007431500000)]
  0x000001d15297f240 JavaThread "Unconstrained build operations Thread 55" [_thread_blocked, id=16004, stack(0x0000007431500000,0x0000007431600000)]
  0x000001d1529800b0 JavaThread "Unconstrained build operations Thread 56" [_thread_blocked, id=18600, stack(0x0000007431600000,0x0000007431700000)]
  0x000001d1529813f0 JavaThread "Unconstrained build operations Thread 57" [_thread_blocked, id=22004, stack(0x0000007431700000,0x0000007431800000)]
  0x000001d152980580 JavaThread "Unconstrained build operations Thread 58" [_thread_blocked, id=11780, stack(0x0000007431800000,0x0000007431900000)]
  0x000001d152980a50 JavaThread "Unconstrained build operations Thread 59" [_thread_blocked, id=26300, stack(0x0000007431900000,0x0000007431a00000)]
  0x000001d152980f20 JavaThread "Unconstrained build operations Thread 60" [_thread_blocked, id=21472, stack(0x0000007431a00000,0x0000007431b00000)]
  0x000001d152982730 JavaThread "Unconstrained build operations Thread 61" [_thread_blocked, id=4800, stack(0x0000007431b00000,0x0000007431c00000)]
  0x000001d1529835a0 JavaThread "Unconstrained build operations Thread 62" [_thread_blocked, id=5968, stack(0x0000007431c00000,0x0000007431d00000)]
  0x000001d153c8e2d0 JavaThread "Unconstrained build operations Thread 63" [_thread_blocked, id=10912, stack(0x0000007431d00000,0x0000007431e00000)]
  0x000001d153c89aa0 JavaThread "Unconstrained build operations Thread 64" [_thread_blocked, id=5740, stack(0x0000007431e00000,0x0000007431f00000)]
  0x000001d153c895d0 JavaThread "Unconstrained build operations Thread 65" [_thread_blocked, id=3308, stack(0x0000007431f00000,0x0000007432000000)]
  0x000001d153c8b2b0 JavaThread "Unconstrained build operations Thread 66" [_thread_blocked, id=17700, stack(0x0000007432000000,0x0000007432100000)]
  0x000001d153c8cf90 JavaThread "Unconstrained build operations Thread 67" [_thread_blocked, id=4228, stack(0x0000007432100000,0x0000007432200000)]
  0x000001d153c8de00 JavaThread "Unconstrained build operations Thread 68" [_thread_blocked, id=18300, stack(0x0000007432200000,0x0000007432300000)]
  0x000001d153c8a910 JavaThread "Unconstrained build operations Thread 69" [_thread_blocked, id=16824, stack(0x0000007432300000,0x0000007432400000)]
  0x000001d153c8d930 JavaThread "Unconstrained build operations Thread 70" [_thread_blocked, id=22324, stack(0x0000007432400000,0x0000007432500000)]
  0x000001d153c89f70 JavaThread "Unconstrained build operations Thread 71" [_thread_blocked, id=9088, stack(0x0000007432500000,0x0000007432600000)]
  0x000001d153c8ec70 JavaThread "Unconstrained build operations Thread 72" [_thread_blocked, id=3860, stack(0x0000007432600000,0x0000007432700000)]
  0x000001d153c8b780 JavaThread "Unconstrained build operations Thread 73" [_thread_blocked, id=26400, stack(0x0000007432700000,0x0000007432800000)]
  0x000001d153c8e7a0 JavaThread "Unconstrained build operations Thread 74" [_thread_blocked, id=17616, stack(0x0000007432800000,0x0000007432900000)]
  0x000001d153c8f140 JavaThread "Unconstrained build operations Thread 75" [_thread_blocked, id=24556, stack(0x0000007432900000,0x0000007432a00000)]
  0x000001d153c88c30 JavaThread "Unconstrained build operations Thread 76" [_thread_blocked, id=20568, stack(0x0000007432a00000,0x0000007432b00000)]
  0x000001d153c8c5f0 JavaThread "Unconstrained build operations Thread 77" [_thread_blocked, id=24192, stack(0x0000007432b00000,0x0000007432c00000)]
  0x000001d153c8d460 JavaThread "Unconstrained build operations Thread 78" [_thread_blocked, id=15012, stack(0x0000007432c00000,0x0000007432d00000)]
  0x000001d153c8f610 JavaThread "Unconstrained build operations Thread 79" [_thread_blocked, id=21164, stack(0x0000007432d00000,0x0000007432e00000)]
  0x000001d153c87dc0 JavaThread "Unconstrained build operations Thread 80" [_thread_blocked, id=16104, stack(0x0000007432e00000,0x0000007432f00000)]
  0x000001d153c88290 JavaThread "jar transforms Thread 6" [_thread_blocked, id=15372, stack(0x0000007432f00000,0x0000007433000000)]
  0x000001d153c89100 JavaThread "jar transforms Thread 7" [_thread_blocked, id=22464, stack(0x0000007433000000,0x0000007433100000)]
  0x000001d153c88760 JavaThread "jar transforms Thread 8" [_thread_blocked, id=26480, stack(0x0000007433100000,0x0000007433200000)]
  0x000001d153c8a440 JavaThread "build event listener" [_thread_blocked, id=19876, stack(0x0000007433200000,0x0000007433300000)]
  0x000001d153c8ade0 JavaThread "Memory manager" [_thread_blocked, id=16952, stack(0x0000007433300000,0x0000007433400000)]

Other Threads:
=>0x000001d14f4ab090 VMThread "VM Thread" [stack: 0x000000742ab00000,0x000000742ac00000] [id=3512]
  0x000001d1356f1120 WatcherThread [stack: 0x000000742b700000,0x000000742b800000] [id=9232]
  0x000001d1356c4f90 GCTaskThread "GC Thread#0" [stack: 0x000000742a600000,0x000000742a700000] [id=4408]
  0x000001d150b716b0 GCTaskThread "GC Thread#1" [stack: 0x000000742b800000,0x000000742b900000] [id=20792]
  0x000001d150b81660 GCTaskThread "GC Thread#2" [stack: 0x000000742b900000,0x000000742ba00000] [id=7996]
  0x000001d150e1f150 GCTaskThread "GC Thread#3" [stack: 0x000000742ba00000,0x000000742bb00000] [id=25072]
  0x000001d150c3d610 GCTaskThread "GC Thread#4" [stack: 0x000000742bc00000,0x000000742bd00000] [id=23280]
  0x000001d152908050 GCTaskThread "GC Thread#5" [stack: 0x000000742c600000,0x000000742c700000] [id=23292]
  0x000001d152908300 GCTaskThread "GC Thread#6" [stack: 0x000000742c700000,0x000000742c800000] [id=22304]
  0x000001d1535eea30 GCTaskThread "GC Thread#7" [stack: 0x000000742c800000,0x000000742c900000] [id=7676]
  0x000001d1356d5ed0 ConcurrentGCThread "G1 Main Marker" [stack: 0x000000742a700000,0x000000742a800000] [id=13896]
  0x000001d1356d68e0 ConcurrentGCThread "G1 Conc#0" [stack: 0x000000742a800000,0x000000742a900000] [id=2660]
  0x000001d152b33200 ConcurrentGCThread "G1 Conc#1" [stack: 0x000000742c900000,0x000000742ca00000] [id=1588]
  0x000001d13572e580 ConcurrentGCThread "G1 Refine#0" [stack: 0x000000742a900000,0x000000742aa00000] [id=18276]
  0x000001d153c27a00 ConcurrentGCThread "G1 Refine#1" [stack: 0x000000742d800000,0x000000742d900000] [id=3160]
  0x000001d14f3164e0 ConcurrentGCThread "G1 Service" [stack: 0x000000742aa00000,0x000000742ab00000] [id=25324]

Threads with active compile tasks:
C2 CompilerThread0    10546 8160       4       sun.security.provider.MD5::implCompress0 (1407 bytes)

VM state: at safepoint (normal execution)

VM Mutex/Monitor currently owned by a thread:  ([mutex/lock_event])
[0x000001d135663bd0] Threads_lock - owner thread: 0x000001d14f4ab090
[0x000001d135664050] Heap_lock - owner thread: 0x000001d1513e1430

Heap address: 0x0000000080000000, size: 2048 MB, Compressed Oops mode: 32-bit

CDS archive(s) not mapped
Compressed class space mapped at: 0x0000000100000000-0x0000000140000000, reserved size: 1073741824
Narrow klass base: 0x0000000000000000, Narrow klass shift: 3, Narrow klass range: 0x140000000

GC Precious Log:
 CPUs: 8 total, 8 available
 Memory: 7865M
 Large Page Support: Disabled
 NUMA Support: Disabled
 Compressed Oops: Enabled (32-bit)
 Heap Region Size: 1M
 Heap Min Capacity: 8M
 Heap Initial Capacity: 124M
 Heap Max Capacity: 2G
 Pre-touch: Disabled
 Parallel Workers: 8
 Concurrent Workers: 2
 Concurrent Refinement Workers: 8
 Periodic GC: Disabled

Heap:
 garbage-first heap   total 148480K, used 77848K [0x0000000080000000, 0x0000000100000000)
  region size 1024K, 6 young (6144K), 6 survivors (6144K)
 Metaspace       used 83037K, committed 83648K, reserved 1122304K
  class space    used 10940K, committed 11200K, reserved 1048576K

Heap Regions: E=young(eden), S=young(survivor), O=old, HS=humongous(starts), HC=humongous(continues), CS=collection set, F=free, OA=open archive, CA=closed archive, TAMS=top-at-mark-start (previous, next)
|   0|0x0000000080000000, 0x0000000080100000, 0x0000000080100000|100%|HS|  |TAMS 0x0000000080100000, 0x0000000080000000| Complete 
|   1|0x0000000080100000, 0x0000000080200000, 0x0000000080200000|100%|HC|  |TAMS 0x0000000080200000, 0x0000000080100000| Complete 
|   2|0x0000000080200000, 0x0000000080300000, 0x0000000080300000|100%|HC|  |TAMS 0x0000000080300000, 0x0000000080200000| Complete 
|   3|0x0000000080300000, 0x0000000080400000, 0x0000000080400000|100%|HC|  |TAMS 0x0000000080400000, 0x0000000080300000| Complete 
|   4|0x0000000080400000, 0x0000000080500000, 0x0000000080500000|100%| O|  |TAMS 0x0000000080500000, 0x0000000080400000| Untracked 
|   5|0x0000000080500000, 0x0000000080600000, 0x0000000080600000|100%| O|  |TAMS 0x0000000080600000, 0x0000000080500000| Untracked 
|   6|0x0000000080600000, 0x0000000080700000, 0x0000000080700000|100%| O|  |TAMS 0x0000000080700000, 0x0000000080600000| Untracked 
|   7|0x0000000080700000, 0x0000000080800000, 0x0000000080800000|100%| O|  |TAMS 0x0000000080800000, 0x0000000080700000| Untracked 
|   8|0x0000000080800000, 0x0000000080900000, 0x0000000080900000|100%| O|  |TAMS 0x0000000080900000, 0x0000000080800000| Untracked 
|   9|0x0000000080900000, 0x0000000080a00000, 0x0000000080a00000|100%| O|  |TAMS 0x0000000080a00000, 0x0000000080900000| Untracked 
|  10|0x0000000080a00000, 0x0000000080b00000, 0x0000000080b00000|100%| O|  |TAMS 0x0000000080b00000, 0x0000000080a00000| Untracked 
|  11|0x0000000080b00000, 0x0000000080c00000, 0x0000000080c00000|100%| O|  |TAMS 0x0000000080c00000, 0x0000000080b00000| Untracked 
|  12|0x0000000080c00000, 0x0000000080d00000, 0x0000000080d00000|100%| O|  |TAMS 0x0000000080d00000, 0x0000000080c00000| Untracked 
|  13|0x0000000080d00000, 0x0000000080e00000, 0x0000000080e00000|100%| O|  |TAMS 0x0000000080e00000, 0x0000000080d00000| Untracked 
|  14|0x0000000080e00000, 0x0000000080f00000, 0x0000000080f00000|100%| O|  |TAMS 0x0000000080f00000, 0x0000000080e00000| Untracked 
|  15|0x0000000080f00000, 0x0000000081000000, 0x0000000081000000|100%| O|  |TAMS 0x0000000081000000, 0x0000000080f00000| Untracked 
|  16|0x0000000081000000, 0x0000000081100000, 0x0000000081100000|100%| O|  |TAMS 0x0000000081100000, 0x0000000081000000| Untracked 
|  17|0x0000000081100000, 0x0000000081200000, 0x0000000081200000|100%| O|  |TAMS 0x0000000081200000, 0x0000000081100000| Untracked 
|  18|0x0000000081200000, 0x0000000081300000, 0x0000000081300000|100%| O|  |TAMS 0x0000000081300000, 0x0000000081200000| Untracked 
|  19|0x0000000081300000, 0x0000000081400000, 0x0000000081400000|100%| O|  |TAMS 0x0000000081400000, 0x0000000081300000| Untracked 
|  20|0x0000000081400000, 0x0000000081500000, 0x0000000081500000|100%| O|  |TAMS 0x0000000081500000, 0x0000000081400000| Untracked 
|  21|0x0000000081500000, 0x0000000081600000, 0x0000000081600000|100%| O|  |TAMS 0x0000000081600000, 0x0000000081500000| Untracked 
|  22|0x0000000081600000, 0x0000000081700000, 0x0000000081700000|100%| O|  |TAMS 0x0000000081700000, 0x0000000081600000| Untracked 
|  23|0x0000000081700000, 0x0000000081800000, 0x0000000081800000|100%| O|  |TAMS 0x0000000081800000, 0x0000000081700000| Untracked 
|  24|0x0000000081800000, 0x0000000081900000, 0x0000000081900000|100%| O|  |TAMS 0x0000000081900000, 0x0000000081800000| Untracked 
|  25|0x0000000081900000, 0x0000000081a00000, 0x0000000081a00000|100%| O|  |TAMS 0x0000000081a00000, 0x0000000081900000| Untracked 
|  26|0x0000000081a00000, 0x0000000081b00000, 0x0000000081b00000|100%| O|  |TAMS 0x0000000081b00000, 0x0000000081a00000| Untracked 
|  27|0x0000000081b00000, 0x0000000081c00000, 0x0000000081c00000|100%| O|  |TAMS 0x0000000081c00000, 0x0000000081b00000| Untracked 
|  28|0x0000000081c00000, 0x0000000081d00000, 0x0000000081d00000|100%| O|  |TAMS 0x0000000081d00000, 0x0000000081c00000| Untracked 
|  29|0x0000000081d00000, 0x0000000081e00000, 0x0000000081e00000|100%| O|  |TAMS 0x0000000081e00000, 0x0000000081d00000| Untracked 
|  30|0x0000000081e00000, 0x0000000081f00000, 0x0000000081f00000|100%| O|  |TAMS 0x0000000081f00000, 0x0000000081e00000| Untracked 
|  31|0x0000000081f00000, 0x0000000082000000, 0x0000000082000000|100%| O|  |TAMS 0x0000000082000000, 0x0000000081f00000| Untracked 
|  32|0x0000000082000000, 0x0000000082100000, 0x0000000082100000|100%| O|  |TAMS 0x0000000082100000, 0x0000000082000000| Untracked 
|  33|0x0000000082100000, 0x0000000082200000, 0x0000000082200000|100%| O|  |TAMS 0x0000000082200000, 0x0000000082100000| Untracked 
|  34|0x0000000082200000, 0x0000000082300000, 0x0000000082300000|100%| O|  |TAMS 0x0000000082300000, 0x0000000082200000| Untracked 
|  35|0x0000000082300000, 0x0000000082400000, 0x0000000082400000|100%| O|  |TAMS 0x0000000082400000, 0x0000000082300000| Untracked 
|  36|0x0000000082400000, 0x0000000082500000, 0x0000000082500000|100%| O|  |TAMS 0x0000000082500000, 0x0000000082400000| Untracked 
|  37|0x0000000082500000, 0x0000000082600000, 0x0000000082600000|100%| O|  |TAMS 0x0000000082600000, 0x0000000082500000| Untracked 
|  38|0x0000000082600000, 0x0000000082700000, 0x0000000082700000|100%| O|  |TAMS 0x0000000082600000, 0x0000000082600000| Untracked 
|  39|0x0000000082700000, 0x0000000082800000, 0x0000000082800000|100%| O|  |TAMS 0x0000000082800000, 0x0000000082700000| Untracked 
|  40|0x0000000082800000, 0x0000000082900000, 0x0000000082900000|100%| O|  |TAMS 0x00000000828b8000, 0x0000000082800000| Untracked 
|  41|0x0000000082900000, 0x0000000082a00000, 0x0000000082a00000|100%|HS|  |TAMS 0x0000000082900000, 0x0000000082900000| Complete 
|  42|0x0000000082a00000, 0x0000000082b00000, 0x0000000082b00000|100%|HS|  |TAMS 0x0000000082a00000, 0x0000000082a00000| Complete 
|  43|0x0000000082b00000, 0x0000000082c00000, 0x0000000082c00000|100%|HS|  |TAMS 0x0000000082b00000, 0x0000000082b00000| Complete 
|  44|0x0000000082c00000, 0x0000000082d00000, 0x0000000082d00000|100%|HS|  |TAMS 0x0000000082c00000, 0x0000000082c00000| Complete 
|  45|0x0000000082d00000, 0x0000000082e00000, 0x0000000082e00000|100%|HC|  |TAMS 0x0000000082d00000, 0x0000000082d00000| Complete 
|  46|0x0000000082e00000, 0x0000000082f00000, 0x0000000082f00000|100%|HS|  |TAMS 0x0000000082e00000, 0x0000000082e00000| Complete 
|  47|0x0000000082f00000, 0x0000000083000000, 0x0000000083000000|100%|HC|  |TAMS 0x0000000082f00000, 0x0000000082f00000| Complete 
|  48|0x0000000083000000, 0x0000000083100000, 0x0000000083100000|100%|HC|  |TAMS 0x0000000083000000, 0x0000000083000000| Complete 
|  49|0x0000000083100000, 0x0000000083200000, 0x0000000083200000|100%|HC|  |TAMS 0x0000000083100000, 0x0000000083100000| Complete 
|  50|0x0000000083200000, 0x0000000083300000, 0x0000000083300000|100%| O|  |TAMS 0x0000000083200000, 0x0000000083200000| Untracked 
|  51|0x0000000083300000, 0x0000000083400000, 0x0000000083400000|100%| O|  |TAMS 0x0000000083300000, 0x0000000083300000| Untracked 
|  52|0x0000000083400000, 0x0000000083500000, 0x0000000083500000|100%| O|  |TAMS 0x0000000083400000, 0x0000000083400000| Untracked 
|  53|0x0000000083500000, 0x0000000083600000, 0x0000000083600000|100%| O|  |TAMS 0x0000000083500000, 0x0000000083500000| Untracked 
|  54|0x0000000083600000, 0x0000000083700000, 0x0000000083700000|100%| O|  |TAMS 0x0000000083600000, 0x0000000083600000| Untracked 
|  55|0x0000000083700000, 0x0000000083800000, 0x0000000083800000|100%| O|  |TAMS 0x0000000083700000, 0x0000000083700000| Untracked 
|  56|0x0000000083800000, 0x0000000083900000, 0x0000000083900000|100%| O|  |TAMS 0x0000000083800000, 0x0000000083800000| Untracked 
|  57|0x0000000083900000, 0x0000000083a00000, 0x0000000083a00000|100%| O|  |TAMS 0x0000000083900000, 0x0000000083900000| Untracked 
|  58|0x0000000083a00000, 0x0000000083b00000, 0x0000000083b00000|100%| O|  |TAMS 0x0000000083a00000, 0x0000000083a00000| Untracked 
|  59|0x0000000083b00000, 0x0000000083c00000, 0x0000000083c00000|100%| O|  |TAMS 0x0000000083b00000, 0x0000000083b00000| Untracked 
|  60|0x0000000083c00000, 0x0000000083d00000, 0x0000000083d00000|100%| O|  |TAMS 0x0000000083c00000, 0x0000000083c00000| Untracked 
|  61|0x0000000083d00000, 0x0000000083e00000, 0x0000000083e00000|100%| O|  |TAMS 0x0000000083d00000, 0x0000000083d00000| Untracked 
|  62|0x0000000083e00000, 0x0000000083f00000, 0x0000000083f00000|100%| O|  |TAMS 0x0000000083e00000, 0x0000000083e00000| Untracked 
|  63|0x0000000083f00000, 0x0000000084000000, 0x0000000084000000|100%| O|  |TAMS 0x0000000083f00000, 0x0000000083f00000| Untracked 
|  64|0x0000000084000000, 0x0000000084100000, 0x0000000084100000|100%| O|  |TAMS 0x0000000084000000, 0x0000000084000000| Untracked 
|  65|0x0000000084100000, 0x0000000084200000, 0x0000000084200000|100%| O|  |TAMS 0x0000000084100000, 0x0000000084100000| Untracked 
|  66|0x0000000084200000, 0x0000000084300000, 0x0000000084300000|100%| O|  |TAMS 0x0000000084200000, 0x0000000084200000| Untracked 
|  67|0x0000000084300000, 0x0000000084400000, 0x0000000084400000|100%| O|  |TAMS 0x0000000084300000, 0x0000000084300000| Untracked 
|  68|0x0000000084400000, 0x0000000084500000, 0x0000000084500000|100%| O|  |TAMS 0x0000000084400000, 0x0000000084400000| Untracked 
|  69|0x0000000084500000, 0x00000000845a0800, 0x0000000084600000| 62%| O|  |TAMS 0x0000000084500000, 0x0000000084500000| Untracked 
|  70|0x0000000084600000, 0x0000000084600000, 0x0000000084700000|  0%| F|  |TAMS 0x0000000084600000, 0x0000000084600000| Untracked 
|  71|0x0000000084700000, 0x0000000084700000, 0x0000000084800000|  0%| F|  |TAMS 0x0000000084700000, 0x0000000084700000| Untracked 
|  72|0x0000000084800000, 0x0000000084800000, 0x0000000084900000|  0%| F|  |TAMS 0x0000000084800000, 0x0000000084800000| Untracked 
|  73|0x0000000084900000, 0x0000000084900000, 0x0000000084a00000|  0%| F|  |TAMS 0x0000000084900000, 0x0000000084900000| Untracked 
|  74|0x0000000084a00000, 0x0000000084a00000, 0x0000000084b00000|  0%| F|  |TAMS 0x0000000084a00000, 0x0000000084a00000| Untracked 
|  75|0x0000000084b00000, 0x0000000084b00000, 0x0000000084c00000|  0%| F|  |TAMS 0x0000000084b00000, 0x0000000084b00000| Untracked 
|  76|0x0000000084c00000, 0x0000000084c00000, 0x0000000084d00000|  0%| F|  |TAMS 0x0000000084c00000, 0x0000000084c00000| Untracked 
|  77|0x0000000084d00000, 0x0000000084d00000, 0x0000000084e00000|  0%| F|  |TAMS 0x0000000084d00000, 0x0000000084d00000| Untracked 
|  78|0x0000000084e00000, 0x0000000084e00000, 0x0000000084f00000|  0%| F|  |TAMS 0x0000000084e00000, 0x0000000084e00000| Untracked 
|  79|0x0000000084f00000, 0x0000000084f00000, 0x0000000085000000|  0%| F|  |TAMS 0x0000000084f00000, 0x0000000084f00000| Untracked 
|  80|0x0000000085000000, 0x0000000085000000, 0x0000000085100000|  0%| F|  |TAMS 0x0000000085000000, 0x0000000085000000| Untracked 
|  81|0x0000000085100000, 0x0000000085100000, 0x0000000085200000|  0%| F|  |TAMS 0x0000000085100000, 0x0000000085100000| Untracked 
|  82|0x0000000085200000, 0x0000000085200000, 0x0000000085300000|  0%| F|  |TAMS 0x0000000085200000, 0x0000000085200000| Untracked 
|  83|0x0000000085300000, 0x0000000085300000, 0x0000000085400000|  0%| F|  |TAMS 0x0000000085300000, 0x0000000085300000| Untracked 
|  84|0x0000000085400000, 0x0000000085400000, 0x0000000085500000|  0%| F|  |TAMS 0x0000000085400000, 0x0000000085400000| Untracked 
|  85|0x0000000085500000, 0x0000000085500000, 0x0000000085600000|  0%| F|  |TAMS 0x0000000085500000, 0x0000000085500000| Untracked 
|  86|0x0000000085600000, 0x0000000085600000, 0x0000000085700000|  0%| F|  |TAMS 0x0000000085600000, 0x0000000085600000| Untracked 
|  87|0x0000000085700000, 0x0000000085700000, 0x0000000085800000|  0%| F|  |TAMS 0x0000000085700000, 0x0000000085700000| Untracked 
|  88|0x0000000085800000, 0x0000000085800000, 0x0000000085900000|  0%| F|  |TAMS 0x0000000085800000, 0x0000000085800000| Untracked 
|  89|0x0000000085900000, 0x0000000085900000, 0x0000000085a00000|  0%| F|  |TAMS 0x0000000085900000, 0x0000000085900000| Untracked 
|  90|0x0000000085a00000, 0x0000000085a00000, 0x0000000085b00000|  0%| F|  |TAMS 0x0000000085a00000, 0x0000000085a00000| Untracked 
|  91|0x0000000085b00000, 0x0000000085b65a18, 0x0000000085c00000| 39%| S|CS|TAMS 0x0000000085b00000, 0x0000000085b00000| Complete 
|  92|0x0000000085c00000, 0x0000000085d00000, 0x0000000085d00000|100%| S|CS|TAMS 0x0000000085c00000, 0x0000000085c00000| Complete 
|  93|0x0000000085d00000, 0x0000000085e00000, 0x0000000085e00000|100%| S|CS|TAMS 0x0000000085d00000, 0x0000000085d00000| Complete 
|  94|0x0000000085e00000, 0x0000000085f00000, 0x0000000085f00000|100%| S|CS|TAMS 0x0000000085e00000, 0x0000000085e00000| Complete 
|  95|0x0000000085f00000, 0x0000000085f00000, 0x0000000086000000|  0%| F|  |TAMS 0x0000000085f00000, 0x0000000085f00000| Untracked 
|  96|0x0000000086000000, 0x0000000086000000, 0x0000000086100000|  0%| F|  |TAMS 0x0000000086000000, 0x0000000086000000| Untracked 
|  97|0x0000000086100000, 0x0000000086100000, 0x0000000086200000|  0%| F|  |TAMS 0x0000000086100000, 0x0000000086100000| Untracked 
|  98|0x0000000086200000, 0x0000000086200000, 0x0000000086300000|  0%| F|  |TAMS 0x0000000086200000, 0x0000000086200000| Untracked 
|  99|0x0000000086300000, 0x0000000086300000, 0x0000000086400000|  0%| F|  |TAMS 0x0000000086300000, 0x0000000086300000| Untracked 
| 100|0x0000000086400000, 0x0000000086500000, 0x0000000086500000|100%| S|CS|TAMS 0x0000000086400000, 0x0000000086400000| Complete 
| 101|0x0000000086500000, 0x0000000086600000, 0x0000000086600000|100%| S|CS|TAMS 0x0000000086500000, 0x0000000086500000| Complete 
| 102|0x0000000086600000, 0x0000000086600000, 0x0000000086700000|  0%| F|  |TAMS 0x0000000086600000, 0x0000000086600000| Untracked 
| 103|0x0000000086700000, 0x0000000086700000, 0x0000000086800000|  0%| F|  |TAMS 0x0000000086700000, 0x0000000086700000| Untracked 
| 104|0x0000000086800000, 0x0000000086800000, 0x0000000086900000|  0%| F|  |TAMS 0x0000000086800000, 0x0000000086800000| Untracked 
| 105|0x0000000086900000, 0x0000000086900000, 0x0000000086a00000|  0%| F|  |TAMS 0x0000000086900000, 0x0000000086900000| Untracked 
| 106|0x0000000086a00000, 0x0000000086a00000, 0x0000000086b00000|  0%| F|  |TAMS 0x0000000086a00000, 0x0000000086a00000| Untracked 
| 107|0x0000000086b00000, 0x0000000086b00000, 0x0000000086c00000|  0%| F|  |TAMS 0x0000000086b00000, 0x0000000086b00000| Untracked 
| 108|0x0000000086c00000, 0x0000000086c00000, 0x0000000086d00000|  0%| F|  |TAMS 0x0000000086c00000, 0x0000000086c00000| Untracked 
| 109|0x0000000086d00000, 0x0000000086d00000, 0x0000000086e00000|  0%| F|  |TAMS 0x0000000086d00000, 0x0000000086d00000| Untracked 
| 110|0x0000000086e00000, 0x0000000086e00000, 0x0000000086f00000|  0%| F|  |TAMS 0x0000000086e00000, 0x0000000086e00000| Untracked 
| 111|0x0000000086f00000, 0x0000000086f00000, 0x0000000087000000|  0%| F|  |TAMS 0x0000000086f00000, 0x0000000086f00000| Untracked 
| 112|0x0000000087000000, 0x0000000087000000, 0x0000000087100000|  0%| F|  |TAMS 0x0000000087000000, 0x0000000087000000| Untracked 
| 113|0x0000000087100000, 0x0000000087100000, 0x0000000087200000|  0%| F|  |TAMS 0x0000000087100000, 0x0000000087100000| Untracked 
| 114|0x0000000087200000, 0x0000000087200000, 0x0000000087300000|  0%| F|  |TAMS 0x0000000087200000, 0x0000000087200000| Untracked 
| 115|0x0000000087300000, 0x0000000087300000, 0x0000000087400000|  0%| F|  |TAMS 0x0000000087300000, 0x0000000087300000| Untracked 
| 116|0x0000000087400000, 0x0000000087400000, 0x0000000087500000|  0%| F|  |TAMS 0x0000000087400000, 0x0000000087400000| Untracked 
| 117|0x0000000087500000, 0x0000000087500000, 0x0000000087600000|  0%| F|  |TAMS 0x0000000087500000, 0x0000000087500000| Untracked 
| 118|0x0000000087600000, 0x0000000087600000, 0x0000000087700000|  0%| F|  |TAMS 0x0000000087600000, 0x0000000087600000| Untracked 
| 119|0x0000000087700000, 0x0000000087700000, 0x0000000087800000|  0%| F|  |TAMS 0x0000000087700000, 0x0000000087700000| Untracked 
| 120|0x0000000087800000, 0x0000000087800000, 0x0000000087900000|  0%| F|  |TAMS 0x0000000087800000, 0x0000000087800000| Untracked 
| 121|0x0000000087900000, 0x0000000087900000, 0x0000000087a00000|  0%| F|  |TAMS 0x0000000087900000, 0x0000000087900000| Untracked 
| 122|0x0000000087a00000, 0x0000000087a00000, 0x0000000087b00000|  0%| F|  |TAMS 0x0000000087a00000, 0x0000000087a00000| Untracked 
| 123|0x0000000087b00000, 0x0000000087b00000, 0x0000000087c00000|  0%| F|  |TAMS 0x0000000087b00000, 0x0000000087b00000| Untracked 
| 124|0x0000000087c00000, 0x0000000087c00000, 0x0000000087d00000|  0%| F|  |TAMS 0x0000000087c00000, 0x0000000087c00000| Untracked 
| 125|0x0000000087d00000, 0x0000000087d00000, 0x0000000087e00000|  0%| F|  |TAMS 0x0000000087d00000, 0x0000000087d00000| Untracked 
| 126|0x0000000087e00000, 0x0000000087e00000, 0x0000000087f00000|  0%| F|  |TAMS 0x0000000087e00000, 0x0000000087e00000| Untracked 
| 127|0x0000000087f00000, 0x0000000087f00000, 0x0000000088000000|  0%| F|  |TAMS 0x0000000087f00000, 0x0000000087f00000| Untracked 
| 128|0x0000000088000000, 0x0000000088000000, 0x0000000088100000|  0%| F|  |TAMS 0x0000000088000000, 0x0000000088000000| Untracked 
| 129|0x0000000088100000, 0x0000000088100000, 0x0000000088200000|  0%| F|  |TAMS 0x0000000088100000, 0x0000000088100000| Untracked 
| 130|0x0000000088200000, 0x0000000088200000, 0x0000000088300000|  0%| F|  |TAMS 0x0000000088200000, 0x0000000088200000| Untracked 
| 131|0x0000000088300000, 0x0000000088300000, 0x0000000088400000|  0%| F|  |TAMS 0x0000000088300000, 0x0000000088300000| Untracked 
| 132|0x0000000088400000, 0x0000000088400000, 0x0000000088500000|  0%| F|  |TAMS 0x0000000088400000, 0x0000000088400000| Untracked 
| 133|0x0000000088500000, 0x0000000088500000, 0x0000000088600000|  0%| F|  |TAMS 0x0000000088500000, 0x0000000088500000| Untracked 
| 134|0x0000000088600000, 0x0000000088600000, 0x0000000088700000|  0%| F|  |TAMS 0x0000000088600000, 0x0000000088600000| Untracked 
| 135|0x0000000088700000, 0x0000000088700000, 0x0000000088800000|  0%| F|  |TAMS 0x0000000088700000, 0x0000000088700000| Untracked 
| 136|0x0000000088800000, 0x0000000088800000, 0x0000000088900000|  0%| F|  |TAMS 0x0000000088800000, 0x0000000088800000| Untracked 
| 137|0x0000000088900000, 0x0000000088900000, 0x0000000088a00000|  0%| F|  |TAMS 0x0000000088900000, 0x0000000088900000| Untracked 
| 138|0x0000000088a00000, 0x0000000088a00000, 0x0000000088b00000|  0%| F|  |TAMS 0x0000000088a00000, 0x0000000088a00000| Untracked 
| 139|0x0000000088b00000, 0x0000000088b00000, 0x0000000088c00000|  0%| F|  |TAMS 0x0000000088b00000, 0x0000000088b00000| Untracked 
| 140|0x0000000088c00000, 0x0000000088c00000, 0x0000000088d00000|  0%| F|  |TAMS 0x0000000088c00000, 0x0000000088c00000| Untracked 
| 141|0x0000000088d00000, 0x0000000088d00000, 0x0000000088e00000|  0%| F|  |TAMS 0x0000000088d00000, 0x0000000088d00000| Untracked 
| 142|0x0000000088e00000, 0x0000000088e00000, 0x0000000088f00000|  0%| F|  |TAMS 0x0000000088e00000, 0x0000000088e00000| Untracked 
| 143|0x0000000088f00000, 0x0000000088f00000, 0x0000000089000000|  0%| F|  |TAMS 0x0000000088f00000, 0x0000000088f00000| Untracked 
|2047|0x00000000fff00000, 0x0000000100000000, 0x0000000100000000|100%| O|  |TAMS 0x00000000fff00000, 0x00000000fff00000| Untracked 

Card table byte_map: [0x000001d148260000,0x000001d148660000] _byte_map_base: 0x000001d147e60000

Marking Bits (Prev, Next): (CMBitMap*) 0x000001d1356c55a0, (CMBitMap*) 0x000001d1356c55e0
 Prev Bits: [0x000001d148a60000, 0x000001d14aa60000)
 Next Bits: [0x000001d14aa60000, 0x000001d14ca60000)

Polling page: 0x000001d1335b0000

Metaspace:

Usage:
  Non-class:     70.41 MB used.
      Class:     10.68 MB used.
       Both:     81.09 MB used.

Virtual space:
  Non-class space:       72.00 MB reserved,      70.75 MB ( 98%) committed,  9 nodes.
      Class space:        1.00 GB reserved,      10.94 MB (  1%) committed,  1 nodes.
             Both:        1.07 GB reserved,      81.69 MB (  7%) committed. 

Chunk freelists:
   Non-Class:  672.00 KB
       Class:  1.05 MB
        Both:  1.70 MB

MaxMetaspaceSize: unlimited
CompressedClassSpaceSize: 1.00 GB
Initial GC threshold: 21.00 MB
Current GC threshold: 99.06 MB
CDS: off
MetaspaceReclaimPolicy: balanced
 - commit_granule_bytes: 65536.
 - commit_granule_words: 8192.
 - virtual_space_node_default_size: 1048576.
 - enlarge_chunks_in_place: 1.
 - new_chunks_are_fully_committed: 0.
 - uncommit_free_chunks: 1.
 - use_allocation_guard: 0.
 - handle_deallocations: 1.


Internal statistics:

num_allocs_failed_limit: 9.
num_arena_births: 778.
num_arena_deaths: 0.
num_vsnodes_births: 10.
num_vsnodes_deaths: 0.
num_space_committed: 1307.
num_space_uncommitted: 0.
num_chunks_returned_to_freelist: 9.
num_chunks_taken_from_freelist: 3502.
num_chunk_merges: 9.
num_chunk_splits: 2368.
num_chunks_enlarged: 1652.
num_purges: 0.
num_inconsistent_stats: 0.

CodeHeap 'non-profiled nmethods': size=120000Kb used=3618Kb max_used=3618Kb free=116381Kb
 bounds [0x000001d140600000, 0x000001d140990000, 0x000001d147b30000]
CodeHeap 'profiled nmethods': size=120000Kb used=14106Kb max_used=14106Kb free=105893Kb
 bounds [0x000001d138b30000, 0x000001d139900000, 0x000001d140060000]
CodeHeap 'non-nmethods': size=5760Kb used=2420Kb max_used=2466Kb free=3339Kb
 bounds [0x000001d140060000, 0x000001d1402d0000, 0x000001d140600000]
 total_blobs=8191 nmethods=7245 adapters=858
 compilation: enabled
              stopped_count=0, restarted_count=0
 full_count=0

Compilation events (20 events):
Event: 10.488 Thread 0x000001d150079bd0 8157       4       java.nio.ByteBuffer::clear (5 bytes)
Event: 10.488 Thread 0x000001d15007a670 nmethod 8156 0x000001d1398f3710 code [0x000001d1398f38e0, 0x000001d1398f3b98]
Event: 10.488 Thread 0x000001d150079bd0 nmethod 8157 0x000001d140988290 code [0x000001d140988400, 0x000001d1409884b8]
Event: 10.488 Thread 0x000001d150079bd0 8158       4       jdk.internal.misc.Unsafe::putLongUnaligned (14 bytes)
Event: 10.488 Thread 0x000001d150079bd0 nmethod 8158 0x000001d140988590 code [0x000001d140988700, 0x000001d1409887b8]
Event: 10.488 Thread 0x000001d150079bd0 8160       4       sun.security.provider.MD5::implCompress0 (1407 bytes)
Event: 10.489 Thread 0x000001d15007a670 8161       3       com.google.common.collect.NaturalOrdering::compare (13 bytes)
Event: 10.489 Thread 0x000001d15007a670 nmethod 8161 0x000001d1398f3d10 code [0x000001d1398f3f20, 0x000001d1398f4608]
Event: 10.489 Thread 0x000001d15007a670 8162       3       com.google.common.collect.NaturalOrdering::compare (18 bytes)
Event: 10.489 Thread 0x000001d15007a670 nmethod 8162 0x000001d1398f4810 code [0x000001d1398f4a00, 0x000001d1398f4e88]
Event: 10.489 Thread 0x000001d15007a670 8165       3       com.google.common.collect.Maps::immutableEntry (10 bytes)
Event: 10.489 Thread 0x000001d15007a670 nmethod 8165 0x000001d1398f5090 code [0x000001d1398f5240, 0x000001d1398f5558]
Event: 10.489 Thread 0x000001d15007a670 8163       1       java.util.AbstractMap$SimpleImmutableEntry::getValue (5 bytes)
Event: 10.489 Thread 0x000001d15007a670 nmethod 8163 0x000001d140988890 code [0x000001d140988a20, 0x000001d140988af8]
Event: 10.490 Thread 0x000001d15007a670 8166       3       org.gradle.internal.hash.Hashing$MessageDigestHasher::<init> (25 bytes)
Event: 10.490 Thread 0x000001d15007a670 nmethod 8166 0x000001d1398f5690 code [0x000001d1398f5860, 0x000001d1398f5b18]
Event: 10.494 Thread 0x000001d15007a670 8167       3       org.gradle.internal.serialize.kryo.KryoBackedEncoder::writeBytes (11 bytes)
Event: 10.494 Thread 0x000001d15007a670 nmethod 8167 0x000001d1398f5c90 code [0x000001d1398f5e40, 0x000001d1398f5fa8]
Event: 10.494 Thread 0x000001d15007a670 8168       3       com.esotericsoftware.kryo.io.Output::writeBytes (90 bytes)
Event: 10.495 Thread 0x000001d15007a670 nmethod 8168 0x000001d1398f6090 code [0x000001d1398f6280, 0x000001d1398f6828]

GC Heap History (20 events):
Event: 5.646 GC heap after
{Heap after GC invocations=14 (full 0):
 garbage-first heap   total 86016K, used 36219K [0x0000000080000000, 0x0000000100000000)
  region size 1024K, 5 young (5120K), 5 survivors (5120K)
 Metaspace       used 56203K, committed 56704K, reserved 1097728K
  class space    used 7447K, committed 7680K, reserved 1048576K
}
Event: 7.739 GC heap before
{Heap before GC invocations=14 (full 0):
 garbage-first heap   total 86016K, used 65915K [0x0000000080000000, 0x0000000100000000)
  region size 1024K, 35 young (35840K), 5 survivors (5120K)
 Metaspace       used 60089K, committed 60544K, reserved 1105920K
  class space    used 7969K, committed 8192K, reserved 1048576K
}
Event: 7.745 GC heap after
{Heap after GC invocations=15 (full 0):
 garbage-first heap   total 86016K, used 41618K [0x0000000080000000, 0x0000000100000000)
  region size 1024K, 5 young (5120K), 5 survivors (5120K)
 Metaspace       used 60089K, committed 60544K, reserved 1105920K
  class space    used 7969K, committed 8192K, reserved 1048576K
}
Event: 7.778 GC heap before
{Heap before GC invocations=15 (full 0):
 garbage-first heap   total 86016K, used 43666K [0x0000000080000000, 0x0000000100000000)
  region size 1024K, 9 young (9216K), 5 survivors (5120K)
 Metaspace       used 60131K, committed 60608K, reserved 1105920K
  class space    used 7972K, committed 8192K, reserved 1048576K
}
Event: 7.783 GC heap after
{Heap after GC invocations=16 (full 0):
 garbage-first heap   total 86016K, used 42644K [0x0000000080000000, 0x0000000100000000)
  region size 1024K, 1 young (1024K), 1 survivors (1024K)
 Metaspace       used 60131K, committed 60608K, reserved 1105920K
  class space    used 7972K, committed 8192K, reserved 1048576K
}
Event: 7.910 GC heap before
{Heap before GC invocations=17 (full 0):
 garbage-first heap   total 86016K, used 52884K [0x0000000080000000, 0x0000000100000000)
  region size 1024K, 12 young (12288K), 1 survivors (1024K)
 Metaspace       used 60387K, committed 60928K, reserved 1105920K
  class space    used 8011K, committed 8256K, reserved 1048576K
}
Event: 7.912 GC heap after
{Heap after GC invocations=18 (full 0):
 garbage-first heap   total 86016K, used 44381K [0x0000000080000000, 0x0000000100000000)
  region size 1024K, 3 young (3072K), 3 survivors (3072K)
 Metaspace       used 60387K, committed 60928K, reserved 1105920K
  class space    used 8011K, committed 8256K, reserved 1048576K
}
Event: 8.249 GC heap before
{Heap before GC invocations=19 (full 0):
 garbage-first heap   total 86016K, used 76125K [0x0000000080000000, 0x0000000100000000)
  region size 1024K, 25 young (25600K), 3 survivors (3072K)
 Metaspace       used 62277K, committed 62848K, reserved 1105920K
  class space    used 8253K, committed 8512K, reserved 1048576K
}
Event: 8.255 GC heap after
{Heap after GC invocations=20 (full 0):
 garbage-first heap   total 87040K, used 60284K [0x0000000080000000, 0x0000000100000000)
  region size 1024K, 4 young (4096K), 4 survivors (4096K)
 Metaspace       used 62277K, committed 62848K, reserved 1105920K
  class space    used 8253K, committed 8512K, reserved 1048576K
}
Event: 8.267 GC heap before
{Heap before GC invocations=20 (full 0):
 garbage-first heap   total 87040K, used 61308K [0x0000000080000000, 0x0000000100000000)
  region size 1024K, 5 young (5120K), 4 survivors (4096K)
 Metaspace       used 62421K, committed 62976K, reserved 1105920K
  class space    used 8273K, committed 8512K, reserved 1048576K
}
Event: 8.270 GC heap after
{Heap after GC invocations=21 (full 0):
 garbage-first heap   total 148480K, used 59881K [0x0000000080000000, 0x0000000100000000)
  region size 1024K, 1 young (1024K), 1 survivors (1024K)
 Metaspace       used 62421K, committed 62976K, reserved 1105920K
  class space    used 8273K, committed 8512K, reserved 1048576K
}
Event: 8.809 GC heap before
{Heap before GC invocations=21 (full 0):
 garbage-first heap   total 148480K, used 100841K [0x0000000080000000, 0x0000000100000000)
  region size 1024K, 41 young (41984K), 1 survivors (1024K)
 Metaspace       used 68709K, committed 69312K, reserved 1114112K
  class space    used 9046K, committed 9344K, reserved 1048576K
}
Event: 8.812 GC heap after
{Heap after GC invocations=22 (full 0):
 garbage-first heap   total 148480K, used 61428K [0x0000000080000000, 0x0000000100000000)
  region size 1024K, 2 young (2048K), 2 survivors (2048K)
 Metaspace       used 68709K, committed 69312K, reserved 1114112K
  class space    used 9046K, committed 9344K, reserved 1048576K
}
Event: 9.207 GC heap before
{Heap before GC invocations=22 (full 0):
 garbage-first heap   total 148480K, used 110580K [0x0000000080000000, 0x0000000100000000)
  region size 1024K, 44 young (45056K), 2 survivors (2048K)
 Metaspace       used 72974K, committed 73536K, reserved 1114112K
  class space    used 9614K, committed 9856K, reserved 1048576K
}
Event: 9.212 GC heap after
{Heap after GC invocations=23 (full 0):
 garbage-first heap   total 148480K, used 65946K [0x0000000080000000, 0x0000000100000000)
  region size 1024K, 6 young (6144K), 6 survivors (6144K)
 Metaspace       used 72974K, committed 73536K, reserved 1114112K
  class space    used 9614K, committed 9856K, reserved 1048576K
}
Event: 9.688 GC heap before
{Heap before GC invocations=23 (full 0):
 garbage-first heap   total 148480K, used 108954K [0x0000000080000000, 0x0000000100000000)
  region size 1024K, 48 young (49152K), 6 survivors (6144K)
 Metaspace       used 77129K, committed 77632K, reserved 1122304K
  class space    used 10165K, committed 10368K, reserved 1048576K
}
Event: 9.694 GC heap after
{Heap after GC invocations=24 (full 0):
 garbage-first heap   total 148480K, used 69117K [0x0000000080000000, 0x0000000100000000)
  region size 1024K, 4 young (4096K), 4 survivors (4096K)
 Metaspace       used 77129K, committed 77632K, reserved 1122304K
  class space    used 10165K, committed 10368K, reserved 1048576K
}
Event: 10.107 GC heap before
{Heap before GC invocations=24 (full 0):
 garbage-first heap   total 148480K, used 111101K [0x0000000080000000, 0x0000000100000000)
  region size 1024K, 45 young (46080K), 4 survivors (4096K)
 Metaspace       used 80827K, committed 81344K, reserved 1122304K
  class space    used 10665K, committed 10880K, reserved 1048576K
}
Event: 10.116 GC heap after
{Heap after GC invocations=25 (full 0):
 garbage-first heap   total 148480K, used 72287K [0x0000000080000000, 0x0000000100000000)
  region size 1024K, 6 young (6144K), 6 survivors (6144K)
 Metaspace       used 80827K, committed 81344K, reserved 1122304K
  class space    used 10665K, committed 10880K, reserved 1048576K
}
Event: 10.496 GC heap before
{Heap before GC invocations=25 (full 0):
 garbage-first heap   total 148480K, used 114271K [0x0000000080000000, 0x0000000100000000)
  region size 1024K, 47 young (48128K), 6 survivors (6144K)
 Metaspace       used 83037K, committed 83648K, reserved 1122304K
  class space    used 10940K, committed 11200K, reserved 1048576K
}

Dll operation events (2 events):
Event: 0.016 Loaded shared library C:\Program Files (x86)\android-studio-2022.3.1.17-windows\android-studio\jbr\bin\java.dll
Event: 0.375 Loaded shared library C:\Program Files (x86)\android-studio-2022.3.1.17-windows\android-studio\jbr\bin\verify.dll

Deoptimization events (20 events):
Event: 10.242 Thread 0x000001d152aa45e0 DEOPT PACKING pc=0x000001d140968ed8 sp=0x000000742c2f8210
Event: 10.242 Thread 0x000001d152aa45e0 DEOPT UNPACKING pc=0x000001d1400ba1a3 sp=0x000000742c2f80f8 mode 2
Event: 10.243 Thread 0x000001d152aa45e0 Uncommon trap: trap_request=0xffffffde fr.pc=0x000001d140968ed8 relative=0x0000000000000578
Event: 10.243 Thread 0x000001d152aa45e0 Uncommon trap: reason=class_check action=maybe_recompile pc=0x000001d140968ed8 method=kotlin.reflect.jvm.internal.impl.protobuf.CodedInputStream.tryRefillBuffer(I)Z @ 175 c2
Event: 10.243 Thread 0x000001d152aa45e0 DEOPT PACKING pc=0x000001d140968ed8 sp=0x000000742c2f8210
Event: 10.243 Thread 0x000001d152aa45e0 DEOPT UNPACKING pc=0x000001d1400ba1a3 sp=0x000000742c2f80f8 mode 2
Event: 10.244 Thread 0x000001d152aa45e0 Uncommon trap: trap_request=0xffffffde fr.pc=0x000001d140968ed8 relative=0x0000000000000578
Event: 10.244 Thread 0x000001d152aa45e0 Uncommon trap: reason=class_check action=maybe_recompile pc=0x000001d140968ed8 method=kotlin.reflect.jvm.internal.impl.protobuf.CodedInputStream.tryRefillBuffer(I)Z @ 175 c2
Event: 10.244 Thread 0x000001d152aa45e0 DEOPT PACKING pc=0x000001d140968ed8 sp=0x000000742c2f8310
Event: 10.244 Thread 0x000001d152aa45e0 DEOPT UNPACKING pc=0x000001d1400ba1a3 sp=0x000000742c2f81f8 mode 2
Event: 10.245 Thread 0x000001d152aa45e0 Uncommon trap: trap_request=0xffffffde fr.pc=0x000001d140968ed8 relative=0x0000000000000578
Event: 10.245 Thread 0x000001d152aa45e0 Uncommon trap: reason=class_check action=maybe_recompile pc=0x000001d140968ed8 method=kotlin.reflect.jvm.internal.impl.protobuf.CodedInputStream.tryRefillBuffer(I)Z @ 175 c2
Event: 10.245 Thread 0x000001d152aa45e0 DEOPT PACKING pc=0x000001d140968ed8 sp=0x000000742c2f8310
Event: 10.245 Thread 0x000001d152aa45e0 DEOPT UNPACKING pc=0x000001d1400ba1a3 sp=0x000000742c2f81f8 mode 2
Event: 10.277 Thread 0x000001d152aa45e0 DEOPT PACKING pc=0x000001d13957cc42 sp=0x000000742c2f8070
Event: 10.277 Thread 0x000001d152aa45e0 DEOPT UNPACKING pc=0x000001d1400bace3 sp=0x000000742c2f7580 mode 0
Event: 10.290 Thread 0x000001d1554c0c50 Uncommon trap: trap_request=0xffffff45 fr.pc=0x000001d1408b7f5c relative=0x000000000000021c
Event: 10.290 Thread 0x000001d1554c0c50 Uncommon trap: reason=unstable_if action=reinterpret pc=0x000001d1408b7f5c method=com.esotericsoftware.kryo.io.Input.readVarInt(Z)I @ 42 c2
Event: 10.290 Thread 0x000001d1554c0c50 DEOPT PACKING pc=0x000001d1408b7f5c sp=0x000000742d9fe3e0
Event: 10.290 Thread 0x000001d1554c0c50 DEOPT UNPACKING pc=0x000001d1400ba1a3 sp=0x000000742d9fe2d0 mode 2

Classes unloaded (0 events):
No events

Classes redefined (0 events):
No events

Internal exceptions (20 events):
Event: 9.847 Thread 0x000001d152aa45e0 Exception <a 'java/lang/ClassNotFoundException'{0x0000000088101960}: org/gradle/api/internal/DefaultDomainObjectSetBeanInfo> (0x0000000088101960) 
thrown [s\src\hotspot\share\classfile\systemDictionary.cpp, line 256]
Event: 9.847 Thread 0x000001d152aa45e0 Exception <a 'java/lang/ClassNotFoundException'{0x0000000088115798}: org/gradle/api/internal/DefaultDomainObjectCollectionBeanInfo> (0x0000000088115798) 
thrown [s\src\hotspot\share\classfile\systemDictionary.cpp, line 256]
Event: 9.848 Thread 0x000001d152aa45e0 Exception <a 'java/lang/ClassNotFoundException'{0x00000000881296a8}: org/gradle/api/internal/DefaultDomainObjectCollectionCustomizer> (0x00000000881296a8) 
thrown [s\src\hotspot\share\classfile\systemDictionary.cpp, line 256]
Event: 9.849 Thread 0x000001d152aa45e0 Exception <a 'java/lang/ClassNotFoundException'{0x000000008815b960}: org/gradle/api/internal/DefaultDomainObjectSetCustomizer> (0x000000008815b960) 
thrown [s\src\hotspot\share\classfile\systemDictionary.cpp, line 256]
Event: 9.850 Thread 0x000001d152aa45e0 Exception <a 'java/lang/ClassNotFoundException'{0x000000008817df50}: org/gradle/api/internal/plugins/DefaultPluginCollectionCustomizer> (0x000000008817df50) 
thrown [s\src\hotspot\share\classfile\systemDictionary.cpp, line 256]
Event: 9.851 Thread 0x000001d152aa45e0 Exception <a 'java/lang/ClassNotFoundException'{0x00000000881bbaf8}: org/gradle/api/internal/plugins/DefaultPluginContainerCustomizer> (0x00000000881bbaf8) 
thrown [s\src\hotspot\share\classfile\systemDictionary.cpp, line 256]
Event: 9.875 Thread 0x000001d152aa45e0 Exception <a 'java/lang/ClassNotFoundException'{0x0000000087d1b6e0}: com/android/build/gradle/internal/dsl/BaseAppModuleExtension_DecoratedBeanInfo> (0x0000000087d1b6e0) 
thrown [s\src\hotspot\share\classfile\systemDictionary.cpp, line 256]
Event: 9.875 Thread 0x000001d152aa45e0 Exception <a 'java/lang/ClassNotFoundException'{0x0000000087d26ae0}: com/android/build/gradle/internal/dsl/BaseAppModuleExtensionBeanInfo> (0x0000000087d26ae0) 
thrown [s\src\hotspot\share\classfile\systemDictionary.cpp, line 256]
Event: 9.875 Thread 0x000001d152aa45e0 Exception <a 'java/lang/ClassNotFoundException'{0x0000000087d31a68}: com/android/build/gradle/AppExtensionBeanInfo> (0x0000000087d31a68) 
thrown [s\src\hotspot\share\classfile\systemDictionary.cpp, line 256]
Event: 9.875 Thread 0x000001d152aa45e0 Exception <a 'java/lang/ClassNotFoundException'{0x0000000087d3cae8}: com/android/build/gradle/AbstractAppExtensionBeanInfo> (0x0000000087d3cae8) 
thrown [s\src\hotspot\share\classfile\systemDictionary.cpp, line 256]
Event: 9.876 Thread 0x000001d152aa45e0 Exception <a 'java/lang/ClassNotFoundException'{0x0000000087d47b10}: com/android/build/gradle/TestedExtensionBeanInfo> (0x0000000087d47b10) 
thrown [s\src\hotspot\share\classfile\systemDictionary.cpp, line 256]
Event: 9.876 Thread 0x000001d152aa45e0 Exception <a 'java/lang/ClassNotFoundException'{0x0000000087d532b0}: com/android/build/gradle/BaseExtensionBeanInfo> (0x0000000087d532b0) 
thrown [s\src\hotspot\share\classfile\systemDictionary.cpp, line 256]
Event: 9.876 Thread 0x000001d152aa45e0 Exception <a 'java/lang/ClassNotFoundException'{0x0000000087d5e548}: com/android/build/gradle/BaseExtensionCustomizer> (0x0000000087d5e548) 
thrown [s\src\hotspot\share\classfile\systemDictionary.cpp, line 256]
Event: 9.877 Thread 0x000001d152aa45e0 Exception <a 'java/lang/ClassNotFoundException'{0x0000000087dc16a0}: com/android/build/gradle/TestedExtensionCustomizer> (0x0000000087dc16a0) 
thrown [s\src\hotspot\share\classfile\systemDictionary.cpp, line 256]
Event: 9.878 Thread 0x000001d152aa45e0 Exception <a 'java/lang/ClassNotFoundException'{0x0000000087de64e0}: com/android/build/gradle/AbstractAppExtensionCustomizer> (0x0000000087de64e0) 
thrown [s\src\hotspot\share\classfile\systemDictionary.cpp, line 256]
Event: 9.879 Thread 0x000001d152aa45e0 Exception <a 'java/lang/ClassNotFoundException'{0x0000000087c07af8}: com/android/build/gradle/AppExtensionCustomizer> (0x0000000087c07af8) 
thrown [s\src\hotspot\share\classfile\systemDictionary.cpp, line 256]
Event: 9.879 Thread 0x000001d152aa45e0 Exception <a 'java/lang/ClassNotFoundException'{0x0000000087c27758}: com/android/build/gradle/internal/dsl/BaseAppModuleExtensionCustomizer> (0x0000000087c27758) 
thrown [s\src\hotspot\share\classfile\systemDictionary.cpp, line 256]
Event: 9.882 Thread 0x000001d152aa45e0 Exception <a 'java/lang/ClassNotFoundException'{0x0000000087b0b5b0}: com/android/build/gradle/internal/dsl/BaseAppModuleExtension_DecoratedCustomizer> (0x0000000087b0b5b0) 
thrown [s\src\hotspot\share\classfile\systemDictionary.cpp, line 256]
Event: 9.889 Thread 0x000001d152aa45e0 Exception <a 'java/lang/ClassNotFoundException'{0x000000008795afe8}: org/gradle/api/internal/DefaultDomainObjectSet_DecoratedBeanInfo> (0x000000008795afe8) 
thrown [s\src\hotspot\share\classfile\systemDictionary.cpp, line 256]
Event: 9.890 Thread 0x000001d152aa45e0 Exception <a 'java/lang/ClassNotFoundException'{0x000000008796ef58}: org/gradle/api/internal/DefaultDomainObjectSet_DecoratedCustomizer> (0x000000008796ef58) 
thrown [s\src\hotspot\share\classfile\systemDictionary.cpp, line 256]

VM Operations (20 events):
Event: 8.255 Executing VM operation: G1CollectForAllocation done
Event: 8.267 Executing VM operation: G1CollectForAllocation
Event: 8.270 Executing VM operation: G1CollectForAllocation done
Event: 8.393 Executing VM operation: HandshakeAllThreads
Event: 8.393 Executing VM operation: HandshakeAllThreads done
Event: 8.400 Executing VM operation: HandshakeAllThreads
Event: 8.400 Executing VM operation: HandshakeAllThreads done
Event: 8.808 Executing VM operation: G1CollectForAllocation
Event: 8.812 Executing VM operation: G1CollectForAllocation done
Event: 8.994 Executing VM operation: HandshakeAllThreads
Event: 8.994 Executing VM operation: HandshakeAllThreads done
Event: 9.207 Executing VM operation: G1CollectForAllocation
Event: 9.212 Executing VM operation: G1CollectForAllocation done
Event: 9.606 Executing VM operation: HandshakeAllThreads
Event: 9.606 Executing VM operation: HandshakeAllThreads done
Event: 9.688 Executing VM operation: G1CollectForAllocation
Event: 9.694 Executing VM operation: G1CollectForAllocation done
Event: 10.107 Executing VM operation: G1CollectForAllocation
Event: 10.116 Executing VM operation: G1CollectForAllocation done
Event: 10.496 Executing VM operation: G1CollectForAllocation

Events (20 events):
Event: 9.838 loading class java/util/AbstractCollectionBeanInfo
Event: 9.838 loading class java/util/AbstractCollectionBeanInfo done
Event: 9.839 loading class java/util/AbstractCollectionBeanInfo
Event: 9.839 loading class java/util/AbstractCollectionBeanInfo done
Event: 9.839 loading class java/util/AbstractCollectionCustomizer
Event: 9.839 loading class java/util/AbstractCollectionCustomizer done
Event: 9.839 loading class java/util/AbstractCollectionCustomizer
Event: 9.839 loading class java/util/AbstractCollectionCustomizer done
Event: 9.839 loading class sun/reflect/generics/reflectiveObjects/GenericArrayTypeImpl
Event: 9.839 loading class sun/reflect/generics/reflectiveObjects/GenericArrayTypeImpl done
Event: 9.839 loading class java/util/AbstractListCustomizer
Event: 9.839 loading class java/util/AbstractListCustomizer done
Event: 9.840 loading class java/util/AbstractListCustomizer
Event: 9.840 loading class java/util/AbstractListCustomizer done
Event: 9.840 loading class java/util/ArrayListCustomizer
Event: 9.840 loading class java/util/ArrayListCustomizer done
Event: 9.840 loading class java/util/ArrayListCustomizer
Event: 9.840 loading class java/util/ArrayListCustomizer done
Event: 10.230 loading class java/util/ArrayList$SubList$1
Event: 10.230 loading class java/util/ArrayList$SubList$1 done


Dynamic libraries:
0x00007ff6cbde0000 - 0x00007ff6cbdea000 	C:\Program Files (x86)\android-studio-2022.3.1.17-windows\android-studio\jbr\bin\java.exe
0x00007ff9dd150000 - 0x00007ff9dd367000 	C:\WINDOWS\SYSTEM32\ntdll.dll
0x00007ff9daeb0000 - 0x00007ff9daf74000 	C:\WINDOWS\System32\KERNEL32.DLL
0x00007ff9da8b0000 - 0x00007ff9dac56000 	C:\WINDOWS\System32\KERNELBASE.dll
0x00007ff9da4d0000 - 0x00007ff9da5e1000 	C:\WINDOWS\System32\ucrtbase.dll
0x00007ff9b8ae0000 - 0x00007ff9b8af7000 	C:\Program Files (x86)\android-studio-2022.3.1.17-windows\android-studio\jbr\bin\jli.dll
0x00007ff9b5150000 - 0x00007ff9b516b000 	C:\Program Files (x86)\android-studio-2022.3.1.17-windows\android-studio\jbr\bin\VCRUNTIME140.dll
0x00007ff9dc1a0000 - 0x00007ff9dc34d000 	C:\WINDOWS\System32\USER32.dll
0x00007ff9da5f0000 - 0x00007ff9da616000 	C:\WINDOWS\System32\win32u.dll
0x00007ff9dd0e0000 - 0x00007ff9dd109000 	C:\WINDOWS\System32\GDI32.dll
0x00007ff9da790000 - 0x00007ff9da8a8000 	C:\WINDOWS\System32\gdi32full.dll
0x00007ff9dad20000 - 0x00007ff9dadba000 	C:\WINDOWS\System32\msvcp_win.dll
0x00007ff9c8070000 - 0x00007ff9c8303000 	C:\WINDOWS\WinSxS\amd64_microsoft.windows.common-controls_6595b64144ccf1df_6.0.22621.2361_none_2712ced57382f843\COMCTL32.dll
0x00007ff9daff0000 - 0x00007ff9db097000 	C:\WINDOWS\System32\msvcrt.dll
0x00007ff9daf80000 - 0x00007ff9dafb1000 	C:\WINDOWS\System32\IMM32.DLL
0x00007ff9d0840000 - 0x00007ff9d084c000 	C:\Program Files (x86)\android-studio-2022.3.1.17-windows\android-studio\jbr\bin\vcruntime140_1.dll
0x00007ff9a0df0000 - 0x00007ff9a0e7d000 	C:\Program Files (x86)\android-studio-2022.3.1.17-windows\android-studio\jbr\bin\msvcp140.dll
0x00007ff9559b0000 - 0x00007ff95661e000 	C:\Program Files (x86)\android-studio-2022.3.1.17-windows\android-studio\jbr\bin\server\jvm.dll
0x00007ff9dce00000 - 0x00007ff9dceb0000 	C:\WINDOWS\System32\ADVAPI32.dll
0x00007ff9dc350000 - 0x00007ff9dc3f6000 	C:\WINDOWS\System32\sechost.dll
0x00007ff9dbdc0000 - 0x00007ff9dbed7000 	C:\WINDOWS\System32\RPCRT4.dll
0x00007ff9cda10000 - 0x00007ff9cda1a000 	C:\WINDOWS\SYSTEM32\VERSION.dll
0x00007ff9d0720000 - 0x00007ff9d0754000 	C:\WINDOWS\SYSTEM32\WINMM.dll
0x00007ff9c0510000 - 0x00007ff9c0519000 	C:\WINDOWS\SYSTEM32\WSOCK32.dll
0x00007ff9db760000 - 0x00007ff9db7d1000 	C:\WINDOWS\System32\WS2_32.dll
0x00007ff9d9600000 - 0x00007ff9d9618000 	C:\WINDOWS\SYSTEM32\kernel.appcore.dll
0x00007ff9ce880000 - 0x00007ff9ce88a000 	C:\Program Files (x86)\android-studio-2022.3.1.17-windows\android-studio\jbr\bin\jimage.dll
0x00007ff9d7f30000 - 0x00007ff9d815e000 	C:\WINDOWS\SYSTEM32\DBGHELP.DLL
0x00007ff9db210000 - 0x00007ff9db59a000 	C:\WINDOWS\System32\combase.dll
0x00007ff9db0a0000 - 0x00007ff9db177000 	C:\WINDOWS\System32\OLEAUT32.dll
0x00007ff9ce600000 - 0x00007ff9ce632000 	C:\WINDOWS\SYSTEM32\dbgcore.DLL
0x00007ff9dadc0000 - 0x00007ff9dae3a000 	C:\WINDOWS\System32\bcryptPrimitives.dll
0x00007ff9cd930000 - 0x00007ff9cd955000 	C:\Program Files (x86)\android-studio-2022.3.1.17-windows\android-studio\jbr\bin\java.dll
0x00007ff9cce00000 - 0x00007ff9cce18000 	C:\Program Files (x86)\android-studio-2022.3.1.17-windows\android-studio\jbr\bin\zip.dll
0x00007ff9dc400000 - 0x00007ff9dcc58000 	C:\WINDOWS\System32\SHELL32.dll
0x00007ff9d8440000 - 0x00007ff9d8d32000 	C:\WINDOWS\SYSTEM32\windows.storage.dll
0x00007ff9d8300000 - 0x00007ff9d843e000 	C:\WINDOWS\SYSTEM32\wintypes.dll
0x00007ff9dbc60000 - 0x00007ff9dbd53000 	C:\WINDOWS\System32\SHCORE.dll
0x00007ff9dbd60000 - 0x00007ff9dbdbe000 	C:\WINDOWS\System32\shlwapi.dll
0x00007ff9da400000 - 0x00007ff9da426000 	C:\WINDOWS\SYSTEM32\profapi.dll
0x00007ff9c8010000 - 0x00007ff9c8029000 	C:\Program Files (x86)\android-studio-2022.3.1.17-windows\android-studio\jbr\bin\net.dll
0x00007ff9d2130000 - 0x00007ff9d2267000 	C:\WINDOWS\SYSTEM32\WINHTTP.dll
0x00007ff9d9a80000 - 0x00007ff9d9ae9000 	C:\WINDOWS\system32\mswsock.dll
0x00007ff9bedb0000 - 0x00007ff9bedc6000 	C:\Program Files (x86)\android-studio-2022.3.1.17-windows\android-studio\jbr\bin\nio.dll
0x00007ff9cd920000 - 0x00007ff9cd930000 	C:\Program Files (x86)\android-studio-2022.3.1.17-windows\android-studio\jbr\bin\verify.dll
0x00007ff9a86d0000 - 0x00007ff9a86f7000 	C:\Users\user\.gradle\native\68d5fa5c4cc2d200863cafc0d521ce42e7d3e7ee720ec0a83991735586a16f82\windows-amd64\native-platform.dll
0x00007ff99cac0000 - 0x00007ff99cc04000 	C:\Users\user\.gradle\native\e376f236ea51e6404a007f0833ffe2c6e607c4080706a723a18a27aeea778392\windows-amd64\native-platform-file-events.dll
0x00007ff9cd700000 - 0x00007ff9cd709000 	C:\Program Files (x86)\android-studio-2022.3.1.17-windows\android-studio\jbr\bin\management.dll
0x00007ff9cd5e0000 - 0x00007ff9cd5eb000 	C:\Program Files (x86)\android-studio-2022.3.1.17-windows\android-studio\jbr\bin\management_ext.dll
0x00007ff9db180000 - 0x00007ff9db188000 	C:\WINDOWS\System32\PSAPI.DLL
0x00007ff9d9cd0000 - 0x00007ff9d9ceb000 	C:\WINDOWS\SYSTEM32\CRYPTSP.dll
0x00007ff9d9560000 - 0x00007ff9d9595000 	C:\WINDOWS\system32\rsaenh.dll
0x00007ff9d9b70000 - 0x00007ff9d9b9c000 	C:\WINDOWS\SYSTEM32\USERENV.dll
0x00007ff9d9e90000 - 0x00007ff9d9eb8000 	C:\WINDOWS\SYSTEM32\bcrypt.dll
0x00007ff9d9cf0000 - 0x00007ff9d9cfc000 	C:\WINDOWS\SYSTEM32\CRYPTBASE.dll
0x00007ff9d9050000 - 0x00007ff9d907d000 	C:\WINDOWS\SYSTEM32\IPHLPAPI.DLL
0x00007ff9db750000 - 0x00007ff9db759000 	C:\WINDOWS\System32\NSI.dll
0x00007ff9d0b70000 - 0x00007ff9d0b89000 	C:\WINDOWS\SYSTEM32\dhcpcsvc6.DLL
0x00007ff9d0b30000 - 0x00007ff9d0b4f000 	C:\WINDOWS\SYSTEM32\dhcpcsvc.DLL
0x00007ff9d9080000 - 0x00007ff9d9179000 	C:\WINDOWS\SYSTEM32\DNSAPI.dll
0x00007ff9cd2c0000 - 0x00007ff9cd2c8000 	C:\WINDOWS\system32\wshunix.dll
0x00007ff9d0b60000 - 0x00007ff9d0b6a000 	C:\Windows\System32\rasadhlp.dll
0x00007ff9cedc0000 - 0x00007ff9cee44000 	C:\WINDOWS\System32\fwpuclnt.dll

dbghelp: loaded successfully - version: 4.0.5 - missing functions: none
symbol engine: initialized successfully - sym options: 0x614 - pdb path: .;C:\Program Files (x86)\android-studio-2022.3.1.17-windows\android-studio\jbr\bin;C:\WINDOWS\SYSTEM32;C:\WINDOWS\WinSxS\amd64_microsoft.windows.common-controls_6595b64144ccf1df_6.0.22621.2361_none_2712ced57382f843;C:\Program Files (x86)\android-studio-2022.3.1.17-windows\android-studio\jbr\bin\server;C:\Users\user\.gradle\native\68d5fa5c4cc2d200863cafc0d521ce42e7d3e7ee720ec0a83991735586a16f82\windows-amd64;C:\Users\user\.gradle\native\e376f236ea51e6404a007f0833ffe2c6e607c4080706a723a18a27aeea778392\windows-amd64

VM Arguments:
jvm_args: --add-opens=java.base/java.util=ALL-UNNAMED --add-opens=java.base/java.lang=ALL-UNNAMED --add-opens=java.base/java.lang.invoke=ALL-UNNAMED --add-opens=java.prefs/java.util.prefs=ALL-UNNAMED --add-opens=java.base/java.nio.charset=ALL-UNNAMED --add-opens=java.base/java.net=ALL-UNNAMED --add-opens=java.base/java.util.concurrent.atomic=ALL-UNNAMED -Xmx2048m -Dfile.encoding=UTF-8 -Duser.country=KR -Duser.language=ko -Duser.variant 
java_command: org.gradle.launcher.daemon.bootstrap.GradleDaemon 8.0
java_class_path (initial): C:\Users\user\.gradle\wrapper\dists\gradle-8.0-bin\ca5e32bp14vu59qr306oxotwh\gradle-8.0\lib\gradle-launcher-8.0.jar
Launcher Type: SUN_STANDARD

[Global flags]
     intx CICompilerCount                          = 4                                         {product} {ergonomic}
     uint ConcGCThreads                            = 2                                         {product} {ergonomic}
     uint G1ConcRefinementThreads                  = 8                                         {product} {ergonomic}
   size_t G1HeapRegionSize                         = 1048576                                   {product} {ergonomic}
    uintx GCDrainStackTargetSize                   = 64                                        {product} {ergonomic}
   size_t InitialHeapSize                          = 130023424                                 {product} {ergonomic}
   size_t MarkStackSize                            = 4194304                                   {product} {ergonomic}
   size_t MaxHeapSize                              = 2147483648                                {product} {command line}
   size_t MaxNewSize                               = 1287651328                                {product} {ergonomic}
   size_t MinHeapDeltaBytes                        = 1048576                                   {product} {ergonomic}
   size_t MinHeapSize                              = 8388608                                   {product} {ergonomic}
    uintx NonNMethodCodeHeapSize                   = 5839372                                {pd product} {ergonomic}
    uintx NonProfiledCodeHeapSize                  = 122909434                              {pd product} {ergonomic}
    uintx ProfiledCodeHeapSize                     = 122909434                              {pd product} {ergonomic}
    uintx ReservedCodeCacheSize                    = 251658240                              {pd product} {ergonomic}
     bool SegmentedCodeCache                       = true                                      {product} {ergonomic}
   size_t SoftMaxHeapSize                          = 2147483648                             {manageable} {ergonomic}
     bool UseCompressedClassPointers               = true                           {product lp64_product} {ergonomic}
     bool UseCompressedOops                        = true                           {product lp64_product} {ergonomic}
     bool UseG1GC                                  = true                                      {product} {ergonomic}
     bool UseLargePagesIndividualAllocation        = false                                  {pd product} {ergonomic}

Logging:
Log output configuration:
 #0: stdout all=warning uptime,level,tags
 #1: stderr all=off uptime,level,tags

Environment Variables:
PATH=C:\Program Files\Common Files\Oracle\Java\javapath;C:\WINDOWS\system32;C:\WINDOWS;C:\WINDOWS\System32\Wbem;C:\WINDOWS\System32\WindowsPowerShell\v1.0\;C:\WINDOWS\System32\OpenSSH\;C:\Program Files (x86)\Git\cmd;C:\Program Files\Java\jdk-18.0.2.1\bin;C:\Program Files\MATLAB\R2022a\bin;C:\Program Files\Java\openssl-0.9.8e_X64\bin;C:\Program Files\nodejs\;C:\ProgramData\chocolatey\bin;C:\Users\user\AppData\Local\Programs\Python\Python39\Scripts\;C:\Users\user\AppData\Local\Programs\Python\Python39\;C:\Users\user\AppData\Local\Microsoft\WindowsApps;C:\Users\user\AppData\Local\Programs\Microsoft VS Code\bin;C:\Program Files\JetBrains\PyCharm Community Edition 2021.2\bin;;C:\Users\user\flutter\bin;C:\Users\user\AppData\Roaming\npm;C:\Program Files\JetBrains\IntelliJ IDEA 2023.2.2\bin;;C:\Users\user\AppData\Local\afreeca
USERNAME=user
OS=Windows_NT
PROCESSOR_IDENTIFIER=Intel64 Family 6 Model 140 Stepping 1, GenuineIntel
TMP=C:\Users\user\AppData\Local\Temp
TEMP=C:\Users\user\AppData\Local\Temp


JNI global refs:
JNI global refs: 25, weak refs: 1

JNI global refs memory usage: 843, weak refs: 841


---------------  S Y S T E M  ---------------

OS:
 Windows 11 , 64 bit Build 22621 (10.0.22621.2428)
OS uptime: 1 days 10:22 hours

CPU: total 8 (initial active 8) (4 cores per cpu, 2 threads per core) family 6 model 140 stepping 1 microcode 0x9a, cx8, cmov, fxsr, ht, mmx, 3dnowpref, sse, sse2, sse3, ssse3, sse4.1, sse4.2, popcnt, lzcnt, tsc, tscinvbit, avx, avx2, aes, erms, clmul, bmi1, bmi2, adx, avx512f, avx512dq, avx512cd, avx512bw, avx512vl, sha, fma, vzeroupper, avx512_vpopcntdq, avx512_vpclmulqdq, avx512_vaes, avx512_vnni, clflush, clflushopt, clwb, avx512_vbmi2, avx512_vbmi

Memory: 4k page, system-wide physical 7865M (328M free)
TotalPageFile size 11402M (AvailPageFile size 54M)
current process WorkingSet (physical memory assigned to process): 359M, peak: 365M
current process commit charge ("private bytes"): 402M, peak: 488M

vm_info: OpenJDK 64-Bit Server VM (17.0.6+0-b2043.56-10027231) for windows-amd64 JRE (17.0.6+0-b2043.56-10027231), built on Apr 28 2023 00:43:19 by "androidbuild" with MS VC++ 16.10 / 16.11 (VS2019)

END.
