#
# There is insufficient memory for the Java Runtime Environment to continue.
# Native memory allocation (mmap) failed to map 177209344 bytes for G1 virtual space
# Possible reasons:
#   The system is out of physical RAM or swap space
#   The process is running with CompressedOops enabled, and the Java Heap may be blocking the growth of the native heap
# Possible solutions:
#   Reduce memory load on the system
#   Increase physical memory or swap space
#   Check if swap backing store is full
#   Decrease Java heap size (-Xmx/-Xms)
#   Decrease number of Java threads
#   Decrease Java thread stack sizes (-Xss)
#   Set larger code cache with -XX:ReservedCodeCacheSize=
#   JVM is running with Unscaled Compressed Oops mode in which the Java heap is
#     placed in the first 4GB address space. The Java Heap base address is the
#     maximum limit for the native heap growth. Please use -XX:HeapBaseMinAddress
#     to set the Java Heap base and to place the Java Heap above 4GB virtual address.
# This output file may be truncated or incomplete.
#
#  Out of Memory Error (os_windows.cpp:3769), pid=16720, tid=10872
#
# JRE version: OpenJDK Runtime Environment (17.0.6) (build 17.0.6+0-b2043.56-10027231)
# Java VM: OpenJDK 64-Bit Server VM (17.0.6+0-b2043.56-10027231, mixed mode, tiered, compressed oops, compressed class ptrs, g1 gc, windows-amd64)
# No core dump will be written. Minidumps are not enabled by default on client versions of Windows
#

---------------  S U M M A R Y ------------

Command Line: org.jetbrains.kotlin.cli.jvm.K2JVMCompiler @C:\workspace\android\app\build\20231022_3836971730800001333.compiler.options

Host: 11th Gen Intel(R) Core(TM) i5-1135G7 @ 2.40GHz, 8 cores, 7G,  Windows 11 , 64 bit Build 22621 (10.0.22621.2428)
Time: Sun Oct 22 03:05:52 2023  Windows 11 , 64 bit Build 22621 (10.0.22621.2428) elapsed time: 72.998706 seconds (0d 0h 1m 12s)

---------------  T H R E A D  ---------------

Current thread (0x000001e8ff486950):  VMThread "VM Thread" [stack: 0x0000009c78100000,0x0000009c78200000] [id=10872]

Stack: [0x0000009c78100000,0x0000009c78200000]
Native frames: (J=compiled Java code, j=interpreted, Vv=VM code, C=native code)
V  [jvm.dll+0x683c9a]
V  [jvm.dll+0x8427a4]
V  [jvm.dll+0x843f9e]
V  [jvm.dll+0x844603]
V  [jvm.dll+0x249b75]
V  [jvm.dll+0x680b69]
V  [jvm.dll+0x67505a]
V  [jvm.dll+0x309acb]
V  [jvm.dll+0x310f86]
V  [jvm.dll+0x3608ee]
V  [jvm.dll+0x360b1f]
V  [jvm.dll+0x2dfbf8]
V  [jvm.dll+0x2e2ce6]
V  [jvm.dll+0x2ed478]
V  [jvm.dll+0x322150]
V  [jvm.dll+0x848ccb]
V  [jvm.dll+0x849a04]
V  [jvm.dll+0x849f1d]
V  [jvm.dll+0x84a2f4]
V  [jvm.dll+0x84a3c0]
V  [jvm.dll+0x7f274a]
V  [jvm.dll+0x682ad5]
C  [ucrtbase.dll+0x29363]
C  [KERNEL32.DLL+0x1257d]
C  [ntdll.dll+0x5aa78]

VM_Operation (0x0000009c77dff2f0): G1Concurrent, mode: safepoint, requested by thread 0x000001e8f498ef30


---------------  P R O C E S S  ---------------

Threads class SMR info:
_java_thread_list=0x000001e893b9cb40, length=13, elements={
0x000001e8f4919fd0, 0x000001e8ff4aa260, 0x000001e8ff4aae20, 0x000001e88f8133e0,
0x000001e88f813ca0, 0x000001e88f816b90, 0x000001e88f833400, 0x000001e88f837720,
0x000001e88f8381e0, 0x000001e88f839b10, 0x000001e88f9be6c0, 0x000001e88f9d3410,
0x000001e89188a0b0
}

Java Threads: ( => current thread )
  0x000001e8f4919fd0 JavaThread "main" [_thread_blocked, id=4804, stack(0x0000009c77b00000,0x0000009c77c00000)]
  0x000001e8ff4aa260 JavaThread "Reference Handler" daemon [_thread_blocked, id=4956, stack(0x0000009c78200000,0x0000009c78300000)]
  0x000001e8ff4aae20 JavaThread "Finalizer" daemon [_thread_blocked, id=23324, stack(0x0000009c78300000,0x0000009c78400000)]
  0x000001e88f8133e0 JavaThread "Signal Dispatcher" daemon [_thread_blocked, id=12592, stack(0x0000009c78400000,0x0000009c78500000)]
  0x000001e88f813ca0 JavaThread "Attach Listener" daemon [_thread_blocked, id=13432, stack(0x0000009c78500000,0x0000009c78600000)]
  0x000001e88f816b90 JavaThread "Service Thread" daemon [_thread_blocked, id=18928, stack(0x0000009c78600000,0x0000009c78700000)]
  0x000001e88f833400 JavaThread "Monitor Deflation Thread" daemon [_thread_blocked, id=19296, stack(0x0000009c78700000,0x0000009c78800000)]
  0x000001e88f837720 JavaThread "C2 CompilerThread0" daemon [_thread_blocked, id=18584, stack(0x0000009c78800000,0x0000009c78900000)]
  0x000001e88f8381e0 JavaThread "C1 CompilerThread0" daemon [_thread_blocked, id=14524, stack(0x0000009c78900000,0x0000009c78a00000)]
  0x000001e88f839b10 JavaThread "Sweeper thread" daemon [_thread_blocked, id=19996, stack(0x0000009c78a00000,0x0000009c78b00000)]
  0x000001e88f9be6c0 JavaThread "Notification Thread" daemon [_thread_blocked, id=18372, stack(0x0000009c78b00000,0x0000009c78c00000)]
  0x000001e88f9d3410 JavaThread "Common-Cleaner" daemon [_thread_blocked, id=15192, stack(0x0000009c78d00000,0x0000009c78e00000)]
  0x000001e89188a0b0 JavaThread "C2 CompilerThread1" daemon [_thread_blocked, id=16812, stack(0x0000009c79900000,0x0000009c79a00000)]

Other Threads:
=>0x000001e8ff486950 VMThread "VM Thread" [stack: 0x0000009c78100000,0x0000009c78200000] [id=10872]
  0x000001e8f49969e0 WatcherThread [stack: 0x0000009c78c00000,0x0000009c78d00000] [id=14344]
  0x000001e8f497e250 GCTaskThread "GC Thread#0" [stack: 0x0000009c77c00000,0x0000009c77d00000] [id=3928]
  0x000001e8900dc010 GCTaskThread "GC Thread#1" [stack: 0x0000009c78f00000,0x0000009c79000000] [id=9536]
  0x000001e8900f1cf0 GCTaskThread "GC Thread#2" [stack: 0x0000009c79000000,0x0000009c79100000] [id=22960]
  0x000001e8900f1fa0 GCTaskThread "GC Thread#3" [stack: 0x0000009c79100000,0x0000009c79200000] [id=23812]
  0x000001e8900f2250 GCTaskThread "GC Thread#4" [stack: 0x0000009c79200000,0x0000009c79300000] [id=18392]
  0x000001e891226f90 GCTaskThread "GC Thread#5" [stack: 0x0000009c79400000,0x0000009c79500000] [id=9292]
  0x000001e891353bb0 GCTaskThread "GC Thread#6" [stack: 0x0000009c79500000,0x0000009c79600000] [id=22148]
  0x000001e8911231a0 GCTaskThread "GC Thread#7" [stack: 0x0000009c79600000,0x0000009c79700000] [id=18316]
  0x000001e8f498ef30 ConcurrentGCThread "G1 Main Marker" [stack: 0x0000009c77d00000,0x0000009c77e00000] [id=19168]
  0x000001e8f498f940 ConcurrentGCThread "G1 Conc#0" [stack: 0x0000009c77e00000,0x0000009c77f00000] [id=20368]
  0x000001e8912660a0 ConcurrentGCThread "G1 Conc#1" [stack: 0x0000009c79700000,0x0000009c79800000] [id=10692]
  0x000001e8f49d4b40 ConcurrentGCThread "G1 Refine#0" [stack: 0x0000009c77f00000,0x0000009c78000000] [id=23676]
  0x000001e89036c1b0 ConcurrentGCThread "G1 Refine#1" [stack: 0x0000009c78e00000,0x0000009c78f00000] [id=23204]
  0x000001e89036bed0 ConcurrentGCThread "G1 Refine#2" [stack: 0x0000009c79300000,0x0000009c79400000] [id=23116]
  0x000001e89036ca50 ConcurrentGCThread "G1 Refine#3" [stack: 0x0000009c79800000,0x0000009c79900000] [id=23432]
  0x000001e89382e3c0 ConcurrentGCThread "G1 Refine#4" [stack: 0x0000009c79a00000,0x0000009c79b00000] [id=18956]
  0x000001e89382e980 ConcurrentGCThread "G1 Refine#5" [stack: 0x0000009c79b00000,0x0000009c79c00000] [id=14760]
  0x000001e89036b630 ConcurrentGCThread "G1 Refine#6" [stack: 0x0000009c79c00000,0x0000009c79d00000] [id=11692]
  0x000001e8ff2e2710 ConcurrentGCThread "G1 Service" [stack: 0x0000009c78000000,0x0000009c78100000] [id=6624]

Threads with active compile tasks:

VM state: at safepoint (normal execution)

VM Mutex/Monitor currently owned by a thread:  ([mutex/lock_event])
[0x000001e8f4916630] Threads_lock - owner thread: 0x000001e8ff486950
[0x000001e8f4915ee0] Heap_lock - owner thread: 0x000001e8f498ef30

Heap address: 0x0000000085000000, size: 1968 MB, Compressed Oops mode: 32-bit

CDS archive(s) not mapped
Compressed class space mapped at: 0x0000000100000000-0x0000000140000000, reserved size: 1073741824
Narrow klass base: 0x0000000000000000, Narrow klass shift: 3, Narrow klass range: 0x140000000

GC Precious Log:
 CPUs: 8 total, 8 available
 Memory: 7865M
 Large Page Support: Disabled
 NUMA Support: Disabled
 Compressed Oops: Enabled (32-bit)
 Heap Region Size: 1M
 Heap Min Capacity: 8M
 Heap Initial Capacity: 124M
 Heap Max Capacity: 1968M
 Pre-touch: Disabled
 Parallel Workers: 8
 Concurrent Workers: 2
 Concurrent Refinement Workers: 8
 Periodic GC: Disabled

Heap:
 garbage-first heap   total 333824K, used 301342K [0x0000000085000000, 0x0000000100000000)
  region size 1024K, 6 young (6144K), 2 survivors (2048K)
 Metaspace       used 74555K, committed 74944K, reserved 1122304K
  class space    used 8119K, committed 8320K, reserved 1048576K

Heap Regions: E=young(eden), S=young(survivor), O=old, HS=humongous(starts), HC=humongous(continues), CS=collection set, F=free, OA=open archive, CA=closed archive, TAMS=top-at-mark-start (previous, next)
|   0|0x0000000085000000, 0x0000000085100000, 0x0000000085100000|100%|HS|  |TAMS 0x0000000085100000, 0x0000000085000000| Complete 
|   1|0x0000000085100000, 0x0000000085200000, 0x0000000085200000|100%|HC|  |TAMS 0x0000000085200000, 0x0000000085100000| Complete 
|   2|0x0000000085200000, 0x0000000085300000, 0x0000000085300000|100%|HC|  |TAMS 0x0000000085300000, 0x0000000085200000| Complete 
|   3|0x0000000085300000, 0x0000000085400000, 0x0000000085400000|100%|HC|  |TAMS 0x0000000085400000, 0x0000000085300000| Complete 
|   4|0x0000000085400000, 0x0000000085500000, 0x0000000085500000|100%| O|  |TAMS 0x0000000085500000, 0x0000000085400000| Untracked 
|   5|0x0000000085500000, 0x0000000085600000, 0x0000000085600000|100%| O|  |TAMS 0x0000000085600000, 0x0000000085500000| Untracked 
|   6|0x0000000085600000, 0x00000000856f6800, 0x0000000085700000| 96%| O|  |TAMS 0x00000000856f6800, 0x0000000085600000| Untracked 
|   7|0x0000000085700000, 0x0000000085800000, 0x0000000085800000|100%|HS|  |TAMS 0x0000000085800000, 0x0000000085700000| Complete 
|   8|0x0000000085800000, 0x0000000085900000, 0x0000000085900000|100%|HC|  |TAMS 0x0000000085900000, 0x0000000085800000| Complete 
|   9|0x0000000085900000, 0x0000000085a00000, 0x0000000085a00000|100%|HC|  |TAMS 0x0000000085a00000, 0x0000000085900000| Complete 
|  10|0x0000000085a00000, 0x0000000085b00000, 0x0000000085b00000|100%|HC|  |TAMS 0x0000000085b00000, 0x0000000085a00000| Complete 
|  11|0x0000000085b00000, 0x0000000085c00000, 0x0000000085c00000|100%| O|  |TAMS 0x0000000085c00000, 0x0000000085b00000| Untracked 
|  12|0x0000000085c00000, 0x0000000085d00000, 0x0000000085d00000|100%| O|  |TAMS 0x0000000085d00000, 0x0000000085c00000| Untracked 
|  13|0x0000000085d00000, 0x0000000085e00000, 0x0000000085e00000|100%| O|  |TAMS 0x0000000085e00000, 0x0000000085d00000| Updating 
|  14|0x0000000085e00000, 0x0000000085f00000, 0x0000000085f00000|100%| O|  |TAMS 0x0000000085f00000, 0x0000000085e00000| Untracked 
|  15|0x0000000085f00000, 0x0000000086000000, 0x0000000086000000|100%| O|  |TAMS 0x0000000086000000, 0x0000000085f00000| Untracked 
|  16|0x0000000086000000, 0x0000000086100000, 0x0000000086100000|100%| O|  |TAMS 0x0000000086100000, 0x0000000086000000| Updating 
|  17|0x0000000086100000, 0x0000000086200000, 0x0000000086200000|100%| O|  |TAMS 0x0000000086200000, 0x0000000086100000| Untracked 
|  18|0x0000000086200000, 0x0000000086300000, 0x0000000086300000|100%| O|  |TAMS 0x0000000086300000, 0x0000000086200000| Untracked 
|  19|0x0000000086300000, 0x0000000086400000, 0x0000000086400000|100%| O|  |TAMS 0x0000000086400000, 0x0000000086300000| Untracked 
|  20|0x0000000086400000, 0x0000000086500000, 0x0000000086500000|100%| O|  |TAMS 0x0000000086500000, 0x0000000086400000| Untracked 
|  21|0x0000000086500000, 0x0000000086600000, 0x0000000086600000|100%| O|  |TAMS 0x0000000086600000, 0x0000000086500000| Untracked 
|  22|0x0000000086600000, 0x0000000086700000, 0x0000000086700000|100%| O|  |TAMS 0x0000000086700000, 0x0000000086600000| Updating 
|  23|0x0000000086700000, 0x0000000086800000, 0x0000000086800000|100%| O|  |TAMS 0x0000000086800000, 0x0000000086700000| Untracked 
|  24|0x0000000086800000, 0x0000000086900000, 0x0000000086900000|100%| O|  |TAMS 0x0000000086900000, 0x0000000086800000| Untracked 
|  25|0x0000000086900000, 0x0000000086a00000, 0x0000000086a00000|100%| O|  |TAMS 0x0000000086a00000, 0x0000000086900000| Untracked 
|  26|0x0000000086a00000, 0x0000000086b00000, 0x0000000086b00000|100%| O|  |TAMS 0x0000000086b00000, 0x0000000086a00000| Untracked 
|  27|0x0000000086b00000, 0x0000000086c00000, 0x0000000086c00000|100%| O|  |TAMS 0x0000000086c00000, 0x0000000086b00000| Untracked 
|  28|0x0000000086c00000, 0x0000000086d00000, 0x0000000086d00000|100%| O|  |TAMS 0x0000000086d00000, 0x0000000086c00000| Untracked 
|  29|0x0000000086d00000, 0x0000000086e00000, 0x0000000086e00000|100%| O|  |TAMS 0x0000000086e00000, 0x0000000086d00000| Updating 
|  30|0x0000000086e00000, 0x0000000086f00000, 0x0000000086f00000|100%| O|  |TAMS 0x0000000086f00000, 0x0000000086e00000| Untracked 
|  31|0x0000000086f00000, 0x0000000087000000, 0x0000000087000000|100%| O|  |TAMS 0x0000000087000000, 0x0000000086f00000| Updating 
|  32|0x0000000087000000, 0x0000000087100000, 0x0000000087100000|100%| O|  |TAMS 0x0000000087100000, 0x0000000087000000| Untracked 
|  33|0x0000000087100000, 0x0000000087200000, 0x0000000087200000|100%| O|  |TAMS 0x0000000087200000, 0x0000000087100000| Untracked 
|  34|0x0000000087200000, 0x0000000087300000, 0x0000000087300000|100%| O|  |TAMS 0x0000000087300000, 0x0000000087200000| Untracked 
|  35|0x0000000087300000, 0x0000000087400000, 0x0000000087400000|100%| O|  |TAMS 0x0000000087400000, 0x0000000087300000| Untracked 
|  36|0x0000000087400000, 0x0000000087500000, 0x0000000087500000|100%| O|  |TAMS 0x0000000087500000, 0x0000000087400000| Untracked 
|  37|0x0000000087500000, 0x0000000087600000, 0x0000000087600000|100%| O|  |TAMS 0x0000000087600000, 0x0000000087500000| Untracked 
|  38|0x0000000087600000, 0x0000000087700000, 0x0000000087700000|100%| O|  |TAMS 0x0000000087700000, 0x0000000087600000| Untracked 
|  39|0x0000000087700000, 0x0000000087800000, 0x0000000087800000|100%| O|  |TAMS 0x0000000087800000, 0x0000000087700000| Untracked 
|  40|0x0000000087800000, 0x0000000087900000, 0x0000000087900000|100%| O|  |TAMS 0x0000000087900000, 0x0000000087800000| Untracked 
|  41|0x0000000087900000, 0x0000000087a00000, 0x0000000087a00000|100%| O|  |TAMS 0x0000000087a00000, 0x0000000087900000| Untracked 
|  42|0x0000000087a00000, 0x0000000087b00000, 0x0000000087b00000|100%| O|  |TAMS 0x0000000087b00000, 0x0000000087a00000| Untracked 
|  43|0x0000000087b00000, 0x0000000087c00000, 0x0000000087c00000|100%| O|  |TAMS 0x0000000087c00000, 0x0000000087b00000| Untracked 
|  44|0x0000000087c00000, 0x0000000087d00000, 0x0000000087d00000|100%| O|  |TAMS 0x0000000087d00000, 0x0000000087c00000| Untracked 
|  45|0x0000000087d00000, 0x0000000087e00000, 0x0000000087e00000|100%| O|  |TAMS 0x0000000087e00000, 0x0000000087d00000| Updating 
|  46|0x0000000087e00000, 0x0000000087f00000, 0x0000000087f00000|100%| O|  |TAMS 0x0000000087f00000, 0x0000000087e00000| Untracked 
|  47|0x0000000087f00000, 0x0000000088000000, 0x0000000088000000|100%| O|  |TAMS 0x0000000088000000, 0x0000000087f00000| Untracked 
|  48|0x0000000088000000, 0x0000000088100000, 0x0000000088100000|100%| O|  |TAMS 0x0000000088100000, 0x0000000088000000| Updating 
|  49|0x0000000088100000, 0x0000000088200000, 0x0000000088200000|100%| O|  |TAMS 0x0000000088200000, 0x0000000088100000| Untracked 
|  50|0x0000000088200000, 0x0000000088300000, 0x0000000088300000|100%| O|  |TAMS 0x0000000088300000, 0x0000000088200000| Untracked 
|  51|0x0000000088300000, 0x0000000088400000, 0x0000000088400000|100%| O|  |TAMS 0x0000000088400000, 0x0000000088300000| Updating 
|  52|0x0000000088400000, 0x0000000088500000, 0x0000000088500000|100%| O|  |TAMS 0x0000000088500000, 0x0000000088400000| Untracked 
|  53|0x0000000088500000, 0x0000000088600000, 0x0000000088600000|100%| O|  |TAMS 0x0000000088600000, 0x0000000088500000| Updating 
|  54|0x0000000088600000, 0x0000000088700000, 0x0000000088700000|100%| O|  |TAMS 0x0000000088700000, 0x0000000088600000| Untracked 
|  55|0x0000000088700000, 0x0000000088800000, 0x0000000088800000|100%| O|  |TAMS 0x0000000088800000, 0x0000000088700000| Untracked 
|  56|0x0000000088800000, 0x0000000088900000, 0x0000000088900000|100%| O|  |TAMS 0x0000000088900000, 0x0000000088800000| Untracked 
|  57|0x0000000088900000, 0x0000000088a00000, 0x0000000088a00000|100%|HS|  |TAMS 0x0000000088a00000, 0x0000000088900000| Complete 
|  58|0x0000000088a00000, 0x0000000088b00000, 0x0000000088b00000|100%|HC|  |TAMS 0x0000000088b00000, 0x0000000088a00000| Complete 
|  59|0x0000000088b00000, 0x0000000088c00000, 0x0000000088c00000|100%| O|  |TAMS 0x0000000088c00000, 0x0000000088b00000| Untracked 
|  60|0x0000000088c00000, 0x0000000088d00000, 0x0000000088d00000|100%| O|  |TAMS 0x0000000088d00000, 0x0000000088c00000| Untracked 
|  61|0x0000000088d00000, 0x0000000088e00000, 0x0000000088e00000|100%| O|  |TAMS 0x0000000088e00000, 0x0000000088d00000| Untracked 
|  62|0x0000000088e00000, 0x0000000088f00000, 0x0000000088f00000|100%| O|  |TAMS 0x0000000088f00000, 0x0000000088e00000| Updating 
|  63|0x0000000088f00000, 0x0000000089000000, 0x0000000089000000|100%| O|  |TAMS 0x0000000089000000, 0x0000000088f00000| Untracked 
|  64|0x0000000089000000, 0x0000000089100000, 0x0000000089100000|100%| O|  |TAMS 0x0000000089100000, 0x0000000089000000| Updating 
|  65|0x0000000089100000, 0x0000000089100000, 0x0000000089200000|  0%| F|  |TAMS 0x0000000089100000, 0x0000000089100000| Untracked 
|  66|0x0000000089200000, 0x0000000089200000, 0x0000000089300000|  0%| F|  |TAMS 0x0000000089200000, 0x0000000089200000| Untracked 
|  67|0x0000000089300000, 0x0000000089400000, 0x0000000089400000|100%| O|  |TAMS 0x0000000089400000, 0x0000000089300000| Updating 
|  68|0x0000000089400000, 0x0000000089500000, 0x0000000089500000|100%| O|  |TAMS 0x0000000089500000, 0x0000000089400000| Untracked 
|  69|0x0000000089500000, 0x0000000089600000, 0x0000000089600000|100%| O|  |TAMS 0x0000000089600000, 0x0000000089500000| Untracked 
|  70|0x0000000089600000, 0x0000000089700000, 0x0000000089700000|100%| O|  |TAMS 0x0000000089700000, 0x0000000089600000| Untracked 
|  71|0x0000000089700000, 0x0000000089800000, 0x0000000089800000|100%| O|  |TAMS 0x0000000089800000, 0x0000000089700000| Untracked 
|  72|0x0000000089800000, 0x0000000089900000, 0x0000000089900000|100%| O|  |TAMS 0x0000000089900000, 0x0000000089800000| Untracked 
|  73|0x0000000089900000, 0x0000000089a00000, 0x0000000089a00000|100%| O|  |TAMS 0x0000000089a00000, 0x0000000089900000| Untracked 
|  74|0x0000000089a00000, 0x0000000089b00000, 0x0000000089b00000|100%| O|  |TAMS 0x0000000089b00000, 0x0000000089a00000| Updating 
|  75|0x0000000089b00000, 0x0000000089c00000, 0x0000000089c00000|100%| O|  |TAMS 0x0000000089c00000, 0x0000000089b00000| Untracked 
|  76|0x0000000089c00000, 0x0000000089d00000, 0x0000000089d00000|100%| O|  |TAMS 0x0000000089d00000, 0x0000000089c00000| Untracked 
|  77|0x0000000089d00000, 0x0000000089e00000, 0x0000000089e00000|100%| O|  |TAMS 0x0000000089e00000, 0x0000000089d00000| Untracked 
|  78|0x0000000089e00000, 0x0000000089f00000, 0x0000000089f00000|100%| O|  |TAMS 0x0000000089f00000, 0x0000000089e00000| Untracked 
|  79|0x0000000089f00000, 0x000000008a000000, 0x000000008a000000|100%| O|  |TAMS 0x000000008a000000, 0x0000000089f00000| Untracked 
|  80|0x000000008a000000, 0x000000008a100000, 0x000000008a100000|100%| O|  |TAMS 0x000000008a100000, 0x000000008a000000| Untracked 
|  81|0x000000008a100000, 0x000000008a200000, 0x000000008a200000|100%| O|  |TAMS 0x000000008a200000, 0x000000008a100000| Untracked 
|  82|0x000000008a200000, 0x000000008a300000, 0x000000008a300000|100%| O|  |TAMS 0x000000008a300000, 0x000000008a200000| Untracked 
|  83|0x000000008a300000, 0x000000008a400000, 0x000000008a400000|100%| O|  |TAMS 0x000000008a400000, 0x000000008a300000| Untracked 
|  84|0x000000008a400000, 0x000000008a500000, 0x000000008a500000|100%| O|  |TAMS 0x000000008a500000, 0x000000008a400000| Untracked 
|  85|0x000000008a500000, 0x000000008a600000, 0x000000008a600000|100%| O|  |TAMS 0x000000008a600000, 0x000000008a500000| Updating 
|  86|0x000000008a600000, 0x000000008a700000, 0x000000008a700000|100%| O|  |TAMS 0x000000008a700000, 0x000000008a600000| Untracked 
|  87|0x000000008a700000, 0x000000008a800000, 0x000000008a800000|100%| O|  |TAMS 0x000000008a800000, 0x000000008a700000| Untracked 
|  88|0x000000008a800000, 0x000000008a900000, 0x000000008a900000|100%| O|  |TAMS 0x000000008a900000, 0x000000008a800000| Updating 
|  89|0x000000008a900000, 0x000000008aa00000, 0x000000008aa00000|100%| O|  |TAMS 0x000000008aa00000, 0x000000008a900000| Updating 
|  90|0x000000008aa00000, 0x000000008ab00000, 0x000000008ab00000|100%| O|  |TAMS 0x000000008ab00000, 0x000000008aa00000| Updating 
|  91|0x000000008ab00000, 0x000000008ac00000, 0x000000008ac00000|100%| O|  |TAMS 0x000000008ac00000, 0x000000008ab00000| Untracked 
|  92|0x000000008ac00000, 0x000000008ad00000, 0x000000008ad00000|100%| O|  |TAMS 0x000000008ad00000, 0x000000008ac00000| Untracked 
|  93|0x000000008ad00000, 0x000000008ae00000, 0x000000008ae00000|100%| O|  |TAMS 0x000000008ae00000, 0x000000008ad00000| Untracked 
|  94|0x000000008ae00000, 0x000000008af00000, 0x000000008af00000|100%| O|  |TAMS 0x000000008af00000, 0x000000008ae00000| Untracked 
|  95|0x000000008af00000, 0x000000008b000000, 0x000000008b000000|100%| O|  |TAMS 0x000000008b000000, 0x000000008af00000| Updating 
|  96|0x000000008b000000, 0x000000008b100000, 0x000000008b100000|100%|HS|  |TAMS 0x000000008b100000, 0x000000008b000000| Complete 
|  97|0x000000008b100000, 0x000000008b200000, 0x000000008b200000|100%|HC|  |TAMS 0x000000008b200000, 0x000000008b100000| Complete 
|  98|0x000000008b200000, 0x000000008b300000, 0x000000008b300000|100%|HC|  |TAMS 0x000000008b300000, 0x000000008b200000| Complete 
|  99|0x000000008b300000, 0x000000008b400000, 0x000000008b400000|100%|HC|  |TAMS 0x000000008b400000, 0x000000008b300000| Complete 
| 100|0x000000008b400000, 0x000000008b500000, 0x000000008b500000|100%|HC|  |TAMS 0x000000008b500000, 0x000000008b400000| Complete 
| 101|0x000000008b500000, 0x000000008b600000, 0x000000008b600000|100%|HC|  |TAMS 0x000000008b600000, 0x000000008b500000| Complete 
| 102|0x000000008b600000, 0x000000008b700000, 0x000000008b700000|100%|HC|  |TAMS 0x000000008b700000, 0x000000008b600000| Complete 
| 103|0x000000008b700000, 0x000000008b800000, 0x000000008b800000|100%|HC|  |TAMS 0x000000008b800000, 0x000000008b700000| Complete 
| 104|0x000000008b800000, 0x000000008b900000, 0x000000008b900000|100%|HC|  |TAMS 0x000000008b900000, 0x000000008b800000| Complete 
| 105|0x000000008b900000, 0x000000008ba00000, 0x000000008ba00000|100%| O|  |TAMS 0x000000008ba00000, 0x000000008b900000| Untracked 
| 106|0x000000008ba00000, 0x000000008bb00000, 0x000000008bb00000|100%| O|  |TAMS 0x000000008bb00000, 0x000000008ba00000| Updating 
| 107|0x000000008bb00000, 0x000000008bc00000, 0x000000008bc00000|100%| O|  |TAMS 0x000000008bc00000, 0x000000008bb00000| Updating 
| 108|0x000000008bc00000, 0x000000008bd00000, 0x000000008bd00000|100%| O|  |TAMS 0x000000008bd00000, 0x000000008bc00000| Untracked 
| 109|0x000000008bd00000, 0x000000008be00000, 0x000000008be00000|100%| O|  |TAMS 0x000000008be00000, 0x000000008bd00000| Untracked 
| 110|0x000000008be00000, 0x000000008bf00000, 0x000000008bf00000|100%| O|  |TAMS 0x000000008bf00000, 0x000000008be00000| Untracked 
| 111|0x000000008bf00000, 0x000000008c000000, 0x000000008c000000|100%| O|  |TAMS 0x000000008c000000, 0x000000008bf00000| Untracked 
| 112|0x000000008c000000, 0x000000008c100000, 0x000000008c100000|100%| O|  |TAMS 0x000000008c100000, 0x000000008c000000| Untracked 
| 113|0x000000008c100000, 0x000000008c200000, 0x000000008c200000|100%| O|  |TAMS 0x000000008c200000, 0x000000008c100000| Untracked 
| 114|0x000000008c200000, 0x000000008c300000, 0x000000008c300000|100%| O|  |TAMS 0x000000008c300000, 0x000000008c200000| Untracked 
| 115|0x000000008c300000, 0x000000008c400000, 0x000000008c400000|100%| O|  |TAMS 0x000000008c400000, 0x000000008c300000| Untracked 
| 116|0x000000008c400000, 0x000000008c500000, 0x000000008c500000|100%| O|  |TAMS 0x000000008c500000, 0x000000008c400000| Untracked 
| 117|0x000000008c500000, 0x000000008c600000, 0x000000008c600000|100%| O|  |TAMS 0x000000008c600000, 0x000000008c500000| Untracked 
| 118|0x000000008c600000, 0x000000008c700000, 0x000000008c700000|100%| O|  |TAMS 0x000000008c700000, 0x000000008c600000| Untracked 
| 119|0x000000008c700000, 0x000000008c800000, 0x000000008c800000|100%| O|  |TAMS 0x000000008c800000, 0x000000008c700000| Untracked 
| 120|0x000000008c800000, 0x000000008c900000, 0x000000008c900000|100%| O|  |TAMS 0x000000008c900000, 0x000000008c800000| Untracked 
| 121|0x000000008c900000, 0x000000008ca00000, 0x000000008ca00000|100%| O|  |TAMS 0x000000008ca00000, 0x000000008c900000| Untracked 
| 122|0x000000008ca00000, 0x000000008cb00000, 0x000000008cb00000|100%| O|  |TAMS 0x000000008cb00000, 0x000000008ca00000| Untracked 
| 123|0x000000008cb00000, 0x000000008cc00000, 0x000000008cc00000|100%| O|  |TAMS 0x000000008cc00000, 0x000000008cb00000| Untracked 
| 124|0x000000008cc00000, 0x000000008cd00000, 0x000000008cd00000|100%| O|  |TAMS 0x000000008cd00000, 0x000000008cc00000| Untracked 
| 125|0x000000008cd00000, 0x000000008ce00000, 0x000000008ce00000|100%| O|  |TAMS 0x000000008ce00000, 0x000000008cd00000| Updating 
| 126|0x000000008ce00000, 0x000000008cf00000, 0x000000008cf00000|100%| O|  |TAMS 0x000000008cf00000, 0x000000008ce00000| Updating 
| 127|0x000000008cf00000, 0x000000008d000000, 0x000000008d000000|100%| O|  |TAMS 0x000000008d000000, 0x000000008cf00000| Untracked 
| 128|0x000000008d000000, 0x000000008d100000, 0x000000008d100000|100%| O|  |TAMS 0x000000008d100000, 0x000000008d000000| Untracked 
| 129|0x000000008d100000, 0x000000008d200000, 0x000000008d200000|100%| O|  |TAMS 0x000000008d200000, 0x000000008d100000| Untracked 
| 130|0x000000008d200000, 0x000000008d300000, 0x000000008d300000|100%| O|  |TAMS 0x000000008d300000, 0x000000008d200000| Untracked 
| 131|0x000000008d300000, 0x000000008d400000, 0x000000008d400000|100%| O|  |TAMS 0x000000008d400000, 0x000000008d300000| Untracked 
| 132|0x000000008d400000, 0x000000008d500000, 0x000000008d500000|100%| O|  |TAMS 0x000000008d500000, 0x000000008d400000| Untracked 
| 133|0x000000008d500000, 0x000000008d600000, 0x000000008d600000|100%| O|  |TAMS 0x000000008d600000, 0x000000008d500000| Untracked 
| 134|0x000000008d600000, 0x000000008d700000, 0x000000008d700000|100%| O|  |TAMS 0x000000008d700000, 0x000000008d600000| Untracked 
| 135|0x000000008d700000, 0x000000008d800000, 0x000000008d800000|100%| O|  |TAMS 0x000000008d800000, 0x000000008d700000| Updating 
| 136|0x000000008d800000, 0x000000008d900000, 0x000000008d900000|100%| O|  |TAMS 0x000000008d900000, 0x000000008d800000| Updating 
| 137|0x000000008d900000, 0x000000008da00000, 0x000000008da00000|100%| O|  |TAMS 0x000000008da00000, 0x000000008d900000| Updating 
| 138|0x000000008da00000, 0x000000008db00000, 0x000000008db00000|100%| O|  |TAMS 0x000000008db00000, 0x000000008da00000| Updating 
| 139|0x000000008db00000, 0x000000008dc00000, 0x000000008dc00000|100%| O|  |TAMS 0x000000008dc00000, 0x000000008db00000| Untracked 
| 140|0x000000008dc00000, 0x000000008dd00000, 0x000000008dd00000|100%| O|  |TAMS 0x000000008dd00000, 0x000000008dc00000| Untracked 
| 141|0x000000008dd00000, 0x000000008de00000, 0x000000008de00000|100%| O|  |TAMS 0x000000008de00000, 0x000000008dd00000| Untracked 
| 142|0x000000008de00000, 0x000000008df00000, 0x000000008df00000|100%| O|  |TAMS 0x000000008df00000, 0x000000008de00000| Untracked 
| 143|0x000000008df00000, 0x000000008e000000, 0x000000008e000000|100%| O|  |TAMS 0x000000008e000000, 0x000000008df00000| Untracked 
| 144|0x000000008e000000, 0x000000008e100000, 0x000000008e100000|100%| O|  |TAMS 0x000000008e100000, 0x000000008e000000| Untracked 
| 145|0x000000008e100000, 0x000000008e200000, 0x000000008e200000|100%| O|  |TAMS 0x000000008e200000, 0x000000008e100000| Untracked 
| 146|0x000000008e200000, 0x000000008e300000, 0x000000008e300000|100%| O|  |TAMS 0x000000008e300000, 0x000000008e200000| Untracked 
| 147|0x000000008e300000, 0x000000008e400000, 0x000000008e400000|100%| O|  |TAMS 0x000000008e400000, 0x000000008e300000| Untracked 
| 148|0x000000008e400000, 0x000000008e500000, 0x000000008e500000|100%| O|  |TAMS 0x000000008e500000, 0x000000008e400000| Updating 
| 149|0x000000008e500000, 0x000000008e600000, 0x000000008e600000|100%| O|  |TAMS 0x000000008e600000, 0x000000008e500000| Updating 
| 150|0x000000008e600000, 0x000000008e700000, 0x000000008e700000|100%| O|  |TAMS 0x000000008e700000, 0x000000008e600000| Untracked 
| 151|0x000000008e700000, 0x000000008e800000, 0x000000008e800000|100%| O|  |TAMS 0x000000008e800000, 0x000000008e700000| Untracked 
| 152|0x000000008e800000, 0x000000008e900000, 0x000000008e900000|100%| O|  |TAMS 0x000000008e900000, 0x000000008e800000| Untracked 
| 153|0x000000008e900000, 0x000000008ea00000, 0x000000008ea00000|100%| O|  |TAMS 0x000000008ea00000, 0x000000008e900000| Untracked 
| 154|0x000000008ea00000, 0x000000008eb00000, 0x000000008eb00000|100%| O|  |TAMS 0x000000008eb00000, 0x000000008ea00000| Untracked 
| 155|0x000000008eb00000, 0x000000008ec00000, 0x000000008ec00000|100%| O|  |TAMS 0x000000008ec00000, 0x000000008eb00000| Untracked 
| 156|0x000000008ec00000, 0x000000008ed00000, 0x000000008ed00000|100%| O|  |TAMS 0x000000008ed00000, 0x000000008ec00000| Untracked 
| 157|0x000000008ed00000, 0x000000008ee00000, 0x000000008ee00000|100%| O|  |TAMS 0x000000008ee00000, 0x000000008ed00000| Untracked 
| 158|0x000000008ee00000, 0x000000008ef00000, 0x000000008ef00000|100%| O|  |TAMS 0x000000008ef00000, 0x000000008ee00000| Updating 
| 159|0x000000008ef00000, 0x000000008f000000, 0x000000008f000000|100%| O|  |TAMS 0x000000008f000000, 0x000000008ef00000| Updating 
| 160|0x000000008f000000, 0x000000008f100000, 0x000000008f100000|100%| O|  |TAMS 0x000000008f100000, 0x000000008f000000| Untracked 
| 161|0x000000008f100000, 0x000000008f200000, 0x000000008f200000|100%| O|  |TAMS 0x000000008f200000, 0x000000008f100000| Untracked 
| 162|0x000000008f200000, 0x000000008f300000, 0x000000008f300000|100%| O|  |TAMS 0x000000008f300000, 0x000000008f200000| Untracked 
| 163|0x000000008f300000, 0x000000008f400000, 0x000000008f400000|100%| O|  |TAMS 0x000000008f400000, 0x000000008f300000| Untracked 
| 164|0x000000008f400000, 0x000000008f500000, 0x000000008f500000|100%| O|  |TAMS 0x000000008f500000, 0x000000008f400000| Untracked 
| 165|0x000000008f500000, 0x000000008f600000, 0x000000008f600000|100%| O|  |TAMS 0x000000008f600000, 0x000000008f500000| Untracked 
| 166|0x000000008f600000, 0x000000008f700000, 0x000000008f700000|100%| O|  |TAMS 0x000000008f700000, 0x000000008f600000| Untracked 
| 167|0x000000008f700000, 0x000000008f800000, 0x000000008f800000|100%| O|  |TAMS 0x000000008f800000, 0x000000008f700000| Updating 
| 168|0x000000008f800000, 0x000000008f900000, 0x000000008f900000|100%| O|  |TAMS 0x000000008f900000, 0x000000008f800000| Updating 
| 169|0x000000008f900000, 0x000000008fa00000, 0x000000008fa00000|100%| O|  |TAMS 0x000000008fa00000, 0x000000008f900000| Untracked 
| 170|0x000000008fa00000, 0x000000008fb00000, 0x000000008fb00000|100%| O|  |TAMS 0x000000008fb00000, 0x000000008fa00000| Untracked 
| 171|0x000000008fb00000, 0x000000008fc00000, 0x000000008fc00000|100%| O|  |TAMS 0x000000008fc00000, 0x000000008fb00000| Untracked 
| 172|0x000000008fc00000, 0x000000008fd00000, 0x000000008fd00000|100%| O|  |TAMS 0x000000008fd00000, 0x000000008fc00000| Untracked 
| 173|0x000000008fd00000, 0x000000008fe00000, 0x000000008fe00000|100%| O|  |TAMS 0x000000008fe00000, 0x000000008fd00000| Untracked 
| 174|0x000000008fe00000, 0x000000008ff00000, 0x000000008ff00000|100%| O|  |TAMS 0x000000008ff00000, 0x000000008fe00000| Untracked 
| 175|0x000000008ff00000, 0x0000000090000000, 0x0000000090000000|100%| O|  |TAMS 0x0000000090000000, 0x000000008ff00000| Untracked 
| 176|0x0000000090000000, 0x0000000090100000, 0x0000000090100000|100%| O|  |TAMS 0x0000000090100000, 0x0000000090000000| Updating 
| 177|0x0000000090100000, 0x0000000090200000, 0x0000000090200000|100%| O|  |TAMS 0x0000000090200000, 0x0000000090100000| Updating 
| 178|0x0000000090200000, 0x0000000090300000, 0x0000000090300000|100%| O|  |TAMS 0x0000000090300000, 0x0000000090200000| Untracked 
| 179|0x0000000090300000, 0x0000000090400000, 0x0000000090400000|100%| O|  |TAMS 0x0000000090400000, 0x0000000090300000| Untracked 
| 180|0x0000000090400000, 0x0000000090500000, 0x0000000090500000|100%| O|  |TAMS 0x0000000090500000, 0x0000000090400000| Untracked 
| 181|0x0000000090500000, 0x0000000090600000, 0x0000000090600000|100%| O|  |TAMS 0x0000000090600000, 0x0000000090500000| Untracked 
| 182|0x0000000090600000, 0x0000000090700000, 0x0000000090700000|100%| O|  |TAMS 0x0000000090700000, 0x0000000090600000| Untracked 
| 183|0x0000000090700000, 0x0000000090800000, 0x0000000090800000|100%| O|  |TAMS 0x0000000090800000, 0x0000000090700000| Updating 
| 184|0x0000000090800000, 0x0000000090900000, 0x0000000090900000|100%| O|  |TAMS 0x0000000090900000, 0x0000000090800000| Updating 
| 185|0x0000000090900000, 0x0000000090a00000, 0x0000000090a00000|100%| O|  |TAMS 0x0000000090a00000, 0x0000000090900000| Untracked 
| 186|0x0000000090a00000, 0x0000000090b00000, 0x0000000090b00000|100%| O|  |TAMS 0x0000000090b00000, 0x0000000090a00000| Untracked 
| 187|0x0000000090b00000, 0x0000000090c00000, 0x0000000090c00000|100%| O|  |TAMS 0x0000000090c00000, 0x0000000090b00000| Untracked 
| 188|0x0000000090c00000, 0x0000000090d00000, 0x0000000090d00000|100%| O|  |TAMS 0x0000000090d00000, 0x0000000090c00000| Untracked 
| 189|0x0000000090d00000, 0x0000000090e00000, 0x0000000090e00000|100%| O|  |TAMS 0x0000000090e00000, 0x0000000090d00000| Untracked 
| 190|0x0000000090e00000, 0x0000000090f00000, 0x0000000090f00000|100%| O|  |TAMS 0x0000000090f00000, 0x0000000090e00000| Updating 
| 191|0x0000000090f00000, 0x0000000091000000, 0x0000000091000000|100%| O|  |TAMS 0x0000000091000000, 0x0000000090f00000| Untracked 
| 192|0x0000000091000000, 0x0000000091100000, 0x0000000091100000|100%| O|  |TAMS 0x0000000091100000, 0x0000000091000000| Untracked 
| 193|0x0000000091100000, 0x0000000091200000, 0x0000000091200000|100%| O|  |TAMS 0x0000000091200000, 0x0000000091100000| Untracked 
| 194|0x0000000091200000, 0x0000000091300000, 0x0000000091300000|100%| O|  |TAMS 0x0000000091300000, 0x0000000091200000| Untracked 
| 195|0x0000000091300000, 0x0000000091400000, 0x0000000091400000|100%| O|  |TAMS 0x0000000091400000, 0x0000000091300000| Untracked 
| 196|0x0000000091400000, 0x0000000091500000, 0x0000000091500000|100%| O|  |TAMS 0x0000000091500000, 0x0000000091400000| Updating 
| 197|0x0000000091500000, 0x0000000091600000, 0x0000000091600000|100%| O|  |TAMS 0x0000000091600000, 0x0000000091500000| Untracked 
| 198|0x0000000091600000, 0x0000000091700000, 0x0000000091700000|100%| O|  |TAMS 0x0000000091700000, 0x0000000091600000| Untracked 
| 199|0x0000000091700000, 0x0000000091800000, 0x0000000091800000|100%| O|  |TAMS 0x0000000091800000, 0x0000000091700000| Untracked 
| 200|0x0000000091800000, 0x0000000091900000, 0x0000000091900000|100%| O|  |TAMS 0x0000000091900000, 0x0000000091800000| Untracked 
| 201|0x0000000091900000, 0x0000000091a00000, 0x0000000091a00000|100%| O|  |TAMS 0x0000000091a00000, 0x0000000091900000| Updating 
| 202|0x0000000091a00000, 0x0000000091b00000, 0x0000000091b00000|100%| O|  |TAMS 0x0000000091b00000, 0x0000000091a00000| Updating 
| 203|0x0000000091b00000, 0x0000000091c00000, 0x0000000091c00000|100%| O|  |TAMS 0x0000000091c00000, 0x0000000091b00000| Untracked 
| 204|0x0000000091c00000, 0x0000000091d00000, 0x0000000091d00000|100%| O|  |TAMS 0x0000000091d00000, 0x0000000091c00000| Untracked 
| 205|0x0000000091d00000, 0x0000000091e00000, 0x0000000091e00000|100%| O|  |TAMS 0x0000000091e00000, 0x0000000091d00000| Untracked 
| 206|0x0000000091e00000, 0x0000000091f00000, 0x0000000091f00000|100%| O|  |TAMS 0x0000000091f00000, 0x0000000091e00000| Untracked 
| 207|0x0000000091f00000, 0x0000000092000000, 0x0000000092000000|100%| O|  |TAMS 0x0000000092000000, 0x0000000091f00000| Untracked 
| 208|0x0000000092000000, 0x0000000092100000, 0x0000000092100000|100%| O|  |TAMS 0x0000000092100000, 0x0000000092000000| Untracked 
| 209|0x0000000092100000, 0x0000000092200000, 0x0000000092200000|100%| O|  |TAMS 0x0000000092200000, 0x0000000092100000| Updating 
| 210|0x0000000092200000, 0x0000000092300000, 0x0000000092300000|100%| O|  |TAMS 0x0000000092300000, 0x0000000092200000| Untracked 
| 211|0x0000000092300000, 0x0000000092400000, 0x0000000092400000|100%| O|  |TAMS 0x0000000092400000, 0x0000000092300000| Untracked 
| 212|0x0000000092400000, 0x0000000092500000, 0x0000000092500000|100%| O|  |TAMS 0x0000000092500000, 0x0000000092400000| Untracked 
| 213|0x0000000092500000, 0x0000000092600000, 0x0000000092600000|100%| O|  |TAMS 0x0000000092600000, 0x0000000092500000| Untracked 
| 214|0x0000000092600000, 0x0000000092700000, 0x0000000092700000|100%| O|  |TAMS 0x0000000092700000, 0x0000000092600000| Updating 
| 215|0x0000000092700000, 0x0000000092800000, 0x0000000092800000|100%| O|  |TAMS 0x0000000092800000, 0x0000000092700000| Updating 
| 216|0x0000000092800000, 0x0000000092900000, 0x0000000092900000|100%| O|  |TAMS 0x0000000092900000, 0x0000000092800000| Untracked 
| 217|0x0000000092900000, 0x0000000092a00000, 0x0000000092a00000|100%| O|  |TAMS 0x0000000092a00000, 0x0000000092900000| Untracked 
| 218|0x0000000092a00000, 0x0000000092b00000, 0x0000000092b00000|100%| O|  |TAMS 0x0000000092b00000, 0x0000000092a00000| Untracked 
| 219|0x0000000092b00000, 0x0000000092c00000, 0x0000000092c00000|100%| O|  |TAMS 0x0000000092c00000, 0x0000000092b00000| Updating 
| 220|0x0000000092c00000, 0x0000000092d00000, 0x0000000092d00000|100%| O|  |TAMS 0x0000000092d00000, 0x0000000092c00000| Updating 
| 221|0x0000000092d00000, 0x0000000092e00000, 0x0000000092e00000|100%| O|  |TAMS 0x0000000092e00000, 0x0000000092d00000| Untracked 
| 222|0x0000000092e00000, 0x0000000092f00000, 0x0000000092f00000|100%| O|  |TAMS 0x0000000092f00000, 0x0000000092e00000| Untracked 
| 223|0x0000000092f00000, 0x0000000093000000, 0x0000000093000000|100%| O|  |TAMS 0x0000000093000000, 0x0000000092f00000| Untracked 
| 224|0x0000000093000000, 0x0000000093100000, 0x0000000093100000|100%| O|  |TAMS 0x0000000093100000, 0x0000000093000000| Updating 
| 225|0x0000000093100000, 0x0000000093200000, 0x0000000093200000|100%| O|  |TAMS 0x0000000093200000, 0x0000000093100000| Untracked 
| 226|0x0000000093200000, 0x0000000093300000, 0x0000000093300000|100%| O|  |TAMS 0x0000000093300000, 0x0000000093200000| Untracked 
| 227|0x0000000093300000, 0x0000000093400000, 0x0000000093400000|100%| O|  |TAMS 0x0000000093400000, 0x0000000093300000| Untracked 
| 228|0x0000000093400000, 0x0000000093500000, 0x0000000093500000|100%| O|  |TAMS 0x0000000093500000, 0x0000000093400000| Updating 
| 229|0x0000000093500000, 0x0000000093600000, 0x0000000093600000|100%| O|  |TAMS 0x0000000093600000, 0x0000000093500000| Untracked 
| 230|0x0000000093600000, 0x0000000093700000, 0x0000000093700000|100%| O|  |TAMS 0x0000000093700000, 0x0000000093600000| Untracked 
| 231|0x0000000093700000, 0x0000000093800000, 0x0000000093800000|100%| O|  |TAMS 0x0000000093800000, 0x0000000093700000| Untracked 
| 232|0x0000000093800000, 0x0000000093900000, 0x0000000093900000|100%| O|  |TAMS 0x0000000093900000, 0x0000000093800000| Updating 
| 233|0x0000000093900000, 0x0000000093a00000, 0x0000000093a00000|100%| O|  |TAMS 0x0000000093a00000, 0x0000000093900000| Untracked 
| 234|0x0000000093a00000, 0x0000000093b00000, 0x0000000093b00000|100%| O|  |TAMS 0x0000000093b00000, 0x0000000093a00000| Untracked 
| 235|0x0000000093b00000, 0x0000000093c00000, 0x0000000093c00000|100%| O|  |TAMS 0x0000000093c00000, 0x0000000093b00000| Updating 
| 236|0x0000000093c00000, 0x0000000093d00000, 0x0000000093d00000|100%| O|  |TAMS 0x0000000093d00000, 0x0000000093c00000| Untracked 
| 237|0x0000000093d00000, 0x0000000093e00000, 0x0000000093e00000|100%| O|  |TAMS 0x0000000093e00000, 0x0000000093d00000| Untracked 
| 238|0x0000000093e00000, 0x0000000093f00000, 0x0000000093f00000|100%| O|  |TAMS 0x0000000093f00000, 0x0000000093e00000| Updating 
| 239|0x0000000093f00000, 0x0000000094000000, 0x0000000094000000|100%| O|  |TAMS 0x0000000094000000, 0x0000000093f00000| Untracked 
| 240|0x0000000094000000, 0x0000000094100000, 0x0000000094100000|100%| O|  |TAMS 0x0000000094100000, 0x0000000094000000| Updating 
| 241|0x0000000094100000, 0x0000000094200000, 0x0000000094200000|100%| O|  |TAMS 0x0000000094200000, 0x0000000094100000| Untracked 
| 242|0x0000000094200000, 0x0000000094300000, 0x0000000094300000|100%| O|  |TAMS 0x0000000094300000, 0x0000000094200000| Untracked 
| 243|0x0000000094300000, 0x0000000094400000, 0x0000000094400000|100%| O|  |TAMS 0x0000000094400000, 0x0000000094300000| Updating 
| 244|0x0000000094400000, 0x0000000094500000, 0x0000000094500000|100%| O|  |TAMS 0x0000000094500000, 0x0000000094400000| Untracked 
| 245|0x0000000094500000, 0x0000000094600000, 0x0000000094600000|100%| O|  |TAMS 0x0000000094600000, 0x0000000094500000| Untracked 
| 246|0x0000000094600000, 0x0000000094700000, 0x0000000094700000|100%| O|  |TAMS 0x0000000094700000, 0x0000000094600000| Updating 
| 247|0x0000000094700000, 0x0000000094800000, 0x0000000094800000|100%| O|  |TAMS 0x0000000094800000, 0x0000000094700000| Untracked 
| 248|0x0000000094800000, 0x0000000094900000, 0x0000000094900000|100%| O|  |TAMS 0x0000000094900000, 0x0000000094800000| Untracked 
| 249|0x0000000094900000, 0x0000000094a00000, 0x0000000094a00000|100%| O|  |TAMS 0x0000000094a00000, 0x0000000094900000| Updating 
| 250|0x0000000094a00000, 0x0000000094b00000, 0x0000000094b00000|100%| O|  |TAMS 0x0000000094b00000, 0x0000000094a00000| Untracked 
| 251|0x0000000094b00000, 0x0000000094c00000, 0x0000000094c00000|100%| O|  |TAMS 0x0000000094c00000, 0x0000000094b00000| Updating 
| 252|0x0000000094c00000, 0x0000000094d00000, 0x0000000094d00000|100%| O|  |TAMS 0x0000000094d00000, 0x0000000094c00000| Untracked 
| 253|0x0000000094d00000, 0x0000000094e00000, 0x0000000094e00000|100%| O|  |TAMS 0x0000000094e00000, 0x0000000094d00000| Untracked 
| 254|0x0000000094e00000, 0x0000000094f00000, 0x0000000094f00000|100%| O|  |TAMS 0x0000000094f00000, 0x0000000094e00000| Untracked 
| 255|0x0000000094f00000, 0x0000000095000000, 0x0000000095000000|100%| O|  |TAMS 0x0000000095000000, 0x0000000094f00000| Untracked 
| 256|0x0000000095000000, 0x0000000095100000, 0x0000000095100000|100%| O|  |TAMS 0x0000000095100000, 0x0000000095000000| Untracked 
| 257|0x0000000095100000, 0x0000000095200000, 0x0000000095200000|100%| O|  |TAMS 0x0000000095200000, 0x0000000095100000| Updating 
| 258|0x0000000095200000, 0x0000000095300000, 0x0000000095300000|100%| O|  |TAMS 0x0000000095300000, 0x0000000095200000| Untracked 
| 259|0x0000000095300000, 0x0000000095400000, 0x0000000095400000|100%| O|  |TAMS 0x0000000095400000, 0x0000000095300000| Updating 
| 260|0x0000000095400000, 0x0000000095500000, 0x0000000095500000|100%| O|  |TAMS 0x0000000095500000, 0x0000000095400000| Updating 
| 261|0x0000000095500000, 0x0000000095600000, 0x0000000095600000|100%| O|  |TAMS 0x0000000095600000, 0x0000000095500000| Untracked 
| 262|0x0000000095600000, 0x0000000095700000, 0x0000000095700000|100%| O|  |TAMS 0x0000000095700000, 0x0000000095600000| Updating 
| 263|0x0000000095700000, 0x0000000095800000, 0x0000000095800000|100%| O|  |TAMS 0x0000000095800000, 0x0000000095700000| Untracked 
| 264|0x0000000095800000, 0x0000000095900000, 0x0000000095900000|100%| O|  |TAMS 0x0000000095900000, 0x0000000095800000| Updating 
| 265|0x0000000095900000, 0x0000000095a00000, 0x0000000095a00000|100%| O|  |TAMS 0x0000000095a00000, 0x0000000095900000| Untracked 
| 266|0x0000000095a00000, 0x0000000095b00000, 0x0000000095b00000|100%| O|  |TAMS 0x0000000095b00000, 0x0000000095a00000| Untracked 
| 267|0x0000000095b00000, 0x0000000095c00000, 0x0000000095c00000|100%| O|  |TAMS 0x0000000095c00000, 0x0000000095b00000| Untracked 
| 268|0x0000000095c00000, 0x0000000095d00000, 0x0000000095d00000|100%| O|  |TAMS 0x0000000095d00000, 0x0000000095c00000| Untracked 
| 269|0x0000000095d00000, 0x0000000095e00000, 0x0000000095e00000|100%| O|  |TAMS 0x0000000095e00000, 0x0000000095d00000| Untracked 
| 270|0x0000000095e00000, 0x0000000095f00000, 0x0000000095f00000|100%| O|  |TAMS 0x0000000095f00000, 0x0000000095e00000| Untracked 
| 271|0x0000000095f00000, 0x0000000096000000, 0x0000000096000000|100%| O|  |TAMS 0x0000000096000000, 0x0000000095f00000| Untracked 
| 272|0x0000000096000000, 0x0000000096100000, 0x0000000096100000|100%| O|  |TAMS 0x0000000096100000, 0x0000000096000000| Updating 
| 273|0x0000000096100000, 0x0000000096200000, 0x0000000096200000|100%| O|  |TAMS 0x0000000096200000, 0x0000000096100000| Untracked 
| 274|0x0000000096200000, 0x0000000096300000, 0x0000000096300000|100%| O|  |TAMS 0x0000000096300000, 0x0000000096200000| Untracked 
| 275|0x0000000096300000, 0x0000000096400000, 0x0000000096400000|100%| O|  |TAMS 0x0000000096400000, 0x0000000096300000| Untracked 
| 276|0x0000000096400000, 0x0000000096500000, 0x0000000096500000|100%| O|  |TAMS 0x0000000096500000, 0x0000000096400000| Untracked 
| 277|0x0000000096500000, 0x0000000096600000, 0x0000000096600000|100%| O|  |TAMS 0x0000000096600000, 0x0000000096500000| Untracked 
| 278|0x0000000096600000, 0x0000000096700000, 0x0000000096700000|100%| O|  |TAMS 0x0000000096700000, 0x0000000096600000| Untracked 
| 279|0x0000000096700000, 0x0000000096800000, 0x0000000096800000|100%| O|  |TAMS 0x0000000096800000, 0x0000000096700000| Untracked 
| 280|0x0000000096800000, 0x0000000096900000, 0x0000000096900000|100%| O|  |TAMS 0x0000000096900000, 0x0000000096800000| Untracked 
| 281|0x0000000096900000, 0x0000000096a00000, 0x0000000096a00000|100%| O|  |TAMS 0x0000000096a00000, 0x0000000096900000| Untracked 
| 282|0x0000000096a00000, 0x0000000096b00000, 0x0000000096b00000|100%| O|  |TAMS 0x0000000096b00000, 0x0000000096a00000| Untracked 
| 283|0x0000000096b00000, 0x0000000096c00000, 0x0000000096c00000|100%| O|  |TAMS 0x0000000096c00000, 0x0000000096b00000| Updating 
| 284|0x0000000096c00000, 0x0000000096d00000, 0x0000000096d00000|100%| O|  |TAMS 0x0000000096d00000, 0x0000000096c00000| Updating 
| 285|0x0000000096d00000, 0x0000000096e00000, 0x0000000096e00000|100%| O|  |TAMS 0x0000000096e00000, 0x0000000096d00000| Updating 
| 286|0x0000000096e00000, 0x0000000096f00000, 0x0000000096f00000|100%| O|  |TAMS 0x0000000096f00000, 0x0000000096e00000| Untracked 
| 287|0x0000000096f00000, 0x0000000097000000, 0x0000000097000000|100%| O|  |TAMS 0x0000000097000000, 0x0000000096f00000| Untracked 
| 288|0x0000000097000000, 0x0000000097100000, 0x0000000097100000|100%| O|  |TAMS 0x0000000097100000, 0x0000000097000000| Updating 
| 289|0x0000000097100000, 0x0000000097200000, 0x0000000097200000|100%| O|  |TAMS 0x0000000097200000, 0x0000000097100000| Untracked 
| 290|0x0000000097200000, 0x0000000097300000, 0x0000000097300000|100%| O|  |TAMS 0x00000000972e8800, 0x0000000097200000| Untracked 
| 291|0x0000000097300000, 0x0000000097400000, 0x0000000097400000|100%| O|  |TAMS 0x0000000097300000, 0x0000000097300000| Untracked 
| 292|0x0000000097400000, 0x000000009742c000, 0x0000000097500000| 17%| O|  |TAMS 0x0000000097400000, 0x0000000097400000| Updating 
| 293|0x0000000097500000, 0x0000000097500000, 0x0000000097600000|  0%| F|  |TAMS 0x0000000097500000, 0x0000000097500000| Untracked 
| 294|0x0000000097600000, 0x0000000097600000, 0x0000000097700000|  0%| F|  |TAMS 0x0000000097600000, 0x0000000097600000| Untracked 
| 295|0x0000000097700000, 0x0000000097700000, 0x0000000097800000|  0%| F|  |TAMS 0x0000000097700000, 0x0000000097700000| Untracked 
| 296|0x0000000097800000, 0x0000000097800000, 0x0000000097900000|  0%| F|  |TAMS 0x0000000097800000, 0x0000000097800000| Untracked 
| 297|0x0000000097900000, 0x0000000097900000, 0x0000000097a00000|  0%| F|  |TAMS 0x0000000097900000, 0x0000000097900000| Untracked 
| 298|0x0000000097a00000, 0x0000000097a00000, 0x0000000097b00000|  0%| F|  |TAMS 0x0000000097a00000, 0x0000000097a00000| Untracked 
| 299|0x0000000097b00000, 0x0000000097b00000, 0x0000000097c00000|  0%| F|  |TAMS 0x0000000097b00000, 0x0000000097b00000| Untracked 
| 300|0x0000000097c00000, 0x0000000097c00000, 0x0000000097d00000|  0%| F|  |TAMS 0x0000000097c00000, 0x0000000097c00000| Untracked 
| 301|0x0000000097d00000, 0x0000000097d00000, 0x0000000097e00000|  0%| F|  |TAMS 0x0000000097d00000, 0x0000000097d00000| Untracked 
| 302|0x0000000097e00000, 0x0000000097e00000, 0x0000000097f00000|  0%| F|  |TAMS 0x0000000097e00000, 0x0000000097e00000| Untracked 
| 303|0x0000000097f00000, 0x0000000097f00000, 0x0000000098000000|  0%| F|  |TAMS 0x0000000097f00000, 0x0000000097f00000| Untracked 
| 304|0x0000000098000000, 0x0000000098000000, 0x0000000098100000|  0%| F|  |TAMS 0x0000000098000000, 0x0000000098000000| Untracked 
| 305|0x0000000098100000, 0x0000000098100000, 0x0000000098200000|  0%| F|  |TAMS 0x0000000098100000, 0x0000000098100000| Untracked 
| 306|0x0000000098200000, 0x0000000098200000, 0x0000000098300000|  0%| F|  |TAMS 0x0000000098200000, 0x0000000098200000| Untracked 
| 307|0x0000000098300000, 0x0000000098300000, 0x0000000098400000|  0%| F|  |TAMS 0x0000000098300000, 0x0000000098300000| Untracked 
| 308|0x0000000098400000, 0x0000000098400000, 0x0000000098500000|  0%| F|  |TAMS 0x0000000098400000, 0x0000000098400000| Untracked 
| 309|0x0000000098500000, 0x00000000985253e0, 0x0000000098600000| 14%| S|CS|TAMS 0x0000000098500000, 0x0000000098500000| Complete 
| 310|0x0000000098600000, 0x0000000098600000, 0x0000000098700000|  0%| F|  |TAMS 0x0000000098600000, 0x0000000098600000| Untracked 
| 311|0x0000000098700000, 0x0000000098800000, 0x0000000098800000|100%| S|CS|TAMS 0x0000000098700000, 0x0000000098700000| Complete 
| 312|0x0000000098800000, 0x0000000098800000, 0x0000000098900000|  0%| F|  |TAMS 0x0000000098800000, 0x0000000098800000| Untracked 
| 313|0x0000000098900000, 0x0000000098900000, 0x0000000098a00000|  0%| F|  |TAMS 0x0000000098900000, 0x0000000098900000| Untracked 
| 314|0x0000000098a00000, 0x0000000098a00000, 0x0000000098b00000|  0%| F|  |TAMS 0x0000000098a00000, 0x0000000098a00000| Untracked 
| 315|0x0000000098b00000, 0x0000000098b00000, 0x0000000098c00000|  0%| F|  |TAMS 0x0000000098b00000, 0x0000000098b00000| Untracked 
| 316|0x0000000098c00000, 0x0000000098c00000, 0x0000000098d00000|  0%| F|  |TAMS 0x0000000098c00000, 0x0000000098c00000| Untracked 
| 317|0x0000000098d00000, 0x0000000098d00000, 0x0000000098e00000|  0%| F|  |TAMS 0x0000000098d00000, 0x0000000098d00000| Untracked 
| 318|0x0000000098e00000, 0x0000000098e00000, 0x0000000098f00000|  0%| F|  |TAMS 0x0000000098e00000, 0x0000000098e00000| Untracked 
| 319|0x0000000098f00000, 0x0000000098f00000, 0x0000000099000000|  0%| F|  |TAMS 0x0000000098f00000, 0x0000000098f00000| Untracked 
| 320|0x0000000099000000, 0x0000000099000000, 0x0000000099100000|  0%| F|  |TAMS 0x0000000099000000, 0x0000000099000000| Untracked 
| 321|0x0000000099100000, 0x0000000099100000, 0x0000000099200000|  0%| F|  |TAMS 0x0000000099100000, 0x0000000099100000| Untracked 
| 322|0x0000000099200000, 0x000000009928f700, 0x0000000099300000| 56%| E|  |TAMS 0x0000000099200000, 0x0000000099200000| Complete 
| 323|0x0000000099300000, 0x0000000099400000, 0x0000000099400000|100%| E|CS|TAMS 0x0000000099300000, 0x0000000099300000| Complete 
| 324|0x0000000099400000, 0x0000000099500000, 0x0000000099500000|100%| E|CS|TAMS 0x0000000099400000, 0x0000000099400000| Complete 
| 325|0x0000000099500000, 0x0000000099600000, 0x0000000099600000|100%| E|CS|TAMS 0x0000000099500000, 0x0000000099500000| Complete 

Card table byte_map: [0x000001e8f84f0000,0x000001e8f88d0000] _byte_map_base: 0x000001e8f80c8000

Marking Bits (Prev, Next): (CMBitMap*) 0x000001e8f497e8a0, (CMBitMap*) 0x000001e8f497e860
 Prev Bits: [0x000001e8fab70000, 0x000001e8fca30000)
 Next Bits: [0x000001e8f8cb0000, 0x000001e8fab70000)

Polling page: 0x000001e8f40e0000

Metaspace:

Usage:
  Non-class:     64.88 MB used.
      Class:      7.93 MB used.
       Both:     72.81 MB used.

Virtual space:
  Non-class space:       72.00 MB reserved,      65.06 MB ( 90%) committed,  9 nodes.
      Class space:        1.00 GB reserved,       8.12 MB ( <1%) committed,  1 nodes.
             Both:        1.07 GB reserved,      73.19 MB (  7%) committed. 

Chunk freelists:
   Non-Class:  2.67 MB
       Class:  3.87 MB
        Both:  6.54 MB

MaxMetaspaceSize: unlimited
CompressedClassSpaceSize: 1.00 GB
Initial GC threshold: 21.00 MB
Current GC threshold: 96.69 MB
CDS: off
MetaspaceReclaimPolicy: balanced
 - commit_granule_bytes: 65536.
 - commit_granule_words: 8192.
 - virtual_space_node_default_size: 1048576.
 - enlarge_chunks_in_place: 1.
 - new_chunks_are_fully_committed: 0.
 - uncommit_free_chunks: 1.
 - use_allocation_guard: 0.
 - handle_deallocations: 1.


Internal statistics:

num_allocs_failed_limit: 3.
num_arena_births: 448.
num_arena_deaths: 0.
num_vsnodes_births: 10.
num_vsnodes_deaths: 0.
num_space_committed: 1169.
num_space_uncommitted: 0.
num_chunks_returned_to_freelist: 3.
num_chunks_taken_from_freelist: 3040.
num_chunk_merges: 3.
num_chunk_splits: 2256.
num_chunks_enlarged: 1834.
num_purges: 0.
num_inconsistent_stats: 0.

CodeHeap 'non-profiled nmethods': size=120000Kb used=16497Kb max_used=16537Kb free=103502Kb
 bounds [0x000001e887ad0000, 0x000001e888b00000, 0x000001e88f000000]
CodeHeap 'profiled nmethods': size=120000Kb used=34752Kb max_used=37197Kb free=85247Kb
 bounds [0x000001e880000000, 0x000001e882470000, 0x000001e887530000]
CodeHeap 'non-nmethods': size=5760Kb used=1335Kb max_used=1436Kb free=4424Kb
 bounds [0x000001e887530000, 0x000001e8877a0000, 0x000001e887ad0000]
 total_blobs=15278 nmethods=14639 adapters=548
 compilation: enabled
              stopped_count=0, restarted_count=0
 full_count=0

Compilation events (20 events):
Event: 72.272 Thread 0x000001e88f837720 nmethod 19994 0x000001e888af2490 code [0x000001e888af2640, 0x000001e888af2ab8]
Event: 72.273 Thread 0x000001e88f8381e0 nmethod 19995 0x000001e8820d7e10 code [0x000001e8820d8560, 0x000001e8820dc858]
Event: 72.287 Thread 0x000001e88f8381e0 19996       3       org.jetbrains.kotlin.parsing.KotlinParsing::parsePropertyDelegateOrAssignment (41 bytes)
Event: 72.288 Thread 0x000001e88f8381e0 nmethod 19996 0x000001e880961390 code [0x000001e8809615c0, 0x000001e880961ea8]
Event: 72.495 Thread 0x000001e89188a0b0 19997       4       org.jetbrains.kotlin.psi.KtFunctionNotStubbed::getTypeParameters (5 bytes)
Event: 72.498 Thread 0x000001e89188a0b0 nmethod 19997 0x000001e888af2e90 code [0x000001e888af3020, 0x000001e888af31b8]
Event: 72.616 Thread 0x000001e89188a0b0 19998       4       java.lang.String::getChars (54 bytes)
Event: 72.619 Thread 0x000001e89188a0b0 nmethod 19998 0x000001e888af3490 code [0x000001e888af3620, 0x000001e888af3a58]
Event: 72.634 Thread 0x000001e88f8381e0 19999       3       org.jetbrains.kotlin.resolve.calls.tower.PSICallResolver::resolveReceiver (320 bytes)
Event: 72.636 Thread 0x000001e88f8381e0 nmethod 19999 0x000001e881274f10 code [0x000001e8812753e0, 0x000001e881277998]
Event: 72.638 Thread 0x000001e88f8381e0 20000   !   3       jdk.internal.reflect.GeneratedConstructorAccessor8::newInstance (53 bytes)
Event: 72.639 Thread 0x000001e88f8381e0 nmethod 20000 0x000001e8820ba490 code [0x000001e8820ba6e0, 0x000001e8820baf38]
Event: 72.641 Thread 0x000001e89188a0b0 20001       4       org.jetbrains.kotlin.com.intellij.openapi.vfs.VirtualFile::setCharset (110 bytes)
Event: 72.649 Thread 0x000001e89188a0b0 nmethod 20001 0x000001e888af3d10 code [0x000001e888af3ee0, 0x000001e888af4348]
Event: 72.652 Thread 0x000001e88f837720 20002       4       org.jetbrains.kotlin.com.intellij.psi.LanguageSubstitutors::substituteLanguage (252 bytes)
Event: 72.655 Thread 0x000001e89188a0b0 20003       4       org.jetbrains.kotlin.psi.KtFunctionNotStubbed::getTypeConstraints (5 bytes)
Event: 72.658 Thread 0x000001e89188a0b0 nmethod 20003 0x000001e888af4810 code [0x000001e888af49a0, 0x000001e888af4b38]
Event: 72.669 Thread 0x000001e88f837720 nmethod 20002 0x000001e888af4e10 code [0x000001e888af5000, 0x000001e888af5910]
Event: 72.674 Thread 0x000001e88f837720 20004       4       org.jetbrains.kotlin.parsing.KotlinParserDefinition::getFileNodeType (13 bytes)
Event: 72.674 Thread 0x000001e88f837720 nmethod 20004 0x000001e888af6110 code [0x000001e888af6280, 0x000001e888af62f8]

GC Heap History (20 events):
Event: 69.970 GC heap before
{Heap before GC invocations=76 (full 0):
 garbage-first heap   total 333824K, used 303320K [0x0000000085000000, 0x0000000100000000)
  region size 1024K, 16 young (16384K), 2 survivors (2048K)
 Metaspace       used 74502K, committed 74880K, reserved 1122304K
  class space    used 8118K, committed 8320K, reserved 1048576K
}
Event: 69.978 GC heap after
{Heap after GC invocations=77 (full 0):
 garbage-first heap   total 333824K, used 290081K [0x0000000085000000, 0x0000000100000000)
  region size 1024K, 2 young (2048K), 2 survivors (2048K)
 Metaspace       used 74502K, committed 74880K, reserved 1122304K
  class space    used 8118K, committed 8320K, reserved 1048576K
}
Event: 70.216 GC heap before
{Heap before GC invocations=77 (full 0):
 garbage-first heap   total 333824K, used 304417K [0x0000000085000000, 0x0000000100000000)
  region size 1024K, 16 young (16384K), 2 survivors (2048K)
 Metaspace       used 74505K, committed 74880K, reserved 1122304K
  class space    used 8118K, committed 8320K, reserved 1048576K
}
Event: 70.224 GC heap after
{Heap after GC invocations=78 (full 0):
 garbage-first heap   total 333824K, used 291280K [0x0000000085000000, 0x0000000100000000)
  region size 1024K, 2 young (2048K), 2 survivors (2048K)
 Metaspace       used 74505K, committed 74880K, reserved 1122304K
  class space    used 8118K, committed 8320K, reserved 1048576K
}
Event: 70.481 GC heap before
{Heap before GC invocations=78 (full 0):
 garbage-first heap   total 333824K, used 305616K [0x0000000085000000, 0x0000000100000000)
  region size 1024K, 16 young (16384K), 2 survivors (2048K)
 Metaspace       used 74505K, committed 74880K, reserved 1122304K
  class space    used 8118K, committed 8320K, reserved 1048576K
}
Event: 70.484 GC heap after
{Heap after GC invocations=79 (full 0):
 garbage-first heap   total 333824K, used 292586K [0x0000000085000000, 0x0000000100000000)
  region size 1024K, 2 young (2048K), 2 survivors (2048K)
 Metaspace       used 74505K, committed 74880K, reserved 1122304K
  class space    used 8118K, committed 8320K, reserved 1048576K
}
Event: 70.661 GC heap before
{Heap before GC invocations=79 (full 0):
 garbage-first heap   total 333824K, used 306922K [0x0000000085000000, 0x0000000100000000)
  region size 1024K, 16 young (16384K), 2 survivors (2048K)
 Metaspace       used 74505K, committed 74880K, reserved 1122304K
  class space    used 8118K, committed 8320K, reserved 1048576K
}
Event: 70.665 GC heap after
{Heap after GC invocations=80 (full 0):
 garbage-first heap   total 333824K, used 293573K [0x0000000085000000, 0x0000000100000000)
  region size 1024K, 1 young (1024K), 1 survivors (1024K)
 Metaspace       used 74505K, committed 74880K, reserved 1122304K
  class space    used 8118K, committed 8320K, reserved 1048576K
}
Event: 70.892 GC heap before
{Heap before GC invocations=80 (full 0):
 garbage-first heap   total 333824K, used 308933K [0x0000000085000000, 0x0000000100000000)
  region size 1024K, 16 young (16384K), 1 survivors (1024K)
 Metaspace       used 74509K, committed 74880K, reserved 1122304K
  class space    used 8118K, committed 8320K, reserved 1048576K
}
Event: 70.895 GC heap after
{Heap after GC invocations=81 (full 0):
 garbage-first heap   total 333824K, used 294506K [0x0000000085000000, 0x0000000100000000)
  region size 1024K, 2 young (2048K), 2 survivors (2048K)
 Metaspace       used 74509K, committed 74880K, reserved 1122304K
  class space    used 8118K, committed 8320K, reserved 1048576K
}
Event: 71.224 GC heap before
{Heap before GC invocations=81 (full 0):
 garbage-first heap   total 333824K, used 308842K [0x0000000085000000, 0x0000000100000000)
  region size 1024K, 16 young (16384K), 2 survivors (2048K)
 Metaspace       used 74517K, committed 74880K, reserved 1122304K
  class space    used 8118K, committed 8320K, reserved 1048576K
}
Event: 71.228 GC heap after
{Heap after GC invocations=82 (full 0):
 garbage-first heap   total 333824K, used 295564K [0x0000000085000000, 0x0000000100000000)
  region size 1024K, 2 young (2048K), 2 survivors (2048K)
 Metaspace       used 74517K, committed 74880K, reserved 1122304K
  class space    used 8118K, committed 8320K, reserved 1048576K
}
Event: 71.517 GC heap before
{Heap before GC invocations=82 (full 0):
 garbage-first heap   total 333824K, used 309900K [0x0000000085000000, 0x0000000100000000)
  region size 1024K, 16 young (16384K), 2 survivors (2048K)
 Metaspace       used 74530K, committed 74880K, reserved 1122304K
  class space    used 8119K, committed 8320K, reserved 1048576K
}
Event: 71.522 GC heap after
{Heap after GC invocations=83 (full 0):
 garbage-first heap   total 333824K, used 296728K [0x0000000085000000, 0x0000000100000000)
  region size 1024K, 2 young (2048K), 2 survivors (2048K)
 Metaspace       used 74530K, committed 74880K, reserved 1122304K
  class space    used 8119K, committed 8320K, reserved 1048576K
}
Event: 71.744 GC heap before
{Heap before GC invocations=83 (full 0):
 garbage-first heap   total 333824K, used 311064K [0x0000000085000000, 0x0000000100000000)
  region size 1024K, 16 young (16384K), 2 survivors (2048K)
 Metaspace       used 74549K, committed 74944K, reserved 1122304K
  class space    used 8119K, committed 8320K, reserved 1048576K
}
Event: 71.749 GC heap after
{Heap after GC invocations=84 (full 0):
 garbage-first heap   total 333824K, used 297865K [0x0000000085000000, 0x0000000100000000)
  region size 1024K, 2 young (2048K), 2 survivors (2048K)
 Metaspace       used 74549K, committed 74944K, reserved 1122304K
  class space    used 8119K, committed 8320K, reserved 1048576K
}
Event: 71.972 GC heap before
{Heap before GC invocations=84 (full 0):
 garbage-first heap   total 333824K, used 312201K [0x0000000085000000, 0x0000000100000000)
  region size 1024K, 16 young (16384K), 2 survivors (2048K)
 Metaspace       used 74550K, committed 74944K, reserved 1122304K
  class space    used 8119K, committed 8320K, reserved 1048576K
}
Event: 71.977 GC heap after
{Heap after GC invocations=85 (full 0):
 garbage-first heap   total 333824K, used 299219K [0x0000000085000000, 0x0000000100000000)
  region size 1024K, 2 young (2048K), 2 survivors (2048K)
 Metaspace       used 74550K, committed 74944K, reserved 1122304K
  class space    used 8119K, committed 8320K, reserved 1048576K
}
Event: 72.301 GC heap before
{Heap before GC invocations=85 (full 0):
 garbage-first heap   total 333824K, used 313555K [0x0000000085000000, 0x0000000100000000)
  region size 1024K, 16 young (16384K), 2 survivors (2048K)
 Metaspace       used 74555K, committed 74944K, reserved 1122304K
  class space    used 8119K, committed 8320K, reserved 1048576K
}
Event: 72.307 GC heap after
{Heap after GC invocations=86 (full 0):
 garbage-first heap   total 333824K, used 300318K [0x0000000085000000, 0x0000000100000000)
  region size 1024K, 2 young (2048K), 2 survivors (2048K)
 Metaspace       used 74555K, committed 74944K, reserved 1122304K
  class space    used 8119K, committed 8320K, reserved 1048576K
}

Dll operation events (2 events):
Event: 0.027 Loaded shared library C:\Program Files (x86)\android-studio-2022.3.1.17-windows\android-studio\jbr\bin\java.dll
Event: 1.471 Loaded shared library C:\Program Files (x86)\android-studio-2022.3.1.17-windows\android-studio\jbr\bin\verify.dll

Deoptimization events (20 events):
Event: 71.486 Thread 0x000001e8f4919fd0 Uncommon trap: trap_request=0xffffffbe fr.pc=0x000001e888a9fae8 relative=0x00000000000012e8
Event: 71.486 Thread 0x000001e8f4919fd0 Uncommon trap: reason=profile_predicate action=maybe_recompile pc=0x000001e888a9fae8 method=org.jetbrains.kotlin.resolve.calls.inference.components.VariableFixationFinder.variableHasLowerNonNothingProperConstraint(Lorg/jetbrains/kotlin/resolve/calls/infer
Event: 71.486 Thread 0x000001e8f4919fd0 DEOPT PACKING pc=0x000001e888a9fae8 sp=0x0000009c77bfc8f0
Event: 71.486 Thread 0x000001e8f4919fd0 DEOPT UNPACKING pc=0x000001e88758a1a3 sp=0x0000009c77bfc8b0 mode 2
Event: 71.489 Thread 0x000001e8f4919fd0 Uncommon trap: trap_request=0xffffffbe fr.pc=0x000001e888a9fae8 relative=0x00000000000012e8
Event: 71.489 Thread 0x000001e8f4919fd0 Uncommon trap: reason=profile_predicate action=maybe_recompile pc=0x000001e888a9fae8 method=org.jetbrains.kotlin.resolve.calls.inference.components.VariableFixationFinder.variableHasLowerNonNothingProperConstraint(Lorg/jetbrains/kotlin/resolve/calls/infer
Event: 71.489 Thread 0x000001e8f4919fd0 DEOPT PACKING pc=0x000001e888a9fae8 sp=0x0000009c77bfc070
Event: 71.489 Thread 0x000001e8f4919fd0 DEOPT UNPACKING pc=0x000001e88758a1a3 sp=0x0000009c77bfc030 mode 2
Event: 71.489 Thread 0x000001e8f4919fd0 Uncommon trap: trap_request=0xffffffbe fr.pc=0x000001e888a9fae8 relative=0x00000000000012e8
Event: 71.489 Thread 0x000001e8f4919fd0 Uncommon trap: reason=profile_predicate action=maybe_recompile pc=0x000001e888a9fae8 method=org.jetbrains.kotlin.resolve.calls.inference.components.VariableFixationFinder.variableHasLowerNonNothingProperConstraint(Lorg/jetbrains/kotlin/resolve/calls/infer
Event: 71.489 Thread 0x000001e8f4919fd0 DEOPT PACKING pc=0x000001e888a9fae8 sp=0x0000009c77bfbf10
Event: 71.489 Thread 0x000001e8f4919fd0 DEOPT UNPACKING pc=0x000001e88758a1a3 sp=0x0000009c77bfbed0 mode 2
Event: 71.658 Thread 0x000001e8f4919fd0 Uncommon trap: trap_request=0xffffff45 fr.pc=0x000001e88891d22c relative=0x00000000000030ec
Event: 71.658 Thread 0x000001e8f4919fd0 Uncommon trap: reason=unstable_if action=reinterpret pc=0x000001e88891d22c method=androidx.compose.compiler.plugins.kotlin.ComposableCallChecker.checkInlineLambdaCall(Lorg/jetbrains/kotlin/resolve/calls/model/ResolvedCall;Lorg/jetbrains/kotlin/com/intelli
Event: 71.658 Thread 0x000001e8f4919fd0 DEOPT PACKING pc=0x000001e88891d22c sp=0x0000009c77bf9570
Event: 71.658 Thread 0x000001e8f4919fd0 DEOPT UNPACKING pc=0x000001e88758a1a3 sp=0x0000009c77bf94d8 mode 2
Event: 71.854 Thread 0x000001e8f4919fd0 Uncommon trap: trap_request=0xffffff45 fr.pc=0x000001e888a92968 relative=0x00000000000004c8
Event: 71.854 Thread 0x000001e8f4919fd0 Uncommon trap: reason=unstable_if action=reinterpret pc=0x000001e888a92968 method=org.jetbrains.kotlin.parsing.KotlinParsing.parseCommonDeclaration(Lorg/jetbrains/kotlin/parsing/KotlinParsing$ModifierDetector;Lorg/jetbrains/kotlin/parsing/KotlinParsing$Na
Event: 71.854 Thread 0x000001e8f4919fd0 DEOPT PACKING pc=0x000001e888a92968 sp=0x0000009c77bf46d0
Event: 71.854 Thread 0x000001e8f4919fd0 DEOPT UNPACKING pc=0x000001e88758a1a3 sp=0x0000009c77bf46a0 mode 2

Classes unloaded (0 events):
No events

Classes redefined (0 events):
No events

Internal exceptions (20 events):
Event: 22.062 Thread 0x000001e8f4919fd0 Exception <a 'java/lang/NoSuchMethodError'{0x00000000964fa390}: 'void java.lang.invoke.DirectMethodHandle$Holder.invokeSpecial(java.lang.Object, java.lang.Object, int, java.lang.Object)'> (0x00000000964fa390) 
thrown [s\src\hotspot\share\interpreter\linkResolver.cpp, line 771]
Event: 22.111 Thread 0x000001e8f4919fd0 Exception <a 'java/lang/NoSuchMethodError'{0x000000009629bb90}: 'int java.lang.invoke.DirectMethodHandle$Holder.invokeVirtual(java.lang.Object, java.lang.Object, java.lang.Object)'> (0x000000009629bb90) 
thrown [s\src\hotspot\share\interpreter\linkResolver.cpp, line 771]
Event: 23.685 Thread 0x000001e8f4919fd0 Implicit null exception at 0x000001e887feb98d to 0x000001e887fec29c
Event: 24.051 Thread 0x000001e8f4919fd0 Implicit null exception at 0x000001e887e18474 to 0x000001e887e18674
Event: 24.931 Thread 0x000001e8f4919fd0 Implicit null exception at 0x000001e887d94efa to 0x000001e887d950ec
Event: 25.970 Thread 0x000001e8f4919fd0 Implicit null exception at 0x000001e887cbbcd8 to 0x000001e887cbbd6a
Event: 25.977 Thread 0x000001e8f4919fd0 Implicit null exception at 0x000001e887b4f80f to 0x000001e887b4f885
Event: 33.426 Thread 0x000001e8f4919fd0 Implicit null exception at 0x000001e887cbb71a to 0x000001e887cbb888
Event: 40.483 Thread 0x000001e8f4919fd0 Implicit null exception at 0x000001e8880f1f13 to 0x000001e8880f20aa
Event: 40.574 Thread 0x000001e8f4919fd0 Implicit null exception at 0x000001e888365cef to 0x000001e88836cefc
Event: 40.575 Thread 0x000001e8f4919fd0 Implicit null exception at 0x000001e887da435b to 0x000001e887da4a3c
Event: 40.575 Thread 0x000001e8f4919fd0 Implicit null exception at 0x000001e887f6f8c7 to 0x000001e887f70079
Event: 40.575 Thread 0x000001e8f4919fd0 Implicit null exception at 0x000001e8883b845b to 0x000001e8883b84f3
Event: 40.575 Thread 0x000001e8f4919fd0 Implicit null exception at 0x000001e8880f49e3 to 0x000001e8880f60f0
Event: 40.766 Thread 0x000001e8f4919fd0 Implicit null exception at 0x000001e887dd10af to 0x000001e887dd1134
Event: 42.528 Thread 0x000001e8f4919fd0 Implicit null exception at 0x000001e88812a80f to 0x000001e88812c988
Event: 44.376 Thread 0x000001e8f4919fd0 Implicit null exception at 0x000001e88829ee49 to 0x000001e88829f008
Event: 59.250 Thread 0x000001e8f4919fd0 Implicit null exception at 0x000001e88858d95b to 0x000001e88858e230
Event: 68.136 Thread 0x000001e8f4919fd0 Implicit null exception at 0x000001e887faa858 to 0x000001e887fafb84
Event: 68.139 Thread 0x000001e8f4919fd0 Implicit null exception at 0x000001e887fd83f4 to 0x000001e887fd84c0

VM Operations (20 events):
Event: 70.224 Executing VM operation: G1CollectForAllocation done
Event: 70.481 Executing VM operation: G1CollectForAllocation
Event: 70.484 Executing VM operation: G1CollectForAllocation done
Event: 70.661 Executing VM operation: G1CollectForAllocation
Event: 70.665 Executing VM operation: G1CollectForAllocation done
Event: 70.892 Executing VM operation: G1CollectForAllocation
Event: 70.895 Executing VM operation: G1CollectForAllocation done
Event: 71.224 Executing VM operation: G1CollectForAllocation
Event: 71.228 Executing VM operation: G1CollectForAllocation done
Event: 71.517 Executing VM operation: G1CollectForAllocation
Event: 71.522 Executing VM operation: G1CollectForAllocation done
Event: 71.744 Executing VM operation: G1CollectForAllocation
Event: 71.749 Executing VM operation: G1CollectForAllocation done
Event: 71.972 Executing VM operation: G1CollectForAllocation
Event: 71.977 Executing VM operation: G1CollectForAllocation done
Event: 72.301 Executing VM operation: G1CollectForAllocation
Event: 72.308 Executing VM operation: G1CollectForAllocation done
Event: 72.669 Executing VM operation: HandshakeAllThreads
Event: 72.669 Executing VM operation: HandshakeAllThreads done
Event: 72.951 Executing VM operation: G1Concurrent

Events (20 events):
Event: 72.691 Thread 0x000001e88f839b10 flushing nmethod 0x000001e8808b4410
Event: 72.691 Thread 0x000001e88f839b10 flushing nmethod 0x000001e8808ec390
Event: 72.694 Thread 0x000001e88f839b10 flushing nmethod 0x000001e880ae1010
Event: 72.700 Thread 0x000001e88f839b10 flushing nmethod 0x000001e881228d10
Event: 72.701 Thread 0x000001e88f839b10 flushing nmethod 0x000001e88126d610
Event: 72.702 Thread 0x000001e88f839b10 flushing nmethod 0x000001e881482210
Event: 72.704 Thread 0x000001e88f839b10 flushing nmethod 0x000001e88170db90
Event: 72.704 Thread 0x000001e88f839b10 flushing nmethod 0x000001e881771c90
Event: 72.705 Thread 0x000001e88f839b10 flushing nmethod 0x000001e8817fd590
Event: 72.710 Thread 0x000001e88f839b10 flushing nmethod 0x000001e881b9ee90
Event: 72.711 Thread 0x000001e88f839b10 flushing nmethod 0x000001e881cf8010
Event: 72.713 Thread 0x000001e88f839b10 flushing nmethod 0x000001e881e97790
Event: 72.713 Thread 0x000001e88f839b10 flushing nmethod 0x000001e881f19a90
Event: 72.715 Thread 0x000001e88f839b10 flushing nmethod 0x000001e882057410
Event: 72.715 Thread 0x000001e88f839b10 flushing nmethod 0x000001e882057790
Event: 72.715 Thread 0x000001e88f839b10 flushing nmethod 0x000001e882087090
Event: 72.715 Thread 0x000001e88f839b10 flushing nmethod 0x000001e8820cfa10
Event: 72.716 Thread 0x000001e88f839b10 flushing nmethod 0x000001e882251e90
Event: 72.716 Thread 0x000001e88f839b10 flushing nmethod 0x000001e882253210
Event: 72.717 Thread 0x000001e88f839b10 flushing nmethod 0x000001e88233cf10


Dynamic libraries:
0x00007ff730b70000 - 0x00007ff730b7a000 	C:\Program Files (x86)\android-studio-2022.3.1.17-windows\android-studio\jbr\bin\java.exe
0x00007ffcdc510000 - 0x00007ffcdc727000 	C:\WINDOWS\SYSTEM32\ntdll.dll
0x00007ffcdac70000 - 0x00007ffcdad34000 	C:\WINDOWS\System32\KERNEL32.DLL
0x00007ffcd99d0000 - 0x00007ffcd9d76000 	C:\WINDOWS\System32\KERNELBASE.dll
0x00007ffcd9d80000 - 0x00007ffcd9e91000 	C:\WINDOWS\System32\ucrtbase.dll
0x00007ffcbe890000 - 0x00007ffcbe8ab000 	C:\Program Files (x86)\android-studio-2022.3.1.17-windows\android-studio\jbr\bin\VCRUNTIME140.dll
0x00007ffc602f0000 - 0x00007ffc60307000 	C:\Program Files (x86)\android-studio-2022.3.1.17-windows\android-studio\jbr\bin\jli.dll
0x00007ffcdaa10000 - 0x00007ffcdabbd000 	C:\WINDOWS\System32\USER32.dll
0x00007ffcd9f40000 - 0x00007ffcd9f66000 	C:\WINDOWS\System32\win32u.dll
0x00007ffcdafe0000 - 0x00007ffcdb009000 	C:\WINDOWS\System32\GDI32.dll
0x00007ffcd9f70000 - 0x00007ffcda088000 	C:\WINDOWS\System32\gdi32full.dll
0x00007ffcd9ea0000 - 0x00007ffcd9f3a000 	C:\WINDOWS\System32\msvcp_win.dll
0x00007ffcc80a0000 - 0x00007ffcc8333000 	C:\WINDOWS\WinSxS\amd64_microsoft.windows.common-controls_6595b64144ccf1df_6.0.22621.2361_none_2712ced57382f843\COMCTL32.dll
0x00007ffcdae10000 - 0x00007ffcdaeb7000 	C:\WINDOWS\System32\msvcrt.dll
0x00007ffcda8b0000 - 0x00007ffcda8e1000 	C:\WINDOWS\System32\IMM32.DLL
0x00007ffccabf0000 - 0x00007ffccabfc000 	C:\Program Files (x86)\android-studio-2022.3.1.17-windows\android-studio\jbr\bin\vcruntime140_1.dll
0x00007ffcb6c20000 - 0x00007ffcb6cad000 	C:\Program Files (x86)\android-studio-2022.3.1.17-windows\android-studio\jbr\bin\msvcp140.dll
0x00007ffc5eb40000 - 0x00007ffc5f7ae000 	C:\Program Files (x86)\android-studio-2022.3.1.17-windows\android-studio\jbr\bin\server\jvm.dll
0x00007ffcdaec0000 - 0x00007ffcdaf70000 	C:\WINDOWS\System32\ADVAPI32.dll
0x00007ffcda770000 - 0x00007ffcda816000 	C:\WINDOWS\System32\sechost.dll
0x00007ffcda8f0000 - 0x00007ffcdaa07000 	C:\WINDOWS\System32\RPCRT4.dll
0x00007ffcc8a60000 - 0x00007ffcc8a6a000 	C:\WINDOWS\SYSTEM32\VERSION.dll
0x00007ffccf430000 - 0x00007ffccf464000 	C:\WINDOWS\SYSTEM32\WINMM.dll
0x00007ffcb7590000 - 0x00007ffcb7599000 	C:\WINDOWS\SYSTEM32\WSOCK32.dll
0x00007ffcda270000 - 0x00007ffcda2e1000 	C:\WINDOWS\System32\WS2_32.dll
0x00007ffcd89c0000 - 0x00007ffcd89d8000 	C:\WINDOWS\SYSTEM32\kernel.appcore.dll
0x00007ffcd0490000 - 0x00007ffcd049a000 	C:\Program Files (x86)\android-studio-2022.3.1.17-windows\android-studio\jbr\bin\jimage.dll
0x00007ffcd72c0000 - 0x00007ffcd74ee000 	C:\WINDOWS\SYSTEM32\DBGHELP.DLL
0x00007ffcdbee0000 - 0x00007ffcdc26a000 	C:\WINDOWS\System32\combase.dll
0x00007ffcdb920000 - 0x00007ffcdb9f7000 	C:\WINDOWS\System32\OLEAUT32.dll
0x00007ffccb5e0000 - 0x00007ffccb612000 	C:\WINDOWS\SYSTEM32\dbgcore.DLL
0x00007ffcd9950000 - 0x00007ffcd99ca000 	C:\WINDOWS\System32\bcryptPrimitives.dll
0x00007ffccf500000 - 0x00007ffccf525000 	C:\Program Files (x86)\android-studio-2022.3.1.17-windows\android-studio\jbr\bin\java.dll
0x00007ffccb780000 - 0x00007ffccb798000 	C:\Program Files (x86)\android-studio-2022.3.1.17-windows\android-studio\jbr\bin\zip.dll
0x00007ffcdb010000 - 0x00007ffcdb868000 	C:\WINDOWS\System32\SHELL32.dll
0x00007ffcd7800000 - 0x00007ffcd80f2000 	C:\WINDOWS\SYSTEM32\windows.storage.dll
0x00007ffcd76c0000 - 0x00007ffcd77fe000 	C:\WINDOWS\SYSTEM32\wintypes.dll
0x00007ffcdbbc0000 - 0x00007ffcdbcb3000 	C:\WINDOWS\System32\SHCORE.dll
0x00007ffcda850000 - 0x00007ffcda8ae000 	C:\WINDOWS\System32\shlwapi.dll
0x00007ffcd97c0000 - 0x00007ffcd97e6000 	C:\WINDOWS\SYSTEM32\profapi.dll
0x00007ffccb760000 - 0x00007ffccb779000 	C:\Program Files (x86)\android-studio-2022.3.1.17-windows\android-studio\jbr\bin\net.dll
0x00007ffcd1050000 - 0x00007ffcd1187000 	C:\WINDOWS\SYSTEM32\WINHTTP.dll
0x00007ffcd8e40000 - 0x00007ffcd8ea9000 	C:\WINDOWS\system32\mswsock.dll
0x00007ffccb740000 - 0x00007ffccb756000 	C:\Program Files (x86)\android-studio-2022.3.1.17-windows\android-studio\jbr\bin\nio.dll
0x00007ffccb710000 - 0x00007ffccb720000 	C:\Program Files (x86)\android-studio-2022.3.1.17-windows\android-studio\jbr\bin\verify.dll

dbghelp: loaded successfully - version: 4.0.5 - missing functions: none
symbol engine: initialized successfully - sym options: 0x614 - pdb path: .;C:\Program Files (x86)\android-studio-2022.3.1.17-windows\android-studio\jbr\bin;C:\WINDOWS\SYSTEM32;C:\WINDOWS\WinSxS\amd64_microsoft.windows.common-controls_6595b64144ccf1df_6.0.22621.2361_none_2712ced57382f843;C:\Program Files (x86)\android-studio-2022.3.1.17-windows\android-studio\jbr\bin\server

VM Arguments:
java_command: org.jetbrains.kotlin.cli.jvm.K2JVMCompiler @C:\workspace\android\app\build\20231022_3836971730800001333.compiler.options
java_class_path (initial): C:\Users\user\.gradle\caches\modules-2\files-2.1\org.jetbrains.kotlin\kotlin-compiler-embeddable\1.8.10\b0757fd774344d54ce93f5ad6c30ba1c1731c8ff\kotlin-compiler-embeddable-1.8.10.jar;C:\Users\user\.gradle\caches\modules-2\files-2.1\org.jetbrains.kotlin\kotlin-stdlib\1.8.10\6d5560a229477df9406943d5feda5618e98eb64c\kotlin-stdlib-1.8.10.jar;C:\Users\user\.gradle\caches\modules-2\files-2.1\org.jetbrains.kotlin\kotlin-script-runtime\1.8.10\b13ea9c7e46d589139e56086a878763290e20bd5\kotlin-script-runtime-1.8.10.jar;C:\Users\user\.gradle\caches\modules-2\files-2.1\org.jetbrains.kotlin\kotlin-reflect\1.6.10\1cbe9c92c12a94eea200d23c2bbaedaf3daf5132\kotlin-reflect-1.6.10.jar;C:\Users\user\.gradle\caches\modules-2\files-2.1\org.jetbrains.kotlin\kotlin-daemon-embeddable\1.8.10\ad8541d9bc1cf9e52c3204161247910c2cf601d4\kotlin-daemon-embeddable-1.8.10.jar;C:\Users\user\.gradle\caches\modules-2\files-2.1\org.jetbrains.intellij.deps\trove4j\1.0.20200330\3afb14d5f9ceb459d724e907a21145e8ff394f02\trove4j-1.0.20200330.jar;C:\Users\user\.gradle\caches\modules-2\files-2.1\net.java.dev.jna\jna\5.6.0\330f2244e9030119ab3030fc3fededc86713d9cc\jna-5.6.0.jar;C:\Users\user\.gradle\caches\modules-2\files-2.1\org.jetbrains.kotlin\kotlin-stdlib-common\1.8.10\a61b182458550492c12aee66157d7b524a63a5ec\kotlin-stdlib-common-1.8.10.jar;C:\Users\user\.gradle\caches\modules-2\files-2.1\org.jetbrains\annotations\13.0\919f0dfe192fb4e063e7dacadee7f8bb9a2672a9\annotations-13.0.jar
Launcher Type: SUN_STANDARD

[Global flags]
     intx CICompilerCount                          = 4                                         {product} {ergonomic}
     uint ConcGCThreads                            = 2                                         {product} {ergonomic}
     uint G1ConcRefinementThreads                  = 8                                         {product} {ergonomic}
   size_t G1HeapRegionSize                         = 1048576                                   {product} {ergonomic}
    uintx GCDrainStackTargetSize                   = 64                                        {product} {ergonomic}
   size_t InitialHeapSize                          = 130023424                                 {product} {ergonomic}
   size_t MarkStackSize                            = 4194304                                   {product} {ergonomic}
   size_t MaxHeapSize                              = 2063597568                                {product} {ergonomic}
   size_t MaxNewSize                               = 1237319680                                {product} {ergonomic}
   size_t MinHeapDeltaBytes                        = 1048576                                   {product} {ergonomic}
   size_t MinHeapSize                              = 8388608                                   {product} {ergonomic}
    uintx NonNMethodCodeHeapSize                   = 5839372                                {pd product} {ergonomic}
    uintx NonProfiledCodeHeapSize                  = 122909434                              {pd product} {ergonomic}
    uintx ProfiledCodeHeapSize                     = 122909434                              {pd product} {ergonomic}
    uintx ReservedCodeCacheSize                    = 251658240                              {pd product} {ergonomic}
     bool SegmentedCodeCache                       = true                                      {product} {ergonomic}
   size_t SoftMaxHeapSize                          = 2063597568                             {manageable} {ergonomic}
     bool UseCompressedClassPointers               = true                           {product lp64_product} {ergonomic}
     bool UseCompressedOops                        = true                           {product lp64_product} {ergonomic}
     bool UseG1GC                                  = true                                      {product} {ergonomic}
     bool UseLargePagesIndividualAllocation        = false                                  {pd product} {ergonomic}

Logging:
Log output configuration:
 #0: stdout all=warning uptime,level,tags
 #1: stderr all=off uptime,level,tags

Environment Variables:
PATH=C:\Program Files\Common Files\Oracle\Java\javapath;C:\WINDOWS\system32;C:\WINDOWS;C:\WINDOWS\System32\Wbem;C:\WINDOWS\System32\WindowsPowerShell\v1.0\;C:\WINDOWS\System32\OpenSSH\;C:\Program Files (x86)\Git\cmd;C:\Program Files\Java\jdk-18.0.2.1\bin;C:\Program Files\MATLAB\R2022a\bin;C:\Program Files\Java\openssl-0.9.8e_X64\bin;C:\Program Files\nodejs\;C:\ProgramData\chocolatey\bin;C:\Users\user\AppData\Local\Programs\Python\Python39\Scripts\;C:\Users\user\AppData\Local\Programs\Python\Python39\;C:\Users\user\AppData\Local\Microsoft\WindowsApps;C:\Users\user\AppData\Local\Programs\Microsoft VS Code\bin;C:\Program Files\JetBrains\PyCharm Community Edition 2021.2\bin;;C:\Users\user\flutter\bin;C:\Users\user\AppData\Roaming\npm;C:\Program Files\JetBrains\IntelliJ IDEA 2023.2.2\bin;;C:\Users\user\AppData\Local\afreeca
USERNAME=user
OS=Windows_NT
PROCESSOR_IDENTIFIER=Intel64 Family 6 Model 140 Stepping 1, GenuineIntel
TMP=C:\Users\user\AppData\Local\Temp
TEMP=C:\Users\user\AppData\Local\Temp


JNI global refs:
JNI global refs: 11, weak refs: 0

JNI global refs memory usage: 843, weak refs: 841


---------------  S Y S T E M  ---------------

OS:
 Windows 11 , 64 bit Build 22621 (10.0.22621.2428)
OS uptime: 0 days 2:53 hours

CPU: total 8 (initial active 8) (4 cores per cpu, 2 threads per core) family 6 model 140 stepping 1 microcode 0x9a, cx8, cmov, fxsr, ht, mmx, 3dnowpref, sse, sse2, sse3, ssse3, sse4.1, sse4.2, popcnt, lzcnt, tsc, tscinvbit, avx, avx2, aes, erms, clmul, bmi1, bmi2, adx, avx512f, avx512dq, avx512cd, avx512bw, avx512vl, sha, fma, vzeroupper, avx512_vpopcntdq, avx512_vpclmulqdq, avx512_vaes, avx512_vnni, clflush, clflushopt, clwb, avx512_vbmi2, avx512_vbmi

Memory: 4k page, system-wide physical 7865M (233M free)
TotalPageFile size 15351M (AvailPageFile size 65M)
current process WorkingSet (physical memory assigned to process): 506M, peak: 574M
current process commit charge ("private bytes"): 615M, peak: 784M

vm_info: OpenJDK 64-Bit Server VM (17.0.6+0-b2043.56-10027231) for windows-amd64 JRE (17.0.6+0-b2043.56-10027231), built on Apr 28 2023 00:43:19 by "androidbuild" with MS VC++ 16.10 / 16.11 (VS2019)

END.
