#
# There is insufficient memory for the Java Runtime Environment to continue.
# Native memory allocation (malloc) failed to allocate 1009136 bytes for Chunk::new
# Possible reasons:
#   The system is out of physical RAM or swap space
#   The process is running with CompressedOops enabled, and the Java Heap may be blocking the growth of the native heap
# Possible solutions:
#   Reduce memory load on the system
#   Increase physical memory or swap space
#   Check if swap backing store is full
#   Decrease Java heap size (-Xmx/-Xms)
#   Decrease number of Java threads
#   Decrease Java thread stack sizes (-Xss)
#   Set larger code cache with -XX:ReservedCodeCacheSize=
#   JVM is running with Unscaled Compressed Oops mode in which the Java heap is
#     placed in the first 4GB address space. The Java Heap base address is the
#     maximum limit for the native heap growth. Please use -XX:HeapBaseMinAddress
#     to set the Java Heap base and to place the Java Heap above 4GB virtual address.
# This output file may be truncated or incomplete.
#
#  Out of Memory Error (arena.cpp:189), pid=20788, tid=21128
#
# JRE version: OpenJDK Runtime Environment (17.0.6) (build 17.0.6+0-b2043.56-10027231)
# Java VM: OpenJDK 64-Bit Server VM (17.0.6+0-b2043.56-10027231, mixed mode, tiered, compressed oops, compressed class ptrs, g1 gc, windows-amd64)
# No core dump will be written. Minidumps are not enabled by default on client versions of Windows
#

---------------  S U M M A R Y ------------

Command Line: org.jetbrains.kotlin.cli.jvm.K2JVMCompiler @C:\workspace\android\app\build\20231010_4643468438253880862.compiler.options

Host: 11th Gen Intel(R) Core(TM) i5-1135G7 @ 2.40GHz, 8 cores, 7G,  Windows 11 , 64 bit Build 22621 (10.0.22621.2215)
Time: Tue Oct 10 13:13:48 2023  Windows 11 , 64 bit Build 22621 (10.0.22621.2215) elapsed time: 32.679278 seconds (0d 0h 0m 32s)

---------------  T H R E A D  ---------------

Current thread (0x0000024c1836b760):  JavaThread "C2 CompilerThread1" daemon [_thread_in_native, id=21128, stack(0x0000005990a00000,0x0000005990b00000)]


Current CompileTask:
C2:  32679 17882       4       org.jetbrains.kotlin.resolve.calls.tower.TowerResolver$Task::run$processLexicalScope (176 bytes)

Stack: [0x0000005990a00000,0x0000005990b00000]
Native frames: (J=compiled Java code, j=interpreted, Vv=VM code, C=native code)
V  [jvm.dll+0x683c9a]
V  [jvm.dll+0x8427a4]
V  [jvm.dll+0x843f9e]
V  [jvm.dll+0x844603]
V  [jvm.dll+0x249b75]
V  [jvm.dll+0xabcac]
V  [jvm.dll+0xac27c]
V  [jvm.dll+0x368802]
V  [jvm.dll+0x332f31]
V  [jvm.dll+0x3323da]
V  [jvm.dll+0x21c201]
V  [jvm.dll+0x21b621]
V  [jvm.dll+0x1a4fdd]
V  [jvm.dll+0x22b098]
V  [jvm.dll+0x229159]
V  [jvm.dll+0x7f81ec]
V  [jvm.dll+0x7f274a]
V  [jvm.dll+0x682ad5]
C  [ucrtbase.dll+0x29363]
C  [KERNEL32.DLL+0x1257d]
C  [ntdll.dll+0x5aa68]


---------------  P R O C E S S  ---------------

Threads class SMR info:
_java_thread_list=0x0000024c143acdb0, length=13, elements={
0x0000024c7678bfe0, 0x0000024c13813260, 0x0000024c13815d20, 0x0000024c1382acb0,
0x0000024c1382b570, 0x0000024c1382de40, 0x0000024c1382e7f0, 0x0000024c1386b350,
0x0000024c138767a0, 0x0000024c7f5fd000, 0x0000024c139d30a0, 0x0000024c139e88b0,
0x0000024c1836b760
}

Java Threads: ( => current thread )
  0x0000024c7678bfe0 JavaThread "main" [_thread_in_Java, id=1476, stack(0x000000598f700000,0x000000598f800000)]
  0x0000024c13813260 JavaThread "Reference Handler" daemon [_thread_blocked, id=13544, stack(0x000000598fe00000,0x000000598ff00000)]
  0x0000024c13815d20 JavaThread "Finalizer" daemon [_thread_blocked, id=21356, stack(0x000000598ff00000,0x0000005990000000)]
  0x0000024c1382acb0 JavaThread "Signal Dispatcher" daemon [_thread_blocked, id=17380, stack(0x0000005990000000,0x0000005990100000)]
  0x0000024c1382b570 JavaThread "Attach Listener" daemon [_thread_blocked, id=14480, stack(0x0000005990100000,0x0000005990200000)]
  0x0000024c1382de40 JavaThread "Service Thread" daemon [_thread_blocked, id=10432, stack(0x0000005990200000,0x0000005990300000)]
  0x0000024c1382e7f0 JavaThread "Monitor Deflation Thread" daemon [_thread_blocked, id=21276, stack(0x0000005990300000,0x0000005990400000)]
  0x0000024c1386b350 JavaThread "C2 CompilerThread0" daemon [_thread_in_native, id=17160, stack(0x0000005990400000,0x0000005990500000)]
  0x0000024c138767a0 JavaThread "C1 CompilerThread0" daemon [_thread_blocked, id=19840, stack(0x0000005990500000,0x0000005990600000)]
  0x0000024c7f5fd000 JavaThread "Sweeper thread" daemon [_thread_blocked, id=11344, stack(0x0000005990600000,0x0000005990700000)]
  0x0000024c139d30a0 JavaThread "Notification Thread" daemon [_thread_blocked, id=19976, stack(0x0000005990700000,0x0000005990800000)]
  0x0000024c139e88b0 JavaThread "Common-Cleaner" daemon [_thread_blocked, id=14008, stack(0x0000005990900000,0x0000005990a00000)]
=>0x0000024c1836b760 JavaThread "C2 CompilerThread1" daemon [_thread_in_native, id=21128, stack(0x0000005990a00000,0x0000005990b00000)]

Other Threads:
  0x0000024c7f5dc950 VMThread "VM Thread" [stack: 0x000000598fd00000,0x000000598fe00000] [id=18524]
  0x0000024c7898e270 WatcherThread [stack: 0x0000005990800000,0x0000005990900000] [id=12956]
  0x0000024c789760e0 GCTaskThread "GC Thread#0" [stack: 0x000000598f800000,0x000000598f900000] [id=8560]
  0x0000024c140abeb0 GCTaskThread "GC Thread#1" [stack: 0x0000005990b00000,0x0000005990c00000] [id=2480]
  0x0000024c14126890 GCTaskThread "GC Thread#2" [stack: 0x0000005990c00000,0x0000005990d00000] [id=14840]
  0x0000024c14126b40 GCTaskThread "GC Thread#3" [stack: 0x0000005990d00000,0x0000005990e00000] [id=13816]
  0x0000024c14127200 GCTaskThread "GC Thread#4" [stack: 0x0000005990e00000,0x0000005990f00000] [id=1724]
  0x0000024c14ce3f50 GCTaskThread "GC Thread#5" [stack: 0x0000005990f00000,0x0000005991000000] [id=20396]
  0x0000024c14cda3e0 GCTaskThread "GC Thread#6" [stack: 0x0000005991000000,0x0000005991100000] [id=21304]
  0x0000024c14e54e50 GCTaskThread "GC Thread#7" [stack: 0x0000005991100000,0x0000005991200000] [id=5532]
  0x0000024c78986620 ConcurrentGCThread "G1 Main Marker" [stack: 0x000000598f900000,0x000000598fa00000] [id=21324]
  0x0000024c78987030 ConcurrentGCThread "G1 Conc#0" [stack: 0x000000598fa00000,0x000000598fb00000] [id=21328]
  0x0000024c14e55100 ConcurrentGCThread "G1 Conc#1" [stack: 0x0000005991200000,0x0000005991300000] [id=20752]
  0x0000024c789dd760 ConcurrentGCThread "G1 Refine#0" [stack: 0x000000598fb00000,0x000000598fc00000] [id=2052]
  0x0000024c17b039f0 ConcurrentGCThread "G1 Refine#1" [stack: 0x0000005991400000,0x0000005991500000] [id=19404]
  0x0000024c18ba3fe0 ConcurrentGCThread "G1 Refine#2" [stack: 0x0000005991500000,0x0000005991600000] [id=13096]
  0x0000024c18ba28e0 ConcurrentGCThread "G1 Refine#3" [stack: 0x0000005991600000,0x0000005991700000] [id=17412]
  0x0000024c18ba14c0 ConcurrentGCThread "G1 Refine#4" [stack: 0x0000005991700000,0x0000005991800000] [id=18064]
  0x0000024c18ba2bc0 ConcurrentGCThread "G1 Refine#5" [stack: 0x0000005991800000,0x0000005991900000] [id=21452]
  0x0000024c18ba3740 ConcurrentGCThread "G1 Refine#6" [stack: 0x0000005991900000,0x0000005991a00000] [id=10920]
  0x0000024c789de180 ConcurrentGCThread "G1 Service" [stack: 0x000000598fc00000,0x000000598fd00000] [id=6780]

Threads with active compile tasks:
C2 CompilerThread0    32724 17890       4       org.jetbrains.kotlin.com.intellij.psi.impl.source.tree.CompositeElement::findChildByType (55 bytes)
C2 CompilerThread1    32724 17882       4       org.jetbrains.kotlin.resolve.calls.tower.TowerResolver$Task::run$processLexicalScope (176 bytes)

VM state: not at safepoint (normal execution)

VM Mutex/Monitor currently owned by a thread: None

Heap address: 0x0000000085000000, size: 1968 MB, Compressed Oops mode: 32-bit

CDS archive(s) not mapped
Compressed class space mapped at: 0x0000000100000000-0x0000000140000000, reserved size: 1073741824
Narrow klass base: 0x0000000000000000, Narrow klass shift: 3, Narrow klass range: 0x140000000

GC Precious Log:
 CPUs: 8 total, 8 available
 Memory: 7865M
 Large Page Support: Disabled
 NUMA Support: Disabled
 Compressed Oops: Enabled (32-bit)
 Heap Region Size: 1M
 Heap Min Capacity: 8M
 Heap Initial Capacity: 124M
 Heap Max Capacity: 1968M
 Pre-touch: Disabled
 Parallel Workers: 8
 Concurrent Workers: 2
 Concurrent Refinement Workers: 8
 Periodic GC: Disabled

Heap:
 garbage-first heap   total 307200K, used 242801K [0x0000000085000000, 0x0000000100000000)
  region size 1024K, 62 young (63488K), 6 survivors (6144K)
 Metaspace       used 73536K, committed 73856K, reserved 1122304K
  class space    used 8118K, committed 8256K, reserved 1048576K

Heap Regions: E=young(eden), S=young(survivor), O=old, HS=humongous(starts), HC=humongous(continues), CS=collection set, F=free, OA=open archive, CA=closed archive, TAMS=top-at-mark-start (previous, next)
|   0|0x0000000085000000, 0x0000000085100000, 0x0000000085100000|100%|HS|  |TAMS 0x0000000085100000, 0x0000000085000000| Complete 
|   1|0x0000000085100000, 0x0000000085200000, 0x0000000085200000|100%|HC|  |TAMS 0x0000000085200000, 0x0000000085100000| Complete 
|   2|0x0000000085200000, 0x0000000085300000, 0x0000000085300000|100%|HC|  |TAMS 0x0000000085300000, 0x0000000085200000| Complete 
|   3|0x0000000085300000, 0x0000000085400000, 0x0000000085400000|100%|HC|  |TAMS 0x0000000085400000, 0x0000000085300000| Complete 
|   4|0x0000000085400000, 0x0000000085500000, 0x0000000085500000|100%| O|  |TAMS 0x0000000085500000, 0x0000000085400000| Untracked 
|   5|0x0000000085500000, 0x0000000085600000, 0x0000000085600000|100%| O|  |TAMS 0x0000000085600000, 0x0000000085500000| Untracked 
|   6|0x0000000085600000, 0x00000000856f6c00, 0x0000000085700000| 96%| O|  |TAMS 0x00000000856f6c00, 0x0000000085600000| Untracked 
|   7|0x0000000085700000, 0x0000000085800000, 0x0000000085800000|100%|HS|  |TAMS 0x0000000085800000, 0x0000000085700000| Complete 
|   8|0x0000000085800000, 0x0000000085900000, 0x0000000085900000|100%|HC|  |TAMS 0x0000000085900000, 0x0000000085800000| Complete 
|   9|0x0000000085900000, 0x0000000085a00000, 0x0000000085a00000|100%|HC|  |TAMS 0x0000000085a00000, 0x0000000085900000| Complete 
|  10|0x0000000085a00000, 0x0000000085b00000, 0x0000000085b00000|100%|HC|  |TAMS 0x0000000085b00000, 0x0000000085a00000| Complete 
|  11|0x0000000085b00000, 0x0000000085c00000, 0x0000000085c00000|100%| O|  |TAMS 0x0000000085c00000, 0x0000000085b00000| Untracked 
|  12|0x0000000085c00000, 0x0000000085d00000, 0x0000000085d00000|100%| O|  |TAMS 0x0000000085d00000, 0x0000000085c00000| Untracked 
|  13|0x0000000085d00000, 0x0000000085e00000, 0x0000000085e00000|100%| O|  |TAMS 0x0000000085e00000, 0x0000000085d00000| Untracked 
|  14|0x0000000085e00000, 0x0000000085f00000, 0x0000000085f00000|100%| O|  |TAMS 0x0000000085f00000, 0x0000000085e00000| Untracked 
|  15|0x0000000085f00000, 0x0000000086000000, 0x0000000086000000|100%| O|  |TAMS 0x0000000086000000, 0x0000000085f00000| Untracked 
|  16|0x0000000086000000, 0x0000000086100000, 0x0000000086100000|100%| O|  |TAMS 0x0000000086100000, 0x0000000086000000| Untracked 
|  17|0x0000000086100000, 0x0000000086200000, 0x0000000086200000|100%| O|  |TAMS 0x0000000086200000, 0x0000000086100000| Untracked 
|  18|0x0000000086200000, 0x0000000086300000, 0x0000000086300000|100%| O|  |TAMS 0x0000000086300000, 0x0000000086200000| Untracked 
|  19|0x0000000086300000, 0x0000000086400000, 0x0000000086400000|100%| O|  |TAMS 0x0000000086400000, 0x0000000086300000| Untracked 
|  20|0x0000000086400000, 0x0000000086500000, 0x0000000086500000|100%| O|  |TAMS 0x0000000086500000, 0x0000000086400000| Untracked 
|  21|0x0000000086500000, 0x0000000086600000, 0x0000000086600000|100%| O|  |TAMS 0x0000000086600000, 0x0000000086500000| Untracked 
|  22|0x0000000086600000, 0x0000000086700000, 0x0000000086700000|100%| O|  |TAMS 0x0000000086700000, 0x0000000086600000| Untracked 
|  23|0x0000000086700000, 0x0000000086800000, 0x0000000086800000|100%| O|  |TAMS 0x0000000086800000, 0x0000000086700000| Untracked 
|  24|0x0000000086800000, 0x0000000086900000, 0x0000000086900000|100%| O|  |TAMS 0x0000000086900000, 0x0000000086800000| Untracked 
|  25|0x0000000086900000, 0x0000000086a00000, 0x0000000086a00000|100%| O|  |TAMS 0x0000000086a00000, 0x0000000086900000| Untracked 
|  26|0x0000000086a00000, 0x0000000086b00000, 0x0000000086b00000|100%| O|  |TAMS 0x0000000086b00000, 0x0000000086a00000| Untracked 
|  27|0x0000000086b00000, 0x0000000086c00000, 0x0000000086c00000|100%| O|  |TAMS 0x0000000086c00000, 0x0000000086b00000| Untracked 
|  28|0x0000000086c00000, 0x0000000086d00000, 0x0000000086d00000|100%| O|  |TAMS 0x0000000086d00000, 0x0000000086c00000| Untracked 
|  29|0x0000000086d00000, 0x0000000086e00000, 0x0000000086e00000|100%| O|  |TAMS 0x0000000086e00000, 0x0000000086d00000| Untracked 
|  30|0x0000000086e00000, 0x0000000086f00000, 0x0000000086f00000|100%| O|  |TAMS 0x0000000086f00000, 0x0000000086e00000| Untracked 
|  31|0x0000000086f00000, 0x0000000087000000, 0x0000000087000000|100%| O|  |TAMS 0x0000000087000000, 0x0000000086f00000| Untracked 
|  32|0x0000000087000000, 0x0000000087100000, 0x0000000087100000|100%| O|  |TAMS 0x0000000087100000, 0x0000000087000000| Untracked 
|  33|0x0000000087100000, 0x0000000087200000, 0x0000000087200000|100%| O|  |TAMS 0x0000000087200000, 0x0000000087100000| Untracked 
|  34|0x0000000087200000, 0x0000000087300000, 0x0000000087300000|100%| O|  |TAMS 0x0000000087300000, 0x0000000087200000| Untracked 
|  35|0x0000000087300000, 0x0000000087400000, 0x0000000087400000|100%| O|  |TAMS 0x0000000087400000, 0x0000000087300000| Untracked 
|  36|0x0000000087400000, 0x0000000087500000, 0x0000000087500000|100%| O|  |TAMS 0x0000000087500000, 0x0000000087400000| Untracked 
|  37|0x0000000087500000, 0x0000000087600000, 0x0000000087600000|100%| O|  |TAMS 0x0000000087600000, 0x0000000087500000| Untracked 
|  38|0x0000000087600000, 0x0000000087700000, 0x0000000087700000|100%| O|  |TAMS 0x0000000087700000, 0x0000000087600000| Untracked 
|  39|0x0000000087700000, 0x0000000087800000, 0x0000000087800000|100%| O|  |TAMS 0x0000000087800000, 0x0000000087700000| Untracked 
|  40|0x0000000087800000, 0x0000000087900000, 0x0000000087900000|100%| O|  |TAMS 0x0000000087900000, 0x0000000087800000| Untracked 
|  41|0x0000000087900000, 0x0000000087a00000, 0x0000000087a00000|100%| O|  |TAMS 0x0000000087a00000, 0x0000000087900000| Untracked 
|  42|0x0000000087a00000, 0x0000000087b00000, 0x0000000087b00000|100%| O|  |TAMS 0x0000000087b00000, 0x0000000087a00000| Untracked 
|  43|0x0000000087b00000, 0x0000000087c00000, 0x0000000087c00000|100%| O|  |TAMS 0x0000000087c00000, 0x0000000087b00000| Untracked 
|  44|0x0000000087c00000, 0x0000000087d00000, 0x0000000087d00000|100%| O|  |TAMS 0x0000000087d00000, 0x0000000087c00000| Untracked 
|  45|0x0000000087d00000, 0x0000000087e00000, 0x0000000087e00000|100%| O|  |TAMS 0x0000000087e00000, 0x0000000087d00000| Untracked 
|  46|0x0000000087e00000, 0x0000000087f00000, 0x0000000087f00000|100%| O|  |TAMS 0x0000000087f00000, 0x0000000087e00000| Untracked 
|  47|0x0000000087f00000, 0x0000000088000000, 0x0000000088000000|100%| O|  |TAMS 0x0000000088000000, 0x0000000087f00000| Untracked 
|  48|0x0000000088000000, 0x0000000088100000, 0x0000000088100000|100%| O|  |TAMS 0x0000000088100000, 0x0000000088000000| Untracked 
|  49|0x0000000088100000, 0x0000000088200000, 0x0000000088200000|100%| O|  |TAMS 0x0000000088200000, 0x0000000088100000| Untracked 
|  50|0x0000000088200000, 0x0000000088300000, 0x0000000088300000|100%| O|  |TAMS 0x0000000088300000, 0x0000000088200000| Untracked 
|  51|0x0000000088300000, 0x0000000088400000, 0x0000000088400000|100%| O|  |TAMS 0x0000000088400000, 0x0000000088300000| Untracked 
|  52|0x0000000088400000, 0x0000000088500000, 0x0000000088500000|100%| O|  |TAMS 0x0000000088400000, 0x0000000088400000| Untracked 
|  53|0x0000000088500000, 0x0000000088600000, 0x0000000088600000|100%|HS|  |TAMS 0x0000000088600000, 0x0000000088500000| Complete 
|  54|0x0000000088600000, 0x0000000088700000, 0x0000000088700000|100%|HC|  |TAMS 0x0000000088700000, 0x0000000088600000| Complete 
|  55|0x0000000088700000, 0x0000000088800000, 0x0000000088800000|100%| O|  |TAMS 0x0000000088800000, 0x0000000088700000| Untracked 
|  56|0x0000000088800000, 0x0000000088900000, 0x0000000088900000|100%| O|  |TAMS 0x0000000088900000, 0x0000000088800000| Untracked 
|  57|0x0000000088900000, 0x0000000088a00000, 0x0000000088a00000|100%| O|  |TAMS 0x0000000088a00000, 0x0000000088900000| Untracked 
|  58|0x0000000088a00000, 0x0000000088b00000, 0x0000000088b00000|100%| O|  |TAMS 0x0000000088b00000, 0x0000000088a00000| Untracked 
|  59|0x0000000088b00000, 0x0000000088c00000, 0x0000000088c00000|100%| O|  |TAMS 0x0000000088c00000, 0x0000000088b00000| Untracked 
|  60|0x0000000088c00000, 0x0000000088d00000, 0x0000000088d00000|100%| O|  |TAMS 0x0000000088d00000, 0x0000000088c00000| Untracked 
|  61|0x0000000088d00000, 0x0000000088e00000, 0x0000000088e00000|100%| O|  |TAMS 0x0000000088e00000, 0x0000000088d00000| Untracked 
|  62|0x0000000088e00000, 0x0000000088f00000, 0x0000000088f00000|100%| O|  |TAMS 0x0000000088f00000, 0x0000000088e00000| Untracked 
|  63|0x0000000088f00000, 0x0000000089000000, 0x0000000089000000|100%| O|  |TAMS 0x0000000089000000, 0x0000000088f00000| Untracked 
|  64|0x0000000089000000, 0x0000000089100000, 0x0000000089100000|100%| O|  |TAMS 0x0000000089100000, 0x0000000089000000| Untracked 
|  65|0x0000000089100000, 0x0000000089200000, 0x0000000089200000|100%| O|  |TAMS 0x0000000089200000, 0x0000000089100000| Untracked 
|  66|0x0000000089200000, 0x0000000089300000, 0x0000000089300000|100%| O|  |TAMS 0x0000000089300000, 0x0000000089200000| Untracked 
|  67|0x0000000089300000, 0x0000000089400000, 0x0000000089400000|100%| O|  |TAMS 0x0000000089400000, 0x0000000089300000| Untracked 
|  68|0x0000000089400000, 0x0000000089500000, 0x0000000089500000|100%| O|  |TAMS 0x0000000089500000, 0x0000000089400000| Untracked 
|  69|0x0000000089500000, 0x0000000089600000, 0x0000000089600000|100%| O|  |TAMS 0x0000000089600000, 0x0000000089500000| Untracked 
|  70|0x0000000089600000, 0x0000000089700000, 0x0000000089700000|100%| O|  |TAMS 0x0000000089700000, 0x0000000089600000| Untracked 
|  71|0x0000000089700000, 0x0000000089800000, 0x0000000089800000|100%| O|  |TAMS 0x0000000089800000, 0x0000000089700000| Untracked 
|  72|0x0000000089800000, 0x0000000089900000, 0x0000000089900000|100%| O|  |TAMS 0x0000000089900000, 0x0000000089800000| Untracked 
|  73|0x0000000089900000, 0x0000000089a00000, 0x0000000089a00000|100%| O|  |TAMS 0x0000000089a00000, 0x0000000089900000| Untracked 
|  74|0x0000000089a00000, 0x0000000089b00000, 0x0000000089b00000|100%| O|  |TAMS 0x0000000089b00000, 0x0000000089a00000| Untracked 
|  75|0x0000000089b00000, 0x0000000089c00000, 0x0000000089c00000|100%| O|  |TAMS 0x0000000089c00000, 0x0000000089b00000| Untracked 
|  76|0x0000000089c00000, 0x0000000089d00000, 0x0000000089d00000|100%| O|  |TAMS 0x0000000089d00000, 0x0000000089c00000| Untracked 
|  77|0x0000000089d00000, 0x0000000089e00000, 0x0000000089e00000|100%| O|  |TAMS 0x0000000089e00000, 0x0000000089d00000| Untracked 
|  78|0x0000000089e00000, 0x0000000089f00000, 0x0000000089f00000|100%| O|  |TAMS 0x0000000089f00000, 0x0000000089e00000| Untracked 
|  79|0x0000000089f00000, 0x000000008a000000, 0x000000008a000000|100%| O|  |TAMS 0x000000008a000000, 0x0000000089f00000| Untracked 
|  80|0x000000008a000000, 0x000000008a100000, 0x000000008a100000|100%| O|  |TAMS 0x000000008a100000, 0x000000008a000000| Untracked 
|  81|0x000000008a100000, 0x000000008a200000, 0x000000008a200000|100%| O|  |TAMS 0x000000008a200000, 0x000000008a100000| Untracked 
|  82|0x000000008a200000, 0x000000008a300000, 0x000000008a300000|100%| O|  |TAMS 0x000000008a300000, 0x000000008a200000| Untracked 
|  83|0x000000008a300000, 0x000000008a400000, 0x000000008a400000|100%| O|  |TAMS 0x000000008a400000, 0x000000008a300000| Untracked 
|  84|0x000000008a400000, 0x000000008a500000, 0x000000008a500000|100%| O|  |TAMS 0x000000008a500000, 0x000000008a400000| Untracked 
|  85|0x000000008a500000, 0x000000008a600000, 0x000000008a600000|100%| O|  |TAMS 0x000000008a600000, 0x000000008a500000| Untracked 
|  86|0x000000008a600000, 0x000000008a700000, 0x000000008a700000|100%| O|  |TAMS 0x000000008a700000, 0x000000008a600000| Untracked 
|  87|0x000000008a700000, 0x000000008a800000, 0x000000008a800000|100%| O|  |TAMS 0x000000008a700000, 0x000000008a700000| Untracked 
|  88|0x000000008a800000, 0x000000008a900000, 0x000000008a900000|100%| O|  |TAMS 0x000000008a900000, 0x000000008a800000| Untracked 
|  89|0x000000008a900000, 0x000000008aa00000, 0x000000008aa00000|100%| O|  |TAMS 0x000000008aa00000, 0x000000008a900000| Untracked 
|  90|0x000000008aa00000, 0x000000008ab00000, 0x000000008ab00000|100%| O|  |TAMS 0x000000008ab00000, 0x000000008aa00000| Untracked 
|  91|0x000000008ab00000, 0x000000008ac00000, 0x000000008ac00000|100%| O|  |TAMS 0x000000008ac00000, 0x000000008ab00000| Untracked 
|  92|0x000000008ac00000, 0x000000008ad00000, 0x000000008ad00000|100%| O|  |TAMS 0x000000008ad00000, 0x000000008ac00000| Untracked 
|  93|0x000000008ad00000, 0x000000008ae00000, 0x000000008ae00000|100%| O|  |TAMS 0x000000008ae00000, 0x000000008ad00000| Untracked 
|  94|0x000000008ae00000, 0x000000008af00000, 0x000000008af00000|100%| O|  |TAMS 0x000000008af00000, 0x000000008ae00000| Untracked 
|  95|0x000000008af00000, 0x000000008b000000, 0x000000008b000000|100%| O|  |TAMS 0x000000008b000000, 0x000000008af00000| Untracked 
|  96|0x000000008b000000, 0x000000008b100000, 0x000000008b100000|100%| O|  |TAMS 0x000000008b100000, 0x000000008b000000| Untracked 
|  97|0x000000008b100000, 0x000000008b200000, 0x000000008b200000|100%| O|  |TAMS 0x000000008b200000, 0x000000008b100000| Untracked 
|  98|0x000000008b200000, 0x000000008b300000, 0x000000008b300000|100%| O|  |TAMS 0x000000008b300000, 0x000000008b200000| Untracked 
|  99|0x000000008b300000, 0x000000008b400000, 0x000000008b400000|100%| O|  |TAMS 0x000000008b300000, 0x000000008b300000| Untracked 
| 100|0x000000008b400000, 0x000000008b500000, 0x000000008b500000|100%| O|  |TAMS 0x000000008b500000, 0x000000008b400000| Untracked 
| 101|0x000000008b500000, 0x000000008b600000, 0x000000008b600000|100%| O|  |TAMS 0x000000008b500000, 0x000000008b500000| Untracked 
| 102|0x000000008b600000, 0x000000008b700000, 0x000000008b700000|100%| O|  |TAMS 0x000000008b700000, 0x000000008b600000| Untracked 
| 103|0x000000008b700000, 0x000000008b800000, 0x000000008b800000|100%| O|  |TAMS 0x000000008b800000, 0x000000008b700000| Untracked 
| 104|0x000000008b800000, 0x000000008b900000, 0x000000008b900000|100%| O|  |TAMS 0x000000008b900000, 0x000000008b800000| Untracked 
| 105|0x000000008b900000, 0x000000008ba00000, 0x000000008ba00000|100%| O|  |TAMS 0x000000008ba00000, 0x000000008b900000| Untracked 
| 106|0x000000008ba00000, 0x000000008bb00000, 0x000000008bb00000|100%| O|  |TAMS 0x000000008bb00000, 0x000000008ba00000| Untracked 
| 107|0x000000008bb00000, 0x000000008bc00000, 0x000000008bc00000|100%| O|  |TAMS 0x000000008bc00000, 0x000000008bb00000| Untracked 
| 108|0x000000008bc00000, 0x000000008bd00000, 0x000000008bd00000|100%| O|  |TAMS 0x000000008bd00000, 0x000000008bc00000| Untracked 
| 109|0x000000008bd00000, 0x000000008be00000, 0x000000008be00000|100%| O|  |TAMS 0x000000008be00000, 0x000000008bd00000| Untracked 
| 110|0x000000008be00000, 0x000000008bf00000, 0x000000008bf00000|100%| O|  |TAMS 0x000000008be00000, 0x000000008be00000| Untracked 
| 111|0x000000008bf00000, 0x000000008c000000, 0x000000008c000000|100%| O|  |TAMS 0x000000008c000000, 0x000000008bf00000| Untracked 
| 112|0x000000008c000000, 0x000000008c100000, 0x000000008c100000|100%| O|  |TAMS 0x000000008c100000, 0x000000008c000000| Untracked 
| 113|0x000000008c100000, 0x000000008c200000, 0x000000008c200000|100%| O|  |TAMS 0x000000008c200000, 0x000000008c100000| Untracked 
| 114|0x000000008c200000, 0x000000008c300000, 0x000000008c300000|100%| O|  |TAMS 0x000000008c300000, 0x000000008c200000| Untracked 
| 115|0x000000008c300000, 0x000000008c400000, 0x000000008c400000|100%| O|  |TAMS 0x000000008c400000, 0x000000008c300000| Untracked 
| 116|0x000000008c400000, 0x000000008c500000, 0x000000008c500000|100%| O|  |TAMS 0x000000008c500000, 0x000000008c400000| Untracked 
| 117|0x000000008c500000, 0x000000008c600000, 0x000000008c600000|100%| O|  |TAMS 0x000000008c600000, 0x000000008c500000| Untracked 
| 118|0x000000008c600000, 0x000000008c700000, 0x000000008c700000|100%| O|  |TAMS 0x000000008c700000, 0x000000008c600000| Untracked 
| 119|0x000000008c700000, 0x000000008c800000, 0x000000008c800000|100%|HS|  |TAMS 0x000000008c800000, 0x000000008c700000| Complete 
| 120|0x000000008c800000, 0x000000008c900000, 0x000000008c900000|100%|HC|  |TAMS 0x000000008c900000, 0x000000008c800000| Complete 
| 121|0x000000008c900000, 0x000000008ca00000, 0x000000008ca00000|100%|HC|  |TAMS 0x000000008ca00000, 0x000000008c900000| Complete 
| 122|0x000000008ca00000, 0x000000008cb00000, 0x000000008cb00000|100%|HC|  |TAMS 0x000000008cb00000, 0x000000008ca00000| Complete 
| 123|0x000000008cb00000, 0x000000008cc00000, 0x000000008cc00000|100%|HC|  |TAMS 0x000000008cc00000, 0x000000008cb00000| Complete 
| 124|0x000000008cc00000, 0x000000008cd00000, 0x000000008cd00000|100%|HC|  |TAMS 0x000000008cd00000, 0x000000008cc00000| Complete 
| 125|0x000000008cd00000, 0x000000008ce00000, 0x000000008ce00000|100%|HC|  |TAMS 0x000000008ce00000, 0x000000008cd00000| Complete 
| 126|0x000000008ce00000, 0x000000008cf00000, 0x000000008cf00000|100%|HC|  |TAMS 0x000000008cf00000, 0x000000008ce00000| Complete 
| 127|0x000000008cf00000, 0x000000008d000000, 0x000000008d000000|100%|HC|  |TAMS 0x000000008d000000, 0x000000008cf00000| Complete 
| 128|0x000000008d000000, 0x000000008d100000, 0x000000008d100000|100%| O|  |TAMS 0x000000008d100000, 0x000000008d000000| Untracked 
| 129|0x000000008d100000, 0x000000008d200000, 0x000000008d200000|100%| O|  |TAMS 0x000000008d200000, 0x000000008d100000| Untracked 
| 130|0x000000008d200000, 0x000000008d300000, 0x000000008d300000|100%| O|  |TAMS 0x000000008d300000, 0x000000008d200000| Untracked 
| 131|0x000000008d300000, 0x000000008d400000, 0x000000008d400000|100%| O|  |TAMS 0x000000008d400000, 0x000000008d300000| Untracked 
| 132|0x000000008d400000, 0x000000008d500000, 0x000000008d500000|100%| O|  |TAMS 0x000000008d500000, 0x000000008d400000| Untracked 
| 133|0x000000008d500000, 0x000000008d600000, 0x000000008d600000|100%| O|  |TAMS 0x000000008d500000, 0x000000008d500000| Untracked 
| 134|0x000000008d600000, 0x000000008d700000, 0x000000008d700000|100%| O|  |TAMS 0x000000008d700000, 0x000000008d600000| Untracked 
| 135|0x000000008d700000, 0x000000008d800000, 0x000000008d800000|100%| O|  |TAMS 0x000000008d800000, 0x000000008d700000| Untracked 
| 136|0x000000008d800000, 0x000000008d900000, 0x000000008d900000|100%| O|  |TAMS 0x000000008d900000, 0x000000008d800000| Untracked 
| 137|0x000000008d900000, 0x000000008da00000, 0x000000008da00000|100%| O|  |TAMS 0x000000008da00000, 0x000000008d900000| Untracked 
| 138|0x000000008da00000, 0x000000008db00000, 0x000000008db00000|100%| O|  |TAMS 0x000000008db00000, 0x000000008da00000| Untracked 
| 139|0x000000008db00000, 0x000000008dc00000, 0x000000008dc00000|100%| O|  |TAMS 0x000000008dc00000, 0x000000008db00000| Untracked 
| 140|0x000000008dc00000, 0x000000008dd00000, 0x000000008dd00000|100%| O|  |TAMS 0x000000008dd00000, 0x000000008dc00000| Untracked 
| 141|0x000000008dd00000, 0x000000008de00000, 0x000000008de00000|100%| O|  |TAMS 0x000000008de00000, 0x000000008dd00000| Untracked 
| 142|0x000000008de00000, 0x000000008df00000, 0x000000008df00000|100%| O|  |TAMS 0x000000008df00000, 0x000000008de00000| Untracked 
| 143|0x000000008df00000, 0x000000008e000000, 0x000000008e000000|100%| O|  |TAMS 0x000000008e000000, 0x000000008df00000| Untracked 
| 144|0x000000008e000000, 0x000000008e100000, 0x000000008e100000|100%| O|  |TAMS 0x000000008e100000, 0x000000008e000000| Untracked 
| 145|0x000000008e100000, 0x000000008e200000, 0x000000008e200000|100%| O|  |TAMS 0x000000008e200000, 0x000000008e100000| Untracked 
| 146|0x000000008e200000, 0x000000008e300000, 0x000000008e300000|100%| O|  |TAMS 0x000000008e300000, 0x000000008e200000| Untracked 
| 147|0x000000008e300000, 0x000000008e400000, 0x000000008e400000|100%| O|  |TAMS 0x000000008e400000, 0x000000008e300000| Untracked 
| 148|0x000000008e400000, 0x000000008e500000, 0x000000008e500000|100%| O|  |TAMS 0x000000008e4d8c00, 0x000000008e400000| Untracked 
| 149|0x000000008e500000, 0x000000008e600000, 0x000000008e600000|100%| O|  |TAMS 0x000000008e500000, 0x000000008e500000| Untracked 
| 150|0x000000008e600000, 0x000000008e700000, 0x000000008e700000|100%| O|  |TAMS 0x000000008e600000, 0x000000008e600000| Untracked 
| 151|0x000000008e700000, 0x000000008e800000, 0x000000008e800000|100%| O|  |TAMS 0x000000008e700000, 0x000000008e700000| Untracked 
| 152|0x000000008e800000, 0x000000008e900000, 0x000000008e900000|100%| O|  |TAMS 0x000000008e800000, 0x000000008e800000| Untracked 
| 153|0x000000008e900000, 0x000000008ea00000, 0x000000008ea00000|100%| O|  |TAMS 0x000000008e900000, 0x000000008e900000| Untracked 
| 154|0x000000008ea00000, 0x000000008eb00000, 0x000000008eb00000|100%| O|  |TAMS 0x000000008ea00000, 0x000000008ea00000| Untracked 
| 155|0x000000008eb00000, 0x000000008ec00000, 0x000000008ec00000|100%| O|  |TAMS 0x000000008eb00000, 0x000000008eb00000| Untracked 
| 156|0x000000008ec00000, 0x000000008ed00000, 0x000000008ed00000|100%| O|  |TAMS 0x000000008ec00000, 0x000000008ec00000| Untracked 
| 157|0x000000008ed00000, 0x000000008ee00000, 0x000000008ee00000|100%| O|  |TAMS 0x000000008ed00000, 0x000000008ed00000| Untracked 
| 158|0x000000008ee00000, 0x000000008ef00000, 0x000000008ef00000|100%| O|  |TAMS 0x000000008ee00000, 0x000000008ee00000| Untracked 
| 159|0x000000008ef00000, 0x000000008f000000, 0x000000008f000000|100%| O|  |TAMS 0x000000008ef00000, 0x000000008ef00000| Untracked 
| 160|0x000000008f000000, 0x000000008f100000, 0x000000008f100000|100%| O|  |TAMS 0x000000008f000000, 0x000000008f000000| Untracked 
| 161|0x000000008f100000, 0x000000008f200000, 0x000000008f200000|100%| O|  |TAMS 0x000000008f100000, 0x000000008f100000| Untracked 
| 162|0x000000008f200000, 0x000000008f300000, 0x000000008f300000|100%| O|  |TAMS 0x000000008f200000, 0x000000008f200000| Untracked 
| 163|0x000000008f300000, 0x000000008f400000, 0x000000008f400000|100%| O|  |TAMS 0x000000008f300000, 0x000000008f300000| Untracked 
| 164|0x000000008f400000, 0x000000008f500000, 0x000000008f500000|100%| O|  |TAMS 0x000000008f400000, 0x000000008f400000| Untracked 
| 165|0x000000008f500000, 0x000000008f600000, 0x000000008f600000|100%| O|  |TAMS 0x000000008f500000, 0x000000008f500000| Untracked 
| 166|0x000000008f600000, 0x000000008f700000, 0x000000008f700000|100%| O|  |TAMS 0x000000008f600000, 0x000000008f600000| Untracked 
| 167|0x000000008f700000, 0x000000008f800000, 0x000000008f800000|100%| O|  |TAMS 0x000000008f700000, 0x000000008f700000| Untracked 
| 168|0x000000008f800000, 0x000000008f900000, 0x000000008f900000|100%| O|  |TAMS 0x000000008f800000, 0x000000008f800000| Untracked 
| 169|0x000000008f900000, 0x000000008fa00000, 0x000000008fa00000|100%| O|  |TAMS 0x000000008f900000, 0x000000008f900000| Untracked 
| 170|0x000000008fa00000, 0x000000008fb00000, 0x000000008fb00000|100%| O|  |TAMS 0x000000008fa00000, 0x000000008fa00000| Untracked 
| 171|0x000000008fb00000, 0x000000008fc00000, 0x000000008fc00000|100%| O|  |TAMS 0x000000008fb00000, 0x000000008fb00000| Untracked 
| 172|0x000000008fc00000, 0x000000008fd00000, 0x000000008fd00000|100%| O|  |TAMS 0x000000008fc00000, 0x000000008fc00000| Untracked 
| 173|0x000000008fd00000, 0x000000008fe00000, 0x000000008fe00000|100%| O|  |TAMS 0x000000008fd00000, 0x000000008fd00000| Untracked 
| 174|0x000000008fe00000, 0x000000008ff00000, 0x000000008ff00000|100%| O|  |TAMS 0x000000008fe00000, 0x000000008fe00000| Untracked 
| 175|0x000000008ff00000, 0x0000000090000000, 0x0000000090000000|100%| O|  |TAMS 0x000000008ff00000, 0x000000008ff00000| Untracked 
| 176|0x0000000090000000, 0x000000009007d400, 0x0000000090100000| 48%| O|  |TAMS 0x0000000090000000, 0x0000000090000000| Untracked 
| 177|0x0000000090100000, 0x0000000090100000, 0x0000000090200000|  0%| F|  |TAMS 0x0000000090100000, 0x0000000090100000| Untracked 
| 178|0x0000000090200000, 0x0000000090200000, 0x0000000090300000|  0%| F|  |TAMS 0x0000000090200000, 0x0000000090200000| Untracked 
| 179|0x0000000090300000, 0x0000000090300000, 0x0000000090400000|  0%| F|  |TAMS 0x0000000090300000, 0x0000000090300000| Untracked 
| 180|0x0000000090400000, 0x0000000090400000, 0x0000000090500000|  0%| F|  |TAMS 0x0000000090400000, 0x0000000090400000| Untracked 
| 181|0x0000000090500000, 0x0000000090500000, 0x0000000090600000|  0%| F|  |TAMS 0x0000000090500000, 0x0000000090500000| Untracked 
| 182|0x0000000090600000, 0x0000000090600000, 0x0000000090700000|  0%| F|  |TAMS 0x0000000090600000, 0x0000000090600000| Untracked 
| 183|0x0000000090700000, 0x0000000090700000, 0x0000000090800000|  0%| F|  |TAMS 0x0000000090700000, 0x0000000090700000| Untracked 
| 184|0x0000000090800000, 0x0000000090800000, 0x0000000090900000|  0%| F|  |TAMS 0x0000000090800000, 0x0000000090800000| Untracked 
| 185|0x0000000090900000, 0x0000000090900000, 0x0000000090a00000|  0%| F|  |TAMS 0x0000000090900000, 0x0000000090900000| Untracked 
| 186|0x0000000090a00000, 0x0000000090a00000, 0x0000000090b00000|  0%| F|  |TAMS 0x0000000090a00000, 0x0000000090a00000| Untracked 
| 187|0x0000000090b00000, 0x0000000090b00000, 0x0000000090c00000|  0%| F|  |TAMS 0x0000000090b00000, 0x0000000090b00000| Untracked 
| 188|0x0000000090c00000, 0x0000000090c00000, 0x0000000090d00000|  0%| F|  |TAMS 0x0000000090c00000, 0x0000000090c00000| Untracked 
| 189|0x0000000090d00000, 0x0000000090d00000, 0x0000000090e00000|  0%| F|  |TAMS 0x0000000090d00000, 0x0000000090d00000| Untracked 
| 190|0x0000000090e00000, 0x0000000090e00000, 0x0000000090f00000|  0%| F|  |TAMS 0x0000000090e00000, 0x0000000090e00000| Untracked 
| 191|0x0000000090f00000, 0x0000000090f00000, 0x0000000091000000|  0%| F|  |TAMS 0x0000000090f00000, 0x0000000090f00000| Untracked 
| 192|0x0000000091000000, 0x0000000091000000, 0x0000000091100000|  0%| F|  |TAMS 0x0000000091000000, 0x0000000091000000| Untracked 
| 193|0x0000000091100000, 0x0000000091100000, 0x0000000091200000|  0%| F|  |TAMS 0x0000000091100000, 0x0000000091100000| Untracked 
| 194|0x0000000091200000, 0x0000000091200000, 0x0000000091300000|  0%| F|  |TAMS 0x0000000091200000, 0x0000000091200000| Untracked 
| 195|0x0000000091300000, 0x0000000091300000, 0x0000000091400000|  0%| F|  |TAMS 0x0000000091300000, 0x0000000091300000| Untracked 
| 196|0x0000000091400000, 0x0000000091400000, 0x0000000091500000|  0%| F|  |TAMS 0x0000000091400000, 0x0000000091400000| Untracked 
| 197|0x0000000091500000, 0x0000000091500000, 0x0000000091600000|  0%| F|  |TAMS 0x0000000091500000, 0x0000000091500000| Untracked 
| 198|0x0000000091600000, 0x0000000091600000, 0x0000000091700000|  0%| F|  |TAMS 0x0000000091600000, 0x0000000091600000| Untracked 
| 199|0x0000000091700000, 0x0000000091700000, 0x0000000091800000|  0%| F|  |TAMS 0x0000000091700000, 0x0000000091700000| Untracked 
| 200|0x0000000091800000, 0x0000000091800000, 0x0000000091900000|  0%| F|  |TAMS 0x0000000091800000, 0x0000000091800000| Untracked 
| 201|0x0000000091900000, 0x0000000091900000, 0x0000000091a00000|  0%| F|  |TAMS 0x0000000091900000, 0x0000000091900000| Untracked 
| 202|0x0000000091a00000, 0x0000000091a00000, 0x0000000091b00000|  0%| F|  |TAMS 0x0000000091a00000, 0x0000000091a00000| Untracked 
| 203|0x0000000091b00000, 0x0000000091b00000, 0x0000000091c00000|  0%| F|  |TAMS 0x0000000091b00000, 0x0000000091b00000| Untracked 
| 204|0x0000000091c00000, 0x0000000091c00000, 0x0000000091d00000|  0%| F|  |TAMS 0x0000000091c00000, 0x0000000091c00000| Untracked 
| 205|0x0000000091d00000, 0x0000000091d00000, 0x0000000091e00000|  0%| F|  |TAMS 0x0000000091d00000, 0x0000000091d00000| Untracked 
| 206|0x0000000091e00000, 0x0000000091e00000, 0x0000000091f00000|  0%| F|  |TAMS 0x0000000091e00000, 0x0000000091e00000| Untracked 
| 207|0x0000000091f00000, 0x0000000091f00000, 0x0000000092000000|  0%| F|  |TAMS 0x0000000091f00000, 0x0000000091f00000| Untracked 
| 208|0x0000000092000000, 0x0000000092000000, 0x0000000092100000|  0%| F|  |TAMS 0x0000000092000000, 0x0000000092000000| Untracked 
| 209|0x0000000092100000, 0x0000000092100000, 0x0000000092200000|  0%| F|  |TAMS 0x0000000092100000, 0x0000000092100000| Untracked 
| 210|0x0000000092200000, 0x0000000092200000, 0x0000000092300000|  0%| F|  |TAMS 0x0000000092200000, 0x0000000092200000| Untracked 
| 211|0x0000000092300000, 0x0000000092300000, 0x0000000092400000|  0%| F|  |TAMS 0x0000000092300000, 0x0000000092300000| Untracked 
| 212|0x0000000092400000, 0x0000000092400000, 0x0000000092500000|  0%| F|  |TAMS 0x0000000092400000, 0x0000000092400000| Untracked 
| 213|0x0000000092500000, 0x0000000092500000, 0x0000000092600000|  0%| F|  |TAMS 0x0000000092500000, 0x0000000092500000| Untracked 
| 214|0x0000000092600000, 0x0000000092600000, 0x0000000092700000|  0%| F|  |TAMS 0x0000000092600000, 0x0000000092600000| Untracked 
| 215|0x0000000092700000, 0x0000000092700000, 0x0000000092800000|  0%| F|  |TAMS 0x0000000092700000, 0x0000000092700000| Untracked 
| 216|0x0000000092800000, 0x0000000092800000, 0x0000000092900000|  0%| F|  |TAMS 0x0000000092800000, 0x0000000092800000| Untracked 
| 217|0x0000000092900000, 0x00000000929a8680, 0x0000000092a00000| 65%| S|CS|TAMS 0x0000000092900000, 0x0000000092900000| Complete 
| 218|0x0000000092a00000, 0x0000000092a00000, 0x0000000092b00000|  0%| F|  |TAMS 0x0000000092a00000, 0x0000000092a00000| Untracked 
| 219|0x0000000092b00000, 0x0000000092b00000, 0x0000000092c00000|  0%| F|  |TAMS 0x0000000092b00000, 0x0000000092b00000| Untracked 
| 220|0x0000000092c00000, 0x0000000092c00000, 0x0000000092d00000|  0%| F|  |TAMS 0x0000000092c00000, 0x0000000092c00000| Untracked 
| 221|0x0000000092d00000, 0x0000000092e00000, 0x0000000092e00000|100%| S|CS|TAMS 0x0000000092d00000, 0x0000000092d00000| Complete 
| 222|0x0000000092e00000, 0x0000000092f00000, 0x0000000092f00000|100%| S|CS|TAMS 0x0000000092e00000, 0x0000000092e00000| Complete 
| 223|0x0000000092f00000, 0x0000000093000000, 0x0000000093000000|100%| S|CS|TAMS 0x0000000092f00000, 0x0000000092f00000| Complete 
| 224|0x0000000093000000, 0x0000000093100000, 0x0000000093100000|100%| S|CS|TAMS 0x0000000093000000, 0x0000000093000000| Complete 
| 225|0x0000000093100000, 0x0000000093200000, 0x0000000093200000|100%| S|CS|TAMS 0x0000000093100000, 0x0000000093100000| Complete 
| 226|0x0000000093200000, 0x0000000093200000, 0x0000000093300000|  0%| F|  |TAMS 0x0000000093200000, 0x0000000093200000| Untracked 
| 227|0x0000000093300000, 0x0000000093300000, 0x0000000093400000|  0%| F|  |TAMS 0x0000000093300000, 0x0000000093300000| Untracked 
| 228|0x0000000093400000, 0x0000000093400000, 0x0000000093500000|  0%| F|  |TAMS 0x0000000093400000, 0x0000000093400000| Untracked 
| 229|0x0000000093500000, 0x0000000093500000, 0x0000000093600000|  0%| F|  |TAMS 0x0000000093500000, 0x0000000093500000| Untracked 
| 230|0x0000000093600000, 0x0000000093600000, 0x0000000093700000|  0%| F|  |TAMS 0x0000000093600000, 0x0000000093600000| Untracked 
| 231|0x0000000093700000, 0x0000000093700000, 0x0000000093800000|  0%| F|  |TAMS 0x0000000093700000, 0x0000000093700000| Untracked 
| 232|0x0000000093800000, 0x0000000093800000, 0x0000000093900000|  0%| F|  |TAMS 0x0000000093800000, 0x0000000093800000| Untracked 
| 233|0x0000000093900000, 0x0000000093900000, 0x0000000093a00000|  0%| F|  |TAMS 0x0000000093900000, 0x0000000093900000| Untracked 
| 234|0x0000000093a00000, 0x0000000093a00000, 0x0000000093b00000|  0%| F|  |TAMS 0x0000000093a00000, 0x0000000093a00000| Untracked 
| 235|0x0000000093b00000, 0x0000000093b00000, 0x0000000093c00000|  0%| F|  |TAMS 0x0000000093b00000, 0x0000000093b00000| Untracked 
| 236|0x0000000093c00000, 0x0000000093c00000, 0x0000000093d00000|  0%| F|  |TAMS 0x0000000093c00000, 0x0000000093c00000| Untracked 
| 237|0x0000000093d00000, 0x0000000093d00000, 0x0000000093e00000|  0%| F|  |TAMS 0x0000000093d00000, 0x0000000093d00000| Untracked 
| 238|0x0000000093e00000, 0x0000000093e00000, 0x0000000093f00000|  0%| F|  |TAMS 0x0000000093e00000, 0x0000000093e00000| Untracked 
| 239|0x0000000093f00000, 0x0000000093f00000, 0x0000000094000000|  0%| F|  |TAMS 0x0000000093f00000, 0x0000000093f00000| Untracked 
| 240|0x0000000094000000, 0x0000000094000000, 0x0000000094100000|  0%| F|  |TAMS 0x0000000094000000, 0x0000000094000000| Untracked 
| 241|0x0000000094100000, 0x0000000094100000, 0x0000000094200000|  0%| F|  |TAMS 0x0000000094100000, 0x0000000094100000| Untracked 
| 242|0x0000000094200000, 0x0000000094280800, 0x0000000094300000| 50%| E|  |TAMS 0x0000000094200000, 0x0000000094200000| Complete 
| 243|0x0000000094300000, 0x0000000094400000, 0x0000000094400000|100%| E|CS|TAMS 0x0000000094300000, 0x0000000094300000| Complete 
| 244|0x0000000094400000, 0x0000000094500000, 0x0000000094500000|100%| E|CS|TAMS 0x0000000094400000, 0x0000000094400000| Complete 
| 245|0x0000000094500000, 0x0000000094600000, 0x0000000094600000|100%| E|CS|TAMS 0x0000000094500000, 0x0000000094500000| Complete 
| 246|0x0000000094600000, 0x0000000094700000, 0x0000000094700000|100%| E|CS|TAMS 0x0000000094600000, 0x0000000094600000| Complete 
| 247|0x0000000094700000, 0x0000000094800000, 0x0000000094800000|100%| E|CS|TAMS 0x0000000094700000, 0x0000000094700000| Complete 
| 248|0x0000000094800000, 0x0000000094900000, 0x0000000094900000|100%| E|CS|TAMS 0x0000000094800000, 0x0000000094800000| Complete 
| 249|0x0000000094900000, 0x0000000094a00000, 0x0000000094a00000|100%| E|CS|TAMS 0x0000000094900000, 0x0000000094900000| Complete 
| 250|0x0000000094a00000, 0x0000000094b00000, 0x0000000094b00000|100%| E|CS|TAMS 0x0000000094a00000, 0x0000000094a00000| Complete 
| 251|0x0000000094b00000, 0x0000000094c00000, 0x0000000094c00000|100%| E|CS|TAMS 0x0000000094b00000, 0x0000000094b00000| Complete 
| 252|0x0000000094c00000, 0x0000000094d00000, 0x0000000094d00000|100%| E|CS|TAMS 0x0000000094c00000, 0x0000000094c00000| Complete 
| 253|0x0000000094d00000, 0x0000000094e00000, 0x0000000094e00000|100%| E|CS|TAMS 0x0000000094d00000, 0x0000000094d00000| Complete 
| 254|0x0000000094e00000, 0x0000000094f00000, 0x0000000094f00000|100%| E|CS|TAMS 0x0000000094e00000, 0x0000000094e00000| Complete 
| 255|0x0000000094f00000, 0x0000000095000000, 0x0000000095000000|100%| E|CS|TAMS 0x0000000094f00000, 0x0000000094f00000| Complete 
| 256|0x0000000095000000, 0x0000000095100000, 0x0000000095100000|100%| E|CS|TAMS 0x0000000095000000, 0x0000000095000000| Complete 
| 257|0x0000000095100000, 0x0000000095200000, 0x0000000095200000|100%| E|CS|TAMS 0x0000000095100000, 0x0000000095100000| Complete 
| 258|0x0000000095200000, 0x0000000095300000, 0x0000000095300000|100%| E|CS|TAMS 0x0000000095200000, 0x0000000095200000| Complete 
| 259|0x0000000095300000, 0x0000000095400000, 0x0000000095400000|100%| E|CS|TAMS 0x0000000095300000, 0x0000000095300000| Complete 
| 260|0x0000000095400000, 0x0000000095500000, 0x0000000095500000|100%| E|CS|TAMS 0x0000000095400000, 0x0000000095400000| Complete 
| 261|0x0000000095500000, 0x0000000095600000, 0x0000000095600000|100%| E|CS|TAMS 0x0000000095500000, 0x0000000095500000| Complete 
| 262|0x0000000095600000, 0x0000000095700000, 0x0000000095700000|100%| E|CS|TAMS 0x0000000095600000, 0x0000000095600000| Complete 
| 263|0x0000000095700000, 0x0000000095800000, 0x0000000095800000|100%| E|CS|TAMS 0x0000000095700000, 0x0000000095700000| Complete 
| 264|0x0000000095800000, 0x0000000095900000, 0x0000000095900000|100%| E|CS|TAMS 0x0000000095800000, 0x0000000095800000| Complete 
| 265|0x0000000095900000, 0x0000000095a00000, 0x0000000095a00000|100%| E|CS|TAMS 0x0000000095900000, 0x0000000095900000| Complete 
| 266|0x0000000095a00000, 0x0000000095b00000, 0x0000000095b00000|100%| E|CS|TAMS 0x0000000095a00000, 0x0000000095a00000| Complete 
| 267|0x0000000095b00000, 0x0000000095c00000, 0x0000000095c00000|100%| E|CS|TAMS 0x0000000095b00000, 0x0000000095b00000| Complete 
| 268|0x0000000095c00000, 0x0000000095d00000, 0x0000000095d00000|100%| E|CS|TAMS 0x0000000095c00000, 0x0000000095c00000| Complete 
| 269|0x0000000095d00000, 0x0000000095e00000, 0x0000000095e00000|100%| E|CS|TAMS 0x0000000095d00000, 0x0000000095d00000| Complete 
| 270|0x0000000095e00000, 0x0000000095f00000, 0x0000000095f00000|100%| E|CS|TAMS 0x0000000095e00000, 0x0000000095e00000| Complete 
| 271|0x0000000095f00000, 0x0000000096000000, 0x0000000096000000|100%| E|CS|TAMS 0x0000000095f00000, 0x0000000095f00000| Complete 
| 272|0x0000000096000000, 0x0000000096100000, 0x0000000096100000|100%| E|CS|TAMS 0x0000000096000000, 0x0000000096000000| Complete 
| 273|0x0000000096100000, 0x0000000096200000, 0x0000000096200000|100%| E|CS|TAMS 0x0000000096100000, 0x0000000096100000| Complete 
| 274|0x0000000096200000, 0x0000000096300000, 0x0000000096300000|100%| E|CS|TAMS 0x0000000096200000, 0x0000000096200000| Complete 
| 275|0x0000000096300000, 0x0000000096400000, 0x0000000096400000|100%| E|CS|TAMS 0x0000000096300000, 0x0000000096300000| Complete 
| 276|0x0000000096400000, 0x0000000096500000, 0x0000000096500000|100%| E|CS|TAMS 0x0000000096400000, 0x0000000096400000| Complete 
| 277|0x0000000096500000, 0x0000000096600000, 0x0000000096600000|100%| E|CS|TAMS 0x0000000096500000, 0x0000000096500000| Complete 
| 278|0x0000000096600000, 0x0000000096700000, 0x0000000096700000|100%| E|CS|TAMS 0x0000000096600000, 0x0000000096600000| Complete 
| 279|0x0000000096700000, 0x0000000096800000, 0x0000000096800000|100%| E|CS|TAMS 0x0000000096700000, 0x0000000096700000| Complete 
| 280|0x0000000096800000, 0x0000000096900000, 0x0000000096900000|100%| E|CS|TAMS 0x0000000096800000, 0x0000000096800000| Complete 
| 281|0x0000000096900000, 0x0000000096a00000, 0x0000000096a00000|100%| E|CS|TAMS 0x0000000096900000, 0x0000000096900000| Complete 
| 282|0x0000000096a00000, 0x0000000096b00000, 0x0000000096b00000|100%| E|CS|TAMS 0x0000000096a00000, 0x0000000096a00000| Complete 
| 283|0x0000000096b00000, 0x0000000096c00000, 0x0000000096c00000|100%| E|CS|TAMS 0x0000000096b00000, 0x0000000096b00000| Complete 
| 284|0x0000000096c00000, 0x0000000096d00000, 0x0000000096d00000|100%| E|CS|TAMS 0x0000000096c00000, 0x0000000096c00000| Complete 
| 285|0x0000000096d00000, 0x0000000096e00000, 0x0000000096e00000|100%| E|CS|TAMS 0x0000000096d00000, 0x0000000096d00000| Complete 
| 286|0x0000000096e00000, 0x0000000096f00000, 0x0000000096f00000|100%| E|CS|TAMS 0x0000000096e00000, 0x0000000096e00000| Complete 
| 287|0x0000000096f00000, 0x0000000097000000, 0x0000000097000000|100%| E|CS|TAMS 0x0000000096f00000, 0x0000000096f00000| Complete 
| 288|0x0000000097000000, 0x0000000097100000, 0x0000000097100000|100%| E|CS|TAMS 0x0000000097000000, 0x0000000097000000| Complete 
| 289|0x0000000097100000, 0x0000000097200000, 0x0000000097200000|100%| E|CS|TAMS 0x0000000097100000, 0x0000000097100000| Complete 
| 290|0x0000000097200000, 0x0000000097300000, 0x0000000097300000|100%| E|CS|TAMS 0x0000000097200000, 0x0000000097200000| Complete 
| 291|0x0000000097300000, 0x0000000097400000, 0x0000000097400000|100%| E|CS|TAMS 0x0000000097300000, 0x0000000097300000| Complete 
| 292|0x0000000097400000, 0x0000000097500000, 0x0000000097500000|100%| E|CS|TAMS 0x0000000097400000, 0x0000000097400000| Complete 
| 293|0x0000000097500000, 0x0000000097600000, 0x0000000097600000|100%| E|CS|TAMS 0x0000000097500000, 0x0000000097500000| Complete 
| 294|0x0000000097600000, 0x0000000097700000, 0x0000000097700000|100%| E|CS|TAMS 0x0000000097600000, 0x0000000097600000| Complete 
| 295|0x0000000097700000, 0x0000000097800000, 0x0000000097800000|100%| E|CS|TAMS 0x0000000097700000, 0x0000000097700000| Complete 
| 296|0x0000000097800000, 0x0000000097900000, 0x0000000097900000|100%| E|CS|TAMS 0x0000000097800000, 0x0000000097800000| Complete 
| 297|0x0000000097900000, 0x0000000097a00000, 0x0000000097a00000|100%| E|CS|TAMS 0x0000000097900000, 0x0000000097900000| Complete 
| 298|0x0000000097a00000, 0x0000000097b00000, 0x0000000097b00000|100%| E|CS|TAMS 0x0000000097a00000, 0x0000000097a00000| Complete 
| 299|0x0000000097b00000, 0x0000000097c00000, 0x0000000097c00000|100%| E|CS|TAMS 0x0000000097b00000, 0x0000000097b00000| Complete 

Card table byte_map: [0x0000024c7c4f0000,0x0000024c7c8d0000] _byte_map_base: 0x0000024c7c0c8000

Marking Bits (Prev, Next): (CMBitMap*) 0x0000024c78976730, (CMBitMap*) 0x0000024c789766f0
 Prev Bits: [0x0000024c0f000000, 0x0000024c10ec0000)
 Next Bits: [0x0000024c7ccb0000, 0x0000024c7eb70000)

Polling page: 0x0000024c76900000

Metaspace:

Usage:
  Non-class:     63.89 MB used.
      Class:      7.93 MB used.
       Both:     71.81 MB used.

Virtual space:
  Non-class space:       72.00 MB reserved,      64.06 MB ( 89%) committed,  9 nodes.
      Class space:        1.00 GB reserved,       8.06 MB ( <1%) committed,  1 nodes.
             Both:        1.07 GB reserved,      72.12 MB (  7%) committed. 

Chunk freelists:
   Non-Class:  3.94 MB
       Class:  3.88 MB
        Both:  7.82 MB

MaxMetaspaceSize: unlimited
CompressedClassSpaceSize: 1.00 GB
Initial GC threshold: 21.00 MB
Current GC threshold: 118.69 MB
CDS: off
MetaspaceReclaimPolicy: balanced
 - commit_granule_bytes: 65536.
 - commit_granule_words: 8192.
 - virtual_space_node_default_size: 1048576.
 - enlarge_chunks_in_place: 1.
 - new_chunks_are_fully_committed: 0.
 - uncommit_free_chunks: 1.
 - use_allocation_guard: 0.
 - handle_deallocations: 1.


Internal statistics:

num_allocs_failed_limit: 3.
num_arena_births: 442.
num_arena_deaths: 0.
num_vsnodes_births: 10.
num_vsnodes_deaths: 0.
num_space_committed: 1152.
num_space_uncommitted: 0.
num_chunks_returned_to_freelist: 3.
num_chunks_taken_from_freelist: 2965.
num_chunk_merges: 3.
num_chunk_splits: 2208.
num_chunks_enlarged: 1816.
num_purges: 0.
num_inconsistent_stats: 0.

CodeHeap 'non-profiled nmethods': size=120000Kb used=13820Kb max_used=13820Kb free=106179Kb
 bounds [0x0000024c07ad0000, 0x0000024c08850000, 0x0000024c0f000000]
CodeHeap 'profiled nmethods': size=120000Kb used=36108Kb max_used=37673Kb free=83891Kb
 bounds [0x0000024c00000000, 0x0000024c024e0000, 0x0000024c07530000]
CodeHeap 'non-nmethods': size=5760Kb used=1333Kb max_used=1446Kb free=4426Kb
 bounds [0x0000024c07530000, 0x0000024c077a0000, 0x0000024c07ad0000]
 total_blobs=14018 nmethods=13380 adapters=548
 compilation: enabled
              stopped_count=0, restarted_count=0
 full_count=0

Compilation events (20 events):
Event: 32.556 Thread 0x0000024c138767a0 17885       3       org.jetbrains.kotlin.contracts.model.structure.ValuesKt::isTrue (38 bytes)
Event: 32.557 Thread 0x0000024c138767a0 nmethod 17885 0x0000024c0057d710 code [0x0000024c0057d960, 0x0000024c0057e438]
Event: 32.575 Thread 0x0000024c1386b350 17886       4       org.jetbrains.kotlin.resolve.scopes.InnerClassesScopeWrapper::definitelyDoesNotContainName (17 bytes)
Event: 32.575 Thread 0x0000024c1386b350 nmethod 17886 0x0000024c08848610 code [0x0000024c08848780, 0x0000024c08848838]
Event: 32.591 Thread 0x0000024c138767a0 17887       3       org.jetbrains.kotlin.resolve.constants.EnumValue::getType (118 bytes)
Event: 32.594 Thread 0x0000024c138767a0 nmethod 17887 0x0000024c00488c10 code [0x0000024c00489000, 0x0000024c0048ab08]
Event: 32.594 Thread 0x0000024c1386b350 17888       4       org.jetbrains.kotlin.resolve.deprecation.DeprecationResolver::getOwnDeprecations (261 bytes)
Event: 32.615 Thread 0x0000024c138767a0 17892       3       org.jetbrains.kotlin.psi.KtVisitorVoid::visitStringTemplateEntryWithExpression (10 bytes)
Event: 32.616 Thread 0x0000024c138767a0 nmethod 17892 0x0000024c00f93d10 code [0x0000024c00f93ee0, 0x0000024c00f94278]
Event: 32.616 Thread 0x0000024c138767a0 17893       3       org.jetbrains.kotlin.psi.KtVisitorVoid::visitStringTemplateEntryWithExpression (17 bytes)
Event: 32.616 Thread 0x0000024c138767a0 nmethod 17893 0x0000024c0000c810 code [0x0000024c0000c9c0, 0x0000024c0000cc18]
Event: 32.626 Thread 0x0000024c138767a0 17894       3       org.jetbrains.kotlin.resolve.calls.inference.BuilderInferenceSession::extractCapturedTypesTo (78 bytes)
Event: 32.627 Thread 0x0000024c138767a0 nmethod 17894 0x0000024c013cba90 code [0x0000024c013cbce0, 0x0000024c013cc748]
Event: 32.627 Thread 0x0000024c138767a0 17895       1       org.jetbrains.kotlin.resolve.calls.inference.BuilderInferenceSession::getParentSession (5 bytes)
Event: 32.627 Thread 0x0000024c138767a0 nmethod 17895 0x0000024c08848910 code [0x0000024c08848aa0, 0x0000024c08848b78]
Event: 32.627 Thread 0x0000024c138767a0 17896       1       org.jetbrains.kotlin.resolve.calls.components.InferenceSession$Companion$default$1::getParentSession (5 bytes)
Event: 32.627 Thread 0x0000024c138767a0 nmethod 17896 0x0000024c08848c10 code [0x0000024c08848da0, 0x0000024c08848e78]
Event: 32.640 Thread 0x0000024c138767a0 17898       3       org.jetbrains.kotlin.types.checker.TypeIntersector::isStrictSupertype (35 bytes)
Event: 32.640 Thread 0x0000024c138767a0 nmethod 17898 0x0000024c0082a190 code [0x0000024c0082a360, 0x0000024c0082a5f8]
Event: 32.656 Thread 0x0000024c138767a0 17900       3       org.jetbrains.kotlin.resolve.LocalVariableResolver::process (654 bytes)

GC Heap History (20 events):
Event: 17.214 GC heap before
{Heap before GC invocations=34 (full 0):
 garbage-first heap   total 238592K, used 194011K [0x0000000085000000, 0x0000000100000000)
  region size 1024K, 50 young (51200K), 2 survivors (2048K)
 Metaspace       used 71804K, committed 72128K, reserved 1114112K
  class space    used 8028K, committed 8192K, reserved 1048576K
}
Event: 17.221 GC heap after
{Heap after GC invocations=35 (full 0):
 garbage-first heap   total 238592K, used 148149K [0x0000000085000000, 0x0000000100000000)
  region size 1024K, 5 young (5120K), 5 survivors (5120K)
 Metaspace       used 71804K, committed 72128K, reserved 1114112K
  class space    used 8028K, committed 8192K, reserved 1048576K
}
Event: 18.310 GC heap before
{Heap before GC invocations=36 (full 0):
 garbage-first heap   total 256000K, used 194229K [0x0000000085000000, 0x0000000100000000)
  region size 1024K, 52 young (53248K), 5 survivors (5120K)
 Metaspace       used 72135K, committed 72448K, reserved 1114112K
  class space    used 8053K, committed 8192K, reserved 1048576K
}
Event: 18.321 GC heap after
{Heap after GC invocations=37 (full 0):
 garbage-first heap   total 256000K, used 151101K [0x0000000085000000, 0x0000000100000000)
  region size 1024K, 5 young (5120K), 5 survivors (5120K)
 Metaspace       used 72135K, committed 72448K, reserved 1114112K
  class space    used 8053K, committed 8192K, reserved 1048576K
}
Event: 18.485 GC heap before
{Heap before GC invocations=37 (full 0):
 garbage-first heap   total 256000K, used 158269K [0x0000000085000000, 0x0000000100000000)
  region size 1024K, 12 young (12288K), 5 survivors (5120K)
 Metaspace       used 72298K, committed 72576K, reserved 1114112K
  class space    used 8074K, committed 8192K, reserved 1048576K
}
Event: 18.494 GC heap after
{Heap after GC invocations=38 (full 0):
 garbage-first heap   total 256000K, used 150239K [0x0000000085000000, 0x0000000100000000)
  region size 1024K, 1 young (1024K), 1 survivors (1024K)
 Metaspace       used 72298K, committed 72576K, reserved 1114112K
  class space    used 8074K, committed 8192K, reserved 1048576K
}
Event: 19.890 GC heap before
{Heap before GC invocations=38 (full 0):
 garbage-first heap   total 256000K, used 210655K [0x0000000085000000, 0x0000000100000000)
  region size 1024K, 60 young (61440K), 1 survivors (1024K)
 Metaspace       used 72515K, committed 72832K, reserved 1114112K
  class space    used 8077K, committed 8256K, reserved 1048576K
}
Event: 19.899 GC heap after
{Heap after GC invocations=39 (full 0):
 garbage-first heap   total 307200K, used 155256K [0x0000000085000000, 0x0000000100000000)
  region size 1024K, 6 young (6144K), 6 survivors (6144K)
 Metaspace       used 72515K, committed 72832K, reserved 1114112K
  class space    used 8077K, committed 8256K, reserved 1048576K
}
Event: 22.015 GC heap before
{Heap before GC invocations=40 (full 0):
 garbage-first heap   total 307200K, used 247416K [0x0000000085000000, 0x0000000100000000)
  region size 1024K, 96 young (98304K), 6 survivors (6144K)
 Metaspace       used 72801K, committed 73152K, reserved 1114112K
  class space    used 8084K, committed 8256K, reserved 1048576K
}
Event: 22.030 GC heap after
{Heap after GC invocations=41 (full 0):
 garbage-first heap   total 307200K, used 162321K [0x0000000085000000, 0x0000000100000000)
  region size 1024K, 12 young (12288K), 12 survivors (12288K)
 Metaspace       used 72801K, committed 73152K, reserved 1114112K
  class space    used 8084K, committed 8256K, reserved 1048576K
}
Event: 22.099 GC heap before
{Heap before GC invocations=41 (full 0):
 garbage-first heap   total 307200K, used 165393K [0x0000000085000000, 0x0000000100000000)
  region size 1024K, 15 young (15360K), 12 survivors (12288K)
 Metaspace       used 72807K, committed 73216K, reserved 1114112K
  class space    used 8084K, committed 8256K, reserved 1048576K
}
Event: 22.113 GC heap after
{Heap after GC invocations=42 (full 0):
 garbage-first heap   total 307200K, used 162665K [0x0000000085000000, 0x0000000100000000)
  region size 1024K, 2 young (2048K), 2 survivors (2048K)
 Metaspace       used 72807K, committed 73216K, reserved 1114112K
  class space    used 8084K, committed 8256K, reserved 1048576K
}
Event: 23.694 GC heap before
{Heap before GC invocations=42 (full 0):
 garbage-first heap   total 307200K, used 250729K [0x0000000085000000, 0x0000000100000000)
  region size 1024K, 88 young (90112K), 2 survivors (2048K)
 Metaspace       used 72914K, committed 73280K, reserved 1114112K
  class space    used 8088K, committed 8256K, reserved 1048576K
}
Event: 23.703 GC heap after
{Heap after GC invocations=43 (full 0):
 garbage-first heap   total 307200K, used 168408K [0x0000000085000000, 0x0000000100000000)
  region size 1024K, 8 young (8192K), 8 survivors (8192K)
 Metaspace       used 72914K, committed 73280K, reserved 1114112K
  class space    used 8088K, committed 8256K, reserved 1048576K
}
Event: 25.125 GC heap before
{Heap before GC invocations=43 (full 0):
 garbage-first heap   total 307200K, used 252376K [0x0000000085000000, 0x0000000100000000)
  region size 1024K, 90 young (92160K), 8 survivors (8192K)
 Metaspace       used 73108K, committed 73472K, reserved 1114112K
  class space    used 8095K, committed 8256K, reserved 1048576K
}
Event: 25.139 GC heap after
{Heap after GC invocations=44 (full 0):
 garbage-first heap   total 307200K, used 174364K [0x0000000085000000, 0x0000000100000000)
  region size 1024K, 7 young (7168K), 7 survivors (7168K)
 Metaspace       used 73108K, committed 73472K, reserved 1114112K
  class space    used 8095K, committed 8256K, reserved 1048576K
}
Event: 26.416 GC heap before
{Heap before GC invocations=44 (full 0):
 garbage-first heap   total 307200K, used 255260K [0x0000000085000000, 0x0000000100000000)
  region size 1024K, 86 young (88064K), 7 survivors (7168K)
 Metaspace       used 73346K, committed 73728K, reserved 1114112K
  class space    used 8112K, committed 8256K, reserved 1048576K
}
Event: 26.428 GC heap after
{Heap after GC invocations=45 (full 0):
 garbage-first heap   total 307200K, used 180858K [0x0000000085000000, 0x0000000100000000)
  region size 1024K, 7 young (7168K), 7 survivors (7168K)
 Metaspace       used 73346K, committed 73728K, reserved 1114112K
  class space    used 8112K, committed 8256K, reserved 1048576K
}
Event: 27.750 GC heap before
{Heap before GC invocations=45 (full 0):
 garbage-first heap   total 307200K, used 256634K [0x0000000085000000, 0x0000000100000000)
  region size 1024K, 81 young (82944K), 7 survivors (7168K)
 Metaspace       used 73414K, committed 73728K, reserved 1114112K
  class space    used 8116K, committed 8256K, reserved 1048576K
}
Event: 27.768 GC heap after
{Heap after GC invocations=46 (full 0):
 garbage-first heap   total 307200K, used 186481K [0x0000000085000000, 0x0000000100000000)
  region size 1024K, 6 young (6144K), 6 survivors (6144K)
 Metaspace       used 73414K, committed 73728K, reserved 1114112K
  class space    used 8116K, committed 8256K, reserved 1048576K
}

Dll operation events (2 events):
Event: 0.013 Loaded shared library C:\Program Files (x86)\android-studio-2022.3.1.17-windows\android-studio\jbr\bin\java.dll
Event: 0.909 Loaded shared library C:\Program Files (x86)\android-studio-2022.3.1.17-windows\android-studio\jbr\bin\verify.dll

Deoptimization events (20 events):
Event: 32.573 Thread 0x0000024c7678bfe0 Uncommon trap: trap_request=0xffffffc6 fr.pc=0x0000024c081b7fe4 relative=0x00000000000008c4
Event: 32.573 Thread 0x0000024c7678bfe0 Uncommon trap: reason=bimorphic_or_optimized_type_check action=maybe_recompile pc=0x0000024c081b7fe4 method=org.jetbrains.kotlin.resolve.scopes.receivers.ReceiverValueWithSmartCastInfo.hasTypesFromSmartCasts()Z @ 7 c2
Event: 32.573 Thread 0x0000024c7678bfe0 DEOPT PACKING pc=0x0000024c081b7fe4 sp=0x000000598f7f27b0
Event: 32.573 Thread 0x0000024c7678bfe0 DEOPT UNPACKING pc=0x0000024c0758a1a3 sp=0x000000598f7f2718 mode 2
Event: 32.576 Thread 0x0000024c7678bfe0 Uncommon trap: trap_request=0xffffffc6 fr.pc=0x0000024c0867f6c4 relative=0x00000000000002e4
Event: 32.576 Thread 0x0000024c7678bfe0 Uncommon trap: reason=bimorphic_or_optimized_type_check action=maybe_recompile pc=0x0000024c0867f6c4 method=org.jetbrains.kotlin.resolve.calls.tower.PSICallResolver.convertToOverloadResolutionResults(Lorg/jetbrains/kotlin/resolve/calls/context/BasicCallRe
Event: 32.576 Thread 0x0000024c7678bfe0 DEOPT PACKING pc=0x0000024c0867f6c4 sp=0x000000598f7f1f80
Event: 32.576 Thread 0x0000024c7678bfe0 DEOPT UNPACKING pc=0x0000024c0758a1a3 sp=0x000000598f7f1ed0 mode 2
Event: 32.577 Thread 0x0000024c7678bfe0 Uncommon trap: trap_request=0xffffff76 fr.pc=0x0000024c082a875c relative=0x000000000000229c
Event: 32.577 Thread 0x0000024c7678bfe0 Uncommon trap: reason=predicate action=maybe_recompile pc=0x0000024c082a875c method=org.jetbrains.org.objectweb.asm.ClassReader.readField(Lorg/jetbrains/org/objectweb/asm/ClassVisitor;Lorg/jetbrains/org/objectweb/asm/Context;I)I @ 369 c2
Event: 32.577 Thread 0x0000024c7678bfe0 DEOPT PACKING pc=0x0000024c082a875c sp=0x000000598f7f1120
Event: 32.577 Thread 0x0000024c7678bfe0 DEOPT UNPACKING pc=0x0000024c0758a1a3 sp=0x000000598f7f10a8 mode 2
Event: 32.635 Thread 0x0000024c7678bfe0 Uncommon trap: trap_request=0xffffffde fr.pc=0x0000024c085dc208 relative=0x0000000000002208
Event: 32.635 Thread 0x0000024c7678bfe0 Uncommon trap: reason=class_check action=maybe_recompile pc=0x0000024c085dc208 method=org.jetbrains.kotlin.resolve.calls.tower.ResolvedAtomCompleter.completeExpression(Lorg/jetbrains/kotlin/resolve/calls/model/ResolvedExpressionAtom;)V @ 49 c2
Event: 32.635 Thread 0x0000024c7678bfe0 DEOPT PACKING pc=0x0000024c085dc208 sp=0x000000598f7f9e00
Event: 32.635 Thread 0x0000024c7678bfe0 DEOPT UNPACKING pc=0x0000024c0758a1a3 sp=0x000000598f7f9d70 mode 2
Event: 32.645 Thread 0x0000024c7678bfe0 Uncommon trap: trap_request=0xffffffde fr.pc=0x0000024c085dc208 relative=0x0000000000002208
Event: 32.645 Thread 0x0000024c7678bfe0 Uncommon trap: reason=class_check action=maybe_recompile pc=0x0000024c085dc208 method=org.jetbrains.kotlin.resolve.calls.tower.ResolvedAtomCompleter.completeExpression(Lorg/jetbrains/kotlin/resolve/calls/model/ResolvedExpressionAtom;)V @ 49 c2
Event: 32.645 Thread 0x0000024c7678bfe0 DEOPT PACKING pc=0x0000024c085dc208 sp=0x000000598f7f9e00
Event: 32.645 Thread 0x0000024c7678bfe0 DEOPT UNPACKING pc=0x0000024c0758a1a3 sp=0x000000598f7f9d70 mode 2

Classes unloaded (0 events):
No events

Classes redefined (0 events):
No events

Internal exceptions (20 events):
Event: 14.875 Thread 0x0000024c7678bfe0 Implicit null exception at 0x0000024c07ef6b34 to 0x0000024c07ef7310
Event: 14.876 Thread 0x0000024c7678bfe0 Implicit null exception at 0x0000024c0826a808 to 0x0000024c0826dcb0
Event: 14.895 Thread 0x0000024c7678bfe0 Implicit null exception at 0x0000024c07e09d90 to 0x0000024c07e09f75
Event: 14.896 Thread 0x0000024c7678bfe0 Implicit null exception at 0x0000024c07ceadd1 to 0x0000024c07ceaf79
Event: 15.093 Thread 0x0000024c7678bfe0 Exception <a 'java/lang/NoSuchMethodError'{0x0000000091660da0}: 'void java.lang.invoke.DirectMethodHandle$Holder.invokeSpecial(java.lang.Object, java.lang.Object, int, java.lang.Object)'> (0x0000000091660da0) 
thrown [s\src\hotspot\share\interpreter\linkResolver.cpp, line 771]
Event: 15.128 Thread 0x0000024c7678bfe0 Exception <a 'java/lang/NoSuchMethodError'{0x00000000915f9e08}: 'int java.lang.invoke.DirectMethodHandle$Holder.invokeVirtual(java.lang.Object, java.lang.Object, java.lang.Object)'> (0x00000000915f9e08) 
thrown [s\src\hotspot\share\interpreter\linkResolver.cpp, line 771]
Event: 15.963 Thread 0x0000024c7678bfe0 Implicit null exception at 0x0000024c07f466f1 to 0x0000024c07f4cf3c
Event: 16.313 Thread 0x0000024c7678bfe0 Implicit null exception at 0x0000024c07e7def7 to 0x0000024c07e7e454
Event: 16.438 Thread 0x0000024c7678bfe0 Implicit null exception at 0x0000024c083363ac to 0x0000024c08336468
Event: 17.372 Thread 0x0000024c7678bfe0 Implicit null exception at 0x0000024c07de2170 to 0x0000024c07de29fa
Event: 24.413 Thread 0x0000024c7678bfe0 Implicit null exception at 0x0000024c07f72533 to 0x0000024c07f726ca
Event: 24.472 Thread 0x0000024c7678bfe0 Implicit null exception at 0x0000024c084a204f to 0x0000024c084a7f4c
Event: 24.472 Thread 0x0000024c7678bfe0 Implicit null exception at 0x0000024c08326d7b to 0x0000024c08327608
Event: 24.472 Thread 0x0000024c7678bfe0 Implicit null exception at 0x0000024c083e8e2b to 0x0000024c083ea42c
Event: 24.472 Thread 0x0000024c7678bfe0 Implicit null exception at 0x0000024c08324d47 to 0x0000024c08325138
Event: 24.473 Thread 0x0000024c7678bfe0 Implicit null exception at 0x0000024c080fa358 to 0x0000024c080fa3fc
Event: 24.473 Thread 0x0000024c7678bfe0 Implicit null exception at 0x0000024c083f89a7 to 0x0000024c083f93a4
Event: 24.494 Thread 0x0000024c7678bfe0 Implicit null exception at 0x0000024c084c2634 to 0x0000024c084c5080
Event: 24.585 Thread 0x0000024c7678bfe0 Implicit null exception at 0x0000024c07af3daf to 0x0000024c07af3e34
Event: 25.274 Thread 0x0000024c7678bfe0 Implicit null exception at 0x0000024c08440a29 to 0x0000024c08441978

VM Operations (20 events):
Event: 27.749 Executing VM operation: G1CollectForAllocation
Event: 27.768 Executing VM operation: G1CollectForAllocation done
Event: 28.007 Executing VM operation: HandshakeAllThreads
Event: 28.010 Executing VM operation: HandshakeAllThreads done
Event: 28.875 Executing VM operation: HandshakeAllThreads
Event: 28.889 Executing VM operation: HandshakeAllThreads done
Event: 28.889 Executing VM operation: Cleanup
Event: 28.890 Executing VM operation: Cleanup done
Event: 29.020 Executing VM operation: HandshakeAllThreads
Event: 29.040 Executing VM operation: HandshakeAllThreads done
Event: 30.045 Executing VM operation: Cleanup
Event: 30.046 Executing VM operation: Cleanup done
Event: 31.058 Executing VM operation: Cleanup
Event: 31.058 Executing VM operation: Cleanup done
Event: 32.068 Executing VM operation: Cleanup
Event: 32.222 Executing VM operation: Cleanup done
Event: 32.520 Executing VM operation: HandshakeAllThreads
Event: 32.522 Executing VM operation: HandshakeAllThreads done
Event: 32.559 Executing VM operation: ICBufferFull
Event: 32.560 Executing VM operation: ICBufferFull done

Events (20 events):
Event: 32.550 Thread 0x0000024c7f5fd000 flushing nmethod 0x0000024c01407d10
Event: 32.551 Thread 0x0000024c7f5fd000 flushing nmethod 0x0000024c0141e990
Event: 32.552 Thread 0x0000024c7f5fd000 flushing nmethod 0x0000024c014d8a10
Event: 32.553 Thread 0x0000024c7f5fd000 flushing nmethod 0x0000024c015be290
Event: 32.554 Thread 0x0000024c7f5fd000 flushing nmethod 0x0000024c0164e610
Event: 32.554 Thread 0x0000024c7f5fd000 flushing nmethod 0x0000024c0169cb10
Event: 32.554 Thread 0x0000024c7f5fd000 flushing nmethod 0x0000024c016dd990
Event: 32.555 Thread 0x0000024c7f5fd000 flushing nmethod 0x0000024c01782610
Event: 32.558 Thread 0x0000024c7f5fd000 flushing nmethod 0x0000024c0199cc10
Event: 32.559 Thread 0x0000024c7f5fd000 flushing nmethod 0x0000024c01a2d190
Event: 32.560 Thread 0x0000024c7f5fd000 flushing nmethod 0x0000024c01a79110
Event: 32.561 Thread 0x0000024c7f5fd000 flushing nmethod 0x0000024c01b12a90
Event: 32.563 Thread 0x0000024c7f5fd000 flushing nmethod 0x0000024c01bee010
Event: 32.563 Thread 0x0000024c7f5fd000 flushing nmethod 0x0000024c01c35010
Event: 32.564 Thread 0x0000024c7f5fd000 flushing nmethod 0x0000024c01c7b090
Event: 32.564 Thread 0x0000024c7f5fd000 flushing nmethod 0x0000024c01ccb290
Event: 32.565 Thread 0x0000024c7f5fd000 flushing nmethod 0x0000024c01d4b990
Event: 32.566 Thread 0x0000024c7f5fd000 flushing nmethod 0x0000024c01dda110
Event: 32.566 Thread 0x0000024c7f5fd000 flushing nmethod 0x0000024c01e16590
Event: 32.566 Thread 0x0000024c7f5fd000 flushing nmethod 0x0000024c01e37d90


Dynamic libraries:
0x00007ff79c5c0000 - 0x00007ff79c5ca000 	C:\Program Files (x86)\android-studio-2022.3.1.17-windows\android-studio\jbr\bin\java.exe
0x00007ff9c0510000 - 0x00007ff9c0724000 	C:\WINDOWS\SYSTEM32\ntdll.dll
0x00007ff9bf6f0000 - 0x00007ff9bf7b4000 	C:\WINDOWS\System32\KERNEL32.DLL
0x00007ff9bdb50000 - 0x00007ff9bdef4000 	C:\WINDOWS\System32\KERNELBASE.dll
0x00007ff9bdf00000 - 0x00007ff9be011000 	C:\WINDOWS\System32\ucrtbase.dll
0x00007ff93f9f0000 - 0x00007ff93fa07000 	C:\Program Files (x86)\android-studio-2022.3.1.17-windows\android-studio\jbr\bin\jli.dll
0x00007ff9b1fd0000 - 0x00007ff9b1feb000 	C:\Program Files (x86)\android-studio-2022.3.1.17-windows\android-studio\jbr\bin\VCRUNTIME140.dll
0x00007ff9bfb60000 - 0x00007ff9bfd0e000 	C:\WINDOWS\System32\USER32.dll
0x00007ff9be020000 - 0x00007ff9be046000 	C:\WINDOWS\System32\win32u.dll
0x00007ff9be5b0000 - 0x00007ff9be5d9000 	C:\WINDOWS\System32\GDI32.dll
0x00007ff9be180000 - 0x00007ff9be298000 	C:\WINDOWS\System32\gdi32full.dll
0x00007ff9bd8c0000 - 0x00007ff9bd95a000 	C:\WINDOWS\System32\msvcp_win.dll
0x00007ff9b35f0000 - 0x00007ff9b3883000 	C:\WINDOWS\WinSxS\amd64_microsoft.windows.common-controls_6595b64144ccf1df_6.0.22621.2215_none_270d72677387dfc3\COMCTL32.dll
0x00007ff9bf640000 - 0x00007ff9bf6e7000 	C:\WINDOWS\System32\msvcrt.dll
0x00007ff9be460000 - 0x00007ff9be491000 	C:\WINDOWS\System32\IMM32.DLL
0x00007ff9b89d0000 - 0x00007ff9b89dc000 	C:\Program Files (x86)\android-studio-2022.3.1.17-windows\android-studio\jbr\bin\vcruntime140_1.dll
0x00007ff9a37f0000 - 0x00007ff9a387d000 	C:\Program Files (x86)\android-studio-2022.3.1.17-windows\android-studio\jbr\bin\msvcp140.dll
0x00007ff93ff10000 - 0x00007ff940b7e000 	C:\Program Files (x86)\android-studio-2022.3.1.17-windows\android-studio\jbr\bin\server\jvm.dll
0x00007ff9c0420000 - 0x00007ff9c04d0000 	C:\WINDOWS\System32\ADVAPI32.dll
0x00007ff9be2a0000 - 0x00007ff9be346000 	C:\WINDOWS\System32\sechost.dll
0x00007ff9be720000 - 0x00007ff9be837000 	C:\WINDOWS\System32\RPCRT4.dll
0x00007ff9b54a0000 - 0x00007ff9b54d4000 	C:\WINDOWS\SYSTEM32\WINMM.dll
0x00007ff9a37a0000 - 0x00007ff9a37a9000 	C:\WINDOWS\SYSTEM32\WSOCK32.dll
0x00007ff9b3320000 - 0x00007ff9b332a000 	C:\WINDOWS\SYSTEM32\VERSION.dll
0x00007ff9c00f0000 - 0x00007ff9c0161000 	C:\WINDOWS\System32\WS2_32.dll
0x00007ff9bc9b0000 - 0x00007ff9bc9c8000 	C:\WINDOWS\SYSTEM32\kernel.appcore.dll
0x00007ff9569e0000 - 0x00007ff9569ea000 	C:\Program Files (x86)\android-studio-2022.3.1.17-windows\android-studio\jbr\bin\jimage.dll
0x00007ff9bb070000 - 0x00007ff9bb29e000 	C:\WINDOWS\SYSTEM32\DBGHELP.DLL
0x00007ff9bf7d0000 - 0x00007ff9bfb5a000 	C:\WINDOWS\System32\combase.dll
0x00007ff9be640000 - 0x00007ff9be717000 	C:\WINDOWS\System32\OLEAUT32.dll
0x00007ff9b3440000 - 0x00007ff9b3472000 	C:\WINDOWS\SYSTEM32\dbgcore.DLL
0x00007ff9bdad0000 - 0x00007ff9bdb4a000 	C:\WINDOWS\System32\bcryptPrimitives.dll
0x00007ff956830000 - 0x00007ff956855000 	C:\Program Files (x86)\android-studio-2022.3.1.17-windows\android-studio\jbr\bin\java.dll
0x00007ff956810000 - 0x00007ff956828000 	C:\Program Files (x86)\android-studio-2022.3.1.17-windows\android-studio\jbr\bin\zip.dll
0x00007ff9becc0000 - 0x00007ff9bf4e3000 	C:\WINDOWS\System32\SHELL32.dll
0x00007ff9bb860000 - 0x00007ff9bc14a000 	C:\WINDOWS\SYSTEM32\windows.storage.dll
0x00007ff9bb720000 - 0x00007ff9bb85e000 	C:\WINDOWS\SYSTEM32\wintypes.dll
0x00007ff9be4a0000 - 0x00007ff9be593000 	C:\WINDOWS\System32\SHCORE.dll
0x00007ff9be400000 - 0x00007ff9be45e000 	C:\WINDOWS\System32\shlwapi.dll
0x00007ff9bd7f0000 - 0x00007ff9bd816000 	C:\WINDOWS\SYSTEM32\profapi.dll
0x00007ff94efe0000 - 0x00007ff94eff9000 	C:\Program Files (x86)\android-studio-2022.3.1.17-windows\android-studio\jbr\bin\net.dll
0x00007ff9b7480000 - 0x00007ff9b75b7000 	C:\WINDOWS\SYSTEM32\WINHTTP.dll
0x00007ff9bce80000 - 0x00007ff9bcee9000 	C:\WINDOWS\system32\mswsock.dll
0x00007ff946210000 - 0x00007ff946226000 	C:\Program Files (x86)\android-studio-2022.3.1.17-windows\android-studio\jbr\bin\nio.dll
0x00007ff9569d0000 - 0x00007ff9569e0000 	C:\Program Files (x86)\android-studio-2022.3.1.17-windows\android-studio\jbr\bin\verify.dll

dbghelp: loaded successfully - version: 4.0.5 - missing functions: none
symbol engine: initialized successfully - sym options: 0x614 - pdb path: .;C:\Program Files (x86)\android-studio-2022.3.1.17-windows\android-studio\jbr\bin;C:\WINDOWS\SYSTEM32;C:\WINDOWS\WinSxS\amd64_microsoft.windows.common-controls_6595b64144ccf1df_6.0.22621.2215_none_270d72677387dfc3;C:\Program Files (x86)\android-studio-2022.3.1.17-windows\android-studio\jbr\bin\server

VM Arguments:
java_command: org.jetbrains.kotlin.cli.jvm.K2JVMCompiler @C:\workspace\android\app\build\20231010_4643468438253880862.compiler.options
java_class_path (initial): C:\Users\user\.gradle\caches\modules-2\files-2.1\org.jetbrains.kotlin\kotlin-compiler-embeddable\1.8.10\b0757fd774344d54ce93f5ad6c30ba1c1731c8ff\kotlin-compiler-embeddable-1.8.10.jar;C:\Users\user\.gradle\caches\modules-2\files-2.1\org.jetbrains.kotlin\kotlin-stdlib\1.8.10\6d5560a229477df9406943d5feda5618e98eb64c\kotlin-stdlib-1.8.10.jar;C:\Users\user\.gradle\caches\modules-2\files-2.1\org.jetbrains.kotlin\kotlin-script-runtime\1.8.10\b13ea9c7e46d589139e56086a878763290e20bd5\kotlin-script-runtime-1.8.10.jar;C:\Users\user\.gradle\caches\modules-2\files-2.1\org.jetbrains.kotlin\kotlin-reflect\1.6.10\1cbe9c92c12a94eea200d23c2bbaedaf3daf5132\kotlin-reflect-1.6.10.jar;C:\Users\user\.gradle\caches\modules-2\files-2.1\org.jetbrains.kotlin\kotlin-daemon-embeddable\1.8.10\ad8541d9bc1cf9e52c3204161247910c2cf601d4\kotlin-daemon-embeddable-1.8.10.jar;C:\Users\user\.gradle\caches\modules-2\files-2.1\org.jetbrains.intellij.deps\trove4j\1.0.20200330\3afb14d5f9ceb459d724e907a21145e8ff394f02\trove4j-1.0.20200330.jar;C:\Users\user\.gradle\caches\modules-2\files-2.1\net.java.dev.jna\jna\5.6.0\330f2244e9030119ab3030fc3fededc86713d9cc\jna-5.6.0.jar;C:\Users\user\.gradle\caches\modules-2\files-2.1\org.jetbrains.kotlin\kotlin-stdlib-common\1.8.10\a61b182458550492c12aee66157d7b524a63a5ec\kotlin-stdlib-common-1.8.10.jar;C:\Users\user\.gradle\caches\modules-2\files-2.1\org.jetbrains\annotations\13.0\919f0dfe192fb4e063e7dacadee7f8bb9a2672a9\annotations-13.0.jar
Launcher Type: SUN_STANDARD

[Global flags]
     intx CICompilerCount                          = 4                                         {product} {ergonomic}
     uint ConcGCThreads                            = 2                                         {product} {ergonomic}
     uint G1ConcRefinementThreads                  = 8                                         {product} {ergonomic}
   size_t G1HeapRegionSize                         = 1048576                                   {product} {ergonomic}
    uintx GCDrainStackTargetSize                   = 64                                        {product} {ergonomic}
   size_t InitialHeapSize                          = 130023424                                 {product} {ergonomic}
   size_t MarkStackSize                            = 4194304                                   {product} {ergonomic}
   size_t MaxHeapSize                              = 2063597568                                {product} {ergonomic}
   size_t MaxNewSize                               = 1237319680                                {product} {ergonomic}
   size_t MinHeapDeltaBytes                        = 1048576                                   {product} {ergonomic}
   size_t MinHeapSize                              = 8388608                                   {product} {ergonomic}
    uintx NonNMethodCodeHeapSize                   = 5839372                                {pd product} {ergonomic}
    uintx NonProfiledCodeHeapSize                  = 122909434                              {pd product} {ergonomic}
    uintx ProfiledCodeHeapSize                     = 122909434                              {pd product} {ergonomic}
    uintx ReservedCodeCacheSize                    = 251658240                              {pd product} {ergonomic}
     bool SegmentedCodeCache                       = true                                      {product} {ergonomic}
   size_t SoftMaxHeapSize                          = 2063597568                             {manageable} {ergonomic}
     bool UseCompressedClassPointers               = true                           {product lp64_product} {ergonomic}
     bool UseCompressedOops                        = true                           {product lp64_product} {ergonomic}
     bool UseG1GC                                  = true                                      {product} {ergonomic}
     bool UseLargePagesIndividualAllocation        = false                                  {pd product} {ergonomic}

Logging:
Log output configuration:
 #0: stdout all=warning uptime,level,tags
 #1: stderr all=off uptime,level,tags

Environment Variables:
PATH=C:\Program Files\Common Files\Oracle\Java\javapath;C:\WINDOWS\system32;C:\WINDOWS;C:\WINDOWS\System32\Wbem;C:\WINDOWS\System32\WindowsPowerShell\v1.0\;C:\WINDOWS\System32\OpenSSH\;C:\Program Files (x86)\Git\cmd;C:\Program Files\Java\jdk-18.0.2.1\bin;C:\Program Files\MATLAB\R2022a\bin;C:\Program Files\Java\openssl-0.9.8e_X64\bin;C:\Program Files\nodejs\;C:\ProgramData\chocolatey\bin;C:\Users\user\AppData\Local\Programs\Python\Python39\Scripts\;C:\Users\user\AppData\Local\Programs\Python\Python39\;C:\Users\user\AppData\Local\Microsoft\WindowsApps;C:\Users\user\AppData\Local\Programs\Microsoft VS Code\bin;C:\Program Files\JetBrains\PyCharm Community Edition 2021.2\bin;;C:\Users\user\flutter\bin;C:\Users\user\AppData\Roaming\npm;C:\Program Files\JetBrains\IntelliJ IDEA 2023.2.2\bin;;C:\Users\user\AppData\Local\afreeca
USERNAME=user
OS=Windows_NT
PROCESSOR_IDENTIFIER=Intel64 Family 6 Model 140 Stepping 1, GenuineIntel
TMP=C:\Users\user\AppData\Local\Temp
TEMP=C:\Users\user\AppData\Local\Temp


JNI global refs:
JNI global refs: 12, weak refs: 7

JNI global refs memory usage: 843, weak refs: 841


---------------  S Y S T E M  ---------------

OS:
 Windows 11 , 64 bit Build 22621 (10.0.22621.2215)
OS uptime: 0 days 1:16 hours

CPU: total 8 (initial active 8) (4 cores per cpu, 2 threads per core) family 6 model 140 stepping 1 microcode 0x9a, cx8, cmov, fxsr, ht, mmx, 3dnowpref, sse, sse2, sse3, ssse3, sse4.1, sse4.2, popcnt, lzcnt, tsc, tscinvbit, avx, avx2, aes, erms, clmul, bmi1, bmi2, adx, avx512f, avx512dq, avx512cd, avx512bw, avx512vl, sha, fma, vzeroupper, avx512_vpopcntdq, avx512_vpclmulqdq, avx512_vaes, avx512_vnni, clflush, clflushopt, clwb, avx512_vbmi2, avx512_vbmi

Memory: 4k page, system-wide physical 7865M (548M free)
TotalPageFile size 14452M (AvailPageFile size 1M)
current process WorkingSet (physical memory assigned to process): 469M, peak: 580M
current process commit charge ("private bytes"): 588M, peak: 617M

vm_info: OpenJDK 64-Bit Server VM (17.0.6+0-b2043.56-10027231) for windows-amd64 JRE (17.0.6+0-b2043.56-10027231), built on Apr 28 2023 00:43:19 by "androidbuild" with MS VC++ 16.10 / 16.11 (VS2019)

END.
