#
# There is insufficient memory for the Java Runtime Environment to continue.
# Native memory allocation (malloc) failed to allocate 1317728 bytes for Chunk::new
# Possible reasons:
#   The system is out of physical RAM or swap space
#   The process is running with CompressedOops enabled, and the Java Heap may be blocking the growth of the native heap
# Possible solutions:
#   Reduce memory load on the system
#   Increase physical memory or swap space
#   Check if swap backing store is full
#   Decrease Java heap size (-Xmx/-Xms)
#   Decrease number of Java threads
#   Decrease Java thread stack sizes (-Xss)
#   Set larger code cache with -XX:ReservedCodeCacheSize=
#   JVM is running with Unscaled Compressed Oops mode in which the Java heap is
#     placed in the first 4GB address space. The Java Heap base address is the
#     maximum limit for the native heap growth. Please use -XX:HeapBaseMinAddress
#     to set the Java Heap base and to place the Java Heap above 4GB virtual address.
# This output file may be truncated or incomplete.
#
#  Out of Memory Error (arena.cpp:189), pid=9072, tid=21304
#
# JRE version: OpenJDK Runtime Environment (17.0.6) (build 17.0.6+0-b2043.56-10027231)
# Java VM: OpenJDK 64-Bit Server VM (17.0.6+0-b2043.56-10027231, mixed mode, tiered, compressed oops, compressed class ptrs, g1 gc, windows-amd64)
# No core dump will be written. Minidumps are not enabled by default on client versions of Windows
#

---------------  S U M M A R Y ------------

Command Line: org.jetbrains.kotlin.cli.jvm.K2JVMCompiler @C:\workspace\android\app\build\20231023_519563818131866544.compiler.options

Host: 11th Gen Intel(R) Core(TM) i5-1135G7 @ 2.40GHz, 8 cores, 7G,  Windows 11 , 64 bit Build 22621 (10.0.22621.2428)
Time: Mon Oct 23 23:36:12 2023  Windows 11 , 64 bit Build 22621 (10.0.22621.2428) elapsed time: 44.509270 seconds (0d 0h 0m 44s)

---------------  T H R E A D  ---------------

Current thread (0x000001dc226fa1f0):  JavaThread "C2 CompilerThread1" daemon [_thread_in_native, id=21304, stack(0x000000ab19400000,0x000000ab19500000)]


Current CompileTask:
C2:  44509 19470       4       org.jetbrains.kotlin.resolve.lazy.descriptors.LazyClassMemberScope::generateDataClassMethods (536 bytes)

Stack: [0x000000ab19400000,0x000000ab19500000]
Native frames: (J=compiled Java code, j=interpreted, Vv=VM code, C=native code)
V  [jvm.dll+0x683c9a]
V  [jvm.dll+0x8427a4]
V  [jvm.dll+0x843f9e]
V  [jvm.dll+0x844603]
V  [jvm.dll+0x249b75]
V  [jvm.dll+0xabcac]
V  [jvm.dll+0xac27c]
V  [jvm.dll+0x368857]
V  [jvm.dll+0x1bd0b8]
V  [jvm.dll+0x21c359]
V  [jvm.dll+0x21b621]
V  [jvm.dll+0x1a4fdd]
V  [jvm.dll+0x22b098]
V  [jvm.dll+0x229159]
V  [jvm.dll+0x7f81ec]
V  [jvm.dll+0x7f274a]
V  [jvm.dll+0x682ad5]
C  [ucrtbase.dll+0x29363]
C  [KERNEL32.DLL+0x1257d]
C  [ntdll.dll+0x5aa78]


---------------  P R O C E S S  ---------------

Threads class SMR info:
_java_thread_list=0x000001dc273a6970, length=13, elements={
0x000001dc07a28f50, 0x000001dc2158e8d0, 0x000001dc2158f280, 0x000001dc2203c2e0,
0x000001dc2203cba0, 0x000001dc2203da70, 0x000001dc2203e330, 0x000001dc2205f590,
0x000001dc22063050, 0x000001dc2206ba50, 0x000001dc221d0810, 0x000001dc221cb250,
0x000001dc226fa1f0
}

Java Threads: ( => current thread )
  0x000001dc07a28f50 JavaThread "main" [_thread_in_Java, id=10144, stack(0x000000ab18100000,0x000000ab18200000)]
  0x000001dc2158e8d0 JavaThread "Reference Handler" daemon [_thread_blocked, id=18896, stack(0x000000ab18800000,0x000000ab18900000)]
  0x000001dc2158f280 JavaThread "Finalizer" daemon [_thread_blocked, id=17560, stack(0x000000ab18900000,0x000000ab18a00000)]
  0x000001dc2203c2e0 JavaThread "Signal Dispatcher" daemon [_thread_blocked, id=21540, stack(0x000000ab18a00000,0x000000ab18b00000)]
  0x000001dc2203cba0 JavaThread "Attach Listener" daemon [_thread_blocked, id=2268, stack(0x000000ab18b00000,0x000000ab18c00000)]
  0x000001dc2203da70 JavaThread "Service Thread" daemon [_thread_blocked, id=13372, stack(0x000000ab18c00000,0x000000ab18d00000)]
  0x000001dc2203e330 JavaThread "Monitor Deflation Thread" daemon [_thread_blocked, id=7352, stack(0x000000ab18d00000,0x000000ab18e00000)]
  0x000001dc2205f590 JavaThread "C2 CompilerThread0" daemon [_thread_in_native, id=20096, stack(0x000000ab18e00000,0x000000ab18f00000)]
  0x000001dc22063050 JavaThread "C1 CompilerThread0" daemon [_thread_blocked, id=21224, stack(0x000000ab18f00000,0x000000ab19000000)]
  0x000001dc2206ba50 JavaThread "Sweeper thread" daemon [_thread_blocked, id=15224, stack(0x000000ab19000000,0x000000ab19100000)]
  0x000001dc221d0810 JavaThread "Notification Thread" daemon [_thread_blocked, id=15756, stack(0x000000ab19100000,0x000000ab19200000)]
  0x000001dc221cb250 JavaThread "Common-Cleaner" daemon [_thread_blocked, id=21516, stack(0x000000ab19300000,0x000000ab19400000)]
=>0x000001dc226fa1f0 JavaThread "C2 CompilerThread1" daemon [_thread_in_native, id=21304, stack(0x000000ab19400000,0x000000ab19500000)]

Other Threads:
  0x000001dc215a53f0 VMThread "VM Thread" [stack: 0x000000ab18700000,0x000000ab18800000] [id=20020]
  0x000001dc07aa5440 WatcherThread [stack: 0x000000ab19200000,0x000000ab19300000] [id=7156]
  0x000001dc07a85220 GCTaskThread "GC Thread#0" [stack: 0x000000ab18200000,0x000000ab18300000] [id=20564]
  0x000001dc22793c50 GCTaskThread "GC Thread#1" [stack: 0x000000ab19500000,0x000000ab19600000] [id=21892]
  0x000001dc22874210 GCTaskThread "GC Thread#2" [stack: 0x000000ab19600000,0x000000ab19700000] [id=3944]
  0x000001dc228744c0 GCTaskThread "GC Thread#3" [stack: 0x000000ab19700000,0x000000ab19800000] [id=22052]
  0x000001dc22874770 GCTaskThread "GC Thread#4" [stack: 0x000000ab19800000,0x000000ab19900000] [id=11440]
  0x000001dc23658870 GCTaskThread "GC Thread#5" [stack: 0x000000ab19a00000,0x000000ab19b00000] [id=21632]
  0x000001dc235540f0 GCTaskThread "GC Thread#6" [stack: 0x000000ab19b00000,0x000000ab19c00000] [id=11660]
  0x000001dc23555c20 GCTaskThread "GC Thread#7" [stack: 0x000000ab19c00000,0x000000ab19d00000] [id=21124]
  0x000001dc07a95760 ConcurrentGCThread "G1 Main Marker" [stack: 0x000000ab18300000,0x000000ab18400000] [id=20440]
  0x000001dc07a96170 ConcurrentGCThread "G1 Conc#0" [stack: 0x000000ab18400000,0x000000ab18500000] [id=20428]
  0x000001dc23555160 ConcurrentGCThread "G1 Conc#1" [stack: 0x000000ab19d00000,0x000000ab19e00000] [id=21084]
  0x000001dc213f24c0 ConcurrentGCThread "G1 Refine#0" [stack: 0x000000ab18500000,0x000000ab18600000] [id=10244]
  0x000001dc26fea900 ConcurrentGCThread "G1 Refine#1" [stack: 0x000000ab19e00000,0x000000ab19f00000] [id=21476]
  0x000001dc26febd20 ConcurrentGCThread "G1 Refine#2" [stack: 0x000000ab19f00000,0x000000ab1a000000] [id=21336]
  0x000001dc26fec000 ConcurrentGCThread "G1 Refine#3" [stack: 0x000000ab1a000000,0x000000ab1a100000] [id=18160]
  0x000001dc26fe9aa0 ConcurrentGCThread "G1 Refine#4" [stack: 0x000000ab1a100000,0x000000ab1a200000] [id=18652]
  0x000001dc26feb1a0 ConcurrentGCThread "G1 Refine#5" [stack: 0x000000ab1a200000,0x000000ab1a300000] [id=12336]
  0x000001dc26fea060 ConcurrentGCThread "G1 Refine#6" [stack: 0x000000ab1a300000,0x000000ab1a400000] [id=19060]
  0x000001dc257842a0 ConcurrentGCThread "G1 Refine#7" [stack: 0x000000ab1a400000,0x000000ab1a500000] [id=19304]
  0x000001dc07aea6b0 ConcurrentGCThread "G1 Service" [stack: 0x000000ab18600000,0x000000ab18700000] [id=12300]

Threads with active compile tasks:
C2 CompilerThread0    44544 19489       4       org.jetbrains.kotlin.resolve.DescriptorUtils::getAllOverriddenDescriptors (38 bytes)
C2 CompilerThread1    44544 19470       4       org.jetbrains.kotlin.resolve.lazy.descriptors.LazyClassMemberScope::generateDataClassMethods (536 bytes)

VM state: not at safepoint (normal execution)

VM Mutex/Monitor currently owned by a thread: None

Heap address: 0x0000000085000000, size: 1968 MB, Compressed Oops mode: 32-bit

CDS archive(s) not mapped
Compressed class space mapped at: 0x0000000100000000-0x0000000140000000, reserved size: 1073741824
Narrow klass base: 0x0000000000000000, Narrow klass shift: 3, Narrow klass range: 0x140000000

GC Precious Log:
 CPUs: 8 total, 8 available
 Memory: 7865M
 Large Page Support: Disabled
 NUMA Support: Disabled
 Compressed Oops: Enabled (32-bit)
 Heap Region Size: 1M
 Heap Min Capacity: 8M
 Heap Initial Capacity: 124M
 Heap Max Capacity: 1968M
 Pre-touch: Disabled
 Parallel Workers: 8
 Concurrent Workers: 2
 Concurrent Refinement Workers: 8
 Periodic GC: Disabled

Heap:
 garbage-first heap   total 354304K, used 289703K [0x0000000085000000, 0x0000000100000000)
  region size 1024K, 33 young (33792K), 5 survivors (5120K)
 Metaspace       used 74320K, committed 74688K, reserved 1122304K
  class space    used 8127K, committed 8320K, reserved 1048576K

Heap Regions: E=young(eden), S=young(survivor), O=old, HS=humongous(starts), HC=humongous(continues), CS=collection set, F=free, OA=open archive, CA=closed archive, TAMS=top-at-mark-start (previous, next)
|   0|0x0000000085000000, 0x0000000085100000, 0x0000000085100000|100%|HS|  |TAMS 0x0000000085100000, 0x0000000085000000| Complete 
|   1|0x0000000085100000, 0x0000000085200000, 0x0000000085200000|100%|HC|  |TAMS 0x0000000085200000, 0x0000000085100000| Complete 
|   2|0x0000000085200000, 0x0000000085300000, 0x0000000085300000|100%|HC|  |TAMS 0x0000000085300000, 0x0000000085200000| Complete 
|   3|0x0000000085300000, 0x0000000085400000, 0x0000000085400000|100%|HC|  |TAMS 0x0000000085400000, 0x0000000085300000| Complete 
|   4|0x0000000085400000, 0x0000000085500000, 0x0000000085500000|100%| O|  |TAMS 0x0000000085500000, 0x0000000085400000| Untracked 
|   5|0x0000000085500000, 0x0000000085600000, 0x0000000085600000|100%| O|  |TAMS 0x0000000085600000, 0x0000000085500000| Untracked 
|   6|0x0000000085600000, 0x00000000856fa200, 0x0000000085700000| 97%| O|  |TAMS 0x00000000856fa200, 0x0000000085600000| Untracked 
|   7|0x0000000085700000, 0x0000000085800000, 0x0000000085800000|100%|HS|  |TAMS 0x0000000085800000, 0x0000000085700000| Complete 
|   8|0x0000000085800000, 0x0000000085900000, 0x0000000085900000|100%|HC|  |TAMS 0x0000000085900000, 0x0000000085800000| Complete 
|   9|0x0000000085900000, 0x0000000085a00000, 0x0000000085a00000|100%|HC|  |TAMS 0x0000000085a00000, 0x0000000085900000| Complete 
|  10|0x0000000085a00000, 0x0000000085b00000, 0x0000000085b00000|100%|HC|  |TAMS 0x0000000085b00000, 0x0000000085a00000| Complete 
|  11|0x0000000085b00000, 0x0000000085c00000, 0x0000000085c00000|100%| O|  |TAMS 0x0000000085c00000, 0x0000000085b00000| Untracked 
|  12|0x0000000085c00000, 0x0000000085d00000, 0x0000000085d00000|100%| O|  |TAMS 0x0000000085d00000, 0x0000000085c00000| Untracked 
|  13|0x0000000085d00000, 0x0000000085e00000, 0x0000000085e00000|100%| O|  |TAMS 0x0000000085e00000, 0x0000000085d00000| Untracked 
|  14|0x0000000085e00000, 0x0000000085f00000, 0x0000000085f00000|100%| O|  |TAMS 0x0000000085f00000, 0x0000000085e00000| Untracked 
|  15|0x0000000085f00000, 0x0000000086000000, 0x0000000086000000|100%| O|  |TAMS 0x0000000086000000, 0x0000000085f00000| Untracked 
|  16|0x0000000086000000, 0x0000000086100000, 0x0000000086100000|100%| O|  |TAMS 0x0000000086100000, 0x0000000086000000| Untracked 
|  17|0x0000000086100000, 0x0000000086200000, 0x0000000086200000|100%| O|  |TAMS 0x0000000086200000, 0x0000000086100000| Untracked 
|  18|0x0000000086200000, 0x0000000086300000, 0x0000000086300000|100%| O|  |TAMS 0x0000000086300000, 0x0000000086200000| Untracked 
|  19|0x0000000086300000, 0x0000000086400000, 0x0000000086400000|100%| O|  |TAMS 0x0000000086400000, 0x0000000086300000| Untracked 
|  20|0x0000000086400000, 0x0000000086500000, 0x0000000086500000|100%| O|  |TAMS 0x0000000086500000, 0x0000000086400000| Untracked 
|  21|0x0000000086500000, 0x0000000086600000, 0x0000000086600000|100%| O|  |TAMS 0x0000000086600000, 0x0000000086500000| Untracked 
|  22|0x0000000086600000, 0x0000000086700000, 0x0000000086700000|100%| O|  |TAMS 0x0000000086700000, 0x0000000086600000| Untracked 
|  23|0x0000000086700000, 0x0000000086800000, 0x0000000086800000|100%| O|  |TAMS 0x0000000086800000, 0x0000000086700000| Untracked 
|  24|0x0000000086800000, 0x0000000086900000, 0x0000000086900000|100%| O|  |TAMS 0x0000000086900000, 0x0000000086800000| Untracked 
|  25|0x0000000086900000, 0x0000000086a00000, 0x0000000086a00000|100%| O|  |TAMS 0x0000000086a00000, 0x0000000086900000| Untracked 
|  26|0x0000000086a00000, 0x0000000086b00000, 0x0000000086b00000|100%| O|  |TAMS 0x0000000086b00000, 0x0000000086a00000| Untracked 
|  27|0x0000000086b00000, 0x0000000086c00000, 0x0000000086c00000|100%| O|  |TAMS 0x0000000086c00000, 0x0000000086b00000| Untracked 
|  28|0x0000000086c00000, 0x0000000086d00000, 0x0000000086d00000|100%| O|  |TAMS 0x0000000086d00000, 0x0000000086c00000| Untracked 
|  29|0x0000000086d00000, 0x0000000086e00000, 0x0000000086e00000|100%| O|  |TAMS 0x0000000086e00000, 0x0000000086d00000| Untracked 
|  30|0x0000000086e00000, 0x0000000086f00000, 0x0000000086f00000|100%| O|  |TAMS 0x0000000086f00000, 0x0000000086e00000| Untracked 
|  31|0x0000000086f00000, 0x0000000087000000, 0x0000000087000000|100%| O|  |TAMS 0x0000000087000000, 0x0000000086f00000| Untracked 
|  32|0x0000000087000000, 0x0000000087100000, 0x0000000087100000|100%| O|  |TAMS 0x0000000087100000, 0x0000000087000000| Untracked 
|  33|0x0000000087100000, 0x0000000087200000, 0x0000000087200000|100%| O|  |TAMS 0x0000000087200000, 0x0000000087100000| Untracked 
|  34|0x0000000087200000, 0x0000000087300000, 0x0000000087300000|100%| O|  |TAMS 0x0000000087300000, 0x0000000087200000| Untracked 
|  35|0x0000000087300000, 0x0000000087400000, 0x0000000087400000|100%| O|  |TAMS 0x0000000087400000, 0x0000000087300000| Untracked 
|  36|0x0000000087400000, 0x0000000087500000, 0x0000000087500000|100%| O|  |TAMS 0x0000000087500000, 0x0000000087400000| Untracked 
|  37|0x0000000087500000, 0x0000000087600000, 0x0000000087600000|100%| O|  |TAMS 0x0000000087600000, 0x0000000087500000| Untracked 
|  38|0x0000000087600000, 0x0000000087700000, 0x0000000087700000|100%| O|  |TAMS 0x0000000087700000, 0x0000000087600000| Untracked 
|  39|0x0000000087700000, 0x0000000087800000, 0x0000000087800000|100%| O|  |TAMS 0x0000000087800000, 0x0000000087700000| Untracked 
|  40|0x0000000087800000, 0x0000000087900000, 0x0000000087900000|100%| O|  |TAMS 0x0000000087900000, 0x0000000087800000| Untracked 
|  41|0x0000000087900000, 0x0000000087a00000, 0x0000000087a00000|100%| O|  |TAMS 0x0000000087a00000, 0x0000000087900000| Untracked 
|  42|0x0000000087a00000, 0x0000000087b00000, 0x0000000087b00000|100%| O|  |TAMS 0x0000000087b00000, 0x0000000087a00000| Untracked 
|  43|0x0000000087b00000, 0x0000000087c00000, 0x0000000087c00000|100%| O|  |TAMS 0x0000000087c00000, 0x0000000087b00000| Untracked 
|  44|0x0000000087c00000, 0x0000000087d00000, 0x0000000087d00000|100%| O|  |TAMS 0x0000000087d00000, 0x0000000087c00000| Untracked 
|  45|0x0000000087d00000, 0x0000000087e00000, 0x0000000087e00000|100%| O|  |TAMS 0x0000000087e00000, 0x0000000087d00000| Untracked 
|  46|0x0000000087e00000, 0x0000000087f00000, 0x0000000087f00000|100%| O|  |TAMS 0x0000000087f00000, 0x0000000087e00000| Untracked 
|  47|0x0000000087f00000, 0x0000000088000000, 0x0000000088000000|100%| O|  |TAMS 0x0000000088000000, 0x0000000087f00000| Untracked 
|  48|0x0000000088000000, 0x0000000088100000, 0x0000000088100000|100%| O|  |TAMS 0x0000000088100000, 0x0000000088000000| Untracked 
|  49|0x0000000088100000, 0x0000000088200000, 0x0000000088200000|100%| O|  |TAMS 0x0000000088200000, 0x0000000088100000| Untracked 
|  50|0x0000000088200000, 0x0000000088300000, 0x0000000088300000|100%| O|  |TAMS 0x0000000088300000, 0x0000000088200000| Untracked 
|  51|0x0000000088300000, 0x0000000088400000, 0x0000000088400000|100%| O|  |TAMS 0x0000000088400000, 0x0000000088300000| Untracked 
|  52|0x0000000088400000, 0x0000000088500000, 0x0000000088500000|100%| O|  |TAMS 0x0000000088500000, 0x0000000088400000| Untracked 
|  53|0x0000000088500000, 0x0000000088600000, 0x0000000088600000|100%| O|  |TAMS 0x0000000088600000, 0x0000000088500000| Untracked 
|  54|0x0000000088600000, 0x0000000088700000, 0x0000000088700000|100%| O|  |TAMS 0x0000000088700000, 0x0000000088600000| Untracked 
|  55|0x0000000088700000, 0x0000000088800000, 0x0000000088800000|100%| O|  |TAMS 0x0000000088800000, 0x0000000088700000| Untracked 
|  56|0x0000000088800000, 0x0000000088900000, 0x0000000088900000|100%| O|  |TAMS 0x0000000088900000, 0x0000000088800000| Untracked 
|  57|0x0000000088900000, 0x0000000088a00000, 0x0000000088a00000|100%| O|  |TAMS 0x0000000088a00000, 0x0000000088900000| Untracked 
|  58|0x0000000088a00000, 0x0000000088b00000, 0x0000000088b00000|100%| O|  |TAMS 0x0000000088b00000, 0x0000000088a00000| Untracked 
|  59|0x0000000088b00000, 0x0000000088c00000, 0x0000000088c00000|100%| O|  |TAMS 0x0000000088b00000, 0x0000000088b00000| Untracked 
|  60|0x0000000088c00000, 0x0000000088d00000, 0x0000000088d00000|100%|HS|  |TAMS 0x0000000088d00000, 0x0000000088c00000| Complete 
|  61|0x0000000088d00000, 0x0000000088e00000, 0x0000000088e00000|100%|HC|  |TAMS 0x0000000088e00000, 0x0000000088d00000| Complete 
|  62|0x0000000088e00000, 0x0000000088f00000, 0x0000000088f00000|100%|HS|  |TAMS 0x0000000088f00000, 0x0000000088e00000| Complete 
|  63|0x0000000088f00000, 0x0000000089000000, 0x0000000089000000|100%|HC|  |TAMS 0x0000000089000000, 0x0000000088f00000| Complete 
|  64|0x0000000089000000, 0x0000000089100000, 0x0000000089100000|100%| O|  |TAMS 0x0000000089100000, 0x0000000089000000| Untracked 
|  65|0x0000000089100000, 0x0000000089200000, 0x0000000089200000|100%| O|  |TAMS 0x0000000089200000, 0x0000000089100000| Untracked 
|  66|0x0000000089200000, 0x0000000089300000, 0x0000000089300000|100%| O|  |TAMS 0x0000000089300000, 0x0000000089200000| Untracked 
|  67|0x0000000089300000, 0x0000000089400000, 0x0000000089400000|100%| O|  |TAMS 0x0000000089400000, 0x0000000089300000| Untracked 
|  68|0x0000000089400000, 0x0000000089500000, 0x0000000089500000|100%| O|  |TAMS 0x0000000089500000, 0x0000000089400000| Untracked 
|  69|0x0000000089500000, 0x0000000089600000, 0x0000000089600000|100%| O|  |TAMS 0x000000008953e000, 0x0000000089500000| Untracked 
|  70|0x0000000089600000, 0x0000000089700000, 0x0000000089700000|100%| O|  |TAMS 0x0000000089600000, 0x0000000089600000| Untracked 
|  71|0x0000000089700000, 0x0000000089800000, 0x0000000089800000|100%| O|  |TAMS 0x0000000089700000, 0x0000000089700000| Untracked 
|  72|0x0000000089800000, 0x0000000089900000, 0x0000000089900000|100%| O|  |TAMS 0x0000000089800000, 0x0000000089800000| Untracked 
|  73|0x0000000089900000, 0x0000000089a00000, 0x0000000089a00000|100%| O|  |TAMS 0x0000000089900000, 0x0000000089900000| Untracked 
|  74|0x0000000089a00000, 0x0000000089b00000, 0x0000000089b00000|100%| O|  |TAMS 0x0000000089a00000, 0x0000000089a00000| Untracked 
|  75|0x0000000089b00000, 0x0000000089c00000, 0x0000000089c00000|100%| O|  |TAMS 0x0000000089b00000, 0x0000000089b00000| Untracked 
|  76|0x0000000089c00000, 0x0000000089d00000, 0x0000000089d00000|100%| O|  |TAMS 0x0000000089c00000, 0x0000000089c00000| Untracked 
|  77|0x0000000089d00000, 0x0000000089e00000, 0x0000000089e00000|100%| O|  |TAMS 0x0000000089d00000, 0x0000000089d00000| Untracked 
|  78|0x0000000089e00000, 0x0000000089f00000, 0x0000000089f00000|100%| O|  |TAMS 0x0000000089e00000, 0x0000000089e00000| Untracked 
|  79|0x0000000089f00000, 0x000000008a000000, 0x000000008a000000|100%| O|  |TAMS 0x0000000089f00000, 0x0000000089f00000| Untracked 
|  80|0x000000008a000000, 0x000000008a100000, 0x000000008a100000|100%| O|  |TAMS 0x000000008a000000, 0x000000008a000000| Untracked 
|  81|0x000000008a100000, 0x000000008a200000, 0x000000008a200000|100%| O|  |TAMS 0x000000008a100000, 0x000000008a100000| Untracked 
|  82|0x000000008a200000, 0x000000008a300000, 0x000000008a300000|100%| O|  |TAMS 0x000000008a200000, 0x000000008a200000| Untracked 
|  83|0x000000008a300000, 0x000000008a400000, 0x000000008a400000|100%| O|  |TAMS 0x000000008a300000, 0x000000008a300000| Untracked 
|  84|0x000000008a400000, 0x000000008a500000, 0x000000008a500000|100%| O|  |TAMS 0x000000008a400000, 0x000000008a400000| Untracked 
|  85|0x000000008a500000, 0x000000008a600000, 0x000000008a600000|100%| O|  |TAMS 0x000000008a500000, 0x000000008a500000| Untracked 
|  86|0x000000008a600000, 0x000000008a700000, 0x000000008a700000|100%| O|  |TAMS 0x000000008a600000, 0x000000008a600000| Untracked 
|  87|0x000000008a700000, 0x000000008a800000, 0x000000008a800000|100%| O|  |TAMS 0x000000008a700000, 0x000000008a700000| Untracked 
|  88|0x000000008a800000, 0x000000008a900000, 0x000000008a900000|100%| O|  |TAMS 0x000000008a800000, 0x000000008a800000| Untracked 
|  89|0x000000008a900000, 0x000000008aa00000, 0x000000008aa00000|100%| O|  |TAMS 0x000000008a900000, 0x000000008a900000| Untracked 
|  90|0x000000008aa00000, 0x000000008ab00000, 0x000000008ab00000|100%| O|  |TAMS 0x000000008aa00000, 0x000000008aa00000| Untracked 
|  91|0x000000008ab00000, 0x000000008ac00000, 0x000000008ac00000|100%| O|  |TAMS 0x000000008ab00000, 0x000000008ab00000| Untracked 
|  92|0x000000008ac00000, 0x000000008ad00000, 0x000000008ad00000|100%| O|  |TAMS 0x000000008ac00000, 0x000000008ac00000| Untracked 
|  93|0x000000008ad00000, 0x000000008ae00000, 0x000000008ae00000|100%| O|  |TAMS 0x000000008ad00000, 0x000000008ad00000| Untracked 
|  94|0x000000008ae00000, 0x000000008af00000, 0x000000008af00000|100%| O|  |TAMS 0x000000008ae00000, 0x000000008ae00000| Untracked 
|  95|0x000000008af00000, 0x000000008b000000, 0x000000008b000000|100%| O|  |TAMS 0x000000008af00000, 0x000000008af00000| Untracked 
|  96|0x000000008b000000, 0x000000008b100000, 0x000000008b100000|100%| O|  |TAMS 0x000000008b000000, 0x000000008b000000| Untracked 
|  97|0x000000008b100000, 0x000000008b200000, 0x000000008b200000|100%|HS|  |TAMS 0x000000008b100000, 0x000000008b100000| Complete 
|  98|0x000000008b200000, 0x000000008b300000, 0x000000008b300000|100%|HC|  |TAMS 0x000000008b200000, 0x000000008b200000| Complete 
|  99|0x000000008b300000, 0x000000008b400000, 0x000000008b400000|100%|HC|  |TAMS 0x000000008b300000, 0x000000008b300000| Complete 
| 100|0x000000008b400000, 0x000000008b500000, 0x000000008b500000|100%|HC|  |TAMS 0x000000008b400000, 0x000000008b400000| Complete 
| 101|0x000000008b500000, 0x000000008b600000, 0x000000008b600000|100%|HC|  |TAMS 0x000000008b500000, 0x000000008b500000| Complete 
| 102|0x000000008b600000, 0x000000008b700000, 0x000000008b700000|100%|HC|  |TAMS 0x000000008b600000, 0x000000008b600000| Complete 
| 103|0x000000008b700000, 0x000000008b800000, 0x000000008b800000|100%|HC|  |TAMS 0x000000008b700000, 0x000000008b700000| Complete 
| 104|0x000000008b800000, 0x000000008b900000, 0x000000008b900000|100%|HC|  |TAMS 0x000000008b800000, 0x000000008b800000| Complete 
| 105|0x000000008b900000, 0x000000008ba00000, 0x000000008ba00000|100%|HC|  |TAMS 0x000000008b900000, 0x000000008b900000| Complete 
| 106|0x000000008ba00000, 0x000000008bb00000, 0x000000008bb00000|100%| O|  |TAMS 0x000000008ba00000, 0x000000008ba00000| Untracked 
| 107|0x000000008bb00000, 0x000000008bc00000, 0x000000008bc00000|100%| O|  |TAMS 0x000000008bb00000, 0x000000008bb00000| Untracked 
| 108|0x000000008bc00000, 0x000000008bd00000, 0x000000008bd00000|100%| O|  |TAMS 0x000000008bc00000, 0x000000008bc00000| Untracked 
| 109|0x000000008bd00000, 0x000000008be00000, 0x000000008be00000|100%| O|  |TAMS 0x000000008bd00000, 0x000000008bd00000| Untracked 
| 110|0x000000008be00000, 0x000000008bf00000, 0x000000008bf00000|100%| O|  |TAMS 0x000000008be00000, 0x000000008be00000| Untracked 
| 111|0x000000008bf00000, 0x000000008c000000, 0x000000008c000000|100%| O|  |TAMS 0x000000008bf00000, 0x000000008bf00000| Untracked 
| 112|0x000000008c000000, 0x000000008c100000, 0x000000008c100000|100%| O|  |TAMS 0x000000008c000000, 0x000000008c000000| Untracked 
| 113|0x000000008c100000, 0x000000008c200000, 0x000000008c200000|100%| O|  |TAMS 0x000000008c100000, 0x000000008c100000| Untracked 
| 114|0x000000008c200000, 0x000000008c300000, 0x000000008c300000|100%| O|  |TAMS 0x000000008c200000, 0x000000008c200000| Untracked 
| 115|0x000000008c300000, 0x000000008c400000, 0x000000008c400000|100%| O|  |TAMS 0x000000008c300000, 0x000000008c300000| Untracked 
| 116|0x000000008c400000, 0x000000008c500000, 0x000000008c500000|100%| O|  |TAMS 0x000000008c400000, 0x000000008c400000| Untracked 
| 117|0x000000008c500000, 0x000000008c600000, 0x000000008c600000|100%| O|  |TAMS 0x000000008c500000, 0x000000008c500000| Untracked 
| 118|0x000000008c600000, 0x000000008c700000, 0x000000008c700000|100%| O|  |TAMS 0x000000008c600000, 0x000000008c600000| Untracked 
| 119|0x000000008c700000, 0x000000008c800000, 0x000000008c800000|100%| O|  |TAMS 0x000000008c700000, 0x000000008c700000| Untracked 
| 120|0x000000008c800000, 0x000000008c900000, 0x000000008c900000|100%| O|  |TAMS 0x000000008c800000, 0x000000008c800000| Untracked 
| 121|0x000000008c900000, 0x000000008ca00000, 0x000000008ca00000|100%| O|  |TAMS 0x000000008c900000, 0x000000008c900000| Untracked 
| 122|0x000000008ca00000, 0x000000008cb00000, 0x000000008cb00000|100%| O|  |TAMS 0x000000008ca00000, 0x000000008ca00000| Untracked 
| 123|0x000000008cb00000, 0x000000008cc00000, 0x000000008cc00000|100%| O|  |TAMS 0x000000008cb00000, 0x000000008cb00000| Untracked 
| 124|0x000000008cc00000, 0x000000008cd00000, 0x000000008cd00000|100%| O|  |TAMS 0x000000008cc00000, 0x000000008cc00000| Untracked 
| 125|0x000000008cd00000, 0x000000008ce00000, 0x000000008ce00000|100%| O|  |TAMS 0x000000008cd00000, 0x000000008cd00000| Untracked 
| 126|0x000000008ce00000, 0x000000008cf00000, 0x000000008cf00000|100%| O|  |TAMS 0x000000008ce00000, 0x000000008ce00000| Untracked 
| 127|0x000000008cf00000, 0x000000008d000000, 0x000000008d000000|100%| O|  |TAMS 0x000000008cf00000, 0x000000008cf00000| Untracked 
| 128|0x000000008d000000, 0x000000008d100000, 0x000000008d100000|100%| O|  |TAMS 0x000000008d000000, 0x000000008d000000| Untracked 
| 129|0x000000008d100000, 0x000000008d200000, 0x000000008d200000|100%| O|  |TAMS 0x000000008d100000, 0x000000008d100000| Untracked 
| 130|0x000000008d200000, 0x000000008d300000, 0x000000008d300000|100%| O|  |TAMS 0x000000008d200000, 0x000000008d200000| Untracked 
| 131|0x000000008d300000, 0x000000008d400000, 0x000000008d400000|100%| O|  |TAMS 0x000000008d300000, 0x000000008d300000| Untracked 
| 132|0x000000008d400000, 0x000000008d500000, 0x000000008d500000|100%| O|  |TAMS 0x000000008d400000, 0x000000008d400000| Untracked 
| 133|0x000000008d500000, 0x000000008d600000, 0x000000008d600000|100%| O|  |TAMS 0x000000008d500000, 0x000000008d500000| Untracked 
| 134|0x000000008d600000, 0x000000008d700000, 0x000000008d700000|100%| O|  |TAMS 0x000000008d600000, 0x000000008d600000| Untracked 
| 135|0x000000008d700000, 0x000000008d800000, 0x000000008d800000|100%| O|  |TAMS 0x000000008d700000, 0x000000008d700000| Untracked 
| 136|0x000000008d800000, 0x000000008d900000, 0x000000008d900000|100%| O|  |TAMS 0x000000008d800000, 0x000000008d800000| Untracked 
| 137|0x000000008d900000, 0x000000008da00000, 0x000000008da00000|100%| O|  |TAMS 0x000000008d900000, 0x000000008d900000| Untracked 
| 138|0x000000008da00000, 0x000000008db00000, 0x000000008db00000|100%| O|  |TAMS 0x000000008da00000, 0x000000008da00000| Untracked 
| 139|0x000000008db00000, 0x000000008dc00000, 0x000000008dc00000|100%| O|  |TAMS 0x000000008db00000, 0x000000008db00000| Untracked 
| 140|0x000000008dc00000, 0x000000008dd00000, 0x000000008dd00000|100%| O|  |TAMS 0x000000008dc00000, 0x000000008dc00000| Untracked 
| 141|0x000000008dd00000, 0x000000008de00000, 0x000000008de00000|100%| O|  |TAMS 0x000000008dd00000, 0x000000008dd00000| Untracked 
| 142|0x000000008de00000, 0x000000008df00000, 0x000000008df00000|100%| O|  |TAMS 0x000000008de00000, 0x000000008de00000| Untracked 
| 143|0x000000008df00000, 0x000000008e000000, 0x000000008e000000|100%| O|  |TAMS 0x000000008df00000, 0x000000008df00000| Untracked 
| 144|0x000000008e000000, 0x000000008e100000, 0x000000008e100000|100%| O|  |TAMS 0x000000008e000000, 0x000000008e000000| Untracked 
| 145|0x000000008e100000, 0x000000008e200000, 0x000000008e200000|100%| O|  |TAMS 0x000000008e100000, 0x000000008e100000| Untracked 
| 146|0x000000008e200000, 0x000000008e300000, 0x000000008e300000|100%| O|  |TAMS 0x000000008e200000, 0x000000008e200000| Untracked 
| 147|0x000000008e300000, 0x000000008e400000, 0x000000008e400000|100%| O|  |TAMS 0x000000008e300000, 0x000000008e300000| Untracked 
| 148|0x000000008e400000, 0x000000008e500000, 0x000000008e500000|100%| O|  |TAMS 0x000000008e400000, 0x000000008e400000| Untracked 
| 149|0x000000008e500000, 0x000000008e600000, 0x000000008e600000|100%| O|  |TAMS 0x000000008e500000, 0x000000008e500000| Untracked 
| 150|0x000000008e600000, 0x000000008e700000, 0x000000008e700000|100%| O|  |TAMS 0x000000008e600000, 0x000000008e600000| Untracked 
| 151|0x000000008e700000, 0x000000008e800000, 0x000000008e800000|100%| O|  |TAMS 0x000000008e700000, 0x000000008e700000| Untracked 
| 152|0x000000008e800000, 0x000000008e900000, 0x000000008e900000|100%| O|  |TAMS 0x000000008e800000, 0x000000008e800000| Untracked 
| 153|0x000000008e900000, 0x000000008ea00000, 0x000000008ea00000|100%| O|  |TAMS 0x000000008e900000, 0x000000008e900000| Untracked 
| 154|0x000000008ea00000, 0x000000008eb00000, 0x000000008eb00000|100%| O|  |TAMS 0x000000008ea00000, 0x000000008ea00000| Untracked 
| 155|0x000000008eb00000, 0x000000008ec00000, 0x000000008ec00000|100%| O|  |TAMS 0x000000008eb00000, 0x000000008eb00000| Untracked 
| 156|0x000000008ec00000, 0x000000008ed00000, 0x000000008ed00000|100%| O|  |TAMS 0x000000008ec00000, 0x000000008ec00000| Untracked 
| 157|0x000000008ed00000, 0x000000008ee00000, 0x000000008ee00000|100%| O|  |TAMS 0x000000008ed00000, 0x000000008ed00000| Untracked 
| 158|0x000000008ee00000, 0x000000008ef00000, 0x000000008ef00000|100%| O|  |TAMS 0x000000008ee00000, 0x000000008ee00000| Untracked 
| 159|0x000000008ef00000, 0x000000008f000000, 0x000000008f000000|100%| O|  |TAMS 0x000000008ef00000, 0x000000008ef00000| Untracked 
| 160|0x000000008f000000, 0x000000008f100000, 0x000000008f100000|100%| O|  |TAMS 0x000000008f000000, 0x000000008f000000| Untracked 
| 161|0x000000008f100000, 0x000000008f200000, 0x000000008f200000|100%| O|  |TAMS 0x000000008f100000, 0x000000008f100000| Untracked 
| 162|0x000000008f200000, 0x000000008f300000, 0x000000008f300000|100%| O|  |TAMS 0x000000008f200000, 0x000000008f200000| Untracked 
| 163|0x000000008f300000, 0x000000008f400000, 0x000000008f400000|100%| O|  |TAMS 0x000000008f300000, 0x000000008f300000| Untracked 
| 164|0x000000008f400000, 0x000000008f500000, 0x000000008f500000|100%| O|  |TAMS 0x000000008f400000, 0x000000008f400000| Untracked 
| 165|0x000000008f500000, 0x000000008f600000, 0x000000008f600000|100%| O|  |TAMS 0x000000008f500000, 0x000000008f500000| Untracked 
| 166|0x000000008f600000, 0x000000008f700000, 0x000000008f700000|100%| O|  |TAMS 0x000000008f600000, 0x000000008f600000| Untracked 
| 167|0x000000008f700000, 0x000000008f800000, 0x000000008f800000|100%| O|  |TAMS 0x000000008f700000, 0x000000008f700000| Untracked 
| 168|0x000000008f800000, 0x000000008f900000, 0x000000008f900000|100%| O|  |TAMS 0x000000008f800000, 0x000000008f800000| Untracked 
| 169|0x000000008f900000, 0x000000008fa00000, 0x000000008fa00000|100%| O|  |TAMS 0x000000008f900000, 0x000000008f900000| Untracked 
| 170|0x000000008fa00000, 0x000000008fb00000, 0x000000008fb00000|100%| O|  |TAMS 0x000000008fa00000, 0x000000008fa00000| Untracked 
| 171|0x000000008fb00000, 0x000000008fc00000, 0x000000008fc00000|100%| O|  |TAMS 0x000000008fb00000, 0x000000008fb00000| Untracked 
| 172|0x000000008fc00000, 0x000000008fd00000, 0x000000008fd00000|100%| O|  |TAMS 0x000000008fc00000, 0x000000008fc00000| Untracked 
| 173|0x000000008fd00000, 0x000000008fe00000, 0x000000008fe00000|100%| O|  |TAMS 0x000000008fd00000, 0x000000008fd00000| Untracked 
| 174|0x000000008fe00000, 0x000000008ff00000, 0x000000008ff00000|100%| O|  |TAMS 0x000000008fe00000, 0x000000008fe00000| Untracked 
| 175|0x000000008ff00000, 0x0000000090000000, 0x0000000090000000|100%| O|  |TAMS 0x000000008ff00000, 0x000000008ff00000| Untracked 
| 176|0x0000000090000000, 0x0000000090100000, 0x0000000090100000|100%| O|  |TAMS 0x0000000090000000, 0x0000000090000000| Untracked 
| 177|0x0000000090100000, 0x0000000090200000, 0x0000000090200000|100%| O|  |TAMS 0x0000000090100000, 0x0000000090100000| Untracked 
| 178|0x0000000090200000, 0x0000000090300000, 0x0000000090300000|100%| O|  |TAMS 0x0000000090200000, 0x0000000090200000| Untracked 
| 179|0x0000000090300000, 0x0000000090400000, 0x0000000090400000|100%| O|  |TAMS 0x0000000090300000, 0x0000000090300000| Untracked 
| 180|0x0000000090400000, 0x0000000090500000, 0x0000000090500000|100%| O|  |TAMS 0x0000000090400000, 0x0000000090400000| Untracked 
| 181|0x0000000090500000, 0x0000000090600000, 0x0000000090600000|100%| O|  |TAMS 0x0000000090500000, 0x0000000090500000| Untracked 
| 182|0x0000000090600000, 0x0000000090700000, 0x0000000090700000|100%| O|  |TAMS 0x0000000090600000, 0x0000000090600000| Untracked 
| 183|0x0000000090700000, 0x0000000090800000, 0x0000000090800000|100%| O|  |TAMS 0x0000000090700000, 0x0000000090700000| Untracked 
| 184|0x0000000090800000, 0x0000000090900000, 0x0000000090900000|100%| O|  |TAMS 0x0000000090800000, 0x0000000090800000| Untracked 
| 185|0x0000000090900000, 0x0000000090a00000, 0x0000000090a00000|100%| O|  |TAMS 0x0000000090900000, 0x0000000090900000| Untracked 
| 186|0x0000000090a00000, 0x0000000090b00000, 0x0000000090b00000|100%| O|  |TAMS 0x0000000090a00000, 0x0000000090a00000| Untracked 
| 187|0x0000000090b00000, 0x0000000090c00000, 0x0000000090c00000|100%| O|  |TAMS 0x0000000090b00000, 0x0000000090b00000| Untracked 
| 188|0x0000000090c00000, 0x0000000090d00000, 0x0000000090d00000|100%| O|  |TAMS 0x0000000090c00000, 0x0000000090c00000| Untracked 
| 189|0x0000000090d00000, 0x0000000090e00000, 0x0000000090e00000|100%| O|  |TAMS 0x0000000090d00000, 0x0000000090d00000| Untracked 
| 190|0x0000000090e00000, 0x0000000090f00000, 0x0000000090f00000|100%| O|  |TAMS 0x0000000090e00000, 0x0000000090e00000| Untracked 
| 191|0x0000000090f00000, 0x0000000091000000, 0x0000000091000000|100%| O|  |TAMS 0x0000000090f00000, 0x0000000090f00000| Untracked 
| 192|0x0000000091000000, 0x0000000091100000, 0x0000000091100000|100%| O|  |TAMS 0x0000000091000000, 0x0000000091000000| Untracked 
| 193|0x0000000091100000, 0x0000000091200000, 0x0000000091200000|100%| O|  |TAMS 0x0000000091100000, 0x0000000091100000| Untracked 
| 194|0x0000000091200000, 0x0000000091300000, 0x0000000091300000|100%| O|  |TAMS 0x0000000091200000, 0x0000000091200000| Untracked 
| 195|0x0000000091300000, 0x0000000091400000, 0x0000000091400000|100%| O|  |TAMS 0x0000000091300000, 0x0000000091300000| Untracked 
| 196|0x0000000091400000, 0x0000000091500000, 0x0000000091500000|100%| O|  |TAMS 0x0000000091400000, 0x0000000091400000| Untracked 
| 197|0x0000000091500000, 0x0000000091600000, 0x0000000091600000|100%| O|  |TAMS 0x0000000091500000, 0x0000000091500000| Untracked 
| 198|0x0000000091600000, 0x0000000091700000, 0x0000000091700000|100%| O|  |TAMS 0x0000000091600000, 0x0000000091600000| Untracked 
| 199|0x0000000091700000, 0x0000000091800000, 0x0000000091800000|100%| O|  |TAMS 0x0000000091700000, 0x0000000091700000| Untracked 
| 200|0x0000000091800000, 0x0000000091900000, 0x0000000091900000|100%| O|  |TAMS 0x0000000091800000, 0x0000000091800000| Untracked 
| 201|0x0000000091900000, 0x0000000091a00000, 0x0000000091a00000|100%| O|  |TAMS 0x0000000091900000, 0x0000000091900000| Untracked 
| 202|0x0000000091a00000, 0x0000000091b00000, 0x0000000091b00000|100%| O|  |TAMS 0x0000000091a00000, 0x0000000091a00000| Untracked 
| 203|0x0000000091b00000, 0x0000000091c00000, 0x0000000091c00000|100%| O|  |TAMS 0x0000000091b00000, 0x0000000091b00000| Untracked 
| 204|0x0000000091c00000, 0x0000000091d00000, 0x0000000091d00000|100%| O|  |TAMS 0x0000000091c00000, 0x0000000091c00000| Untracked 
| 205|0x0000000091d00000, 0x0000000091e00000, 0x0000000091e00000|100%| O|  |TAMS 0x0000000091d00000, 0x0000000091d00000| Untracked 
| 206|0x0000000091e00000, 0x0000000091f00000, 0x0000000091f00000|100%| O|  |TAMS 0x0000000091e00000, 0x0000000091e00000| Untracked 
| 207|0x0000000091f00000, 0x0000000092000000, 0x0000000092000000|100%| O|  |TAMS 0x0000000091f00000, 0x0000000091f00000| Untracked 
| 208|0x0000000092000000, 0x0000000092100000, 0x0000000092100000|100%| O|  |TAMS 0x0000000092000000, 0x0000000092000000| Untracked 
| 209|0x0000000092100000, 0x0000000092200000, 0x0000000092200000|100%| O|  |TAMS 0x0000000092100000, 0x0000000092100000| Untracked 
| 210|0x0000000092200000, 0x0000000092300000, 0x0000000092300000|100%| O|  |TAMS 0x0000000092200000, 0x0000000092200000| Untracked 
| 211|0x0000000092300000, 0x0000000092400000, 0x0000000092400000|100%| O|  |TAMS 0x0000000092300000, 0x0000000092300000| Untracked 
| 212|0x0000000092400000, 0x0000000092500000, 0x0000000092500000|100%| O|  |TAMS 0x0000000092400000, 0x0000000092400000| Untracked 
| 213|0x0000000092500000, 0x0000000092600000, 0x0000000092600000|100%| O|  |TAMS 0x0000000092500000, 0x0000000092500000| Untracked 
| 214|0x0000000092600000, 0x0000000092700000, 0x0000000092700000|100%| O|  |TAMS 0x0000000092600000, 0x0000000092600000| Untracked 
| 215|0x0000000092700000, 0x0000000092800000, 0x0000000092800000|100%| O|  |TAMS 0x0000000092700000, 0x0000000092700000| Untracked 
| 216|0x0000000092800000, 0x0000000092900000, 0x0000000092900000|100%| O|  |TAMS 0x0000000092800000, 0x0000000092800000| Untracked 
| 217|0x0000000092900000, 0x0000000092a00000, 0x0000000092a00000|100%| O|  |TAMS 0x0000000092900000, 0x0000000092900000| Untracked 
| 218|0x0000000092a00000, 0x0000000092b00000, 0x0000000092b00000|100%| O|  |TAMS 0x0000000092a00000, 0x0000000092a00000| Untracked 
| 219|0x0000000092b00000, 0x0000000092c00000, 0x0000000092c00000|100%| O|  |TAMS 0x0000000092b00000, 0x0000000092b00000| Untracked 
| 220|0x0000000092c00000, 0x0000000092d00000, 0x0000000092d00000|100%| O|  |TAMS 0x0000000092c00000, 0x0000000092c00000| Untracked 
| 221|0x0000000092d00000, 0x0000000092e00000, 0x0000000092e00000|100%| O|  |TAMS 0x0000000092d00000, 0x0000000092d00000| Untracked 
| 222|0x0000000092e00000, 0x0000000092f00000, 0x0000000092f00000|100%| O|  |TAMS 0x0000000092e00000, 0x0000000092e00000| Untracked 
| 223|0x0000000092f00000, 0x0000000093000000, 0x0000000093000000|100%| O|  |TAMS 0x0000000092f00000, 0x0000000092f00000| Untracked 
| 224|0x0000000093000000, 0x0000000093100000, 0x0000000093100000|100%| O|  |TAMS 0x0000000093000000, 0x0000000093000000| Untracked 
| 225|0x0000000093100000, 0x0000000093200000, 0x0000000093200000|100%| O|  |TAMS 0x0000000093100000, 0x0000000093100000| Untracked 
| 226|0x0000000093200000, 0x0000000093300000, 0x0000000093300000|100%| O|  |TAMS 0x0000000093200000, 0x0000000093200000| Untracked 
| 227|0x0000000093300000, 0x0000000093400000, 0x0000000093400000|100%| O|  |TAMS 0x0000000093300000, 0x0000000093300000| Untracked 
| 228|0x0000000093400000, 0x0000000093500000, 0x0000000093500000|100%| O|  |TAMS 0x0000000093400000, 0x0000000093400000| Untracked 
| 229|0x0000000093500000, 0x0000000093600000, 0x0000000093600000|100%| O|  |TAMS 0x0000000093500000, 0x0000000093500000| Untracked 
| 230|0x0000000093600000, 0x0000000093700000, 0x0000000093700000|100%| O|  |TAMS 0x0000000093600000, 0x0000000093600000| Untracked 
| 231|0x0000000093700000, 0x0000000093800000, 0x0000000093800000|100%| O|  |TAMS 0x0000000093700000, 0x0000000093700000| Untracked 
| 232|0x0000000093800000, 0x0000000093900000, 0x0000000093900000|100%| O|  |TAMS 0x0000000093800000, 0x0000000093800000| Untracked 
| 233|0x0000000093900000, 0x0000000093a00000, 0x0000000093a00000|100%| O|  |TAMS 0x0000000093900000, 0x0000000093900000| Untracked 
| 234|0x0000000093a00000, 0x0000000093b00000, 0x0000000093b00000|100%| O|  |TAMS 0x0000000093a00000, 0x0000000093a00000| Untracked 
| 235|0x0000000093b00000, 0x0000000093c00000, 0x0000000093c00000|100%| O|  |TAMS 0x0000000093b00000, 0x0000000093b00000| Untracked 
| 236|0x0000000093c00000, 0x0000000093d00000, 0x0000000093d00000|100%| O|  |TAMS 0x0000000093c00000, 0x0000000093c00000| Untracked 
| 237|0x0000000093d00000, 0x0000000093e00000, 0x0000000093e00000|100%| O|  |TAMS 0x0000000093d00000, 0x0000000093d00000| Untracked 
| 238|0x0000000093e00000, 0x0000000093f00000, 0x0000000093f00000|100%| O|  |TAMS 0x0000000093e00000, 0x0000000093e00000| Untracked 
| 239|0x0000000093f00000, 0x0000000094000000, 0x0000000094000000|100%| O|  |TAMS 0x0000000093f00000, 0x0000000093f00000| Untracked 
| 240|0x0000000094000000, 0x0000000094100000, 0x0000000094100000|100%| O|  |TAMS 0x0000000094000000, 0x0000000094000000| Untracked 
| 241|0x0000000094100000, 0x0000000094200000, 0x0000000094200000|100%| O|  |TAMS 0x0000000094100000, 0x0000000094100000| Untracked 
| 242|0x0000000094200000, 0x0000000094300000, 0x0000000094300000|100%| O|  |TAMS 0x0000000094200000, 0x0000000094200000| Untracked 
| 243|0x0000000094300000, 0x0000000094400000, 0x0000000094400000|100%| O|  |TAMS 0x0000000094300000, 0x0000000094300000| Untracked 
| 244|0x0000000094400000, 0x0000000094500000, 0x0000000094500000|100%| O|  |TAMS 0x0000000094400000, 0x0000000094400000| Untracked 
| 245|0x0000000094500000, 0x0000000094600000, 0x0000000094600000|100%| O|  |TAMS 0x0000000094500000, 0x0000000094500000| Untracked 
| 246|0x0000000094600000, 0x0000000094700000, 0x0000000094700000|100%| O|  |TAMS 0x0000000094600000, 0x0000000094600000| Untracked 
| 247|0x0000000094700000, 0x0000000094800000, 0x0000000094800000|100%| O|  |TAMS 0x0000000094700000, 0x0000000094700000| Untracked 
| 248|0x0000000094800000, 0x0000000094900000, 0x0000000094900000|100%| O|  |TAMS 0x0000000094800000, 0x0000000094800000| Untracked 
| 249|0x0000000094900000, 0x0000000094a00000, 0x0000000094a00000|100%| O|  |TAMS 0x0000000094900000, 0x0000000094900000| Untracked 
| 250|0x0000000094a00000, 0x0000000094b00000, 0x0000000094b00000|100%| O|  |TAMS 0x0000000094a00000, 0x0000000094a00000| Untracked 
| 251|0x0000000094b00000, 0x0000000094b2f600, 0x0000000094c00000| 18%| O|  |TAMS 0x0000000094b00000, 0x0000000094b00000| Untracked 
| 252|0x0000000094c00000, 0x0000000094c00000, 0x0000000094d00000|  0%| F|  |TAMS 0x0000000094c00000, 0x0000000094c00000| Untracked 
| 253|0x0000000094d00000, 0x0000000094d00000, 0x0000000094e00000|  0%| F|  |TAMS 0x0000000094d00000, 0x0000000094d00000| Untracked 
| 254|0x0000000094e00000, 0x0000000094e00000, 0x0000000094f00000|  0%| F|  |TAMS 0x0000000094e00000, 0x0000000094e00000| Untracked 
| 255|0x0000000094f00000, 0x0000000094f00000, 0x0000000095000000|  0%| F|  |TAMS 0x0000000094f00000, 0x0000000094f00000| Untracked 
| 256|0x0000000095000000, 0x0000000095000000, 0x0000000095100000|  0%| F|  |TAMS 0x0000000095000000, 0x0000000095000000| Untracked 
| 257|0x0000000095100000, 0x0000000095100000, 0x0000000095200000|  0%| F|  |TAMS 0x0000000095100000, 0x0000000095100000| Untracked 
| 258|0x0000000095200000, 0x0000000095200000, 0x0000000095300000|  0%| F|  |TAMS 0x0000000095200000, 0x0000000095200000| Untracked 
| 259|0x0000000095300000, 0x0000000095300000, 0x0000000095400000|  0%| F|  |TAMS 0x0000000095300000, 0x0000000095300000| Untracked 
| 260|0x0000000095400000, 0x0000000095400000, 0x0000000095500000|  0%| F|  |TAMS 0x0000000095400000, 0x0000000095400000| Untracked 
| 261|0x0000000095500000, 0x0000000095500000, 0x0000000095600000|  0%| F|  |TAMS 0x0000000095500000, 0x0000000095500000| Untracked 
| 262|0x0000000095600000, 0x0000000095600000, 0x0000000095700000|  0%| F|  |TAMS 0x0000000095600000, 0x0000000095600000| Untracked 
| 263|0x0000000095700000, 0x0000000095700000, 0x0000000095800000|  0%| F|  |TAMS 0x0000000095700000, 0x0000000095700000| Untracked 
| 264|0x0000000095800000, 0x0000000095800000, 0x0000000095900000|  0%| F|  |TAMS 0x0000000095800000, 0x0000000095800000| Untracked 
| 265|0x0000000095900000, 0x0000000095900000, 0x0000000095a00000|  0%| F|  |TAMS 0x0000000095900000, 0x0000000095900000| Untracked 
| 266|0x0000000095a00000, 0x0000000095a00000, 0x0000000095b00000|  0%| F|  |TAMS 0x0000000095a00000, 0x0000000095a00000| Untracked 
| 267|0x0000000095b00000, 0x0000000095b00000, 0x0000000095c00000|  0%| F|  |TAMS 0x0000000095b00000, 0x0000000095b00000| Untracked 
| 268|0x0000000095c00000, 0x0000000095c00000, 0x0000000095d00000|  0%| F|  |TAMS 0x0000000095c00000, 0x0000000095c00000| Untracked 
| 269|0x0000000095d00000, 0x0000000095d00000, 0x0000000095e00000|  0%| F|  |TAMS 0x0000000095d00000, 0x0000000095d00000| Untracked 
| 270|0x0000000095e00000, 0x0000000095e00000, 0x0000000095f00000|  0%| F|  |TAMS 0x0000000095e00000, 0x0000000095e00000| Untracked 
| 271|0x0000000095f00000, 0x0000000095f00000, 0x0000000096000000|  0%| F|  |TAMS 0x0000000095f00000, 0x0000000095f00000| Untracked 
| 272|0x0000000096000000, 0x0000000096000000, 0x0000000096100000|  0%| F|  |TAMS 0x0000000096000000, 0x0000000096000000| Untracked 
| 273|0x0000000096100000, 0x0000000096100000, 0x0000000096200000|  0%| F|  |TAMS 0x0000000096100000, 0x0000000096100000| Untracked 
| 274|0x0000000096200000, 0x0000000096200000, 0x0000000096300000|  0%| F|  |TAMS 0x0000000096200000, 0x0000000096200000| Untracked 
| 275|0x0000000096300000, 0x0000000096300000, 0x0000000096400000|  0%| F|  |TAMS 0x0000000096300000, 0x0000000096300000| Untracked 
| 276|0x0000000096400000, 0x0000000096400000, 0x0000000096500000|  0%| F|  |TAMS 0x0000000096400000, 0x0000000096400000| Untracked 
| 277|0x0000000096500000, 0x0000000096500000, 0x0000000096600000|  0%| F|  |TAMS 0x0000000096500000, 0x0000000096500000| Untracked 
| 278|0x0000000096600000, 0x0000000096600000, 0x0000000096700000|  0%| F|  |TAMS 0x0000000096600000, 0x0000000096600000| Untracked 
| 279|0x0000000096700000, 0x0000000096700000, 0x0000000096800000|  0%| F|  |TAMS 0x0000000096700000, 0x0000000096700000| Untracked 
| 280|0x0000000096800000, 0x0000000096800000, 0x0000000096900000|  0%| F|  |TAMS 0x0000000096800000, 0x0000000096800000| Untracked 
| 281|0x0000000096900000, 0x0000000096900000, 0x0000000096a00000|  0%| F|  |TAMS 0x0000000096900000, 0x0000000096900000| Untracked 
| 282|0x0000000096a00000, 0x0000000096a00000, 0x0000000096b00000|  0%| F|  |TAMS 0x0000000096a00000, 0x0000000096a00000| Untracked 
| 283|0x0000000096b00000, 0x0000000096b00000, 0x0000000096c00000|  0%| F|  |TAMS 0x0000000096b00000, 0x0000000096b00000| Untracked 
| 284|0x0000000096c00000, 0x0000000096c00000, 0x0000000096d00000|  0%| F|  |TAMS 0x0000000096c00000, 0x0000000096c00000| Untracked 
| 285|0x0000000096d00000, 0x0000000096d00000, 0x0000000096e00000|  0%| F|  |TAMS 0x0000000096d00000, 0x0000000096d00000| Untracked 
| 286|0x0000000096e00000, 0x0000000096e00000, 0x0000000096f00000|  0%| F|  |TAMS 0x0000000096e00000, 0x0000000096e00000| Untracked 
| 287|0x0000000096f00000, 0x0000000096f00000, 0x0000000097000000|  0%| F|  |TAMS 0x0000000096f00000, 0x0000000096f00000| Untracked 
| 288|0x0000000097000000, 0x0000000097000000, 0x0000000097100000|  0%| F|  |TAMS 0x0000000097000000, 0x0000000097000000| Untracked 
| 289|0x0000000097100000, 0x0000000097100000, 0x0000000097200000|  0%| F|  |TAMS 0x0000000097100000, 0x0000000097100000| Untracked 
| 290|0x0000000097200000, 0x0000000097200000, 0x0000000097300000|  0%| F|  |TAMS 0x0000000097200000, 0x0000000097200000| Untracked 
| 291|0x0000000097300000, 0x00000000973c0730, 0x0000000097400000| 75%| S|CS|TAMS 0x0000000097300000, 0x0000000097300000| Complete 
| 292|0x0000000097400000, 0x0000000097500000, 0x0000000097500000|100%| S|CS|TAMS 0x0000000097400000, 0x0000000097400000| Complete 
| 293|0x0000000097500000, 0x0000000097600000, 0x0000000097600000|100%| S|CS|TAMS 0x0000000097500000, 0x0000000097500000| Complete 
| 294|0x0000000097600000, 0x0000000097700000, 0x0000000097700000|100%| S|CS|TAMS 0x0000000097600000, 0x0000000097600000| Complete 
| 295|0x0000000097700000, 0x0000000097800000, 0x0000000097800000|100%| S|CS|TAMS 0x0000000097700000, 0x0000000097700000| Complete 
| 296|0x0000000097800000, 0x0000000097800000, 0x0000000097900000|  0%| F|  |TAMS 0x0000000097800000, 0x0000000097800000| Untracked 
| 297|0x0000000097900000, 0x0000000097900000, 0x0000000097a00000|  0%| F|  |TAMS 0x0000000097900000, 0x0000000097900000| Untracked 
| 298|0x0000000097a00000, 0x0000000097a00000, 0x0000000097b00000|  0%| F|  |TAMS 0x0000000097a00000, 0x0000000097a00000| Untracked 
| 299|0x0000000097b00000, 0x0000000097b00000, 0x0000000097c00000|  0%| F|  |TAMS 0x0000000097b00000, 0x0000000097b00000| Untracked 
| 300|0x0000000097c00000, 0x0000000097c00000, 0x0000000097d00000|  0%| F|  |TAMS 0x0000000097c00000, 0x0000000097c00000| Untracked 
| 301|0x0000000097d00000, 0x0000000097d00000, 0x0000000097e00000|  0%| F|  |TAMS 0x0000000097d00000, 0x0000000097d00000| Untracked 
| 302|0x0000000097e00000, 0x0000000097e00000, 0x0000000097f00000|  0%| F|  |TAMS 0x0000000097e00000, 0x0000000097e00000| Untracked 
| 303|0x0000000097f00000, 0x0000000097f00000, 0x0000000098000000|  0%| F|  |TAMS 0x0000000097f00000, 0x0000000097f00000| Untracked 
| 304|0x0000000098000000, 0x0000000098000000, 0x0000000098100000|  0%| F|  |TAMS 0x0000000098000000, 0x0000000098000000| Untracked 
| 305|0x0000000098100000, 0x0000000098100000, 0x0000000098200000|  0%| F|  |TAMS 0x0000000098100000, 0x0000000098100000| Untracked 
| 306|0x0000000098200000, 0x0000000098200000, 0x0000000098300000|  0%| F|  |TAMS 0x0000000098200000, 0x0000000098200000| Untracked 
| 307|0x0000000098300000, 0x0000000098300000, 0x0000000098400000|  0%| F|  |TAMS 0x0000000098300000, 0x0000000098300000| Untracked 
| 308|0x0000000098400000, 0x0000000098400000, 0x0000000098500000|  0%| F|  |TAMS 0x0000000098400000, 0x0000000098400000| Untracked 
| 309|0x0000000098500000, 0x0000000098500000, 0x0000000098600000|  0%| F|  |TAMS 0x0000000098500000, 0x0000000098500000| Untracked 
| 310|0x0000000098600000, 0x0000000098600000, 0x0000000098700000|  0%| F|  |TAMS 0x0000000098600000, 0x0000000098600000| Untracked 
| 311|0x0000000098700000, 0x0000000098700000, 0x0000000098800000|  0%| F|  |TAMS 0x0000000098700000, 0x0000000098700000| Untracked 
| 312|0x0000000098800000, 0x0000000098800000, 0x0000000098900000|  0%| F|  |TAMS 0x0000000098800000, 0x0000000098800000| Untracked 
| 313|0x0000000098900000, 0x0000000098900000, 0x0000000098a00000|  0%| F|  |TAMS 0x0000000098900000, 0x0000000098900000| Untracked 
| 314|0x0000000098a00000, 0x0000000098b00000, 0x0000000098b00000|100%| E|  |TAMS 0x0000000098a00000, 0x0000000098a00000| Complete 
| 315|0x0000000098b00000, 0x0000000098c00000, 0x0000000098c00000|100%| E|CS|TAMS 0x0000000098b00000, 0x0000000098b00000| Complete 
| 316|0x0000000098c00000, 0x0000000098d00000, 0x0000000098d00000|100%| E|CS|TAMS 0x0000000098c00000, 0x0000000098c00000| Complete 
| 317|0x0000000098d00000, 0x0000000098e00000, 0x0000000098e00000|100%| E|CS|TAMS 0x0000000098d00000, 0x0000000098d00000| Complete 
| 318|0x0000000098e00000, 0x0000000098f00000, 0x0000000098f00000|100%| E|CS|TAMS 0x0000000098e00000, 0x0000000098e00000| Complete 
| 319|0x0000000098f00000, 0x0000000099000000, 0x0000000099000000|100%| E|CS|TAMS 0x0000000098f00000, 0x0000000098f00000| Complete 
| 320|0x0000000099000000, 0x0000000099100000, 0x0000000099100000|100%| E|CS|TAMS 0x0000000099000000, 0x0000000099000000| Complete 
| 321|0x0000000099100000, 0x0000000099200000, 0x0000000099200000|100%| E|CS|TAMS 0x0000000099100000, 0x0000000099100000| Complete 
| 322|0x0000000099200000, 0x0000000099300000, 0x0000000099300000|100%| E|CS|TAMS 0x0000000099200000, 0x0000000099200000| Complete 
| 323|0x0000000099300000, 0x0000000099400000, 0x0000000099400000|100%| E|CS|TAMS 0x0000000099300000, 0x0000000099300000| Complete 
| 324|0x0000000099400000, 0x0000000099500000, 0x0000000099500000|100%| E|CS|TAMS 0x0000000099400000, 0x0000000099400000| Complete 
| 325|0x0000000099500000, 0x0000000099600000, 0x0000000099600000|100%| E|CS|TAMS 0x0000000099500000, 0x0000000099500000| Complete 
| 326|0x0000000099600000, 0x0000000099700000, 0x0000000099700000|100%| E|CS|TAMS 0x0000000099600000, 0x0000000099600000| Complete 
| 327|0x0000000099700000, 0x0000000099800000, 0x0000000099800000|100%| E|CS|TAMS 0x0000000099700000, 0x0000000099700000| Complete 
| 328|0x0000000099800000, 0x0000000099900000, 0x0000000099900000|100%| E|CS|TAMS 0x0000000099800000, 0x0000000099800000| Complete 
| 329|0x0000000099900000, 0x0000000099a00000, 0x0000000099a00000|100%| E|CS|TAMS 0x0000000099900000, 0x0000000099900000| Complete 
| 330|0x0000000099a00000, 0x0000000099b00000, 0x0000000099b00000|100%| E|CS|TAMS 0x0000000099a00000, 0x0000000099a00000| Complete 
| 331|0x0000000099b00000, 0x0000000099c00000, 0x0000000099c00000|100%| E|CS|TAMS 0x0000000099b00000, 0x0000000099b00000| Complete 
| 332|0x0000000099c00000, 0x0000000099d00000, 0x0000000099d00000|100%| E|CS|TAMS 0x0000000099c00000, 0x0000000099c00000| Complete 
| 333|0x0000000099d00000, 0x0000000099e00000, 0x0000000099e00000|100%| E|CS|TAMS 0x0000000099d00000, 0x0000000099d00000| Complete 
| 334|0x0000000099e00000, 0x0000000099f00000, 0x0000000099f00000|100%| E|CS|TAMS 0x0000000099e00000, 0x0000000099e00000| Complete 
| 335|0x0000000099f00000, 0x000000009a000000, 0x000000009a000000|100%| E|CS|TAMS 0x0000000099f00000, 0x0000000099f00000| Complete 
| 336|0x000000009a000000, 0x000000009a100000, 0x000000009a100000|100%| E|CS|TAMS 0x000000009a000000, 0x000000009a000000| Complete 
| 337|0x000000009a100000, 0x000000009a200000, 0x000000009a200000|100%| E|CS|TAMS 0x000000009a100000, 0x000000009a100000| Complete 
| 338|0x000000009a200000, 0x000000009a300000, 0x000000009a300000|100%| E|CS|TAMS 0x000000009a200000, 0x000000009a200000| Complete 
| 339|0x000000009a300000, 0x000000009a400000, 0x000000009a400000|100%| E|CS|TAMS 0x000000009a300000, 0x000000009a300000| Complete 
| 340|0x000000009a400000, 0x000000009a500000, 0x000000009a500000|100%| E|CS|TAMS 0x000000009a400000, 0x000000009a400000| Complete 
| 341|0x000000009a500000, 0x000000009a600000, 0x000000009a600000|100%| E|CS|TAMS 0x000000009a500000, 0x000000009a500000| Complete 
| 342|0x000000009a600000, 0x000000009a700000, 0x000000009a700000|100%| E|CS|TAMS 0x000000009a600000, 0x000000009a600000| Complete 
| 343|0x000000009a700000, 0x000000009a800000, 0x000000009a800000|100%| E|CS|TAMS 0x000000009a700000, 0x000000009a700000| Complete 
| 344|0x000000009a800000, 0x000000009a900000, 0x000000009a900000|100%| E|CS|TAMS 0x000000009a800000, 0x000000009a800000| Complete 
| 345|0x000000009a900000, 0x000000009aa00000, 0x000000009aa00000|100%| E|CS|TAMS 0x000000009a900000, 0x000000009a900000| Complete 

Card table byte_map: [0x000001dc1a600000,0x000001dc1a9e0000] _byte_map_base: 0x000001dc1a1d8000

Marking Bits (Prev, Next): (CMBitMap*) 0x000001dc07a85870, (CMBitMap*) 0x000001dc07a85830
 Prev Bits: [0x000001dc1cc80000, 0x000001dc1eb40000)
 Next Bits: [0x000001dc1adc0000, 0x000001dc1cc80000)

Polling page: 0x000001dc071f0000

Metaspace:

Usage:
  Non-class:     64.64 MB used.
      Class:      7.94 MB used.
       Both:     72.58 MB used.

Virtual space:
  Non-class space:       72.00 MB reserved,      64.81 MB ( 90%) committed,  9 nodes.
      Class space:        1.00 GB reserved,       8.12 MB ( <1%) committed,  1 nodes.
             Both:        1.07 GB reserved,      72.94 MB (  7%) committed. 

Chunk freelists:
   Non-Class:  2.94 MB
       Class:  3.86 MB
        Both:  6.80 MB

MaxMetaspaceSize: unlimited
CompressedClassSpaceSize: 1.00 GB
Initial GC threshold: 21.00 MB
Current GC threshold: 94.69 MB
CDS: off
MetaspaceReclaimPolicy: balanced
 - commit_granule_bytes: 65536.
 - commit_granule_words: 8192.
 - virtual_space_node_default_size: 1048576.
 - enlarge_chunks_in_place: 1.
 - new_chunks_are_fully_committed: 0.
 - uncommit_free_chunks: 1.
 - use_allocation_guard: 0.
 - handle_deallocations: 1.


Internal statistics:

num_allocs_failed_limit: 3.
num_arena_births: 450.
num_arena_deaths: 0.
num_vsnodes_births: 10.
num_vsnodes_deaths: 0.
num_space_committed: 1165.
num_space_uncommitted: 0.
num_chunks_returned_to_freelist: 3.
num_chunks_taken_from_freelist: 3043.
num_chunk_merges: 0.
num_chunk_splits: 2239.
num_chunks_enlarged: 1823.
num_purges: 0.
num_inconsistent_stats: 0.

CodeHeap 'non-profiled nmethods': size=120000Kb used=17697Kb max_used=17697Kb free=102302Kb
 bounds [0x000001dc129c0000, 0x000001dc13b10000, 0x000001dc19ef0000]
CodeHeap 'profiled nmethods': size=120000Kb used=35448Kb max_used=37613Kb free=84551Kb
 bounds [0x000001dc0aef0000, 0x000001dc0d3b0000, 0x000001dc12420000]
CodeHeap 'non-nmethods': size=5760Kb used=1334Kb max_used=1444Kb free=4425Kb
 bounds [0x000001dc12420000, 0x000001dc12690000, 0x000001dc129c0000]
 total_blobs=14786 nmethods=14147 adapters=548
 compilation: enabled
              stopped_count=0, restarted_count=0
 full_count=0

Compilation events (20 events):
Event: 44.345 Thread 0x000001dc2205f590 nmethod 19485 0x000001dc13b05e90 code [0x000001dc13b06020, 0x000001dc13b06168]
Event: 44.346 Thread 0x000001dc2205f590 19488       4       org.jetbrains.kotlin.types.TypeUtils::getPrimitiveNumberType (148 bytes)
Event: 44.358 Thread 0x000001dc22063050 19490       1       org.jetbrains.kotlin.resolve.calls.results.ManyCandidates::getResultingCalls (5 bytes)
Event: 44.359 Thread 0x000001dc22063050 nmethod 19490 0x000001dc13b06290 code [0x000001dc13b06420, 0x000001dc13b064f8]
Event: 44.378 Thread 0x000001dc2205f590 nmethod 19488 0x000001dc13b06590 code [0x000001dc13b06820, 0x000001dc13b07840]
Event: 44.378 Thread 0x000001dc2205f590 19489       4       org.jetbrains.kotlin.resolve.DescriptorUtils::getAllOverriddenDescriptors (38 bytes)
Event: 44.381 Thread 0x000001dc22063050 19492       3       org.jetbrains.kotlin.resolve.calls.components.ClassicTypeSystemContextForCS::isOldCapturedType (6 bytes)
Event: 44.381 Thread 0x000001dc22063050 nmethod 19492 0x000001dc0bb23810 code [0x000001dc0bb23a20, 0x000001dc0bb240f8]
Event: 44.381 Thread 0x000001dc22063050 19494       3       org.jetbrains.kotlin.resolve.calls.inference.components.ConstraintInjector$TypeCheckerStateForConstraintInjector::captureStatus (18 bytes)
Event: 44.382 Thread 0x000001dc22063050 nmethod 19494 0x000001dc0d24a190 code [0x000001dc0d24a440, 0x000001dc0d24afc8]
Event: 44.382 Thread 0x000001dc22063050 19493       3       org.jetbrains.kotlin.types.checker.ClassicTypeSystemContext$DefaultImpls::isOldCapturedType (11 bytes)
Event: 44.383 Thread 0x000001dc22063050 nmethod 19493 0x000001dc0c9a8c90 code [0x000001dc0c9a8ea0, 0x000001dc0c9a94f8]
Event: 44.403 Thread 0x000001dc22063050 19495       3       org.jetbrains.kotlin.resolve.calls.tower.KotlinToResolvedCallTransformer::onlyTransform (21 bytes)
Event: 44.404 Thread 0x000001dc22063050 nmethod 19495 0x000001dc0b699b90 code [0x000001dc0b699e20, 0x000001dc0b69a8a8]
Event: 44.404 Thread 0x000001dc22063050 19496       3       org.jetbrains.kotlin.resolve.calls.tasks.TracingStrategyImpl$$Lambda$417/0x0000000100811de0::invoke (8 bytes)
Event: 44.404 Thread 0x000001dc22063050 nmethod 19496 0x000001dc0cc2c910 code [0x000001dc0cc2cac0, 0x000001dc0cc2cd08]
Event: 44.404 Thread 0x000001dc22063050 19497       3       org.jetbrains.kotlin.resolve.calls.tasks.TracingStrategyImpl::variableIfFunctionExpectedError (127 bytes)
Event: 44.405 Thread 0x000001dc22063050 nmethod 19497 0x000001dc0d140b90 code [0x000001dc0d140e40, 0x000001dc0d141dd8]
Event: 44.423 Thread 0x000001dc22063050 19501       3       org.jetbrains.kotlin.types.model.MarkerExtensionsKt::dependsOnTypeConstructor (44 bytes)
Event: 44.424 Thread 0x000001dc22063050 nmethod 19501 0x000001dc0c659410 code [0x000001dc0c659740, 0x000001dc0c65a8c8]

GC Heap History (20 events):
Event: 42.404 GC heap before
{Heap before GC invocations=81 (full 0):
 garbage-first heap   total 294912K, used 263847K [0x0000000085000000, 0x0000000100000000)
  region size 1024K, 14 young (14336K), 2 survivors (2048K)
 Metaspace       used 74146K, committed 74560K, reserved 1122304K
  class space    used 8126K, committed 8320K, reserved 1048576K
}
Event: 42.408 GC heap after
{Heap after GC invocations=82 (full 0):
 garbage-first heap   total 294912K, used 252495K [0x0000000085000000, 0x0000000100000000)
  region size 1024K, 2 young (2048K), 2 survivors (2048K)
 Metaspace       used 74146K, committed 74560K, reserved 1122304K
  class space    used 8126K, committed 8320K, reserved 1048576K
}
Event: 42.556 GC heap before
{Heap before GC invocations=82 (full 0):
 garbage-first heap   total 294912K, used 264783K [0x0000000085000000, 0x0000000100000000)
  region size 1024K, 14 young (14336K), 2 survivors (2048K)
 Metaspace       used 74148K, committed 74560K, reserved 1122304K
  class space    used 8126K, committed 8320K, reserved 1048576K
}
Event: 42.559 GC heap after
{Heap after GC invocations=83 (full 0):
 garbage-first heap   total 294912K, used 253231K [0x0000000085000000, 0x0000000100000000)
  region size 1024K, 2 young (2048K), 2 survivors (2048K)
 Metaspace       used 74148K, committed 74560K, reserved 1122304K
  class space    used 8126K, committed 8320K, reserved 1048576K
}
Event: 42.698 GC heap before
{Heap before GC invocations=83 (full 0):
 garbage-first heap   total 294912K, used 265519K [0x0000000085000000, 0x0000000100000000)
  region size 1024K, 14 young (14336K), 2 survivors (2048K)
 Metaspace       used 74154K, committed 74560K, reserved 1122304K
  class space    used 8127K, committed 8320K, reserved 1048576K
}
Event: 42.702 GC heap after
{Heap after GC invocations=84 (full 0):
 garbage-first heap   total 294912K, used 254129K [0x0000000085000000, 0x0000000100000000)
  region size 1024K, 2 young (2048K), 2 survivors (2048K)
 Metaspace       used 74154K, committed 74560K, reserved 1122304K
  class space    used 8127K, committed 8320K, reserved 1048576K
}
Event: 42.816 GC heap before
{Heap before GC invocations=84 (full 0):
 garbage-first heap   total 294912K, used 266417K [0x0000000085000000, 0x0000000100000000)
  region size 1024K, 14 young (14336K), 2 survivors (2048K)
 Metaspace       used 74173K, committed 74560K, reserved 1122304K
  class space    used 8127K, committed 8320K, reserved 1048576K
}
Event: 42.820 GC heap after
{Heap after GC invocations=85 (full 0):
 garbage-first heap   total 294912K, used 254953K [0x0000000085000000, 0x0000000100000000)
  region size 1024K, 2 young (2048K), 2 survivors (2048K)
 Metaspace       used 74173K, committed 74560K, reserved 1122304K
  class space    used 8127K, committed 8320K, reserved 1048576K
}
Event: 43.110 GC heap before
{Heap before GC invocations=85 (full 0):
 garbage-first heap   total 294912K, used 267241K [0x0000000085000000, 0x0000000100000000)
  region size 1024K, 14 young (14336K), 2 survivors (2048K)
 Metaspace       used 74177K, committed 74560K, reserved 1122304K
  class space    used 8127K, committed 8320K, reserved 1048576K
}
Event: 43.113 GC heap after
{Heap after GC invocations=86 (full 0):
 garbage-first heap   total 294912K, used 255661K [0x0000000085000000, 0x0000000100000000)
  region size 1024K, 2 young (2048K), 2 survivors (2048K)
 Metaspace       used 74177K, committed 74560K, reserved 1122304K
  class space    used 8127K, committed 8320K, reserved 1048576K
}
Event: 43.282 GC heap before
{Heap before GC invocations=86 (full 0):
 garbage-first heap   total 294912K, used 267949K [0x0000000085000000, 0x0000000100000000)
  region size 1024K, 14 young (14336K), 2 survivors (2048K)
 Metaspace       used 74185K, committed 74560K, reserved 1122304K
  class space    used 8127K, committed 8320K, reserved 1048576K
}
Event: 43.285 GC heap after
{Heap after GC invocations=87 (full 0):
 garbage-first heap   total 294912K, used 256251K [0x0000000085000000, 0x0000000100000000)
  region size 1024K, 2 young (2048K), 2 survivors (2048K)
 Metaspace       used 74185K, committed 74560K, reserved 1122304K
  class space    used 8127K, committed 8320K, reserved 1048576K
}
Event: 43.397 GC heap before
{Heap before GC invocations=87 (full 0):
 garbage-first heap   total 294912K, used 268539K [0x0000000085000000, 0x0000000100000000)
  region size 1024K, 14 young (14336K), 2 survivors (2048K)
 Metaspace       used 74202K, committed 74560K, reserved 1122304K
  class space    used 8127K, committed 8320K, reserved 1048576K
}
Event: 43.400 GC heap after
{Heap after GC invocations=88 (full 0):
 garbage-first heap   total 294912K, used 257243K [0x0000000085000000, 0x0000000100000000)
  region size 1024K, 2 young (2048K), 2 survivors (2048K)
 Metaspace       used 74202K, committed 74560K, reserved 1122304K
  class space    used 8127K, committed 8320K, reserved 1048576K
}
Event: 43.513 GC heap before
{Heap before GC invocations=88 (full 0):
 garbage-first heap   total 294912K, used 269531K [0x0000000085000000, 0x0000000100000000)
  region size 1024K, 14 young (14336K), 2 survivors (2048K)
 Metaspace       used 74266K, committed 74624K, reserved 1122304K
  class space    used 8127K, committed 8320K, reserved 1048576K
}
Event: 43.516 GC heap after
{Heap after GC invocations=89 (full 0):
 garbage-first heap   total 294912K, used 258168K [0x0000000085000000, 0x0000000100000000)
  region size 1024K, 2 young (2048K), 2 survivors (2048K)
 Metaspace       used 74266K, committed 74624K, reserved 1122304K
  class space    used 8127K, committed 8320K, reserved 1048576K
}
Event: 43.627 GC heap before
{Heap before GC invocations=89 (full 0):
 garbage-first heap   total 294912K, used 270456K [0x0000000085000000, 0x0000000100000000)
  region size 1024K, 14 young (14336K), 2 survivors (2048K)
 Metaspace       used 74273K, committed 74688K, reserved 1122304K
  class space    used 8127K, committed 8320K, reserved 1048576K
}
Event: 43.630 GC heap after
{Heap after GC invocations=90 (full 0):
 garbage-first heap   total 354304K, used 259016K [0x0000000085000000, 0x0000000100000000)
  region size 1024K, 2 young (2048K), 2 survivors (2048K)
 Metaspace       used 74273K, committed 74688K, reserved 1122304K
  class space    used 8127K, committed 8320K, reserved 1048576K
}
Event: 44.175 GC heap before
{Heap before GC invocations=90 (full 0):
 garbage-first heap   total 354304K, used 310216K [0x0000000085000000, 0x0000000100000000)
  region size 1024K, 52 young (53248K), 2 survivors (2048K)
 Metaspace       used 74313K, committed 74688K, reserved 1122304K
  class space    used 8127K, committed 8320K, reserved 1048576K
}
Event: 44.180 GC heap after
{Heap after GC invocations=91 (full 0):
 garbage-first heap   total 354304K, used 262055K [0x0000000085000000, 0x0000000100000000)
  region size 1024K, 5 young (5120K), 5 survivors (5120K)
 Metaspace       used 74313K, committed 74688K, reserved 1122304K
  class space    used 8127K, committed 8320K, reserved 1048576K
}

Dll operation events (2 events):
Event: 0.013 Loaded shared library C:\Program Files (x86)\android-studio-2022.3.1.17-windows\android-studio\jbr\bin\java.dll
Event: 0.981 Loaded shared library C:\Program Files (x86)\android-studio-2022.3.1.17-windows\android-studio\jbr\bin\verify.dll

Deoptimization events (20 events):
Event: 43.625 Thread 0x000001dc07a28f50 Uncommon trap: trap_request=0xffffff45 fr.pc=0x000001dc1314c9c8 relative=0x0000000000000b28
Event: 43.625 Thread 0x000001dc07a28f50 Uncommon trap: reason=unstable_if action=reinterpret pc=0x000001dc1314c9c8 method=org.jetbrains.kotlin.resolve.calls.checkers.DeprecatedCallChecker.shouldCheckPropertyGetter$frontend(Lorg/jetbrains/kotlin/com/intellij/psi/PsiElement;)Z @ 158 c2
Event: 43.625 Thread 0x000001dc07a28f50 DEOPT PACKING pc=0x000001dc1314c9c8 sp=0x000000ab181f7cf0
Event: 43.625 Thread 0x000001dc07a28f50 DEOPT UNPACKING pc=0x000001dc1247a1a3 sp=0x000000ab181f7c38 mode 2
Event: 43.625 Thread 0x000001dc07a28f50 Uncommon trap: trap_request=0xffffff45 fr.pc=0x000001dc1328e1e0 relative=0x00000000000006c0
Event: 43.625 Thread 0x000001dc07a28f50 Uncommon trap: reason=unstable_if action=reinterpret pc=0x000001dc1328e1e0 method=org.jetbrains.kotlin.resolve.calls.checkers.DeprecatedCallChecker.shouldCheckPropertyGetter$frontend(Lorg/jetbrains/kotlin/com/intellij/psi/PsiElement;)Z @ 158 c2
Event: 43.625 Thread 0x000001dc07a28f50 DEOPT PACKING pc=0x000001dc1328e1e0 sp=0x000000ab181f7d10
Event: 43.625 Thread 0x000001dc07a28f50 DEOPT UNPACKING pc=0x000001dc1247a1a3 sp=0x000000ab181f7c68 mode 2
Event: 43.689 Thread 0x000001dc07a28f50 Uncommon trap: trap_request=0xffffff45 fr.pc=0x000001dc13a96854 relative=0x0000000000003274
Event: 43.689 Thread 0x000001dc07a28f50 Uncommon trap: reason=unstable_if action=reinterpret pc=0x000001dc13a96854 method=org.jetbrains.kotlin.types.expressions.BasicExpressionTypingVisitor.checkNull(Lorg/jetbrains/kotlin/psi/KtSimpleNameExpression;Lorg/jetbrains/kotlin/types/expressions/Expres
Event: 43.689 Thread 0x000001dc07a28f50 DEOPT PACKING pc=0x000001dc13a96854 sp=0x000000ab181fb4b0
Event: 43.689 Thread 0x000001dc07a28f50 DEOPT UNPACKING pc=0x000001dc1247a1a3 sp=0x000000ab181fb360 mode 2
Event: 44.078 Thread 0x000001dc07a28f50 Uncommon trap: trap_request=0xffffffc6 fr.pc=0x000001dc133cb8d0 relative=0x0000000000001110
Event: 44.078 Thread 0x000001dc07a28f50 Uncommon trap: reason=bimorphic_or_optimized_type_check action=maybe_recompile pc=0x000001dc133cb8d0 method=org.jetbrains.kotlin.types.typeUtil.TypeUtilsKt.isArrayOfNothing(Lorg/jetbrains/kotlin/types/KotlinType;)Z @ 14 c2
Event: 44.078 Thread 0x000001dc07a28f50 DEOPT PACKING pc=0x000001dc133cb8d0 sp=0x000000ab181f7850
Event: 44.078 Thread 0x000001dc07a28f50 DEOPT UNPACKING pc=0x000001dc1247a1a3 sp=0x000000ab181f7778 mode 2
Event: 44.084 Thread 0x000001dc07a28f50 Uncommon trap: trap_request=0xffffffc6 fr.pc=0x000001dc133cb8d0 relative=0x0000000000001110
Event: 44.084 Thread 0x000001dc07a28f50 Uncommon trap: reason=bimorphic_or_optimized_type_check action=maybe_recompile pc=0x000001dc133cb8d0 method=org.jetbrains.kotlin.types.typeUtil.TypeUtilsKt.isArrayOfNothing(Lorg/jetbrains/kotlin/types/KotlinType;)Z @ 14 c2
Event: 44.084 Thread 0x000001dc07a28f50 DEOPT PACKING pc=0x000001dc133cb8d0 sp=0x000000ab181f7850
Event: 44.084 Thread 0x000001dc07a28f50 DEOPT UNPACKING pc=0x000001dc1247a1a3 sp=0x000000ab181f7778 mode 2

Classes unloaded (0 events):
No events

Classes redefined (0 events):
No events

Internal exceptions (20 events):
Event: 17.668 Thread 0x000001dc07a28f50 Implicit null exception at 0x000001dc1324ad51 to 0x000001dc1324aef9
Event: 17.894 Thread 0x000001dc07a28f50 Exception <a 'java/lang/NoSuchMethodError'{0x0000000093101560}: 'void java.lang.invoke.DirectMethodHandle$Holder.invokeSpecial(java.lang.Object, java.lang.Object, int, java.lang.Object)'> (0x0000000093101560) 
thrown [s\src\hotspot\share\interpreter\linkResolver.cpp, line 771]
Event: 17.936 Thread 0x000001dc07a28f50 Exception <a 'java/lang/NoSuchMethodError'{0x000000009309de38}: 'int java.lang.invoke.DirectMethodHandle$Holder.invokeVirtual(java.lang.Object, java.lang.Object, java.lang.Object)'> (0x000000009309de38) 
thrown [s\src\hotspot\share\interpreter\linkResolver.cpp, line 771]
Event: 18.909 Thread 0x000001dc07a28f50 Implicit null exception at 0x000001dc12ed8e49 to 0x000001dc12ede90c
Event: 19.324 Thread 0x000001dc07a28f50 Implicit null exception at 0x000001dc12d8d1f7 to 0x000001dc12d8d638
Event: 19.374 Thread 0x000001dc07a28f50 Implicit null exception at 0x000001dc13132b2c to 0x000001dc13132be8
Event: 20.825 Thread 0x000001dc07a28f50 Implicit null exception at 0x000001dc131d53b3 to 0x000001dc131d5cfa
Event: 29.366 Thread 0x000001dc07a28f50 Implicit null exception at 0x000001dc134f72c9 to 0x000001dc134f7488
Event: 31.573 Thread 0x000001dc07a28f50 Implicit null exception at 0x000001dc130eb8b3 to 0x000001dc130eba4a
Event: 31.641 Thread 0x000001dc07a28f50 Implicit null exception at 0x000001dc13437ef7 to 0x000001dc1343eef0
Event: 31.642 Thread 0x000001dc07a28f50 Implicit null exception at 0x000001dc1306bcdb to 0x000001dc1306bd8f
Event: 31.642 Thread 0x000001dc07a28f50 Implicit null exception at 0x000001dc135fbaa7 to 0x000001dc135fd0bc
Event: 31.642 Thread 0x000001dc07a28f50 Implicit null exception at 0x000001dc12d6ebc7 to 0x000001dc12d6efb8
Event: 31.642 Thread 0x000001dc07a28f50 Implicit null exception at 0x000001dc13527073 to 0x000001dc13528e88
Event: 31.642 Thread 0x000001dc07a28f50 Implicit null exception at 0x000001dc1347655b to 0x000001dc134765f3
Event: 31.642 Thread 0x000001dc07a28f50 Implicit null exception at 0x000001dc133a34d7 to 0x000001dc133a3ebc
Event: 31.642 Thread 0x000001dc07a28f50 Implicit null exception at 0x000001dc133930e3 to 0x000001dc13395864
Event: 31.673 Thread 0x000001dc07a28f50 Implicit null exception at 0x000001dc135f34c3 to 0x000001dc135f6120
Event: 31.777 Thread 0x000001dc07a28f50 Implicit null exception at 0x000001dc12e47e2f to 0x000001dc12e47eb4
Event: 32.688 Thread 0x000001dc07a28f50 Implicit null exception at 0x000001dc1352f235 to 0x000001dc1353046c

VM Operations (20 events):
Event: 42.698 Executing VM operation: G1CollectForAllocation
Event: 42.702 Executing VM operation: G1CollectForAllocation done
Event: 42.816 Executing VM operation: G1CollectForAllocation
Event: 42.820 Executing VM operation: G1CollectForAllocation done
Event: 42.836 Executing VM operation: HandshakeAllThreads
Event: 42.836 Executing VM operation: HandshakeAllThreads done
Event: 42.913 Executing VM operation: HandshakeAllThreads
Event: 42.913 Executing VM operation: HandshakeAllThreads done
Event: 43.109 Executing VM operation: G1CollectForAllocation
Event: 43.114 Executing VM operation: G1CollectForAllocation done
Event: 43.282 Executing VM operation: G1CollectForAllocation
Event: 43.285 Executing VM operation: G1CollectForAllocation done
Event: 43.397 Executing VM operation: G1CollectForAllocation
Event: 43.400 Executing VM operation: G1CollectForAllocation done
Event: 43.513 Executing VM operation: G1CollectForAllocation
Event: 43.516 Executing VM operation: G1CollectForAllocation done
Event: 43.627 Executing VM operation: G1CollectForAllocation
Event: 43.630 Executing VM operation: G1CollectForAllocation done
Event: 44.175 Executing VM operation: G1CollectForAllocation
Event: 44.180 Executing VM operation: G1CollectForAllocation done

Events (20 events):
Event: 42.960 Thread 0x000001dc2206ba50 flushing nmethod 0x000001dc0d0d1f10
Event: 42.960 Thread 0x000001dc2206ba50 flushing nmethod 0x000001dc0d0e1390
Event: 42.960 Thread 0x000001dc2206ba50 flushing nmethod 0x000001dc0d0fc810
Event: 42.960 Thread 0x000001dc2206ba50 flushing nmethod 0x000001dc0d121d10
Event: 42.960 Thread 0x000001dc2206ba50 flushing nmethod 0x000001dc0d13b310
Event: 42.960 Thread 0x000001dc2206ba50 flushing nmethod 0x000001dc0d140b90
Event: 42.960 Thread 0x000001dc2206ba50 flushing nmethod 0x000001dc0d174510
Event: 42.961 Thread 0x000001dc2206ba50 flushing nmethod 0x000001dc0d1e4e10
Event: 42.961 Thread 0x000001dc2206ba50 flushing nmethod 0x000001dc0d201d90
Event: 42.961 Thread 0x000001dc2206ba50 flushing nmethod 0x000001dc0d24a190
Event: 42.961 Thread 0x000001dc2206ba50 flushing nmethod 0x000001dc0d251990
Event: 42.961 Thread 0x000001dc2206ba50 flushing nmethod 0x000001dc0d288190
Event: 42.961 Thread 0x000001dc2206ba50 flushing nmethod 0x000001dc0d297210
Event: 42.962 Thread 0x000001dc2206ba50 flushing nmethod 0x000001dc0d339d10
Event: 42.962 Thread 0x000001dc2206ba50 flushing nmethod 0x000001dc0d33a410
Event: 42.962 Thread 0x000001dc2206ba50 flushing nmethod 0x000001dc0d33f990
Event: 42.962 Thread 0x000001dc2206ba50 flushing nmethod 0x000001dc0d362510
Event: 43.312 Thread 0x000001dc22794b20 Thread exited: 0x000001dc22794b20
Event: 43.312 Thread 0x000001dc22285630 Thread exited: 0x000001dc22285630
Event: 43.500 Thread 0x000001dc226fa1f0 Thread added: 0x000001dc226fa1f0


Dynamic libraries:
0x00007ff6991c0000 - 0x00007ff6991ca000 	C:\Program Files (x86)\android-studio-2022.3.1.17-windows\android-studio\jbr\bin\java.exe
0x00007ff9a7210000 - 0x00007ff9a7427000 	C:\WINDOWS\SYSTEM32\ntdll.dll
0x00007ff9a57d0000 - 0x00007ff9a5894000 	C:\WINDOWS\System32\KERNEL32.DLL
0x00007ff9a46b0000 - 0x00007ff9a4a56000 	C:\WINDOWS\System32\KERNELBASE.dll
0x00007ff9a4b00000 - 0x00007ff9a4c11000 	C:\WINDOWS\System32\ucrtbase.dll
0x00007ff970e00000 - 0x00007ff970e17000 	C:\Program Files (x86)\android-studio-2022.3.1.17-windows\android-studio\jbr\bin\jli.dll
0x00007ff9a7020000 - 0x00007ff9a71cd000 	C:\WINDOWS\System32\USER32.dll
0x00007ff9a4a60000 - 0x00007ff9a4a86000 	C:\WINDOWS\System32\win32u.dll
0x00007ff99d080000 - 0x00007ff99d09b000 	C:\Program Files (x86)\android-studio-2022.3.1.17-windows\android-studio\jbr\bin\VCRUNTIME140.dll
0x00007ff9a6240000 - 0x00007ff9a6269000 	C:\WINDOWS\System32\GDI32.dll
0x00007ff9a4e50000 - 0x00007ff9a4f68000 	C:\WINDOWS\System32\gdi32full.dll
0x00007ff9a4590000 - 0x00007ff9a462a000 	C:\WINDOWS\System32\msvcp_win.dll
0x00007ff9a37f0000 - 0x00007ff9a3a83000 	C:\WINDOWS\WinSxS\amd64_microsoft.windows.common-controls_6595b64144ccf1df_6.0.22621.2361_none_2712ced57382f843\COMCTL32.dll
0x00007ff9a58a0000 - 0x00007ff9a5947000 	C:\WINDOWS\System32\msvcrt.dll
0x00007ff9a6200000 - 0x00007ff9a6231000 	C:\WINDOWS\System32\IMM32.DLL
0x00007ff99e790000 - 0x00007ff99e79c000 	C:\Program Files (x86)\android-studio-2022.3.1.17-windows\android-studio\jbr\bin\vcruntime140_1.dll
0x00007ff98d1a0000 - 0x00007ff98d22d000 	C:\Program Files (x86)\android-studio-2022.3.1.17-windows\android-studio\jbr\bin\msvcp140.dll
0x00007ff9421a0000 - 0x00007ff942e0e000 	C:\Program Files (x86)\android-studio-2022.3.1.17-windows\android-studio\jbr\bin\server\jvm.dll
0x00007ff9a6be0000 - 0x00007ff9a6c90000 	C:\WINDOWS\System32\ADVAPI32.dll
0x00007ff9a5950000 - 0x00007ff9a59f6000 	C:\WINDOWS\System32\sechost.dll
0x00007ff9a6c90000 - 0x00007ff9a6da7000 	C:\WINDOWS\System32\RPCRT4.dll
0x00007ff981390000 - 0x00007ff981399000 	C:\WINDOWS\SYSTEM32\WSOCK32.dll
0x00007ff9a69c0000 - 0x00007ff9a6a31000 	C:\WINDOWS\System32\WS2_32.dll
0x00007ff9a2840000 - 0x00007ff9a284a000 	C:\WINDOWS\SYSTEM32\VERSION.dll
0x00007ff99b280000 - 0x00007ff99b2b4000 	C:\WINDOWS\SYSTEM32\WINMM.dll
0x00007ff9a26d0000 - 0x00007ff9a26e8000 	C:\WINDOWS\SYSTEM32\kernel.appcore.dll
0x00007ff990920000 - 0x00007ff99092a000 	C:\Program Files (x86)\android-studio-2022.3.1.17-windows\android-studio\jbr\bin\jimage.dll
0x00007ff9a3ec0000 - 0x00007ff9a40ee000 	C:\WINDOWS\SYSTEM32\DBGHELP.DLL
0x00007ff9a63f0000 - 0x00007ff9a677a000 	C:\WINDOWS\System32\combase.dll
0x00007ff9a5a00000 - 0x00007ff9a5ad7000 	C:\WINDOWS\System32\OLEAUT32.dll
0x00007ff9a3d80000 - 0x00007ff9a3db2000 	C:\WINDOWS\SYSTEM32\dbgcore.DLL
0x00007ff9a4630000 - 0x00007ff9a46aa000 	C:\WINDOWS\System32\bcryptPrimitives.dll
0x00007ff98cfc0000 - 0x00007ff98cfe5000 	C:\Program Files (x86)\android-studio-2022.3.1.17-windows\android-studio\jbr\bin\java.dll
0x00007ff990900000 - 0x00007ff990918000 	C:\Program Files (x86)\android-studio-2022.3.1.17-windows\android-studio\jbr\bin\zip.dll
0x00007ff9a4f70000 - 0x00007ff9a57c8000 	C:\WINDOWS\System32\SHELL32.dll
0x00007ff9a15f0000 - 0x00007ff9a1ee2000 	C:\WINDOWS\SYSTEM32\windows.storage.dll
0x00007ff9a14b0000 - 0x00007ff9a15ee000 	C:\WINDOWS\SYSTEM32\wintypes.dll
0x00007ff9a6ae0000 - 0x00007ff9a6bd3000 	C:\WINDOWS\System32\SHCORE.dll
0x00007ff9a6390000 - 0x00007ff9a63ee000 	C:\WINDOWS\System32\shlwapi.dll
0x00007ff9a44c0000 - 0x00007ff9a44e6000 	C:\WINDOWS\SYSTEM32\profapi.dll
0x00007ff98c790000 - 0x00007ff98c7a9000 	C:\Program Files (x86)\android-studio-2022.3.1.17-windows\android-studio\jbr\bin\net.dll
0x00007ff99d820000 - 0x00007ff99d957000 	C:\WINDOWS\SYSTEM32\WINHTTP.dll
0x00007ff9a33f0000 - 0x00007ff9a3459000 	C:\WINDOWS\system32\mswsock.dll
0x00007ff98c770000 - 0x00007ff98c786000 	C:\Program Files (x86)\android-studio-2022.3.1.17-windows\android-studio\jbr\bin\nio.dll
0x00007ff99e820000 - 0x00007ff99e830000 	C:\Program Files (x86)\android-studio-2022.3.1.17-windows\android-studio\jbr\bin\verify.dll

dbghelp: loaded successfully - version: 4.0.5 - missing functions: none
symbol engine: initialized successfully - sym options: 0x614 - pdb path: .;C:\Program Files (x86)\android-studio-2022.3.1.17-windows\android-studio\jbr\bin;C:\WINDOWS\SYSTEM32;C:\WINDOWS\WinSxS\amd64_microsoft.windows.common-controls_6595b64144ccf1df_6.0.22621.2361_none_2712ced57382f843;C:\Program Files (x86)\android-studio-2022.3.1.17-windows\android-studio\jbr\bin\server

VM Arguments:
java_command: org.jetbrains.kotlin.cli.jvm.K2JVMCompiler @C:\workspace\android\app\build\20231023_519563818131866544.compiler.options
java_class_path (initial): C:\Users\user\.gradle\caches\modules-2\files-2.1\org.jetbrains.kotlin\kotlin-compiler-embeddable\1.8.10\b0757fd774344d54ce93f5ad6c30ba1c1731c8ff\kotlin-compiler-embeddable-1.8.10.jar;C:\Users\user\.gradle\caches\modules-2\files-2.1\org.jetbrains.kotlin\kotlin-stdlib\1.8.10\6d5560a229477df9406943d5feda5618e98eb64c\kotlin-stdlib-1.8.10.jar;C:\Users\user\.gradle\caches\modules-2\files-2.1\org.jetbrains.kotlin\kotlin-script-runtime\1.8.10\b13ea9c7e46d589139e56086a878763290e20bd5\kotlin-script-runtime-1.8.10.jar;C:\Users\user\.gradle\caches\modules-2\files-2.1\org.jetbrains.kotlin\kotlin-reflect\1.6.10\1cbe9c92c12a94eea200d23c2bbaedaf3daf5132\kotlin-reflect-1.6.10.jar;C:\Users\user\.gradle\caches\modules-2\files-2.1\org.jetbrains.kotlin\kotlin-daemon-embeddable\1.8.10\ad8541d9bc1cf9e52c3204161247910c2cf601d4\kotlin-daemon-embeddable-1.8.10.jar;C:\Users\user\.gradle\caches\modules-2\files-2.1\org.jetbrains.intellij.deps\trove4j\1.0.20200330\3afb14d5f9ceb459d724e907a21145e8ff394f02\trove4j-1.0.20200330.jar;C:\Users\user\.gradle\caches\modules-2\files-2.1\net.java.dev.jna\jna\5.6.0\330f2244e9030119ab3030fc3fededc86713d9cc\jna-5.6.0.jar;C:\Users\user\.gradle\caches\modules-2\files-2.1\org.jetbrains.kotlin\kotlin-stdlib-common\1.8.10\a61b182458550492c12aee66157d7b524a63a5ec\kotlin-stdlib-common-1.8.10.jar;C:\Users\user\.gradle\caches\modules-2\files-2.1\org.jetbrains\annotations\13.0\919f0dfe192fb4e063e7dacadee7f8bb9a2672a9\annotations-13.0.jar
Launcher Type: SUN_STANDARD

[Global flags]
     intx CICompilerCount                          = 4                                         {product} {ergonomic}
     uint ConcGCThreads                            = 2                                         {product} {ergonomic}
     uint G1ConcRefinementThreads                  = 8                                         {product} {ergonomic}
   size_t G1HeapRegionSize                         = 1048576                                   {product} {ergonomic}
    uintx GCDrainStackTargetSize                   = 64                                        {product} {ergonomic}
   size_t InitialHeapSize                          = 130023424                                 {product} {ergonomic}
   size_t MarkStackSize                            = 4194304                                   {product} {ergonomic}
   size_t MaxHeapSize                              = 2063597568                                {product} {ergonomic}
   size_t MaxNewSize                               = 1237319680                                {product} {ergonomic}
   size_t MinHeapDeltaBytes                        = 1048576                                   {product} {ergonomic}
   size_t MinHeapSize                              = 8388608                                   {product} {ergonomic}
    uintx NonNMethodCodeHeapSize                   = 5839372                                {pd product} {ergonomic}
    uintx NonProfiledCodeHeapSize                  = 122909434                              {pd product} {ergonomic}
    uintx ProfiledCodeHeapSize                     = 122909434                              {pd product} {ergonomic}
    uintx ReservedCodeCacheSize                    = 251658240                              {pd product} {ergonomic}
     bool SegmentedCodeCache                       = true                                      {product} {ergonomic}
   size_t SoftMaxHeapSize                          = 2063597568                             {manageable} {ergonomic}
     bool UseCompressedClassPointers               = true                           {product lp64_product} {ergonomic}
     bool UseCompressedOops                        = true                           {product lp64_product} {ergonomic}
     bool UseG1GC                                  = true                                      {product} {ergonomic}
     bool UseLargePagesIndividualAllocation        = false                                  {pd product} {ergonomic}

Logging:
Log output configuration:
 #0: stdout all=warning uptime,level,tags
 #1: stderr all=off uptime,level,tags

Environment Variables:
PATH=C:\Program Files\Common Files\Oracle\Java\javapath;C:\WINDOWS\system32;C:\WINDOWS;C:\WINDOWS\System32\Wbem;C:\WINDOWS\System32\WindowsPowerShell\v1.0\;C:\WINDOWS\System32\OpenSSH\;C:\Program Files (x86)\Git\cmd;C:\Program Files\Java\jdk-18.0.2.1\bin;C:\Program Files\MATLAB\R2022a\bin;C:\Program Files\Java\openssl-0.9.8e_X64\bin;C:\Program Files\nodejs\;C:\ProgramData\chocolatey\bin;C:\Users\user\AppData\Local\Programs\Python\Python39\Scripts\;C:\Users\user\AppData\Local\Programs\Python\Python39\;C:\Users\user\AppData\Local\Microsoft\WindowsApps;C:\Users\user\AppData\Local\Programs\Microsoft VS Code\bin;C:\Program Files\JetBrains\PyCharm Community Edition 2021.2\bin;;C:\Users\user\flutter\bin;C:\Users\user\AppData\Roaming\npm;C:\Program Files\JetBrains\IntelliJ IDEA 2023.2.2\bin;;C:\Users\user\AppData\Local\afreeca
USERNAME=user
OS=Windows_NT
PROCESSOR_IDENTIFIER=Intel64 Family 6 Model 140 Stepping 1, GenuineIntel
TMP=C:\Users\user\AppData\Local\Temp
TEMP=C:\Users\user\AppData\Local\Temp


JNI global refs:
JNI global refs: 12, weak refs: 8

JNI global refs memory usage: 843, weak refs: 841


---------------  S Y S T E M  ---------------

OS:
 Windows 11 , 64 bit Build 22621 (10.0.22621.2428)
OS uptime: 0 days 1:38 hours

CPU: total 8 (initial active 8) (4 cores per cpu, 2 threads per core) family 6 model 140 stepping 1 microcode 0x9a, cx8, cmov, fxsr, ht, mmx, 3dnowpref, sse, sse2, sse3, ssse3, sse4.1, sse4.2, popcnt, lzcnt, tsc, tscinvbit, avx, avx2, aes, erms, clmul, bmi1, bmi2, adx, avx512f, avx512dq, avx512cd, avx512bw, avx512vl, sha, fma, vzeroupper, avx512_vpopcntdq, avx512_vpclmulqdq, avx512_vaes, avx512_vnni, clflush, clflushopt, clwb, avx512_vbmi2, avx512_vbmi

Memory: 4k page, system-wide physical 7865M (480M free)
TotalPageFile size 12615M (AvailPageFile size 6M)
current process WorkingSet (physical memory assigned to process): 607M, peak: 609M
current process commit charge ("private bytes"): 655M, peak: 657M

vm_info: OpenJDK 64-Bit Server VM (17.0.6+0-b2043.56-10027231) for windows-amd64 JRE (17.0.6+0-b2043.56-10027231), built on Apr 28 2023 00:43:19 by "androidbuild" with MS VC++ 16.10 / 16.11 (VS2019)

END.
