#
# There is insufficient memory for the Java Runtime Environment to continue.
# Native memory allocation (mmap) failed to map 207618048 bytes for G1 virtual space
# Possible reasons:
#   The system is out of physical RAM or swap space
#   The process is running with CompressedOops enabled, and the Java Heap may be blocking the growth of the native heap
# Possible solutions:
#   Reduce memory load on the system
#   Increase physical memory or swap space
#   Check if swap backing store is full
#   Decrease Java heap size (-Xmx/-Xms)
#   Decrease number of Java threads
#   Decrease Java thread stack sizes (-Xss)
#   Set larger code cache with -XX:ReservedCodeCacheSize=
#   JVM is running with Unscaled Compressed Oops mode in which the Java heap is
#     placed in the first 4GB address space. The Java Heap base address is the
#     maximum limit for the native heap growth. Please use -XX:HeapBaseMinAddress
#     to set the Java Heap base and to place the Java Heap above 4GB virtual address.
# This output file may be truncated or incomplete.
#
#  Out of Memory Error (os_windows.cpp:3769), pid=25700, tid=23328
#
# JRE version: OpenJDK Runtime Environment (17.0.6) (build 17.0.6+0-b2043.56-10027231)
# Java VM: OpenJDK 64-Bit Server VM (17.0.6+0-b2043.56-10027231, mixed mode, tiered, compressed oops, compressed class ptrs, g1 gc, windows-amd64)
# No core dump will be written. Minidumps are not enabled by default on client versions of Windows
#

---------------  S U M M A R Y ------------

Command Line: org.jetbrains.kotlin.cli.jvm.K2JVMCompiler @C:\workspace\android\app\build\20231023_2253468530560500178.compiler.options

Host: 11th Gen Intel(R) Core(TM) i5-1135G7 @ 2.40GHz, 8 cores, 7G,  Windows 11 , 64 bit Build 22621 (10.0.22621.2428)
Time: Mon Oct 23 19:41:57 2023  Windows 11 , 64 bit Build 22621 (10.0.22621.2428) elapsed time: 7.606009 seconds (0d 0h 0m 7s)

---------------  T H R E A D  ---------------

Current thread (0x0000020b255a4320):  VMThread "VM Thread" [stack: 0x0000002f5d700000,0x0000002f5d800000] [id=23328]

Stack: [0x0000002f5d700000,0x0000002f5d800000]
Native frames: (J=compiled Java code, j=interpreted, Vv=VM code, C=native code)
V  [jvm.dll+0x683c9a]
V  [jvm.dll+0x8427a4]
V  [jvm.dll+0x843f9e]
V  [jvm.dll+0x844603]
V  [jvm.dll+0x249b75]
V  [jvm.dll+0x680b69]
V  [jvm.dll+0x67505a]
V  [jvm.dll+0x309acb]
V  [jvm.dll+0x310f86]
V  [jvm.dll+0x3608ee]
V  [jvm.dll+0x360b1f]
V  [jvm.dll+0x2dfbf8]
V  [jvm.dll+0x2ddec4]
V  [jvm.dll+0x2dd4cc]
V  [jvm.dll+0x321f3b]
V  [jvm.dll+0x848ccb]
V  [jvm.dll+0x849a04]
V  [jvm.dll+0x849f1d]
V  [jvm.dll+0x84a2f4]
V  [jvm.dll+0x84a3c0]
V  [jvm.dll+0x7f274a]
V  [jvm.dll+0x682ad5]
C  [ucrtbase.dll+0x29363]
C  [KERNEL32.DLL+0x1257d]
C  [ntdll.dll+0x5aa78]

VM_Operation (0x0000002f5dffe0f0): G1CollectForAllocation, mode: safepoint, requested by thread 0x0000020b26064b60


---------------  P R O C E S S  ---------------

Threads class SMR info:
_java_thread_list=0x0000020b27c889b0, length=14, elements={
0x0000020b0ba2d120, 0x0000020b26012010, 0x0000020b260128d0, 0x0000020b260338c0,
0x0000020b26052800, 0x0000020b260550d0, 0x0000020b26055a80, 0x0000020b2605b490,
0x0000020b26064b60, 0x0000020b2606dd20, 0x0000020b261c88d0, 0x0000020b261db3b0,
0x0000020b2633a860, 0x0000020b2900dbc0
}

Java Threads: ( => current thread )
  0x0000020b0ba2d120 JavaThread "main" [_thread_blocked, id=12312, stack(0x0000002f5d100000,0x0000002f5d200000)]
  0x0000020b26012010 JavaThread "Reference Handler" daemon [_thread_blocked, id=25852, stack(0x0000002f5d800000,0x0000002f5d900000)]
  0x0000020b260128d0 JavaThread "Finalizer" daemon [_thread_blocked, id=25016, stack(0x0000002f5d900000,0x0000002f5da00000)]
  0x0000020b260338c0 JavaThread "Signal Dispatcher" daemon [_thread_blocked, id=25428, stack(0x0000002f5da00000,0x0000002f5db00000)]
  0x0000020b26052800 JavaThread "Attach Listener" daemon [_thread_blocked, id=27516, stack(0x0000002f5db00000,0x0000002f5dc00000)]
  0x0000020b260550d0 JavaThread "Service Thread" daemon [_thread_blocked, id=6716, stack(0x0000002f5dc00000,0x0000002f5dd00000)]
  0x0000020b26055a80 JavaThread "Monitor Deflation Thread" daemon [_thread_blocked, id=23688, stack(0x0000002f5dd00000,0x0000002f5de00000)]
  0x0000020b2605b490 JavaThread "C2 CompilerThread0" daemon [_thread_blocked, id=27656, stack(0x0000002f5de00000,0x0000002f5df00000)]
  0x0000020b26064b60 JavaThread "C1 CompilerThread0" daemon [_thread_blocked, id=20788, stack(0x0000002f5df00000,0x0000002f5e000000)]
  0x0000020b2606dd20 JavaThread "Sweeper thread" daemon [_thread_blocked, id=18872, stack(0x0000002f5e000000,0x0000002f5e100000)]
  0x0000020b261c88d0 JavaThread "Notification Thread" daemon [_thread_blocked, id=27520, stack(0x0000002f5e100000,0x0000002f5e200000)]
  0x0000020b261db3b0 JavaThread "Common-Cleaner" daemon [_thread_blocked, id=19228, stack(0x0000002f5e300000,0x0000002f5e400000)]
  0x0000020b2633a860 JavaThread "C2 CompilerThread1" daemon [_thread_blocked, id=11716, stack(0x0000002f5e400000,0x0000002f5e500000)]
  0x0000020b2900dbc0 JavaThread "C2 CompilerThread2" daemon [_thread_blocked, id=25476, stack(0x0000002f5e900000,0x0000002f5ea00000)]

Other Threads:
=>0x0000020b255a4320 VMThread "VM Thread" [stack: 0x0000002f5d700000,0x0000002f5d800000] [id=23328]
  0x0000020b261c8da0 WatcherThread [stack: 0x0000002f5e200000,0x0000002f5e300000] [id=28404]
  0x0000020b0ba84480 GCTaskThread "GC Thread#0" [stack: 0x0000002f5d200000,0x0000002f5d300000] [id=4692]
  0x0000020b26805e20 GCTaskThread "GC Thread#1" [stack: 0x0000002f5e500000,0x0000002f5e600000] [id=24584]
  0x0000020b268806c0 GCTaskThread "GC Thread#2" [stack: 0x0000002f5e600000,0x0000002f5e700000] [id=22296]
  0x0000020b26880f90 GCTaskThread "GC Thread#3" [stack: 0x0000002f5e700000,0x0000002f5e800000] [id=2988]
  0x0000020b26881650 GCTaskThread "GC Thread#4" [stack: 0x0000002f5e800000,0x0000002f5e900000] [id=23412]
  0x0000020b27605f50 GCTaskThread "GC Thread#5" [stack: 0x0000002f5ea00000,0x0000002f5eb00000] [id=6160]
  0x0000020b275cb970 GCTaskThread "GC Thread#6" [stack: 0x0000002f5eb00000,0x0000002f5ec00000] [id=5456]
  0x0000020b27563980 GCTaskThread "GC Thread#7" [stack: 0x0000002f5ec00000,0x0000002f5ed00000] [id=27212]
  0x0000020b0ba949c0 ConcurrentGCThread "G1 Main Marker" [stack: 0x0000002f5d300000,0x0000002f5d400000] [id=23904]
  0x0000020b0ba95b70 ConcurrentGCThread "G1 Conc#0" [stack: 0x0000002f5d400000,0x0000002f5d500000] [id=16344]
  0x0000020b275626b0 ConcurrentGCThread "G1 Conc#1" [stack: 0x0000002f5ed00000,0x0000002f5ee00000] [id=27652]
  0x0000020b253e24b0 ConcurrentGCThread "G1 Refine#0" [stack: 0x0000002f5d500000,0x0000002f5d600000] [id=13060]
  0x0000020b0baecb20 ConcurrentGCThread "G1 Service" [stack: 0x0000002f5d600000,0x0000002f5d700000] [id=21040]

Threads with active compile tasks:
C2 CompilerThread0     7625 6599       4       org.jetbrains.kotlin.com.intellij.lang.impl.PsiBuilderImpl::balanceWhiteSpaces (416 bytes)
C1 CompilerThread0     7625 6642       2       org.jetbrains.kotlin.resolve.TypeResolver::resolveTypeElement (228 bytes)
C2 CompilerThread1     7625 6555 %     4       org.jetbrains.kotlin.com.intellij.lang.impl.PsiBuilderImpl::bind @ 66 (300 bytes)
C2 CompilerThread2     7625 6448       4       org.jetbrains.kotlin.cli.jvm.index.JvmDependenciesIndexImpl::search (379 bytes)

VM state: at safepoint (normal execution)

VM Mutex/Monitor currently owned by a thread:  ([mutex/lock_event])
[0x0000020b0ba29290] Threads_lock - owner thread: 0x0000020b255a4320
[0x0000020b0ba27ca0] Heap_lock - owner thread: 0x0000020b26064b60

Heap address: 0x0000000085000000, size: 1968 MB, Compressed Oops mode: 32-bit

CDS archive(s) not mapped
Compressed class space mapped at: 0x0000000100000000-0x0000000140000000, reserved size: 1073741824
Narrow klass base: 0x0000000000000000, Narrow klass shift: 3, Narrow klass range: 0x140000000

GC Precious Log:
 CPUs: 8 total, 8 available
 Memory: 7865M
 Large Page Support: Disabled
 NUMA Support: Disabled
 Compressed Oops: Enabled (32-bit)
 Heap Region Size: 1M
 Heap Min Capacity: 8M
 Heap Initial Capacity: 124M
 Heap Max Capacity: 1968M
 Pre-touch: Disabled
 Parallel Workers: 8
 Concurrent Workers: 2
 Concurrent Refinement Workers: 8
 Periodic GC: Disabled

Heap:
 garbage-first heap   total 140288K, used 78519K [0x0000000085000000, 0x0000000100000000)
  region size 1024K, 5 young (5120K), 5 survivors (5120K)
 Metaspace       used 58160K, committed 58432K, reserved 1105920K
  class space    used 6837K, committed 6976K, reserved 1048576K

Heap Regions: E=young(eden), S=young(survivor), O=old, HS=humongous(starts), HC=humongous(continues), CS=collection set, F=free, OA=open archive, CA=closed archive, TAMS=top-at-mark-start (previous, next)
|   0|0x0000000085000000, 0x0000000085100000, 0x0000000085100000|100%|HS|  |TAMS 0x0000000085100000, 0x0000000085100000| Complete 
|   1|0x0000000085100000, 0x0000000085200000, 0x0000000085200000|100%|HC|  |TAMS 0x0000000085200000, 0x0000000085200000| Complete 
|   2|0x0000000085200000, 0x0000000085300000, 0x0000000085300000|100%|HC|  |TAMS 0x0000000085300000, 0x0000000085300000| Complete 
|   3|0x0000000085300000, 0x0000000085400000, 0x0000000085400000|100%|HC|  |TAMS 0x0000000085400000, 0x0000000085400000| Complete 
|   4|0x0000000085400000, 0x0000000085500000, 0x0000000085500000|100%| O|  |TAMS 0x0000000085500000, 0x0000000085500000| Untracked 
|   5|0x0000000085500000, 0x0000000085600000, 0x0000000085600000|100%| O|  |TAMS 0x0000000085600000, 0x0000000085600000| Untracked 
|   6|0x0000000085600000, 0x00000000856f4400, 0x0000000085700000| 95%| O|  |TAMS 0x00000000856f4400, 0x00000000856f4400| Untracked 
|   7|0x0000000085700000, 0x0000000085800000, 0x0000000085800000|100%|HS|  |TAMS 0x0000000085800000, 0x0000000085800000| Complete 
|   8|0x0000000085800000, 0x0000000085900000, 0x0000000085900000|100%|HC|  |TAMS 0x0000000085900000, 0x0000000085900000| Complete 
|   9|0x0000000085900000, 0x0000000085a00000, 0x0000000085a00000|100%|HC|  |TAMS 0x0000000085a00000, 0x0000000085a00000| Complete 
|  10|0x0000000085a00000, 0x0000000085b00000, 0x0000000085b00000|100%|HC|  |TAMS 0x0000000085b00000, 0x0000000085b00000| Complete 
|  11|0x0000000085b00000, 0x0000000085c00000, 0x0000000085c00000|100%| O|  |TAMS 0x0000000085c00000, 0x0000000085c00000| Untracked 
|  12|0x0000000085c00000, 0x0000000085d00000, 0x0000000085d00000|100%| O|  |TAMS 0x0000000085d00000, 0x0000000085d00000| Untracked 
|  13|0x0000000085d00000, 0x0000000085e00000, 0x0000000085e00000|100%| O|  |TAMS 0x0000000085e00000, 0x0000000085e00000| Untracked 
|  14|0x0000000085e00000, 0x0000000085f00000, 0x0000000085f00000|100%| O|  |TAMS 0x0000000085f00000, 0x0000000085f00000| Untracked 
|  15|0x0000000085f00000, 0x0000000086000000, 0x0000000086000000|100%| O|  |TAMS 0x0000000086000000, 0x0000000086000000| Untracked 
|  16|0x0000000086000000, 0x0000000086100000, 0x0000000086100000|100%| O|  |TAMS 0x0000000086100000, 0x0000000086100000| Untracked 
|  17|0x0000000086100000, 0x0000000086200000, 0x0000000086200000|100%| O|  |TAMS 0x0000000086200000, 0x0000000086200000| Untracked 
|  18|0x0000000086200000, 0x0000000086300000, 0x0000000086300000|100%| O|  |TAMS 0x0000000086300000, 0x0000000086300000| Untracked 
|  19|0x0000000086300000, 0x0000000086400000, 0x0000000086400000|100%| O|  |TAMS 0x0000000086400000, 0x0000000086400000| Untracked 
|  20|0x0000000086400000, 0x0000000086500000, 0x0000000086500000|100%| O|  |TAMS 0x0000000086500000, 0x0000000086500000| Untracked 
|  21|0x0000000086500000, 0x0000000086600000, 0x0000000086600000|100%| O|  |TAMS 0x0000000086600000, 0x0000000086600000| Untracked 
|  22|0x0000000086600000, 0x0000000086700000, 0x0000000086700000|100%| O|  |TAMS 0x0000000086700000, 0x0000000086700000| Untracked 
|  23|0x0000000086700000, 0x0000000086800000, 0x0000000086800000|100%| O|  |TAMS 0x0000000086800000, 0x0000000086800000| Untracked 
|  24|0x0000000086800000, 0x0000000086900000, 0x0000000086900000|100%| O|  |TAMS 0x0000000086900000, 0x0000000086900000| Untracked 
|  25|0x0000000086900000, 0x0000000086a00000, 0x0000000086a00000|100%| O|  |TAMS 0x0000000086a00000, 0x0000000086a00000| Untracked 
|  26|0x0000000086a00000, 0x0000000086b00000, 0x0000000086b00000|100%| O|  |TAMS 0x0000000086b00000, 0x0000000086b00000| Untracked 
|  27|0x0000000086b00000, 0x0000000086c00000, 0x0000000086c00000|100%| O|  |TAMS 0x0000000086c00000, 0x0000000086c00000| Untracked 
|  28|0x0000000086c00000, 0x0000000086d00000, 0x0000000086d00000|100%| O|  |TAMS 0x0000000086d00000, 0x0000000086d00000| Untracked 
|  29|0x0000000086d00000, 0x0000000086e00000, 0x0000000086e00000|100%| O|  |TAMS 0x0000000086e00000, 0x0000000086e00000| Untracked 
|  30|0x0000000086e00000, 0x0000000086f00000, 0x0000000086f00000|100%| O|  |TAMS 0x0000000086f00000, 0x0000000086f00000| Untracked 
|  31|0x0000000086f00000, 0x0000000087000000, 0x0000000087000000|100%| O|  |TAMS 0x0000000087000000, 0x0000000087000000| Untracked 
|  32|0x0000000087000000, 0x0000000087100000, 0x0000000087100000|100%| O|  |TAMS 0x0000000087000000, 0x0000000087000000| Untracked 
|  33|0x0000000087100000, 0x0000000087200000, 0x0000000087200000|100%| O|  |TAMS 0x0000000087200000, 0x0000000087200000| Untracked 
|  34|0x0000000087200000, 0x0000000087300000, 0x0000000087300000|100%| O|  |TAMS 0x0000000087300000, 0x0000000087300000| Untracked 
|  35|0x0000000087300000, 0x0000000087400000, 0x0000000087400000|100%| O|  |TAMS 0x0000000087400000, 0x0000000087400000| Untracked 
|  36|0x0000000087400000, 0x0000000087500000, 0x0000000087500000|100%| O|  |TAMS 0x0000000087500000, 0x0000000087500000| Untracked 
|  37|0x0000000087500000, 0x0000000087600000, 0x0000000087600000|100%| O|  |TAMS 0x0000000087600000, 0x0000000087600000| Untracked 
|  38|0x0000000087600000, 0x0000000087700000, 0x0000000087700000|100%| O|  |TAMS 0x0000000087700000, 0x0000000087700000| Untracked 
|  39|0x0000000087700000, 0x0000000087800000, 0x0000000087800000|100%| O|  |TAMS 0x0000000087800000, 0x0000000087800000| Untracked 
|  40|0x0000000087800000, 0x0000000087900000, 0x0000000087900000|100%| O|  |TAMS 0x0000000087900000, 0x0000000087900000| Untracked 
|  41|0x0000000087900000, 0x0000000087a00000, 0x0000000087a00000|100%| O|  |TAMS 0x0000000087a00000, 0x0000000087a00000| Untracked 
|  42|0x0000000087a00000, 0x0000000087b00000, 0x0000000087b00000|100%| O|  |TAMS 0x0000000087b00000, 0x0000000087b00000| Untracked 
|  43|0x0000000087b00000, 0x0000000087c00000, 0x0000000087c00000|100%| O|  |TAMS 0x0000000087c00000, 0x0000000087c00000| Untracked 
|  44|0x0000000087c00000, 0x0000000087d00000, 0x0000000087d00000|100%| O|  |TAMS 0x0000000087d00000, 0x0000000087d00000| Untracked 
|  45|0x0000000087d00000, 0x0000000087e00000, 0x0000000087e00000|100%| O|  |TAMS 0x0000000087e00000, 0x0000000087e00000| Untracked 
|  46|0x0000000087e00000, 0x0000000087f00000, 0x0000000087f00000|100%| O|  |TAMS 0x0000000087f00000, 0x0000000087f00000| Untracked 
|  47|0x0000000087f00000, 0x0000000088000000, 0x0000000088000000|100%| O|  |TAMS 0x0000000088000000, 0x0000000088000000| Untracked 
|  48|0x0000000088000000, 0x0000000088100000, 0x0000000088100000|100%| O|  |TAMS 0x0000000088100000, 0x0000000088100000| Untracked 
|  49|0x0000000088100000, 0x0000000088200000, 0x0000000088200000|100%| O|  |TAMS 0x0000000088200000, 0x0000000088200000| Untracked 
|  50|0x0000000088200000, 0x0000000088300000, 0x0000000088300000|100%| O|  |TAMS 0x0000000088300000, 0x0000000088300000| Untracked 
|  51|0x0000000088300000, 0x0000000088400000, 0x0000000088400000|100%| O|  |TAMS 0x0000000088400000, 0x0000000088400000| Untracked 
|  52|0x0000000088400000, 0x0000000088500000, 0x0000000088500000|100%| O|  |TAMS 0x0000000088500000, 0x0000000088500000| Untracked 
|  53|0x0000000088500000, 0x0000000088600000, 0x0000000088600000|100%| O|  |TAMS 0x0000000088600000, 0x0000000088600000| Untracked 
|  54|0x0000000088600000, 0x0000000088700000, 0x0000000088700000|100%|HS|  |TAMS 0x0000000088700000, 0x0000000088700000| Complete 
|  55|0x0000000088700000, 0x0000000088800000, 0x0000000088800000|100%|HC|  |TAMS 0x0000000088800000, 0x0000000088800000| Complete 
|  56|0x0000000088800000, 0x0000000088900000, 0x0000000088900000|100%| O|  |TAMS 0x0000000088900000, 0x0000000088900000| Untracked 
|  57|0x0000000088900000, 0x0000000088a00000, 0x0000000088a00000|100%| O|  |TAMS 0x0000000088a00000, 0x0000000088a00000| Untracked 
|  58|0x0000000088a00000, 0x0000000088b00000, 0x0000000088b00000|100%| O|  |TAMS 0x0000000088b00000, 0x0000000088b00000| Untracked 
|  59|0x0000000088b00000, 0x0000000088c00000, 0x0000000088c00000|100%| O|  |TAMS 0x0000000088c00000, 0x0000000088c00000| Untracked 
|  60|0x0000000088c00000, 0x0000000088d00000, 0x0000000088d00000|100%| O|  |TAMS 0x0000000088c74600, 0x0000000088d00000| Untracked 
|  61|0x0000000088d00000, 0x0000000088e00000, 0x0000000088e00000|100%| O|  |TAMS 0x0000000088d00000, 0x0000000088e00000| Untracked 
|  62|0x0000000088e00000, 0x0000000088f00000, 0x0000000088f00000|100%| O|  |TAMS 0x0000000088e00000, 0x0000000088f00000| Untracked 
|  63|0x0000000088f00000, 0x0000000089000000, 0x0000000089000000|100%| O|  |TAMS 0x0000000088f00000, 0x0000000089000000| Untracked 
|  64|0x0000000089000000, 0x0000000089100000, 0x0000000089100000|100%| O|  |TAMS 0x0000000089000000, 0x0000000089100000| Untracked 
|  65|0x0000000089100000, 0x0000000089200000, 0x0000000089200000|100%| O|  |TAMS 0x0000000089100000, 0x0000000089200000| Untracked 
|  66|0x0000000089200000, 0x0000000089300000, 0x0000000089300000|100%| O|  |TAMS 0x0000000089200000, 0x0000000089300000| Untracked 
|  67|0x0000000089300000, 0x0000000089400000, 0x0000000089400000|100%| O|  |TAMS 0x0000000089300000, 0x0000000089400000| Untracked 
|  68|0x0000000089400000, 0x0000000089500000, 0x0000000089500000|100%| O|  |TAMS 0x0000000089400000, 0x0000000089500000| Untracked 
|  69|0x0000000089500000, 0x0000000089600000, 0x0000000089600000|100%| O|  |TAMS 0x0000000089500000, 0x0000000089600000| Untracked 
|  70|0x0000000089600000, 0x0000000089700000, 0x0000000089700000|100%| O|  |TAMS 0x0000000089600000, 0x0000000089667c00| Untracked 
|  71|0x0000000089700000, 0x00000000897b9a00, 0x0000000089800000| 72%| O|  |TAMS 0x0000000089700000, 0x0000000089700000| Untracked 
|  72|0x0000000089800000, 0x0000000089800000, 0x0000000089900000|  0%| F|  |TAMS 0x0000000089800000, 0x0000000089800000| Untracked 
|  73|0x0000000089900000, 0x0000000089900000, 0x0000000089a00000|  0%| F|  |TAMS 0x0000000089900000, 0x0000000089900000| Untracked 
|  74|0x0000000089a00000, 0x0000000089a00000, 0x0000000089b00000|  0%| F|  |TAMS 0x0000000089a00000, 0x0000000089a00000| Untracked 
|  75|0x0000000089b00000, 0x0000000089b00000, 0x0000000089c00000|  0%| F|  |TAMS 0x0000000089b00000, 0x0000000089b00000| Untracked 
|  76|0x0000000089c00000, 0x0000000089c00000, 0x0000000089d00000|  0%| F|  |TAMS 0x0000000089c00000, 0x0000000089c00000| Untracked 
|  77|0x0000000089d00000, 0x0000000089d00000, 0x0000000089e00000|  0%| F|  |TAMS 0x0000000089d00000, 0x0000000089d00000| Untracked 
|  78|0x0000000089e00000, 0x0000000089e00000, 0x0000000089f00000|  0%| F|  |TAMS 0x0000000089e00000, 0x0000000089e00000| Untracked 
|  79|0x0000000089f00000, 0x0000000089f00000, 0x000000008a000000|  0%| F|  |TAMS 0x0000000089f00000, 0x0000000089f00000| Untracked 
|  80|0x000000008a000000, 0x000000008a000000, 0x000000008a100000|  0%| F|  |TAMS 0x000000008a000000, 0x000000008a000000| Untracked 
|  81|0x000000008a100000, 0x000000008a100000, 0x000000008a200000|  0%| F|  |TAMS 0x000000008a100000, 0x000000008a100000| Untracked 
|  82|0x000000008a200000, 0x000000008a200000, 0x000000008a300000|  0%| F|  |TAMS 0x000000008a200000, 0x000000008a200000| Untracked 
|  83|0x000000008a300000, 0x000000008a300000, 0x000000008a400000|  0%| F|  |TAMS 0x000000008a300000, 0x000000008a300000| Untracked 
|  84|0x000000008a400000, 0x000000008a400000, 0x000000008a500000|  0%| F|  |TAMS 0x000000008a400000, 0x000000008a400000| Untracked 
|  85|0x000000008a500000, 0x000000008a500000, 0x000000008a600000|  0%| F|  |TAMS 0x000000008a500000, 0x000000008a500000| Untracked 
|  86|0x000000008a600000, 0x000000008a600000, 0x000000008a700000|  0%| F|  |TAMS 0x000000008a600000, 0x000000008a600000| Untracked 
|  87|0x000000008a700000, 0x000000008a700000, 0x000000008a800000|  0%| F|  |TAMS 0x000000008a700000, 0x000000008a700000| Untracked 
|  88|0x000000008a800000, 0x000000008a800000, 0x000000008a900000|  0%| F|  |TAMS 0x000000008a800000, 0x000000008a800000| Untracked 
|  89|0x000000008a900000, 0x000000008a900000, 0x000000008aa00000|  0%| F|  |TAMS 0x000000008a900000, 0x000000008a900000| Untracked 
|  90|0x000000008aa00000, 0x000000008aa00000, 0x000000008ab00000|  0%| F|  |TAMS 0x000000008aa00000, 0x000000008aa00000| Untracked 
|  91|0x000000008ab00000, 0x000000008ab00000, 0x000000008ac00000|  0%| F|  |TAMS 0x000000008ab00000, 0x000000008ab00000| Untracked 
|  92|0x000000008ac00000, 0x000000008ac00000, 0x000000008ad00000|  0%| F|  |TAMS 0x000000008ac00000, 0x000000008ac00000| Untracked 
|  93|0x000000008ad00000, 0x000000008ad00000, 0x000000008ae00000|  0%| F|  |TAMS 0x000000008ad00000, 0x000000008ad00000| Untracked 
|  94|0x000000008ae00000, 0x000000008ae00000, 0x000000008af00000|  0%| F|  |TAMS 0x000000008ae00000, 0x000000008ae00000| Untracked 
|  95|0x000000008af00000, 0x000000008b000000, 0x000000008b000000|100%| S|CS|TAMS 0x000000008af00000, 0x000000008af00000| Complete 
|  96|0x000000008b000000, 0x000000008b100000, 0x000000008b100000|100%| S|CS|TAMS 0x000000008b000000, 0x000000008b000000| Complete 
|  97|0x000000008b100000, 0x000000008b200000, 0x000000008b200000|100%| S|CS|TAMS 0x000000008b100000, 0x000000008b100000| Complete 
|  98|0x000000008b200000, 0x000000008b300000, 0x000000008b300000|100%| S|CS|TAMS 0x000000008b200000, 0x000000008b200000| Complete 
|  99|0x000000008b300000, 0x000000008b400000, 0x000000008b400000|100%| S|CS|TAMS 0x000000008b300000, 0x000000008b300000| Complete 
| 100|0x000000008b400000, 0x000000008b400000, 0x000000008b500000|  0%| F|  |TAMS 0x000000008b400000, 0x000000008b400000| Untracked 
| 101|0x000000008b500000, 0x000000008b500000, 0x000000008b600000|  0%| F|  |TAMS 0x000000008b500000, 0x000000008b500000| Untracked 
| 102|0x000000008b600000, 0x000000008b600000, 0x000000008b700000|  0%| F|  |TAMS 0x000000008b600000, 0x000000008b600000| Untracked 
| 103|0x000000008b700000, 0x000000008b700000, 0x000000008b800000|  0%| F|  |TAMS 0x000000008b700000, 0x000000008b700000| Untracked 
| 104|0x000000008b800000, 0x000000008b800000, 0x000000008b900000|  0%| F|  |TAMS 0x000000008b800000, 0x000000008b800000| Untracked 
| 105|0x000000008b900000, 0x000000008b900000, 0x000000008ba00000|  0%| F|  |TAMS 0x000000008b900000, 0x000000008b900000| Untracked 
| 106|0x000000008ba00000, 0x000000008ba00000, 0x000000008bb00000|  0%| F|  |TAMS 0x000000008ba00000, 0x000000008ba00000| Untracked 
| 107|0x000000008bb00000, 0x000000008bb00000, 0x000000008bc00000|  0%| F|  |TAMS 0x000000008bb00000, 0x000000008bb00000| Untracked 
| 108|0x000000008bc00000, 0x000000008bc00000, 0x000000008bd00000|  0%| F|  |TAMS 0x000000008bc00000, 0x000000008bc00000| Untracked 
| 109|0x000000008bd00000, 0x000000008bd00000, 0x000000008be00000|  0%| F|  |TAMS 0x000000008bd00000, 0x000000008bd00000| Untracked 
| 110|0x000000008be00000, 0x000000008be00000, 0x000000008bf00000|  0%| F|  |TAMS 0x000000008be00000, 0x000000008be00000| Untracked 
| 111|0x000000008bf00000, 0x000000008bf00000, 0x000000008c000000|  0%| F|  |TAMS 0x000000008bf00000, 0x000000008bf00000| Untracked 
| 112|0x000000008c000000, 0x000000008c000000, 0x000000008c100000|  0%| F|  |TAMS 0x000000008c000000, 0x000000008c000000| Untracked 
| 113|0x000000008c100000, 0x000000008c100000, 0x000000008c200000|  0%| F|  |TAMS 0x000000008c100000, 0x000000008c100000| Untracked 
| 114|0x000000008c200000, 0x000000008c200000, 0x000000008c300000|  0%| F|  |TAMS 0x000000008c200000, 0x000000008c200000| Untracked 
| 115|0x000000008c300000, 0x000000008c300000, 0x000000008c400000|  0%| F|  |TAMS 0x000000008c300000, 0x000000008c300000| Untracked 
| 116|0x000000008c400000, 0x000000008c400000, 0x000000008c500000|  0%| F|  |TAMS 0x000000008c400000, 0x000000008c400000| Untracked 
| 117|0x000000008c500000, 0x000000008c500000, 0x000000008c600000|  0%| F|  |TAMS 0x000000008c500000, 0x000000008c500000| Untracked 
| 118|0x000000008c600000, 0x000000008c600000, 0x000000008c700000|  0%| F|  |TAMS 0x000000008c600000, 0x000000008c600000| Untracked 
| 119|0x000000008c700000, 0x000000008c700000, 0x000000008c800000|  0%| F|  |TAMS 0x000000008c700000, 0x000000008c700000| Untracked 
| 120|0x000000008c800000, 0x000000008c800000, 0x000000008c900000|  0%| F|  |TAMS 0x000000008c800000, 0x000000008c800000| Untracked 
| 121|0x000000008c900000, 0x000000008c900000, 0x000000008ca00000|  0%| F|  |TAMS 0x000000008c900000, 0x000000008c900000| Untracked 
| 122|0x000000008ca00000, 0x000000008ca00000, 0x000000008cb00000|  0%| F|  |TAMS 0x000000008ca00000, 0x000000008ca00000| Untracked 
| 123|0x000000008cb00000, 0x000000008cb00000, 0x000000008cc00000|  0%| F|  |TAMS 0x000000008cb00000, 0x000000008cb00000| Untracked 
| 124|0x000000008cc00000, 0x000000008cc00000, 0x000000008cd00000|  0%| F|  |TAMS 0x000000008cc00000, 0x000000008cc00000| Untracked 
| 125|0x000000008cd00000, 0x000000008cd00000, 0x000000008ce00000|  0%| F|  |TAMS 0x000000008cd00000, 0x000000008cd00000| Untracked 
| 126|0x000000008ce00000, 0x000000008ce00000, 0x000000008cf00000|  0%| F|  |TAMS 0x000000008ce00000, 0x000000008ce00000| Untracked 
| 127|0x000000008cf00000, 0x000000008cf00000, 0x000000008d000000|  0%| F|  |TAMS 0x000000008cf00000, 0x000000008cf00000| Untracked 
| 128|0x000000008d000000, 0x000000008d000000, 0x000000008d100000|  0%| F|  |TAMS 0x000000008d000000, 0x000000008d000000| Untracked 
| 129|0x000000008d100000, 0x000000008d100000, 0x000000008d200000|  0%| F|  |TAMS 0x000000008d100000, 0x000000008d100000| Untracked 
| 130|0x000000008d200000, 0x000000008d200000, 0x000000008d300000|  0%| F|  |TAMS 0x000000008d200000, 0x000000008d200000| Untracked 
| 131|0x000000008d300000, 0x000000008d300000, 0x000000008d400000|  0%| F|  |TAMS 0x000000008d300000, 0x000000008d300000| Untracked 
| 132|0x000000008d400000, 0x000000008d400000, 0x000000008d500000|  0%| F|  |TAMS 0x000000008d400000, 0x000000008d400000| Untracked 
| 133|0x000000008d500000, 0x000000008d500000, 0x000000008d600000|  0%| F|  |TAMS 0x000000008d500000, 0x000000008d500000| Untracked 
| 134|0x000000008d600000, 0x000000008d600000, 0x000000008d700000|  0%| F|  |TAMS 0x000000008d600000, 0x000000008d600000| Untracked 
| 135|0x000000008d700000, 0x000000008d700000, 0x000000008d800000|  0%| F|  |TAMS 0x000000008d700000, 0x000000008d700000| Untracked 
| 136|0x000000008d800000, 0x000000008d800000, 0x000000008d900000|  0%| F|  |TAMS 0x000000008d800000, 0x000000008d800000| Untracked 

Card table byte_map: [0x0000020b1e600000,0x0000020b1e9e0000] _byte_map_base: 0x0000020b1e1d8000

Marking Bits (Prev, Next): (CMBitMap*) 0x0000020b0ba84ad0, (CMBitMap*) 0x0000020b0ba84a90
 Prev Bits: [0x0000020b20c80000, 0x0000020b22b40000)
 Next Bits: [0x0000020b1edc0000, 0x0000020b20c80000)

Polling page: 0x0000020b0b1f0000

Metaspace:

Usage:
  Non-class:     50.12 MB used.
      Class:      6.68 MB used.
       Both:     56.80 MB used.

Virtual space:
  Non-class space:       56.00 MB reserved,      50.25 MB ( 90%) committed,  7 nodes.
      Class space:        1.00 GB reserved,       6.81 MB ( <1%) committed,  1 nodes.
             Both:        1.05 GB reserved,      57.06 MB (  5%) committed. 

Chunk freelists:
   Non-Class:  1.75 MB
       Class:  1.20 MB
        Both:  2.95 MB

MaxMetaspaceSize: unlimited
CompressedClassSpaceSize: 1.00 GB
Initial GC threshold: 21.00 MB
Current GC threshold: 83.69 MB
CDS: off
MetaspaceReclaimPolicy: balanced
 - commit_granule_bytes: 65536.
 - commit_granule_words: 8192.
 - virtual_space_node_default_size: 1048576.
 - enlarge_chunks_in_place: 1.
 - new_chunks_are_fully_committed: 0.
 - uncommit_free_chunks: 1.
 - use_allocation_guard: 0.
 - handle_deallocations: 1.


Internal statistics:

num_allocs_failed_limit: 9.
num_arena_births: 250.
num_arena_deaths: 0.
num_vsnodes_births: 8.
num_vsnodes_deaths: 0.
num_space_committed: 911.
num_space_uncommitted: 0.
num_chunks_returned_to_freelist: 9.
num_chunks_taken_from_freelist: 1985.
num_chunk_merges: 9.
num_chunk_splits: 1599.
num_chunks_enlarged: 1379.
num_purges: 0.
num_inconsistent_stats: 0.

CodeHeap 'non-profiled nmethods': size=120000Kb used=3544Kb max_used=3544Kb free=116455Kb
 bounds [0x0000020b169c0000, 0x0000020b16d40000, 0x0000020b1def0000]
CodeHeap 'profiled nmethods': size=120000Kb used=11814Kb max_used=11814Kb free=108185Kb
 bounds [0x0000020b0eef0000, 0x0000020b0fa80000, 0x0000020b16420000]
CodeHeap 'non-nmethods': size=5760Kb used=1306Kb max_used=1360Kb free=4454Kb
 bounds [0x0000020b16420000, 0x0000020b16690000, 0x0000020b169c0000]
 total_blobs=6355 nmethods=5739 adapters=528
 compilation: enabled
              stopped_count=0, restarted_count=0
 full_count=0

Compilation events (20 events):
Event: 7.582 Thread 0x0000020b26064b60 nmethod 6629 0x0000020b0fa78990 code [0x0000020b0fa78ba0, 0x0000020b0fa78f08]
Event: 7.582 Thread 0x0000020b26064b60 6632       2       org.jetbrains.kotlin.resolve.scopes.SubpackagesImportingScope::getParent (8 bytes)
Event: 7.582 Thread 0x0000020b26064b60 nmethod 6632 0x0000020b0fa79110 code [0x0000020b0fa792a0, 0x0000020b0fa793f8]
Event: 7.582 Thread 0x0000020b26064b60 6631       2       org.jetbrains.kotlin.types.typeUtil.TypeUtilsKt::contains (19 bytes)
Event: 7.583 Thread 0x0000020b26064b60 nmethod 6631 0x0000020b0fa79490 code [0x0000020b0fa796c0, 0x0000020b0fa79b18]
Event: 7.585 Thread 0x0000020b26064b60 6634       2       org.jetbrains.kotlin.psi.KtProperty::<init> (14 bytes)
Event: 7.585 Thread 0x0000020b26064b60 nmethod 6634 0x0000020b0fa79e10 code [0x0000020b0fa79fe0, 0x0000020b0fa7a2b8]
Event: 7.585 Thread 0x0000020b26064b60 6635       2       org.jetbrains.kotlin.descriptors.impl.VariableDescriptorImpl::getType (13 bytes)
Event: 7.585 Thread 0x0000020b26064b60 nmethod 6635 0x0000020b0fa7a490 code [0x0000020b0fa7a620, 0x0000020b0fa7a768]
Event: 7.585 Thread 0x0000020b26064b60 6636       2       org.jetbrains.kotlin.com.google.common.collect.AbstractMapBasedMultimap$Itr::hasNext (30 bytes)
Event: 7.586 Thread 0x0000020b26064b60 nmethod 6636 0x0000020b0fa7a810 code [0x0000020b0fa7a9c0, 0x0000020b0fa7ab38]
Event: 7.588 Thread 0x0000020b26064b60 6637       2       kotlin.jvm.internal.FunctionReference::<init> (11 bytes)
Event: 7.589 Thread 0x0000020b26064b60 nmethod 6637 0x0000020b0fa7ac10 code [0x0000020b0fa7adc0, 0x0000020b0fa7af08]
Event: 7.591 Thread 0x0000020b26064b60 6638       2       org.jetbrains.kotlin.psi.KtUserType::<init> (14 bytes)
Event: 7.591 Thread 0x0000020b26064b60 nmethod 6638 0x0000020b0fa7af90 code [0x0000020b0fa7b180, 0x0000020b0fa7b5c8]
Event: 7.591 Thread 0x0000020b26064b60 6639       2       org.jetbrains.kotlin.psi.KtUserType::accept (15 bytes)
Event: 7.592 Thread 0x0000020b26064b60 nmethod 6639 0x0000020b0fa7b790 code [0x0000020b0fa7b940, 0x0000020b0fa7bab8]
Event: 7.592 Thread 0x0000020b26064b60 6640       2       org.jetbrains.kotlin.resolve.QualifiedExpressionResolver::checkNotEnumEntry (63 bytes)
Event: 7.592 Thread 0x0000020b26064b60 nmethod 6640 0x0000020b0fa7bb90 code [0x0000020b0fa7bd80, 0x0000020b0fa7c0d8]
Event: 7.592 Thread 0x0000020b26064b60 6642       2       org.jetbrains.kotlin.resolve.TypeResolver::resolveTypeElement (228 bytes)

GC Heap History (20 events):
Event: 4.521 GC heap after
{Heap after GC invocations=17 (full 0):
 garbage-first heap   total 74752K, used 37394K [0x0000000085000000, 0x0000000100000000)
  region size 1024K, 3 young (3072K), 3 survivors (3072K)
 Metaspace       used 45808K, committed 46016K, reserved 1089536K
  class space    used 5495K, committed 5568K, reserved 1048576K
}
Event: 4.943 GC heap before
{Heap before GC invocations=17 (full 0):
 garbage-first heap   total 74752K, used 55826K [0x0000000085000000, 0x0000000100000000)
  region size 1024K, 21 young (21504K), 3 survivors (3072K)
 Metaspace       used 48220K, committed 48512K, reserved 1097728K
  class space    used 5709K, committed 5824K, reserved 1048576K
}
Event: 4.955 GC heap after
{Heap after GC invocations=18 (full 0):
 garbage-first heap   total 74752K, used 41913K [0x0000000085000000, 0x0000000100000000)
  region size 1024K, 3 young (3072K), 3 survivors (3072K)
 Metaspace       used 48220K, committed 48512K, reserved 1097728K
  class space    used 5709K, committed 5824K, reserved 1048576K
}
Event: 5.155 GC heap before
{Heap before GC invocations=19 (full 0):
 garbage-first heap   total 74752K, used 57273K [0x0000000085000000, 0x0000000100000000)
  region size 1024K, 18 young (18432K), 3 survivors (3072K)
 Metaspace       used 48254K, committed 48512K, reserved 1097728K
  class space    used 5709K, committed 5824K, reserved 1048576K
}
Event: 5.173 GC heap after
{Heap after GC invocations=20 (full 0):
 garbage-first heap   total 74752K, used 47701K [0x0000000085000000, 0x0000000100000000)
  region size 1024K, 3 young (3072K), 3 survivors (3072K)
 Metaspace       used 48254K, committed 48512K, reserved 1097728K
  class space    used 5709K, committed 5824K, reserved 1048576K
}
Event: 5.277 GC heap before
{Heap before GC invocations=20 (full 0):
 garbage-first heap   total 74752K, used 57941K [0x0000000085000000, 0x0000000100000000)
  region size 1024K, 13 young (13312K), 3 survivors (3072K)
 Metaspace       used 48281K, committed 48576K, reserved 1097728K
  class space    used 5709K, committed 5824K, reserved 1048576K
}
Event: 5.288 GC heap after
{Heap after GC invocations=21 (full 0):
 garbage-first heap   total 106496K, used 51649K [0x0000000085000000, 0x0000000100000000)
  region size 1024K, 2 young (2048K), 2 survivors (2048K)
 Metaspace       used 48281K, committed 48576K, reserved 1097728K
  class space    used 5709K, committed 5824K, reserved 1048576K
}
Event: 5.594 GC heap before
{Heap before GC invocations=22 (full 0):
 garbage-first heap   total 106496K, used 73153K [0x0000000085000000, 0x0000000100000000)
  region size 1024K, 25 young (25600K), 2 survivors (2048K)
 Metaspace       used 49423K, committed 49664K, reserved 1097728K
  class space    used 5871K, committed 5952K, reserved 1048576K
}
Event: 5.606 GC heap after
{Heap after GC invocations=23 (full 0):
 garbage-first heap   total 106496K, used 58799K [0x0000000085000000, 0x0000000100000000)
  region size 1024K, 4 young (4096K), 4 survivors (4096K)
 Metaspace       used 49423K, committed 49664K, reserved 1097728K
  class space    used 5871K, committed 5952K, reserved 1048576K
}
Event: 5.935 GC heap before
{Heap before GC invocations=24 (full 0):
 garbage-first heap   total 106496K, used 80303K [0x0000000085000000, 0x0000000100000000)
  region size 1024K, 23 young (23552K), 4 survivors (4096K)
 Metaspace       used 51013K, committed 51264K, reserved 1097728K
  class space    used 6039K, committed 6144K, reserved 1048576K
}
Event: 5.944 GC heap after
{Heap after GC invocations=25 (full 0):
 garbage-first heap   total 106496K, used 64930K [0x0000000085000000, 0x0000000100000000)
  region size 1024K, 3 young (3072K), 3 survivors (3072K)
 Metaspace       used 51013K, committed 51264K, reserved 1097728K
  class space    used 6039K, committed 6144K, reserved 1048576K
}
Event: 6.037 GC heap before
{Heap before GC invocations=25 (full 0):
 garbage-first heap   total 106496K, used 71074K [0x0000000085000000, 0x0000000100000000)
  region size 1024K, 10 young (10240K), 3 survivors (3072K)
 Metaspace       used 51122K, committed 51328K, reserved 1097728K
  class space    used 6044K, committed 6144K, reserved 1048576K
}
Event: 6.043 GC heap after
{Heap after GC invocations=26 (full 0):
 garbage-first heap   total 106496K, used 66646K [0x0000000085000000, 0x0000000100000000)
  region size 1024K, 2 young (2048K), 2 survivors (2048K)
 Metaspace       used 51122K, committed 51328K, reserved 1097728K
  class space    used 6044K, committed 6144K, reserved 1048576K
}
Event: 6.126 GC heap before
{Heap before GC invocations=26 (full 0):
 garbage-first heap   total 140288K, used 84054K [0x0000000085000000, 0x0000000100000000)
  region size 1024K, 18 young (18432K), 2 survivors (2048K)
 Metaspace       used 51164K, committed 51392K, reserved 1097728K
  class space    used 6044K, committed 6144K, reserved 1048576K
}
Event: 6.130 GC heap after
{Heap after GC invocations=27 (full 0):
 garbage-first heap   total 140288K, used 67048K [0x0000000085000000, 0x0000000100000000)
  region size 1024K, 2 young (2048K), 2 survivors (2048K)
 Metaspace       used 51164K, committed 51392K, reserved 1097728K
  class space    used 6044K, committed 6144K, reserved 1048576K
}
Event: 6.796 GC heap before
{Heap before GC invocations=28 (full 0):
 garbage-first heap   total 140288K, used 103912K [0x0000000085000000, 0x0000000100000000)
  region size 1024K, 38 young (38912K), 2 survivors (2048K)
 Metaspace       used 54525K, committed 54784K, reserved 1097728K
  class space    used 6460K, committed 6592K, reserved 1048576K
}
Event: 6.806 GC heap after
{Heap after GC invocations=29 (full 0):
 garbage-first heap   total 140288K, used 71390K [0x0000000085000000, 0x0000000100000000)
  region size 1024K, 5 young (5120K), 5 survivors (5120K)
 Metaspace       used 54525K, committed 54784K, reserved 1097728K
  class space    used 6460K, committed 6592K, reserved 1048576K
}
Event: 6.810 GC heap before
{Heap before GC invocations=29 (full 0):
 garbage-first heap   total 140288K, used 72414K [0x0000000085000000, 0x0000000100000000)
  region size 1024K, 6 young (6144K), 5 survivors (5120K)
 Metaspace       used 54525K, committed 54784K, reserved 1097728K
  class space    used 6460K, committed 6592K, reserved 1048576K
}
Event: 6.816 GC heap after
{Heap after GC invocations=30 (full 0):
 garbage-first heap   total 140288K, used 71548K [0x0000000085000000, 0x0000000100000000)
  region size 1024K, 1 young (1024K), 1 survivors (1024K)
 Metaspace       used 54525K, committed 54784K, reserved 1097728K
  class space    used 6460K, committed 6592K, reserved 1048576K
}
Event: 7.592 GC heap before
{Heap before GC invocations=30 (full 0):
 garbage-first heap   total 140288K, used 108412K [0x0000000085000000, 0x0000000100000000)
  region size 1024K, 37 young (37888K), 1 survivors (1024K)
 Metaspace       used 58160K, committed 58432K, reserved 1105920K
  class space    used 6837K, committed 6976K, reserved 1048576K
}

Dll operation events (2 events):
Event: 0.016 Loaded shared library C:\Program Files (x86)\android-studio-2022.3.1.17-windows\android-studio\jbr\bin\java.dll
Event: 1.055 Loaded shared library C:\Program Files (x86)\android-studio-2022.3.1.17-windows\android-studio\jbr\bin\verify.dll

Deoptimization events (20 events):
Event: 7.314 Thread 0x0000020b0ba2d120 Uncommon trap: trap_request=0xffffff66 fr.pc=0x0000020b16bb576c relative=0x000000000000004c
Event: 7.314 Thread 0x0000020b0ba2d120 Uncommon trap: reason=speculate_class_check action=maybe_recompile pc=0x0000020b16bb576c method=java.lang.invoke.Invokers$Holder.linkToTargetMethod(Ljava/lang/Object;Ljava/lang/Object;)Ljava/lang/Object; @ 1 c2
Event: 7.314 Thread 0x0000020b0ba2d120 DEOPT PACKING pc=0x0000020b16bb576c sp=0x0000002f5d1fac60
Event: 7.314 Thread 0x0000020b0ba2d120 DEOPT UNPACKING pc=0x0000020b1647a1a3 sp=0x0000002f5d1fabf0 mode 2
Event: 7.362 Thread 0x0000020b0ba2d120 DEOPT PACKING pc=0x0000020b0f6d474d sp=0x0000002f5d1fcab0
Event: 7.362 Thread 0x0000020b0ba2d120 DEOPT UNPACKING pc=0x0000020b1647ace3 sp=0x0000002f5d1fbf40 mode 0
Event: 7.445 Thread 0x0000020b0ba2d120 DEOPT PACKING pc=0x0000020b0f8d3fda sp=0x0000002f5d1fc6f0
Event: 7.445 Thread 0x0000020b0ba2d120 DEOPT UNPACKING pc=0x0000020b1647ace3 sp=0x0000002f5d1fbc78 mode 0
Event: 7.473 Thread 0x0000020b0ba2d120 DEOPT PACKING pc=0x0000020b0f40e19b sp=0x0000002f5d1fc0d0
Event: 7.473 Thread 0x0000020b0ba2d120 DEOPT UNPACKING pc=0x0000020b1647ace3 sp=0x0000002f5d1fb590 mode 0
Event: 7.527 Thread 0x0000020b0ba2d120 DEOPT PACKING pc=0x0000020b0f8d3fda sp=0x0000002f5d1fc520
Event: 7.527 Thread 0x0000020b0ba2d120 DEOPT UNPACKING pc=0x0000020b1647ace3 sp=0x0000002f5d1fba90 mode 0
Event: 7.554 Thread 0x0000020b0ba2d120 Uncommon trap: trap_request=0xffffff45 fr.pc=0x0000020b16c02b08 relative=0x0000000000003168
Event: 7.554 Thread 0x0000020b0ba2d120 Uncommon trap: reason=unstable_if action=reinterpret pc=0x0000020b16c02b08 method=org.jetbrains.kotlin.parsing.SemanticWhitespaceAwarePsiBuilderImpl.getJoinedTokenType(Lorg/jetbrains/kotlin/com/intellij/psi/tree/IElementType;I)Lorg/jetbrains/kotlin/com/in
Event: 7.554 Thread 0x0000020b0ba2d120 DEOPT PACKING pc=0x0000020b16c02b08 sp=0x0000002f5d1f9870
Event: 7.554 Thread 0x0000020b0ba2d120 DEOPT UNPACKING pc=0x0000020b1647a1a3 sp=0x0000002f5d1f97a8 mode 2
Event: 7.563 Thread 0x0000020b0ba2d120 DEOPT PACKING pc=0x0000020b0f7cf44b sp=0x0000002f5d1fb4a0
Event: 7.563 Thread 0x0000020b0ba2d120 DEOPT UNPACKING pc=0x0000020b1647ace3 sp=0x0000002f5d1fa968 mode 0
Event: 7.564 Thread 0x0000020b0ba2d120 DEOPT PACKING pc=0x0000020b0f7d4549 sp=0x0000002f5d1fc3d0
Event: 7.564 Thread 0x0000020b0ba2d120 DEOPT UNPACKING pc=0x0000020b1647ace3 sp=0x0000002f5d1fb8d0 mode 0

Classes unloaded (0 events):
No events

Classes redefined (0 events):
No events

Internal exceptions (20 events):
Event: 1.408 Thread 0x0000020b0ba2d120 Exception <a 'java/lang/NoSuchMethodError'{0x0000000086cec238}: 'int java.lang.invoke.DirectMethodHandle$Holder.invokeStaticInit(java.lang.Object, java.lang.Object, java.lang.Object)'> (0x0000000086cec238) 
thrown [s\src\hotspot\share\interpreter\linkResolver.cpp, line 771]
Event: 1.411 Thread 0x0000020b0ba2d120 Exception <a 'java/lang/NoSuchMethodError'{0x0000000086b143e8}: 'int java.lang.invoke.DirectMethodHandle$Holder.invokeStaticInit(java.lang.Object, java.lang.Object)'> (0x0000000086b143e8) 
thrown [s\src\hotspot\share\interpreter\linkResolver.cpp, line 771]
Event: 1.427 Thread 0x0000020b0ba2d120 Exception <a 'java/lang/NoSuchMethodError'{0x0000000086bea720}: 'void java.lang.invoke.DirectMethodHandle$Holder.invokeSpecial(java.lang.Object, java.lang.Object, java.lang.Object)'> (0x0000000086bea720) 
thrown [s\src\hotspot\share\interpreter\linkResolver.cpp, line 771]
Event: 1.717 Thread 0x0000020b0ba2d120 Exception <a 'java/lang/NoSuchMethodError'{0x000000008b99af60}: 'void java.lang.invoke.DirectMethodHandle$Holder.invokeStatic(java.lang.Object, java.lang.Object, java.lang.Object, java.lang.Object)'> (0x000000008b99af60) 
thrown [s\src\hotspot\share\interpreter\linkResolver.cpp, line 771]
Event: 1.777 Thread 0x0000020b0ba2d120 Exception <a 'java/lang/NoSuchMethodError'{0x000000008724eb80}: 'void java.lang.invoke.DirectMethodHandle$Holder.invokeStaticInit(java.lang.Object, java.lang.Object)'> (0x000000008724eb80) 
thrown [s\src\hotspot\share\interpreter\linkResolver.cpp, line 771]
Event: 1.902 Thread 0x0000020b0ba2d120 Exception <a 'java/lang/NoSuchMethodError'{0x00000000876348e0}: 'void java.lang.invoke.DirectMethodHandle$Holder.invokeVirtual(java.lang.Object, java.lang.Object)'> (0x00000000876348e0) 
thrown [s\src\hotspot\share\interpreter\linkResolver.cpp, line 771]
Event: 1.909 Thread 0x0000020b0ba2d120 Exception <a 'java/lang/NoSuchMethodError'{0x00000000876971e8}: 'int java.lang.invoke.DirectMethodHandle$Holder.invokeVirtual(java.lang.Object, java.lang.Object)'> (0x00000000876971e8) 
thrown [s\src\hotspot\share\interpreter\linkResolver.cpp, line 771]
Event: 1.926 Thread 0x0000020b0ba2d120 Exception <a 'java/lang/NoSuchMethodError'{0x0000000087539910}: 'java.lang.Object java.lang.invoke.Invokers$Holder.invokeExact_MT(java.lang.Object, java.lang.Object, java.lang.Object, java.lang.Object, java.lang.Object, java.lang.Object)'> (0x0000000087539910) 
thrown [s\src\hotspot\share\interpreter\linkResolver.cpp, line 771]
Event: 2.399 Thread 0x0000020b0ba2d120 Exception <a 'java/lang/NoSuchMethodError'{0x000000008b632f88}: 'java.lang.Object java.lang.invoke.Invokers$Holder.invoke_MT(java.lang.Object, java.lang.Object, java.lang.Object)'> (0x000000008b632f88) 
thrown [s\src\hotspot\share\interpreter\linkResolver.cpp, line 771]
Event: 3.963 Thread 0x0000020b0ba2d120 Exception <a 'java/lang/NoSuchMethodError'{0x000000008b700898}: 'java.lang.Object java.lang.invoke.DirectMethodHandle$Holder.invokeVirtual(java.lang.Object, java.lang.Object, java.lang.Object)'> (0x000000008b700898) 
thrown [s\src\hotspot\share\interpreter\linkResolver.cpp, line 771]
Event: 3.967 Thread 0x0000020b0ba2d120 Implicit null exception at 0x0000020b16b5b9ee to 0x0000020b16b5ce30
Event: 4.648 Thread 0x0000020b0ba2d120 Implicit null exception at 0x0000020b16bc024a to 0x0000020b16bc0410
Event: 4.650 Thread 0x0000020b0ba2d120 Implicit null exception at 0x0000020b16bc9650 to 0x0000020b16bc9714
Event: 4.652 Thread 0x0000020b0ba2d120 Exception <a 'java/lang/NoSuchMethodError'{0x000000008938cc38}: 'java.lang.Object java.lang.invoke.DirectMethodHandle$Holder.newInvokeSpecial(java.lang.Object, java.lang.Object, int)'> (0x000000008938cc38) 
thrown [s\src\hotspot\share\interpreter\linkResolver.cpp, line 771]
Event: 4.731 Thread 0x0000020b0ba2d120 Implicit null exception at 0x0000020b16bc61cc to 0x0000020b16bc62a8
Event: 5.071 Thread 0x0000020b0ba2d120 Implicit null exception at 0x0000020b16bdebaf to 0x0000020b16bdf01c
Event: 6.337 Thread 0x0000020b0ba2d120 Exception <a 'java/lang/NoSuchMethodError'{0x000000008c69eda0}: 'java.lang.Object java.lang.invoke.DirectMethodHandle$Holder.newInvokeSpecial(java.lang.Object, java.lang.Object, java.lang.Object, int)'> (0x000000008c69eda0) 
thrown [s\src\hotspot\share\interpreter\linkResolver.cpp, line 771]
Event: 6.337 Thread 0x0000020b0ba2d120 Exception <a 'java/lang/NoSuchMethodError'{0x000000008c6a3428}: 'java.lang.Object java.lang.invoke.DirectMethodHandle$Holder.invokeSpecial(java.lang.Object, java.lang.Object, java.lang.Object, java.lang.Object, int)'> (0x000000008c6a3428) 
thrown [s\src\hotspot\share\interpreter\linkResolver.cpp, line 771]
Event: 6.338 Thread 0x0000020b0ba2d120 Exception <a 'java/lang/NoSuchMethodError'{0x000000008c6a7298}: 'java.lang.Object java.lang.invoke.Invokers$Holder.linkToTargetMethod(java.lang.Object, java.lang.Object, int, java.lang.Object)'> (0x000000008c6a7298) 
thrown [s\src\hotspot\share\interpreter\linkResolver.cpp, line 771]
Event: 6.559 Thread 0x0000020b0ba2d120 Exception <a 'java/lang/NoSuchMethodError'{0x000000008be4fd38}: 'java.lang.Object java.lang.invoke.DirectMethodHandle$Holder.invokeInterface(java.lang.Object, java.lang.Object)'> (0x000000008be4fd38) 
thrown [s\src\hotspot\share\interpreter\linkResolver.cpp, line 771]

VM Operations (20 events):
Event: 6.644 Executing VM operation: HandshakeAllThreads done
Event: 6.783 Executing VM operation: ICBufferFull
Event: 6.783 Executing VM operation: ICBufferFull done
Event: 6.796 Executing VM operation: G1CollectForAllocation
Event: 6.806 Executing VM operation: G1CollectForAllocation done
Event: 6.810 Executing VM operation: G1CollectForAllocation
Event: 6.816 Executing VM operation: G1CollectForAllocation done
Event: 6.865 Executing VM operation: HandshakeAllThreads
Event: 6.865 Executing VM operation: HandshakeAllThreads done
Event: 6.906 Executing VM operation: HandshakeAllThreads
Event: 6.906 Executing VM operation: HandshakeAllThreads done
Event: 6.965 Executing VM operation: HandshakeAllThreads
Event: 6.965 Executing VM operation: HandshakeAllThreads done
Event: 6.966 Executing VM operation: HandshakeAllThreads
Event: 6.966 Executing VM operation: HandshakeAllThreads done
Event: 6.978 Executing VM operation: HandshakeAllThreads
Event: 6.978 Executing VM operation: HandshakeAllThreads done
Event: 7.171 Executing VM operation: ICBufferFull
Event: 7.172 Executing VM operation: ICBufferFull done
Event: 7.592 Executing VM operation: G1CollectForAllocation

Events (20 events):
Event: 6.051 Thread 0x0000020b2606dd20 flushing nmethod 0x0000020b0f83b610
Event: 6.051 Thread 0x0000020b2606dd20 flushing nmethod 0x0000020b0f83e190
Event: 6.051 Thread 0x0000020b2606dd20 flushing nmethod 0x0000020b0f858a90
Event: 6.051 Thread 0x0000020b2606dd20 flushing nmethod 0x0000020b0f86f690
Event: 6.051 Thread 0x0000020b2606dd20 flushing nmethod 0x0000020b0f86ff90
Event: 6.051 Thread 0x0000020b2606dd20 flushing nmethod 0x0000020b0f877f90
Event: 6.051 Thread 0x0000020b2606dd20 flushing nmethod 0x0000020b0f886610
Event: 6.051 Thread 0x0000020b2606dd20 flushing nmethod 0x0000020b0f891390
Event: 6.051 Thread 0x0000020b2606dd20 flushing nmethod 0x0000020b0f8a8b90
Event: 6.051 Thread 0x0000020b2606dd20 flushing nmethod 0x0000020b0f8aeb90
Event: 6.051 Thread 0x0000020b2606dd20 flushing nmethod 0x0000020b0f8af510
Event: 6.052 Thread 0x0000020b2606dd20 flushing nmethod 0x0000020b0f917710
Event: 6.313 loading class java/util/ArrayList$ListItr
Event: 6.313 loading class java/util/ArrayList$ListItr done
Event: 6.743 loading class java/util/AbstractList$RandomAccessSpliterator
Event: 6.744 loading class java/util/AbstractList$RandomAccessSpliterator done
Event: 6.754 loading class java/util/RegularEnumSet$EnumSetIterator
Event: 6.754 loading class java/util/RegularEnumSet$EnumSetIterator done
Event: 6.979 loading class java/util/ComparableTimSort
Event: 6.979 loading class java/util/ComparableTimSort done


Dynamic libraries:
0x00007ff6647b0000 - 0x00007ff6647ba000 	C:\Program Files (x86)\android-studio-2022.3.1.17-windows\android-studio\jbr\bin\java.exe
0x00007ff8e76b0000 - 0x00007ff8e78c7000 	C:\WINDOWS\SYSTEM32\ntdll.dll
0x00007ff8e60a0000 - 0x00007ff8e6164000 	C:\WINDOWS\System32\KERNEL32.DLL
0x00007ff8e4ff0000 - 0x00007ff8e5396000 	C:\WINDOWS\System32\KERNELBASE.dll
0x00007ff8e4c00000 - 0x00007ff8e4d11000 	C:\WINDOWS\System32\ucrtbase.dll
0x00007ff8b46d0000 - 0x00007ff8b46e7000 	C:\Program Files (x86)\android-studio-2022.3.1.17-windows\android-studio\jbr\bin\jli.dll
0x00007ff8e5790000 - 0x00007ff8e593d000 	C:\WINDOWS\System32\USER32.dll
0x00007ff8e4ab0000 - 0x00007ff8e4ad6000 	C:\WINDOWS\System32\win32u.dll
0x00007ff8ceaa0000 - 0x00007ff8ceabb000 	C:\Program Files (x86)\android-studio-2022.3.1.17-windows\android-studio\jbr\bin\VCRUNTIME140.dll
0x00007ff8e59f0000 - 0x00007ff8e5a19000 	C:\WINDOWS\System32\GDI32.dll
0x00007ff8e4ae0000 - 0x00007ff8e4bf8000 	C:\WINDOWS\System32\gdi32full.dll
0x00007ff8d90f0000 - 0x00007ff8d9383000 	C:\WINDOWS\WinSxS\amd64_microsoft.windows.common-controls_6595b64144ccf1df_6.0.22621.2361_none_2712ced57382f843\COMCTL32.dll
0x00007ff8e4d20000 - 0x00007ff8e4dba000 	C:\WINDOWS\System32\msvcp_win.dll
0x00007ff8e56e0000 - 0x00007ff8e5787000 	C:\WINDOWS\System32\msvcrt.dll
0x00007ff8e7400000 - 0x00007ff8e7431000 	C:\WINDOWS\System32\IMM32.DLL
0x00007ff8e1c20000 - 0x00007ff8e1c2c000 	C:\Program Files (x86)\android-studio-2022.3.1.17-windows\android-studio\jbr\bin\vcruntime140_1.dll
0x00007ff8c25f0000 - 0x00007ff8c267d000 	C:\Program Files (x86)\android-studio-2022.3.1.17-windows\android-studio\jbr\bin\msvcp140.dll
0x00007ff8967a0000 - 0x00007ff89740e000 	C:\Program Files (x86)\android-studio-2022.3.1.17-windows\android-studio\jbr\bin\server\jvm.dll
0x00007ff8e5940000 - 0x00007ff8e59f0000 	C:\WINDOWS\System32\ADVAPI32.dll
0x00007ff8e5490000 - 0x00007ff8e5536000 	C:\WINDOWS\System32\sechost.dll
0x00007ff8e69d0000 - 0x00007ff8e6ae7000 	C:\WINDOWS\System32\RPCRT4.dll
0x00007ff8dba70000 - 0x00007ff8dbaa4000 	C:\WINDOWS\SYSTEM32\WINMM.dll
0x00007ff8d9390000 - 0x00007ff8d939a000 	C:\WINDOWS\SYSTEM32\VERSION.dll
0x00007ff8bffd0000 - 0x00007ff8bffd9000 	C:\WINDOWS\SYSTEM32\WSOCK32.dll
0x00007ff8e6950000 - 0x00007ff8e69c1000 	C:\WINDOWS\System32\WS2_32.dll
0x00007ff8e3b60000 - 0x00007ff8e3b78000 	C:\WINDOWS\SYSTEM32\kernel.appcore.dll
0x00007ff8e10e0000 - 0x00007ff8e10ea000 	C:\Program Files (x86)\android-studio-2022.3.1.17-windows\android-studio\jbr\bin\jimage.dll
0x00007ff8e21b0000 - 0x00007ff8e23de000 	C:\WINDOWS\SYSTEM32\DBGHELP.DLL
0x00007ff8e6360000 - 0x00007ff8e66ea000 	C:\WINDOWS\System32\combase.dll
0x00007ff8e5a80000 - 0x00007ff8e5b57000 	C:\WINDOWS\System32\OLEAUT32.dll
0x00007ff8d7a10000 - 0x00007ff8d7a42000 	C:\WINDOWS\SYSTEM32\dbgcore.DLL
0x00007ff8e4a30000 - 0x00007ff8e4aaa000 	C:\WINDOWS\System32\bcryptPrimitives.dll
0x00007ff8bd8a0000 - 0x00007ff8bd8c5000 	C:\Program Files (x86)\android-studio-2022.3.1.17-windows\android-studio\jbr\bin\java.dll
0x00007ff8cf8f0000 - 0x00007ff8cf908000 	C:\Program Files (x86)\android-studio-2022.3.1.17-windows\android-studio\jbr\bin\zip.dll
0x00007ff8e6af0000 - 0x00007ff8e7348000 	C:\WINDOWS\System32\SHELL32.dll
0x00007ff8e29a0000 - 0x00007ff8e3292000 	C:\WINDOWS\SYSTEM32\windows.storage.dll
0x00007ff8e2860000 - 0x00007ff8e299e000 	C:\WINDOWS\SYSTEM32\wintypes.dll
0x00007ff8e7450000 - 0x00007ff8e7543000 	C:\WINDOWS\System32\SHCORE.dll
0x00007ff8e7350000 - 0x00007ff8e73ae000 	C:\WINDOWS\System32\shlwapi.dll
0x00007ff8e4960000 - 0x00007ff8e4986000 	C:\WINDOWS\SYSTEM32\profapi.dll
0x00007ff8bd750000 - 0x00007ff8bd769000 	C:\Program Files (x86)\android-studio-2022.3.1.17-windows\android-studio\jbr\bin\net.dll
0x00007ff8dd540000 - 0x00007ff8dd677000 	C:\WINDOWS\SYSTEM32\WINHTTP.dll
0x00007ff8e3fe0000 - 0x00007ff8e4049000 	C:\WINDOWS\system32\mswsock.dll
0x00007ff8b5a00000 - 0x00007ff8b5a16000 	C:\Program Files (x86)\android-studio-2022.3.1.17-windows\android-studio\jbr\bin\nio.dll
0x00007ff8e10d0000 - 0x00007ff8e10e0000 	C:\Program Files (x86)\android-studio-2022.3.1.17-windows\android-studio\jbr\bin\verify.dll

dbghelp: loaded successfully - version: 4.0.5 - missing functions: none
symbol engine: initialized successfully - sym options: 0x614 - pdb path: .;C:\Program Files (x86)\android-studio-2022.3.1.17-windows\android-studio\jbr\bin;C:\WINDOWS\SYSTEM32;C:\WINDOWS\WinSxS\amd64_microsoft.windows.common-controls_6595b64144ccf1df_6.0.22621.2361_none_2712ced57382f843;C:\Program Files (x86)\android-studio-2022.3.1.17-windows\android-studio\jbr\bin\server

VM Arguments:
java_command: org.jetbrains.kotlin.cli.jvm.K2JVMCompiler @C:\workspace\android\app\build\20231023_2253468530560500178.compiler.options
java_class_path (initial): C:\Users\user\.gradle\caches\modules-2\files-2.1\org.jetbrains.kotlin\kotlin-compiler-embeddable\1.8.10\b0757fd774344d54ce93f5ad6c30ba1c1731c8ff\kotlin-compiler-embeddable-1.8.10.jar;C:\Users\user\.gradle\caches\modules-2\files-2.1\org.jetbrains.kotlin\kotlin-stdlib\1.8.10\6d5560a229477df9406943d5feda5618e98eb64c\kotlin-stdlib-1.8.10.jar;C:\Users\user\.gradle\caches\modules-2\files-2.1\org.jetbrains.kotlin\kotlin-script-runtime\1.8.10\b13ea9c7e46d589139e56086a878763290e20bd5\kotlin-script-runtime-1.8.10.jar;C:\Users\user\.gradle\caches\modules-2\files-2.1\org.jetbrains.kotlin\kotlin-reflect\1.6.10\1cbe9c92c12a94eea200d23c2bbaedaf3daf5132\kotlin-reflect-1.6.10.jar;C:\Users\user\.gradle\caches\modules-2\files-2.1\org.jetbrains.kotlin\kotlin-daemon-embeddable\1.8.10\ad8541d9bc1cf9e52c3204161247910c2cf601d4\kotlin-daemon-embeddable-1.8.10.jar;C:\Users\user\.gradle\caches\modules-2\files-2.1\org.jetbrains.intellij.deps\trove4j\1.0.20200330\3afb14d5f9ceb459d724e907a21145e8ff394f02\trove4j-1.0.20200330.jar;C:\Users\user\.gradle\caches\modules-2\files-2.1\net.java.dev.jna\jna\5.6.0\330f2244e9030119ab3030fc3fededc86713d9cc\jna-5.6.0.jar;C:\Users\user\.gradle\caches\modules-2\files-2.1\org.jetbrains.kotlin\kotlin-stdlib-common\1.8.10\a61b182458550492c12aee66157d7b524a63a5ec\kotlin-stdlib-common-1.8.10.jar;C:\Users\user\.gradle\caches\modules-2\files-2.1\org.jetbrains\annotations\13.0\919f0dfe192fb4e063e7dacadee7f8bb9a2672a9\annotations-13.0.jar
Launcher Type: SUN_STANDARD

[Global flags]
     intx CICompilerCount                          = 4                                         {product} {ergonomic}
     uint ConcGCThreads                            = 2                                         {product} {ergonomic}
     uint G1ConcRefinementThreads                  = 8                                         {product} {ergonomic}
   size_t G1HeapRegionSize                         = 1048576                                   {product} {ergonomic}
    uintx GCDrainStackTargetSize                   = 64                                        {product} {ergonomic}
   size_t InitialHeapSize                          = 130023424                                 {product} {ergonomic}
   size_t MarkStackSize                            = 4194304                                   {product} {ergonomic}
   size_t MaxHeapSize                              = 2063597568                                {product} {ergonomic}
   size_t MaxNewSize                               = 1237319680                                {product} {ergonomic}
   size_t MinHeapDeltaBytes                        = 1048576                                   {product} {ergonomic}
   size_t MinHeapSize                              = 8388608                                   {product} {ergonomic}
    uintx NonNMethodCodeHeapSize                   = 5839372                                {pd product} {ergonomic}
    uintx NonProfiledCodeHeapSize                  = 122909434                              {pd product} {ergonomic}
    uintx ProfiledCodeHeapSize                     = 122909434                              {pd product} {ergonomic}
    uintx ReservedCodeCacheSize                    = 251658240                              {pd product} {ergonomic}
     bool SegmentedCodeCache                       = true                                      {product} {ergonomic}
   size_t SoftMaxHeapSize                          = 2063597568                             {manageable} {ergonomic}
     bool UseCompressedClassPointers               = true                           {product lp64_product} {ergonomic}
     bool UseCompressedOops                        = true                           {product lp64_product} {ergonomic}
     bool UseG1GC                                  = true                                      {product} {ergonomic}
     bool UseLargePagesIndividualAllocation        = false                                  {pd product} {ergonomic}

Logging:
Log output configuration:
 #0: stdout all=warning uptime,level,tags
 #1: stderr all=off uptime,level,tags

Environment Variables:
PATH=C:\Program Files\Common Files\Oracle\Java\javapath;C:\WINDOWS\system32;C:\WINDOWS;C:\WINDOWS\System32\Wbem;C:\WINDOWS\System32\WindowsPowerShell\v1.0\;C:\WINDOWS\System32\OpenSSH\;C:\Program Files (x86)\Git\cmd;C:\Program Files\Java\jdk-18.0.2.1\bin;C:\Program Files\MATLAB\R2022a\bin;C:\Program Files\Java\openssl-0.9.8e_X64\bin;C:\Program Files\nodejs\;C:\ProgramData\chocolatey\bin;C:\Users\user\AppData\Local\Programs\Python\Python39\Scripts\;C:\Users\user\AppData\Local\Programs\Python\Python39\;C:\Users\user\AppData\Local\Microsoft\WindowsApps;C:\Users\user\AppData\Local\Programs\Microsoft VS Code\bin;C:\Program Files\JetBrains\PyCharm Community Edition 2021.2\bin;;C:\Users\user\flutter\bin;C:\Users\user\AppData\Roaming\npm;C:\Program Files\JetBrains\IntelliJ IDEA 2023.2.2\bin;;C:\Users\user\AppData\Local\afreeca;C:\Program Files (x86)\ESTsoft\ALSee\x64
USERNAME=user
OS=Windows_NT
PROCESSOR_IDENTIFIER=Intel64 Family 6 Model 140 Stepping 1, GenuineIntel
TMP=C:\Users\user\AppData\Local\Temp
TEMP=C:\Users\user\AppData\Local\Temp


JNI global refs:
JNI global refs: 14, weak refs: 32

JNI global refs memory usage: 843, weak refs: 841


---------------  S Y S T E M  ---------------

OS:
 Windows 11 , 64 bit Build 22621 (10.0.22621.2428)
OS uptime: 0 days 21:08 hours

CPU: total 8 (initial active 8) (4 cores per cpu, 2 threads per core) family 6 model 140 stepping 1 microcode 0x9a, cx8, cmov, fxsr, ht, mmx, 3dnowpref, sse, sse2, sse3, ssse3, sse4.1, sse4.2, popcnt, lzcnt, tsc, tscinvbit, avx, avx2, aes, erms, clmul, bmi1, bmi2, adx, avx512f, avx512dq, avx512cd, avx512bw, avx512vl, sha, fma, vzeroupper, avx512_vpopcntdq, avx512_vpclmulqdq, avx512_vaes, avx512_vnni, clflush, clflushopt, clwb, avx512_vbmi2, avx512_vbmi

Memory: 4k page, system-wide physical 7865M (591M free)
TotalPageFile size 14038M (AvailPageFile size 192M)
current process WorkingSet (physical memory assigned to process): 318M, peak: 323M
current process commit charge ("private bytes"): 359M, peak: 557M

vm_info: OpenJDK 64-Bit Server VM (17.0.6+0-b2043.56-10027231) for windows-amd64 JRE (17.0.6+0-b2043.56-10027231), built on Apr 28 2023 00:43:19 by "androidbuild" with MS VC++ 16.10 / 16.11 (VS2019)

END.
