#
# There is insufficient memory for the Java Runtime Environment to continue.
# Native memory allocation (malloc) failed to allocate 1128880 bytes for Chunk::new
# Possible reasons:
#   The system is out of physical RAM or swap space
#   The process is running with CompressedOops enabled, and the Java Heap may be blocking the growth of the native heap
# Possible solutions:
#   Reduce memory load on the system
#   Increase physical memory or swap space
#   Check if swap backing store is full
#   Decrease Java heap size (-Xmx/-Xms)
#   Decrease number of Java threads
#   Decrease Java thread stack sizes (-Xss)
#   Set larger code cache with -XX:ReservedCodeCacheSize=
#   JVM is running with Unscaled Compressed Oops mode in which the Java heap is
#     placed in the first 4GB address space. The Java Heap base address is the
#     maximum limit for the native heap growth. Please use -XX:HeapBaseMinAddress
#     to set the Java Heap base and to place the Java Heap above 4GB virtual address.
# This output file may be truncated or incomplete.
#
#  Out of Memory Error (arena.cpp:189), pid=20832, tid=20952
#
# JRE version: OpenJDK Runtime Environment (17.0.6) (build 17.0.6+0-b2043.56-10027231)
# Java VM: OpenJDK 64-Bit Server VM (17.0.6+0-b2043.56-10027231, mixed mode, tiered, compressed oops, compressed class ptrs, g1 gc, windows-amd64)
# No core dump will be written. Minidumps are not enabled by default on client versions of Windows
#

---------------  S U M M A R Y ------------

Command Line: org.jetbrains.kotlin.cli.jvm.K2JVMCompiler @C:\workspace\android\app\build\20231010_16371940744676558689.compiler.options

Host: 11th Gen Intel(R) Core(TM) i5-1135G7 @ 2.40GHz, 8 cores, 7G,  Windows 11 , 64 bit Build 22621 (10.0.22621.2215)
Time: Tue Oct 10 13:07:50 2023  Windows 11 , 64 bit Build 22621 (10.0.22621.2215) elapsed time: 28.872295 seconds (0d 0h 0m 28s)

---------------  T H R E A D  ---------------

Current thread (0x0000028be408c740):  JavaThread "C2 CompilerThread0" daemon [_thread_in_native, id=20952, stack(0x0000009131e00000,0x0000009131f00000)]


Current CompileTask:
C2:  28872 16679       4       org.jetbrains.kotlin.resolve.calls.tower.KotlinToResolvedCallTransformer::runArgumentsChecks (420 bytes)

Stack: [0x0000009131e00000,0x0000009131f00000]
Native frames: (J=compiled Java code, j=interpreted, Vv=VM code, C=native code)
V  [jvm.dll+0x683c9a]
V  [jvm.dll+0x8427a4]
V  [jvm.dll+0x843f9e]
V  [jvm.dll+0x844603]
V  [jvm.dll+0x249b75]
V  [jvm.dll+0xabcac]
V  [jvm.dll+0xac27c]
V  [jvm.dll+0x368857]
V  [jvm.dll+0x1bd0b8]
V  [jvm.dll+0x21c359]
V  [jvm.dll+0x21b621]
V  [jvm.dll+0x1a4fdd]
V  [jvm.dll+0x22b098]
V  [jvm.dll+0x229159]
V  [jvm.dll+0x7f81ec]
V  [jvm.dll+0x7f274a]
V  [jvm.dll+0x682ad5]
C  [ucrtbase.dll+0x29363]
C  [KERNEL32.DLL+0x1257d]
C  [ntdll.dll+0x5aa68]


---------------  P R O C E S S  ---------------

Threads class SMR info:
_java_thread_list=0x0000028be4859c70, length=14, elements={
0x0000028bc98b9570, 0x0000028be4032250, 0x0000028be4036130, 0x0000028be406c860,
0x0000028be406d210, 0x0000028be408b1a0, 0x0000028be408ba60, 0x0000028be408c740,
0x0000028be4092610, 0x0000028be409f570, 0x0000028be41ef350, 0x0000028be41f42d0,
0x0000028be42f6fc0, 0x0000028be48a8470
}

Java Threads: ( => current thread )
  0x0000028bc98b9570 JavaThread "main" [_thread_in_Java, id=20900, stack(0x0000009131100000,0x0000009131200000)]
  0x0000028be4032250 JavaThread "Reference Handler" daemon [_thread_blocked, id=20928, stack(0x0000009131800000,0x0000009131900000)]
  0x0000028be4036130 JavaThread "Finalizer" daemon [_thread_blocked, id=20932, stack(0x0000009131900000,0x0000009131a00000)]
  0x0000028be406c860 JavaThread "Signal Dispatcher" daemon [_thread_blocked, id=20936, stack(0x0000009131a00000,0x0000009131b00000)]
  0x0000028be406d210 JavaThread "Attach Listener" daemon [_thread_blocked, id=20940, stack(0x0000009131b00000,0x0000009131c00000)]
  0x0000028be408b1a0 JavaThread "Service Thread" daemon [_thread_blocked, id=20944, stack(0x0000009131c00000,0x0000009131d00000)]
  0x0000028be408ba60 JavaThread "Monitor Deflation Thread" daemon [_thread_blocked, id=20948, stack(0x0000009131d00000,0x0000009131e00000)]
=>0x0000028be408c740 JavaThread "C2 CompilerThread0" daemon [_thread_in_native, id=20952, stack(0x0000009131e00000,0x0000009131f00000)]
  0x0000028be4092610 JavaThread "C1 CompilerThread0" daemon [_thread_blocked, id=20956, stack(0x0000009131f00000,0x0000009132000000)]
  0x0000028be409f570 JavaThread "Sweeper thread" daemon [_thread_blocked, id=20960, stack(0x0000009132000000,0x0000009132100000)]
  0x0000028be41ef350 JavaThread "Notification Thread" daemon [_thread_blocked, id=20968, stack(0x0000009132100000,0x0000009132200000)]
  0x0000028be41f42d0 JavaThread "Common-Cleaner" daemon [_thread_blocked, id=20976, stack(0x0000009132300000,0x0000009132400000)]
  0x0000028be42f6fc0 JavaThread "C2 CompilerThread1" daemon [_thread_in_native, id=20984, stack(0x0000009132400000,0x0000009132500000)]
  0x0000028be48a8470 JavaThread "C2 CompilerThread2" daemon [_thread_in_native, id=21004, stack(0x0000009132900000,0x0000009132a00000)]

Other Threads:
  0x0000028be3431db0 VMThread "VM Thread" [stack: 0x0000009131700000,0x0000009131800000] [id=20924]
  0x0000028be41ef820 WatcherThread [stack: 0x0000009132200000,0x0000009132300000] [id=20972]
  0x0000028bc9915040 GCTaskThread "GC Thread#0" [stack: 0x0000009131200000,0x0000009131300000] [id=20904]
  0x0000028be4874c50 GCTaskThread "GC Thread#1" [stack: 0x0000009132500000,0x0000009132600000] [id=20988]
  0x0000028be4842800 GCTaskThread "GC Thread#2" [stack: 0x0000009132600000,0x0000009132700000] [id=20992]
  0x0000028be48803a0 GCTaskThread "GC Thread#3" [stack: 0x0000009132700000,0x0000009132800000] [id=20996]
  0x0000028be4880650 GCTaskThread "GC Thread#4" [stack: 0x0000009132800000,0x0000009132900000] [id=21000]
  0x0000028be55dd870 GCTaskThread "GC Thread#5" [stack: 0x0000009132a00000,0x0000009132b00000] [id=21008]
  0x0000028be57b9390 GCTaskThread "GC Thread#6" [stack: 0x0000009132b00000,0x0000009132c00000] [id=21012]
  0x0000028be5584d00 GCTaskThread "GC Thread#7" [stack: 0x0000009132c00000,0x0000009132d00000] [id=21016]
  0x0000028bc9925580 ConcurrentGCThread "G1 Main Marker" [stack: 0x0000009131300000,0x0000009131400000] [id=20908]
  0x0000028bc9925f90 ConcurrentGCThread "G1 Conc#0" [stack: 0x0000009131400000,0x0000009131500000] [id=20912]
  0x0000028be5585260 ConcurrentGCThread "G1 Conc#1" [stack: 0x0000009132d00000,0x0000009132e00000] [id=21024]
  0x0000028bc997dc20 ConcurrentGCThread "G1 Refine#0" [stack: 0x0000009131500000,0x0000009131600000] [id=20916]
  0x0000028be84d2010 ConcurrentGCThread "G1 Refine#1" [stack: 0x0000009132e00000,0x0000009132f00000] [id=21060]
  0x0000028be74ea290 ConcurrentGCThread "G1 Refine#2" [stack: 0x0000009132f00000,0x0000009133000000] [id=21108]
  0x0000028be74ea570 ConcurrentGCThread "G1 Refine#3" [stack: 0x0000009133000000,0x0000009133100000] [id=21112]
  0x0000028be74e9150 ConcurrentGCThread "G1 Refine#4" [stack: 0x0000009133100000,0x0000009133200000] [id=21116]
  0x0000028be74e8b90 ConcurrentGCThread "G1 Refine#5" [stack: 0x0000009133200000,0x0000009133300000] [id=21120]
  0x0000028bea8b8b90 ConcurrentGCThread "G1 Refine#6" [stack: 0x0000009133300000,0x0000009133400000] [id=21244]
  0x0000028bc997e640 ConcurrentGCThread "G1 Service" [stack: 0x0000009131600000,0x0000009131700000] [id=20920]

Threads with active compile tasks:
C2 CompilerThread0    28926 16679       4       org.jetbrains.kotlin.resolve.calls.tower.KotlinToResolvedCallTransformer::runArgumentsChecks (420 bytes)
C1 CompilerThread0    28927 16690       3       org.jetbrains.kotlin.resolve.calls.components.PostponeArgumentsChecksKt::extractLambdaInfoFromFunctionalType$orExpected (61 bytes)
C2 CompilerThread1    28927 16672       4       org.jetbrains.kotlin.resolve.calls.tower.TowerResolver::runResolve (39 bytes)
C2 CompilerThread2    28927 16654       4       org.jetbrains.kotlin.resolve.calls.KotlinCallResolver::resolveCall (311 bytes)

VM state: not at safepoint (normal execution)

VM Mutex/Monitor currently owned by a thread: None

Heap address: 0x0000000085000000, size: 1968 MB, Compressed Oops mode: 32-bit

CDS archive(s) not mapped
Compressed class space mapped at: 0x0000000100000000-0x0000000140000000, reserved size: 1073741824
Narrow klass base: 0x0000000000000000, Narrow klass shift: 3, Narrow klass range: 0x140000000

GC Precious Log:
 CPUs: 8 total, 8 available
 Memory: 7865M
 Large Page Support: Disabled
 NUMA Support: Disabled
 Compressed Oops: Enabled (32-bit)
 Heap Region Size: 1M
 Heap Min Capacity: 8M
 Heap Initial Capacity: 124M
 Heap Max Capacity: 1968M
 Pre-touch: Disabled
 Parallel Workers: 8
 Concurrent Workers: 2
 Concurrent Refinement Workers: 8
 Periodic GC: Disabled

Heap:
 garbage-first heap   total 324608K, used 199865K [0x0000000085000000, 0x0000000100000000)
  region size 1024K, 43 young (44032K), 9 survivors (9216K)
 Metaspace       used 72915K, committed 73216K, reserved 1114112K
  class space    used 8086K, committed 8256K, reserved 1048576K

Heap Regions: E=young(eden), S=young(survivor), O=old, HS=humongous(starts), HC=humongous(continues), CS=collection set, F=free, OA=open archive, CA=closed archive, TAMS=top-at-mark-start (previous, next)
|   0|0x0000000085000000, 0x0000000085100000, 0x0000000085100000|100%|HS|  |TAMS 0x0000000085100000, 0x0000000085000000| Complete 
|   1|0x0000000085100000, 0x0000000085200000, 0x0000000085200000|100%|HC|  |TAMS 0x0000000085200000, 0x0000000085100000| Complete 
|   2|0x0000000085200000, 0x0000000085300000, 0x0000000085300000|100%|HC|  |TAMS 0x0000000085300000, 0x0000000085200000| Complete 
|   3|0x0000000085300000, 0x0000000085400000, 0x0000000085400000|100%|HC|  |TAMS 0x0000000085400000, 0x0000000085300000| Complete 
|   4|0x0000000085400000, 0x0000000085500000, 0x0000000085500000|100%| O|  |TAMS 0x0000000085500000, 0x0000000085400000| Untracked 
|   5|0x0000000085500000, 0x0000000085600000, 0x0000000085600000|100%| O|  |TAMS 0x0000000085600000, 0x0000000085500000| Untracked 
|   6|0x0000000085600000, 0x00000000856e9e00, 0x0000000085700000| 91%| O|  |TAMS 0x00000000856e9e00, 0x0000000085600000| Untracked 
|   7|0x0000000085700000, 0x0000000085800000, 0x0000000085800000|100%|HS|  |TAMS 0x0000000085800000, 0x0000000085700000| Complete 
|   8|0x0000000085800000, 0x0000000085900000, 0x0000000085900000|100%|HC|  |TAMS 0x0000000085900000, 0x0000000085800000| Complete 
|   9|0x0000000085900000, 0x0000000085a00000, 0x0000000085a00000|100%|HC|  |TAMS 0x0000000085a00000, 0x0000000085900000| Complete 
|  10|0x0000000085a00000, 0x0000000085b00000, 0x0000000085b00000|100%|HC|  |TAMS 0x0000000085b00000, 0x0000000085a00000| Complete 
|  11|0x0000000085b00000, 0x0000000085c00000, 0x0000000085c00000|100%| O|  |TAMS 0x0000000085c00000, 0x0000000085b00000| Untracked 
|  12|0x0000000085c00000, 0x0000000085d00000, 0x0000000085d00000|100%| O|  |TAMS 0x0000000085d00000, 0x0000000085c00000| Untracked 
|  13|0x0000000085d00000, 0x0000000085e00000, 0x0000000085e00000|100%| O|  |TAMS 0x0000000085e00000, 0x0000000085d00000| Untracked 
|  14|0x0000000085e00000, 0x0000000085f00000, 0x0000000085f00000|100%| O|  |TAMS 0x0000000085f00000, 0x0000000085e00000| Untracked 
|  15|0x0000000085f00000, 0x0000000086000000, 0x0000000086000000|100%| O|  |TAMS 0x0000000086000000, 0x0000000085f00000| Untracked 
|  16|0x0000000086000000, 0x0000000086100000, 0x0000000086100000|100%| O|  |TAMS 0x0000000086100000, 0x0000000086000000| Untracked 
|  17|0x0000000086100000, 0x0000000086200000, 0x0000000086200000|100%| O|  |TAMS 0x0000000086200000, 0x0000000086100000| Untracked 
|  18|0x0000000086200000, 0x0000000086300000, 0x0000000086300000|100%| O|  |TAMS 0x0000000086300000, 0x0000000086200000| Untracked 
|  19|0x0000000086300000, 0x0000000086400000, 0x0000000086400000|100%| O|  |TAMS 0x0000000086400000, 0x0000000086300000| Untracked 
|  20|0x0000000086400000, 0x0000000086500000, 0x0000000086500000|100%| O|  |TAMS 0x0000000086500000, 0x0000000086400000| Untracked 
|  21|0x0000000086500000, 0x0000000086600000, 0x0000000086600000|100%| O|  |TAMS 0x0000000086600000, 0x0000000086500000| Untracked 
|  22|0x0000000086600000, 0x0000000086700000, 0x0000000086700000|100%| O|  |TAMS 0x0000000086700000, 0x0000000086600000| Untracked 
|  23|0x0000000086700000, 0x0000000086800000, 0x0000000086800000|100%| O|  |TAMS 0x0000000086800000, 0x0000000086700000| Untracked 
|  24|0x0000000086800000, 0x0000000086900000, 0x0000000086900000|100%| O|  |TAMS 0x0000000086900000, 0x0000000086800000| Untracked 
|  25|0x0000000086900000, 0x0000000086a00000, 0x0000000086a00000|100%| O|  |TAMS 0x0000000086a00000, 0x0000000086900000| Untracked 
|  26|0x0000000086a00000, 0x0000000086b00000, 0x0000000086b00000|100%| O|  |TAMS 0x0000000086b00000, 0x0000000086a00000| Untracked 
|  27|0x0000000086b00000, 0x0000000086c00000, 0x0000000086c00000|100%| O|  |TAMS 0x0000000086c00000, 0x0000000086b00000| Untracked 
|  28|0x0000000086c00000, 0x0000000086d00000, 0x0000000086d00000|100%| O|  |TAMS 0x0000000086d00000, 0x0000000086c00000| Untracked 
|  29|0x0000000086d00000, 0x0000000086e00000, 0x0000000086e00000|100%| O|  |TAMS 0x0000000086e00000, 0x0000000086d00000| Untracked 
|  30|0x0000000086e00000, 0x0000000086f00000, 0x0000000086f00000|100%| O|  |TAMS 0x0000000086f00000, 0x0000000086e00000| Untracked 
|  31|0x0000000086f00000, 0x0000000087000000, 0x0000000087000000|100%| O|  |TAMS 0x0000000087000000, 0x0000000086f00000| Untracked 
|  32|0x0000000087000000, 0x0000000087100000, 0x0000000087100000|100%| O|  |TAMS 0x0000000087100000, 0x0000000087000000| Untracked 
|  33|0x0000000087100000, 0x0000000087200000, 0x0000000087200000|100%| O|  |TAMS 0x0000000087200000, 0x0000000087100000| Untracked 
|  34|0x0000000087200000, 0x0000000087300000, 0x0000000087300000|100%| O|  |TAMS 0x0000000087300000, 0x0000000087200000| Untracked 
|  35|0x0000000087300000, 0x0000000087400000, 0x0000000087400000|100%| O|  |TAMS 0x0000000087400000, 0x0000000087300000| Untracked 
|  36|0x0000000087400000, 0x0000000087500000, 0x0000000087500000|100%| O|  |TAMS 0x0000000087500000, 0x0000000087400000| Untracked 
|  37|0x0000000087500000, 0x0000000087600000, 0x0000000087600000|100%| O|  |TAMS 0x0000000087600000, 0x0000000087500000| Untracked 
|  38|0x0000000087600000, 0x0000000087700000, 0x0000000087700000|100%| O|  |TAMS 0x0000000087700000, 0x0000000087600000| Untracked 
|  39|0x0000000087700000, 0x0000000087800000, 0x0000000087800000|100%| O|  |TAMS 0x0000000087800000, 0x0000000087700000| Untracked 
|  40|0x0000000087800000, 0x0000000087900000, 0x0000000087900000|100%| O|  |TAMS 0x0000000087900000, 0x0000000087800000| Untracked 
|  41|0x0000000087900000, 0x0000000087a00000, 0x0000000087a00000|100%| O|  |TAMS 0x0000000087a00000, 0x0000000087900000| Untracked 
|  42|0x0000000087a00000, 0x0000000087b00000, 0x0000000087b00000|100%| O|  |TAMS 0x0000000087b00000, 0x0000000087a00000| Untracked 
|  43|0x0000000087b00000, 0x0000000087c00000, 0x0000000087c00000|100%| O|  |TAMS 0x0000000087c00000, 0x0000000087b00000| Untracked 
|  44|0x0000000087c00000, 0x0000000087d00000, 0x0000000087d00000|100%| O|  |TAMS 0x0000000087d00000, 0x0000000087c00000| Untracked 
|  45|0x0000000087d00000, 0x0000000087e00000, 0x0000000087e00000|100%| O|  |TAMS 0x0000000087e00000, 0x0000000087d00000| Untracked 
|  46|0x0000000087e00000, 0x0000000087f00000, 0x0000000087f00000|100%| O|  |TAMS 0x0000000087e00000, 0x0000000087e00000| Untracked 
|  47|0x0000000087f00000, 0x0000000088000000, 0x0000000088000000|100%| O|  |TAMS 0x0000000088000000, 0x0000000087f00000| Untracked 
|  48|0x0000000088000000, 0x0000000088100000, 0x0000000088100000|100%| O|  |TAMS 0x0000000088100000, 0x0000000088000000| Untracked 
|  49|0x0000000088100000, 0x0000000088200000, 0x0000000088200000|100%| O|  |TAMS 0x0000000088200000, 0x0000000088100000| Untracked 
|  50|0x0000000088200000, 0x0000000088300000, 0x0000000088300000|100%| O|  |TAMS 0x0000000088300000, 0x0000000088200000| Untracked 
|  51|0x0000000088300000, 0x0000000088400000, 0x0000000088400000|100%| O|  |TAMS 0x0000000088400000, 0x0000000088300000| Untracked 
|  52|0x0000000088400000, 0x0000000088500000, 0x0000000088500000|100%| O|  |TAMS 0x0000000088500000, 0x0000000088400000| Untracked 
|  53|0x0000000088500000, 0x0000000088600000, 0x0000000088600000|100%| O|  |TAMS 0x0000000088600000, 0x0000000088500000| Untracked 
|  54|0x0000000088600000, 0x0000000088700000, 0x0000000088700000|100%|HS|  |TAMS 0x0000000088700000, 0x0000000088600000| Complete 
|  55|0x0000000088700000, 0x0000000088800000, 0x0000000088800000|100%|HC|  |TAMS 0x0000000088800000, 0x0000000088700000| Complete 
|  56|0x0000000088800000, 0x0000000088900000, 0x0000000088900000|100%| O|  |TAMS 0x0000000088900000, 0x0000000088800000| Untracked 
|  57|0x0000000088900000, 0x0000000088a00000, 0x0000000088a00000|100%| O|  |TAMS 0x0000000088a00000, 0x0000000088900000| Untracked 
|  58|0x0000000088a00000, 0x0000000088b00000, 0x0000000088b00000|100%| O|  |TAMS 0x0000000088a00000, 0x0000000088a00000| Untracked 
|  59|0x0000000088b00000, 0x0000000088c00000, 0x0000000088c00000|100%| O|  |TAMS 0x0000000088c00000, 0x0000000088b00000| Untracked 
|  60|0x0000000088c00000, 0x0000000088d00000, 0x0000000088d00000|100%| O|  |TAMS 0x0000000088d00000, 0x0000000088c00000| Untracked 
|  61|0x0000000088d00000, 0x0000000088e00000, 0x0000000088e00000|100%| O|  |TAMS 0x0000000088e00000, 0x0000000088d00000| Untracked 
|  62|0x0000000088e00000, 0x0000000088f00000, 0x0000000088f00000|100%|HS|  |TAMS 0x0000000088f00000, 0x0000000088e00000| Complete 
|  63|0x0000000088f00000, 0x0000000089000000, 0x0000000089000000|100%|HC|  |TAMS 0x0000000089000000, 0x0000000088f00000| Complete 
|  64|0x0000000089000000, 0x0000000089100000, 0x0000000089100000|100%| O|  |TAMS 0x0000000089000000, 0x0000000089000000| Untracked 
|  65|0x0000000089100000, 0x0000000089200000, 0x0000000089200000|100%| O|  |TAMS 0x0000000089200000, 0x0000000089100000| Untracked 
|  66|0x0000000089200000, 0x0000000089300000, 0x0000000089300000|100%| O|  |TAMS 0x0000000089300000, 0x0000000089200000| Untracked 
|  67|0x0000000089300000, 0x0000000089400000, 0x0000000089400000|100%| O|  |TAMS 0x0000000089400000, 0x0000000089300000| Untracked 
|  68|0x0000000089400000, 0x0000000089500000, 0x0000000089500000|100%| O|  |TAMS 0x0000000089500000, 0x0000000089400000| Untracked 
|  69|0x0000000089500000, 0x0000000089600000, 0x0000000089600000|100%| O|  |TAMS 0x0000000089600000, 0x0000000089500000| Untracked 
|  70|0x0000000089600000, 0x0000000089700000, 0x0000000089700000|100%| O|  |TAMS 0x0000000089700000, 0x0000000089600000| Untracked 
|  71|0x0000000089700000, 0x0000000089800000, 0x0000000089800000|100%| O|  |TAMS 0x0000000089800000, 0x0000000089700000| Untracked 
|  72|0x0000000089800000, 0x0000000089900000, 0x0000000089900000|100%| O|  |TAMS 0x0000000089900000, 0x0000000089800000| Untracked 
|  73|0x0000000089900000, 0x0000000089a00000, 0x0000000089a00000|100%| O|  |TAMS 0x0000000089a00000, 0x0000000089900000| Untracked 
|  74|0x0000000089a00000, 0x0000000089b00000, 0x0000000089b00000|100%| O|  |TAMS 0x0000000089b00000, 0x0000000089a00000| Untracked 
|  75|0x0000000089b00000, 0x0000000089c00000, 0x0000000089c00000|100%| O|  |TAMS 0x0000000089c00000, 0x0000000089b00000| Untracked 
|  76|0x0000000089c00000, 0x0000000089d00000, 0x0000000089d00000|100%| O|  |TAMS 0x0000000089d00000, 0x0000000089c00000| Untracked 
|  77|0x0000000089d00000, 0x0000000089e00000, 0x0000000089e00000|100%| O|  |TAMS 0x0000000089e00000, 0x0000000089d00000| Untracked 
|  78|0x0000000089e00000, 0x0000000089f00000, 0x0000000089f00000|100%| O|  |TAMS 0x0000000089f00000, 0x0000000089e00000| Untracked 
|  79|0x0000000089f00000, 0x000000008a000000, 0x000000008a000000|100%| O|  |TAMS 0x000000008a000000, 0x0000000089f00000| Untracked 
|  80|0x000000008a000000, 0x000000008a100000, 0x000000008a100000|100%| O|  |TAMS 0x000000008a100000, 0x000000008a000000| Untracked 
|  81|0x000000008a100000, 0x000000008a200000, 0x000000008a200000|100%| O|  |TAMS 0x000000008a200000, 0x000000008a100000| Untracked 
|  82|0x000000008a200000, 0x000000008a300000, 0x000000008a300000|100%| O|  |TAMS 0x000000008a300000, 0x000000008a200000| Untracked 
|  83|0x000000008a300000, 0x000000008a400000, 0x000000008a400000|100%| O|  |TAMS 0x000000008a400000, 0x000000008a300000| Untracked 
|  84|0x000000008a400000, 0x000000008a500000, 0x000000008a500000|100%| O|  |TAMS 0x000000008a500000, 0x000000008a400000| Untracked 
|  85|0x000000008a500000, 0x000000008a600000, 0x000000008a600000|100%| O|  |TAMS 0x000000008a56a800, 0x000000008a500000| Untracked 
|  86|0x000000008a600000, 0x000000008a700000, 0x000000008a700000|100%| O|  |TAMS 0x000000008a600000, 0x000000008a600000| Untracked 
|  87|0x000000008a700000, 0x000000008a800000, 0x000000008a800000|100%| O|  |TAMS 0x000000008a700000, 0x000000008a700000| Untracked 
|  88|0x000000008a800000, 0x000000008a900000, 0x000000008a900000|100%| O|  |TAMS 0x000000008a800000, 0x000000008a800000| Untracked 
|  89|0x000000008a900000, 0x000000008aa00000, 0x000000008aa00000|100%| O|  |TAMS 0x000000008a900000, 0x000000008a900000| Untracked 
|  90|0x000000008aa00000, 0x000000008ab00000, 0x000000008ab00000|100%| O|  |TAMS 0x000000008aa00000, 0x000000008aa00000| Untracked 
|  91|0x000000008ab00000, 0x000000008ac00000, 0x000000008ac00000|100%| O|  |TAMS 0x000000008ab00000, 0x000000008ab00000| Untracked 
|  92|0x000000008ac00000, 0x000000008ad00000, 0x000000008ad00000|100%| O|  |TAMS 0x000000008ac00000, 0x000000008ac00000| Untracked 
|  93|0x000000008ad00000, 0x000000008ae00000, 0x000000008ae00000|100%| O|  |TAMS 0x000000008ad00000, 0x000000008ad00000| Untracked 
|  94|0x000000008ae00000, 0x000000008af00000, 0x000000008af00000|100%| O|  |TAMS 0x000000008ae00000, 0x000000008ae00000| Untracked 
|  95|0x000000008af00000, 0x000000008b000000, 0x000000008b000000|100%| O|  |TAMS 0x000000008af00000, 0x000000008af00000| Untracked 
|  96|0x000000008b000000, 0x000000008b100000, 0x000000008b100000|100%| O|  |TAMS 0x000000008b000000, 0x000000008b000000| Untracked 
|  97|0x000000008b100000, 0x000000008b200000, 0x000000008b200000|100%| O|  |TAMS 0x000000008b100000, 0x000000008b100000| Untracked 
|  98|0x000000008b200000, 0x000000008b300000, 0x000000008b300000|100%| O|  |TAMS 0x000000008b200000, 0x000000008b200000| Untracked 
|  99|0x000000008b300000, 0x000000008b400000, 0x000000008b400000|100%| O|  |TAMS 0x000000008b300000, 0x000000008b300000| Untracked 
| 100|0x000000008b400000, 0x000000008b500000, 0x000000008b500000|100%| O|  |TAMS 0x000000008b400000, 0x000000008b400000| Untracked 
| 101|0x000000008b500000, 0x000000008b600000, 0x000000008b600000|100%| O|  |TAMS 0x000000008b500000, 0x000000008b500000| Untracked 
| 102|0x000000008b600000, 0x000000008b700000, 0x000000008b700000|100%| O|  |TAMS 0x000000008b600000, 0x000000008b600000| Untracked 
| 103|0x000000008b700000, 0x000000008b800000, 0x000000008b800000|100%| O|  |TAMS 0x000000008b700000, 0x000000008b700000| Untracked 
| 104|0x000000008b800000, 0x000000008b900000, 0x000000008b900000|100%| O|  |TAMS 0x000000008b800000, 0x000000008b800000| Untracked 
| 105|0x000000008b900000, 0x000000008ba00000, 0x000000008ba00000|100%| O|  |TAMS 0x000000008b900000, 0x000000008b900000| Untracked 
| 106|0x000000008ba00000, 0x000000008bb00000, 0x000000008bb00000|100%| O|  |TAMS 0x000000008ba00000, 0x000000008ba00000| Untracked 
| 107|0x000000008bb00000, 0x000000008bc00000, 0x000000008bc00000|100%| O|  |TAMS 0x000000008bb00000, 0x000000008bb00000| Untracked 
| 108|0x000000008bc00000, 0x000000008bd00000, 0x000000008bd00000|100%| O|  |TAMS 0x000000008bc00000, 0x000000008bc00000| Untracked 
| 109|0x000000008bd00000, 0x000000008be00000, 0x000000008be00000|100%| O|  |TAMS 0x000000008bd00000, 0x000000008bd00000| Untracked 
| 110|0x000000008be00000, 0x000000008bf00000, 0x000000008bf00000|100%| O|  |TAMS 0x000000008be00000, 0x000000008be00000| Untracked 
| 111|0x000000008bf00000, 0x000000008c000000, 0x000000008c000000|100%| O|  |TAMS 0x000000008bf00000, 0x000000008bf00000| Untracked 
| 112|0x000000008c000000, 0x000000008c100000, 0x000000008c100000|100%| O|  |TAMS 0x000000008c000000, 0x000000008c000000| Untracked 
| 113|0x000000008c100000, 0x000000008c200000, 0x000000008c200000|100%| O|  |TAMS 0x000000008c100000, 0x000000008c100000| Untracked 
| 114|0x000000008c200000, 0x000000008c300000, 0x000000008c300000|100%| O|  |TAMS 0x000000008c200000, 0x000000008c200000| Untracked 
| 115|0x000000008c300000, 0x000000008c400000, 0x000000008c400000|100%|HS|  |TAMS 0x000000008c300000, 0x000000008c300000| Complete 
| 116|0x000000008c400000, 0x000000008c500000, 0x000000008c500000|100%|HC|  |TAMS 0x000000008c400000, 0x000000008c400000| Complete 
| 117|0x000000008c500000, 0x000000008c600000, 0x000000008c600000|100%|HC|  |TAMS 0x000000008c500000, 0x000000008c500000| Complete 
| 118|0x000000008c600000, 0x000000008c700000, 0x000000008c700000|100%|HC|  |TAMS 0x000000008c600000, 0x000000008c600000| Complete 
| 119|0x000000008c700000, 0x000000008c800000, 0x000000008c800000|100%|HC|  |TAMS 0x000000008c700000, 0x000000008c700000| Complete 
| 120|0x000000008c800000, 0x000000008c900000, 0x000000008c900000|100%|HC|  |TAMS 0x000000008c800000, 0x000000008c800000| Complete 
| 121|0x000000008c900000, 0x000000008ca00000, 0x000000008ca00000|100%|HC|  |TAMS 0x000000008c900000, 0x000000008c900000| Complete 
| 122|0x000000008ca00000, 0x000000008cb00000, 0x000000008cb00000|100%|HC|  |TAMS 0x000000008ca00000, 0x000000008ca00000| Complete 
| 123|0x000000008cb00000, 0x000000008cc00000, 0x000000008cc00000|100%|HC|  |TAMS 0x000000008cb00000, 0x000000008cb00000| Complete 
| 124|0x000000008cc00000, 0x000000008cd00000, 0x000000008cd00000|100%| O|  |TAMS 0x000000008cc00000, 0x000000008cc00000| Untracked 
| 125|0x000000008cd00000, 0x000000008ce00000, 0x000000008ce00000|100%| O|  |TAMS 0x000000008cd00000, 0x000000008cd00000| Untracked 
| 126|0x000000008ce00000, 0x000000008cf00000, 0x000000008cf00000|100%| O|  |TAMS 0x000000008ce00000, 0x000000008ce00000| Untracked 
| 127|0x000000008cf00000, 0x000000008d000000, 0x000000008d000000|100%| O|  |TAMS 0x000000008cf00000, 0x000000008cf00000| Untracked 
| 128|0x000000008d000000, 0x000000008d100000, 0x000000008d100000|100%| O|  |TAMS 0x000000008d000000, 0x000000008d000000| Untracked 
| 129|0x000000008d100000, 0x000000008d200000, 0x000000008d200000|100%| O|  |TAMS 0x000000008d100000, 0x000000008d100000| Untracked 
| 130|0x000000008d200000, 0x000000008d300000, 0x000000008d300000|100%| O|  |TAMS 0x000000008d200000, 0x000000008d200000| Untracked 
| 131|0x000000008d300000, 0x000000008d400000, 0x000000008d400000|100%| O|  |TAMS 0x000000008d300000, 0x000000008d300000| Untracked 
| 132|0x000000008d400000, 0x000000008d500000, 0x000000008d500000|100%| O|  |TAMS 0x000000008d400000, 0x000000008d400000| Untracked 
| 133|0x000000008d500000, 0x000000008d600000, 0x000000008d600000|100%| O|  |TAMS 0x000000008d500000, 0x000000008d500000| Untracked 
| 134|0x000000008d600000, 0x000000008d700000, 0x000000008d700000|100%| O|  |TAMS 0x000000008d600000, 0x000000008d600000| Untracked 
| 135|0x000000008d700000, 0x000000008d800000, 0x000000008d800000|100%| O|  |TAMS 0x000000008d700000, 0x000000008d700000| Untracked 
| 136|0x000000008d800000, 0x000000008d900000, 0x000000008d900000|100%| O|  |TAMS 0x000000008d800000, 0x000000008d800000| Untracked 
| 137|0x000000008d900000, 0x000000008da00000, 0x000000008da00000|100%| O|  |TAMS 0x000000008d900000, 0x000000008d900000| Untracked 
| 138|0x000000008da00000, 0x000000008db00000, 0x000000008db00000|100%| O|  |TAMS 0x000000008da00000, 0x000000008da00000| Untracked 
| 139|0x000000008db00000, 0x000000008dc00000, 0x000000008dc00000|100%| O|  |TAMS 0x000000008db00000, 0x000000008db00000| Untracked 
| 140|0x000000008dc00000, 0x000000008dd00000, 0x000000008dd00000|100%| O|  |TAMS 0x000000008dc00000, 0x000000008dc00000| Untracked 
| 141|0x000000008dd00000, 0x000000008de00000, 0x000000008de00000|100%| O|  |TAMS 0x000000008dd00000, 0x000000008dd00000| Untracked 
| 142|0x000000008de00000, 0x000000008df00000, 0x000000008df00000|100%| O|  |TAMS 0x000000008de00000, 0x000000008de00000| Untracked 
| 143|0x000000008df00000, 0x000000008e000000, 0x000000008e000000|100%| O|  |TAMS 0x000000008df00000, 0x000000008df00000| Untracked 
| 144|0x000000008e000000, 0x000000008e100000, 0x000000008e100000|100%| O|  |TAMS 0x000000008e000000, 0x000000008e000000| Untracked 
| 145|0x000000008e100000, 0x000000008e200000, 0x000000008e200000|100%| O|  |TAMS 0x000000008e100000, 0x000000008e100000| Untracked 
| 146|0x000000008e200000, 0x000000008e300000, 0x000000008e300000|100%| O|  |TAMS 0x000000008e200000, 0x000000008e200000| Untracked 
| 147|0x000000008e300000, 0x000000008e400000, 0x000000008e400000|100%| O|  |TAMS 0x000000008e300000, 0x000000008e300000| Untracked 
| 148|0x000000008e400000, 0x000000008e500000, 0x000000008e500000|100%| O|  |TAMS 0x000000008e400000, 0x000000008e400000| Untracked 
| 149|0x000000008e500000, 0x000000008e600000, 0x000000008e600000|100%| O|  |TAMS 0x000000008e500000, 0x000000008e500000| Untracked 
| 150|0x000000008e600000, 0x000000008e700000, 0x000000008e700000|100%| O|  |TAMS 0x000000008e600000, 0x000000008e600000| Untracked 
| 151|0x000000008e700000, 0x000000008e800000, 0x000000008e800000|100%| O|  |TAMS 0x000000008e700000, 0x000000008e700000| Untracked 
| 152|0x000000008e800000, 0x000000008e900000, 0x000000008e900000|100%| O|  |TAMS 0x000000008e800000, 0x000000008e800000| Untracked 
| 153|0x000000008e900000, 0x000000008ea00000, 0x000000008ea00000|100%| O|  |TAMS 0x000000008e900000, 0x000000008e900000| Untracked 
| 154|0x000000008ea00000, 0x000000008ea00000, 0x000000008eb00000|  0%| F|  |TAMS 0x000000008ea00000, 0x000000008ea00000| Untracked 
| 155|0x000000008eb00000, 0x000000008eb00000, 0x000000008ec00000|  0%| F|  |TAMS 0x000000008eb00000, 0x000000008eb00000| Untracked 
| 156|0x000000008ec00000, 0x000000008ec00000, 0x000000008ed00000|  0%| F|  |TAMS 0x000000008ec00000, 0x000000008ec00000| Untracked 
| 157|0x000000008ed00000, 0x000000008ed00000, 0x000000008ee00000|  0%| F|  |TAMS 0x000000008ed00000, 0x000000008ed00000| Untracked 
| 158|0x000000008ee00000, 0x000000008ee00000, 0x000000008ef00000|  0%| F|  |TAMS 0x000000008ee00000, 0x000000008ee00000| Untracked 
| 159|0x000000008ef00000, 0x000000008ef00000, 0x000000008f000000|  0%| F|  |TAMS 0x000000008ef00000, 0x000000008ef00000| Untracked 
| 160|0x000000008f000000, 0x000000008f000000, 0x000000008f100000|  0%| F|  |TAMS 0x000000008f000000, 0x000000008f000000| Untracked 
| 161|0x000000008f100000, 0x000000008f100000, 0x000000008f200000|  0%| F|  |TAMS 0x000000008f100000, 0x000000008f100000| Untracked 
| 162|0x000000008f200000, 0x000000008f200000, 0x000000008f300000|  0%| F|  |TAMS 0x000000008f200000, 0x000000008f200000| Untracked 
| 163|0x000000008f300000, 0x000000008f300000, 0x000000008f400000|  0%| F|  |TAMS 0x000000008f300000, 0x000000008f300000| Untracked 
| 164|0x000000008f400000, 0x000000008f400000, 0x000000008f500000|  0%| F|  |TAMS 0x000000008f400000, 0x000000008f400000| Untracked 
| 165|0x000000008f500000, 0x000000008f500000, 0x000000008f600000|  0%| F|  |TAMS 0x000000008f500000, 0x000000008f500000| Untracked 
| 166|0x000000008f600000, 0x000000008f600000, 0x000000008f700000|  0%| F|  |TAMS 0x000000008f600000, 0x000000008f600000| Untracked 
| 167|0x000000008f700000, 0x000000008f700000, 0x000000008f800000|  0%| F|  |TAMS 0x000000008f700000, 0x000000008f700000| Untracked 
| 168|0x000000008f800000, 0x000000008f800000, 0x000000008f900000|  0%| F|  |TAMS 0x000000008f800000, 0x000000008f800000| Untracked 
| 169|0x000000008f900000, 0x000000008f900000, 0x000000008fa00000|  0%| F|  |TAMS 0x000000008f900000, 0x000000008f900000| Untracked 
| 170|0x000000008fa00000, 0x000000008fa00000, 0x000000008fb00000|  0%| F|  |TAMS 0x000000008fa00000, 0x000000008fa00000| Untracked 
| 171|0x000000008fb00000, 0x000000008fb00000, 0x000000008fc00000|  0%| F|  |TAMS 0x000000008fb00000, 0x000000008fb00000| Untracked 
| 172|0x000000008fc00000, 0x000000008fc00000, 0x000000008fd00000|  0%| F|  |TAMS 0x000000008fc00000, 0x000000008fc00000| Untracked 
| 173|0x000000008fd00000, 0x000000008fd00000, 0x000000008fe00000|  0%| F|  |TAMS 0x000000008fd00000, 0x000000008fd00000| Untracked 
| 174|0x000000008fe00000, 0x000000008fe00000, 0x000000008ff00000|  0%| F|  |TAMS 0x000000008fe00000, 0x000000008fe00000| Untracked 
| 175|0x000000008ff00000, 0x000000008ff00000, 0x0000000090000000|  0%| F|  |TAMS 0x000000008ff00000, 0x000000008ff00000| Untracked 
| 176|0x0000000090000000, 0x0000000090000000, 0x0000000090100000|  0%| F|  |TAMS 0x0000000090000000, 0x0000000090000000| Untracked 
| 177|0x0000000090100000, 0x0000000090100000, 0x0000000090200000|  0%| F|  |TAMS 0x0000000090100000, 0x0000000090100000| Untracked 
| 178|0x0000000090200000, 0x0000000090200000, 0x0000000090300000|  0%| F|  |TAMS 0x0000000090200000, 0x0000000090200000| Untracked 
| 179|0x0000000090300000, 0x0000000090300000, 0x0000000090400000|  0%| F|  |TAMS 0x0000000090300000, 0x0000000090300000| Untracked 
| 180|0x0000000090400000, 0x0000000090400000, 0x0000000090500000|  0%| F|  |TAMS 0x0000000090400000, 0x0000000090400000| Untracked 
| 181|0x0000000090500000, 0x0000000090500000, 0x0000000090600000|  0%| F|  |TAMS 0x0000000090500000, 0x0000000090500000| Untracked 
| 182|0x0000000090600000, 0x0000000090600000, 0x0000000090700000|  0%| F|  |TAMS 0x0000000090600000, 0x0000000090600000| Untracked 
| 183|0x0000000090700000, 0x0000000090700000, 0x0000000090800000|  0%| F|  |TAMS 0x0000000090700000, 0x0000000090700000| Untracked 
| 184|0x0000000090800000, 0x0000000090800000, 0x0000000090900000|  0%| F|  |TAMS 0x0000000090800000, 0x0000000090800000| Untracked 
| 185|0x0000000090900000, 0x0000000090900000, 0x0000000090a00000|  0%| F|  |TAMS 0x0000000090900000, 0x0000000090900000| Untracked 
| 186|0x0000000090a00000, 0x0000000090a00000, 0x0000000090b00000|  0%| F|  |TAMS 0x0000000090a00000, 0x0000000090a00000| Untracked 
| 187|0x0000000090b00000, 0x0000000090b00000, 0x0000000090c00000|  0%| F|  |TAMS 0x0000000090b00000, 0x0000000090b00000| Untracked 
| 188|0x0000000090c00000, 0x0000000090c00000, 0x0000000090d00000|  0%| F|  |TAMS 0x0000000090c00000, 0x0000000090c00000| Untracked 
| 189|0x0000000090d00000, 0x0000000090d00000, 0x0000000090e00000|  0%| F|  |TAMS 0x0000000090d00000, 0x0000000090d00000| Untracked 
| 190|0x0000000090e00000, 0x0000000090e00000, 0x0000000090f00000|  0%| F|  |TAMS 0x0000000090e00000, 0x0000000090e00000| Untracked 
| 191|0x0000000090f00000, 0x0000000090f00000, 0x0000000091000000|  0%| F|  |TAMS 0x0000000090f00000, 0x0000000090f00000| Untracked 
| 192|0x0000000091000000, 0x0000000091000000, 0x0000000091100000|  0%| F|  |TAMS 0x0000000091000000, 0x0000000091000000| Untracked 
| 193|0x0000000091100000, 0x0000000091100000, 0x0000000091200000|  0%| F|  |TAMS 0x0000000091100000, 0x0000000091100000| Untracked 
| 194|0x0000000091200000, 0x0000000091200000, 0x0000000091300000|  0%| F|  |TAMS 0x0000000091200000, 0x0000000091200000| Untracked 
| 195|0x0000000091300000, 0x0000000091300000, 0x0000000091400000|  0%| F|  |TAMS 0x0000000091300000, 0x0000000091300000| Untracked 
| 196|0x0000000091400000, 0x0000000091400000, 0x0000000091500000|  0%| F|  |TAMS 0x0000000091400000, 0x0000000091400000| Untracked 
| 197|0x0000000091500000, 0x0000000091500000, 0x0000000091600000|  0%| F|  |TAMS 0x0000000091500000, 0x0000000091500000| Untracked 
| 198|0x0000000091600000, 0x0000000091600000, 0x0000000091700000|  0%| F|  |TAMS 0x0000000091600000, 0x0000000091600000| Untracked 
| 199|0x0000000091700000, 0x0000000091700000, 0x0000000091800000|  0%| F|  |TAMS 0x0000000091700000, 0x0000000091700000| Untracked 
| 200|0x0000000091800000, 0x0000000091800000, 0x0000000091900000|  0%| F|  |TAMS 0x0000000091800000, 0x0000000091800000| Untracked 
| 201|0x0000000091900000, 0x0000000091944788, 0x0000000091a00000| 26%| S|CS|TAMS 0x0000000091900000, 0x0000000091900000| Complete 
| 202|0x0000000091a00000, 0x0000000091b00000, 0x0000000091b00000|100%| S|CS|TAMS 0x0000000091a00000, 0x0000000091a00000| Complete 
| 203|0x0000000091b00000, 0x0000000091c00000, 0x0000000091c00000|100%| S|CS|TAMS 0x0000000091b00000, 0x0000000091b00000| Complete 
| 204|0x0000000091c00000, 0x0000000091d00000, 0x0000000091d00000|100%| S|CS|TAMS 0x0000000091c00000, 0x0000000091c00000| Complete 
| 205|0x0000000091d00000, 0x0000000091e00000, 0x0000000091e00000|100%| S|CS|TAMS 0x0000000091d00000, 0x0000000091d00000| Complete 
| 206|0x0000000091e00000, 0x0000000091f00000, 0x0000000091f00000|100%| S|CS|TAMS 0x0000000091e00000, 0x0000000091e00000| Complete 
| 207|0x0000000091f00000, 0x0000000092000000, 0x0000000092000000|100%| S|CS|TAMS 0x0000000091f00000, 0x0000000091f00000| Complete 
| 208|0x0000000092000000, 0x0000000092000000, 0x0000000092100000|  0%| F|  |TAMS 0x0000000092000000, 0x0000000092000000| Untracked 
| 209|0x0000000092100000, 0x0000000092100000, 0x0000000092200000|  0%| F|  |TAMS 0x0000000092100000, 0x0000000092100000| Untracked 
| 210|0x0000000092200000, 0x0000000092200000, 0x0000000092300000|  0%| F|  |TAMS 0x0000000092200000, 0x0000000092200000| Untracked 
| 211|0x0000000092300000, 0x0000000092300000, 0x0000000092400000|  0%| F|  |TAMS 0x0000000092300000, 0x0000000092300000| Untracked 
| 212|0x0000000092400000, 0x0000000092400000, 0x0000000092500000|  0%| F|  |TAMS 0x0000000092400000, 0x0000000092400000| Untracked 
| 213|0x0000000092500000, 0x0000000092500000, 0x0000000092600000|  0%| F|  |TAMS 0x0000000092500000, 0x0000000092500000| Untracked 
| 214|0x0000000092600000, 0x0000000092600000, 0x0000000092700000|  0%| F|  |TAMS 0x0000000092600000, 0x0000000092600000| Untracked 
| 215|0x0000000092700000, 0x0000000092700000, 0x0000000092800000|  0%| F|  |TAMS 0x0000000092700000, 0x0000000092700000| Untracked 
| 216|0x0000000092800000, 0x0000000092800000, 0x0000000092900000|  0%| F|  |TAMS 0x0000000092800000, 0x0000000092800000| Untracked 
| 217|0x0000000092900000, 0x0000000092900000, 0x0000000092a00000|  0%| F|  |TAMS 0x0000000092900000, 0x0000000092900000| Untracked 
| 218|0x0000000092a00000, 0x0000000092b00000, 0x0000000092b00000|100%| S|CS|TAMS 0x0000000092a00000, 0x0000000092a00000| Complete 
| 219|0x0000000092b00000, 0x0000000092c00000, 0x0000000092c00000|100%| S|CS|TAMS 0x0000000092b00000, 0x0000000092b00000| Complete 
| 220|0x0000000092c00000, 0x0000000092c00000, 0x0000000092d00000|  0%| F|  |TAMS 0x0000000092c00000, 0x0000000092c00000| Untracked 
| 221|0x0000000092d00000, 0x0000000092d00000, 0x0000000092e00000|  0%| F|  |TAMS 0x0000000092d00000, 0x0000000092d00000| Untracked 
| 222|0x0000000092e00000, 0x0000000092e00000, 0x0000000092f00000|  0%| F|  |TAMS 0x0000000092e00000, 0x0000000092e00000| Untracked 
| 223|0x0000000092f00000, 0x0000000092f00000, 0x0000000093000000|  0%| F|  |TAMS 0x0000000092f00000, 0x0000000092f00000| Untracked 
| 224|0x0000000093000000, 0x0000000093000000, 0x0000000093100000|  0%| F|  |TAMS 0x0000000093000000, 0x0000000093000000| Untracked 
| 225|0x0000000093100000, 0x0000000093100000, 0x0000000093200000|  0%| F|  |TAMS 0x0000000093100000, 0x0000000093100000| Untracked 
| 226|0x0000000093200000, 0x0000000093200000, 0x0000000093300000|  0%| F|  |TAMS 0x0000000093200000, 0x0000000093200000| Untracked 
| 227|0x0000000093300000, 0x0000000093300000, 0x0000000093400000|  0%| F|  |TAMS 0x0000000093300000, 0x0000000093300000| Untracked 
| 228|0x0000000093400000, 0x0000000093400000, 0x0000000093500000|  0%| F|  |TAMS 0x0000000093400000, 0x0000000093400000| Untracked 
| 229|0x0000000093500000, 0x0000000093500000, 0x0000000093600000|  0%| F|  |TAMS 0x0000000093500000, 0x0000000093500000| Untracked 
| 230|0x0000000093600000, 0x0000000093600000, 0x0000000093700000|  0%| F|  |TAMS 0x0000000093600000, 0x0000000093600000| Untracked 
| 231|0x0000000093700000, 0x0000000093700000, 0x0000000093800000|  0%| F|  |TAMS 0x0000000093700000, 0x0000000093700000| Untracked 
| 232|0x0000000093800000, 0x0000000093800000, 0x0000000093900000|  0%| F|  |TAMS 0x0000000093800000, 0x0000000093800000| Untracked 
| 233|0x0000000093900000, 0x0000000093900000, 0x0000000093a00000|  0%| F|  |TAMS 0x0000000093900000, 0x0000000093900000| Untracked 
| 234|0x0000000093a00000, 0x0000000093a00000, 0x0000000093b00000|  0%| F|  |TAMS 0x0000000093a00000, 0x0000000093a00000| Untracked 
| 235|0x0000000093b00000, 0x0000000093b00000, 0x0000000093c00000|  0%| F|  |TAMS 0x0000000093b00000, 0x0000000093b00000| Untracked 
| 236|0x0000000093c00000, 0x0000000093c00000, 0x0000000093d00000|  0%| F|  |TAMS 0x0000000093c00000, 0x0000000093c00000| Untracked 
| 237|0x0000000093d00000, 0x0000000093d00000, 0x0000000093e00000|  0%| F|  |TAMS 0x0000000093d00000, 0x0000000093d00000| Untracked 
| 238|0x0000000093e00000, 0x0000000093e00000, 0x0000000093f00000|  0%| F|  |TAMS 0x0000000093e00000, 0x0000000093e00000| Untracked 
| 239|0x0000000093f00000, 0x0000000093f00000, 0x0000000094000000|  0%| F|  |TAMS 0x0000000093f00000, 0x0000000093f00000| Untracked 
| 240|0x0000000094000000, 0x0000000094000000, 0x0000000094100000|  0%| F|  |TAMS 0x0000000094000000, 0x0000000094000000| Untracked 
| 241|0x0000000094100000, 0x0000000094100000, 0x0000000094200000|  0%| F|  |TAMS 0x0000000094100000, 0x0000000094100000| Untracked 
| 242|0x0000000094200000, 0x0000000094200000, 0x0000000094300000|  0%| F|  |TAMS 0x0000000094200000, 0x0000000094200000| Untracked 
| 243|0x0000000094300000, 0x0000000094300000, 0x0000000094400000|  0%| F|  |TAMS 0x0000000094300000, 0x0000000094300000| Untracked 
| 244|0x0000000094400000, 0x0000000094400000, 0x0000000094500000|  0%| F|  |TAMS 0x0000000094400000, 0x0000000094400000| Untracked 
| 245|0x0000000094500000, 0x0000000094500000, 0x0000000094600000|  0%| F|  |TAMS 0x0000000094500000, 0x0000000094500000| Untracked 
| 246|0x0000000094600000, 0x0000000094600000, 0x0000000094700000|  0%| F|  |TAMS 0x0000000094600000, 0x0000000094600000| Untracked 
| 247|0x0000000094700000, 0x0000000094700000, 0x0000000094800000|  0%| F|  |TAMS 0x0000000094700000, 0x0000000094700000| Untracked 
| 248|0x0000000094800000, 0x0000000094800000, 0x0000000094900000|  0%| F|  |TAMS 0x0000000094800000, 0x0000000094800000| Untracked 
| 249|0x0000000094900000, 0x0000000094900000, 0x0000000094a00000|  0%| F|  |TAMS 0x0000000094900000, 0x0000000094900000| Untracked 
| 250|0x0000000094a00000, 0x0000000094a00000, 0x0000000094b00000|  0%| F|  |TAMS 0x0000000094a00000, 0x0000000094a00000| Untracked 
| 251|0x0000000094b00000, 0x0000000094b00000, 0x0000000094c00000|  0%| F|  |TAMS 0x0000000094b00000, 0x0000000094b00000| Untracked 
| 252|0x0000000094c00000, 0x0000000094c00000, 0x0000000094d00000|  0%| F|  |TAMS 0x0000000094c00000, 0x0000000094c00000| Untracked 
| 253|0x0000000094d00000, 0x0000000094d00000, 0x0000000094e00000|  0%| F|  |TAMS 0x0000000094d00000, 0x0000000094d00000| Untracked 
| 254|0x0000000094e00000, 0x0000000094e00000, 0x0000000094f00000|  0%| F|  |TAMS 0x0000000094e00000, 0x0000000094e00000| Untracked 
| 255|0x0000000094f00000, 0x0000000094f00000, 0x0000000095000000|  0%| F|  |TAMS 0x0000000094f00000, 0x0000000094f00000| Untracked 
| 256|0x0000000095000000, 0x0000000095000000, 0x0000000095100000|  0%| F|  |TAMS 0x0000000095000000, 0x0000000095000000| Untracked 
| 257|0x0000000095100000, 0x0000000095100000, 0x0000000095200000|  0%| F|  |TAMS 0x0000000095100000, 0x0000000095100000| Untracked 
| 258|0x0000000095200000, 0x0000000095200000, 0x0000000095300000|  0%| F|  |TAMS 0x0000000095200000, 0x0000000095200000| Untracked 
| 259|0x0000000095300000, 0x0000000095300000, 0x0000000095400000|  0%| F|  |TAMS 0x0000000095300000, 0x0000000095300000| Untracked 
| 260|0x0000000095400000, 0x0000000095400000, 0x0000000095500000|  0%| F|  |TAMS 0x0000000095400000, 0x0000000095400000| Untracked 
| 261|0x0000000095500000, 0x0000000095500000, 0x0000000095600000|  0%| F|  |TAMS 0x0000000095500000, 0x0000000095500000| Untracked 
| 262|0x0000000095600000, 0x0000000095600000, 0x0000000095700000|  0%| F|  |TAMS 0x0000000095600000, 0x0000000095600000| Untracked 
| 263|0x0000000095700000, 0x0000000095700000, 0x0000000095800000|  0%| F|  |TAMS 0x0000000095700000, 0x0000000095700000| Untracked 
| 264|0x0000000095800000, 0x0000000095800000, 0x0000000095900000|  0%| F|  |TAMS 0x0000000095800000, 0x0000000095800000| Untracked 
| 265|0x0000000095900000, 0x0000000095900000, 0x0000000095a00000|  0%| F|  |TAMS 0x0000000095900000, 0x0000000095900000| Untracked 
| 266|0x0000000095a00000, 0x0000000095a00000, 0x0000000095b00000|  0%| F|  |TAMS 0x0000000095a00000, 0x0000000095a00000| Untracked 
| 267|0x0000000095b00000, 0x0000000095b00000, 0x0000000095c00000|  0%| F|  |TAMS 0x0000000095b00000, 0x0000000095b00000| Untracked 
| 268|0x0000000095c00000, 0x0000000095c00000, 0x0000000095d00000|  0%| F|  |TAMS 0x0000000095c00000, 0x0000000095c00000| Untracked 
| 269|0x0000000095d00000, 0x0000000095d00000, 0x0000000095e00000|  0%| F|  |TAMS 0x0000000095d00000, 0x0000000095d00000| Untracked 
| 270|0x0000000095e00000, 0x0000000095e00000, 0x0000000095f00000|  0%| F|  |TAMS 0x0000000095e00000, 0x0000000095e00000| Untracked 
| 271|0x0000000095f00000, 0x0000000095f00000, 0x0000000096000000|  0%| F|  |TAMS 0x0000000095f00000, 0x0000000095f00000| Untracked 
| 272|0x0000000096000000, 0x0000000096000000, 0x0000000096100000|  0%| F|  |TAMS 0x0000000096000000, 0x0000000096000000| Untracked 
| 273|0x0000000096100000, 0x0000000096100000, 0x0000000096200000|  0%| F|  |TAMS 0x0000000096100000, 0x0000000096100000| Untracked 
| 274|0x0000000096200000, 0x0000000096200000, 0x0000000096300000|  0%| F|  |TAMS 0x0000000096200000, 0x0000000096200000| Untracked 
| 275|0x0000000096300000, 0x0000000096300000, 0x0000000096400000|  0%| F|  |TAMS 0x0000000096300000, 0x0000000096300000| Untracked 
| 276|0x0000000096400000, 0x0000000096400000, 0x0000000096500000|  0%| F|  |TAMS 0x0000000096400000, 0x0000000096400000| Untracked 
| 277|0x0000000096500000, 0x0000000096500000, 0x0000000096600000|  0%| F|  |TAMS 0x0000000096500000, 0x0000000096500000| Untracked 
| 278|0x0000000096600000, 0x0000000096600000, 0x0000000096700000|  0%| F|  |TAMS 0x0000000096600000, 0x0000000096600000| Untracked 
| 279|0x0000000096700000, 0x0000000096700000, 0x0000000096800000|  0%| F|  |TAMS 0x0000000096700000, 0x0000000096700000| Untracked 
| 280|0x0000000096800000, 0x0000000096800000, 0x0000000096900000|  0%| F|  |TAMS 0x0000000096800000, 0x0000000096800000| Untracked 
| 281|0x0000000096900000, 0x0000000096900000, 0x0000000096a00000|  0%| F|  |TAMS 0x0000000096900000, 0x0000000096900000| Untracked 
| 282|0x0000000096a00000, 0x0000000096b00000, 0x0000000096b00000|100%| E|  |TAMS 0x0000000096a00000, 0x0000000096a00000| Complete 
| 283|0x0000000096b00000, 0x0000000096c00000, 0x0000000096c00000|100%| E|CS|TAMS 0x0000000096b00000, 0x0000000096b00000| Complete 
| 284|0x0000000096c00000, 0x0000000096d00000, 0x0000000096d00000|100%| E|CS|TAMS 0x0000000096c00000, 0x0000000096c00000| Complete 
| 285|0x0000000096d00000, 0x0000000096e00000, 0x0000000096e00000|100%| E|CS|TAMS 0x0000000096d00000, 0x0000000096d00000| Complete 
| 286|0x0000000096e00000, 0x0000000096f00000, 0x0000000096f00000|100%| E|CS|TAMS 0x0000000096e00000, 0x0000000096e00000| Complete 
| 287|0x0000000096f00000, 0x0000000097000000, 0x0000000097000000|100%| E|CS|TAMS 0x0000000096f00000, 0x0000000096f00000| Complete 
| 288|0x0000000097000000, 0x0000000097100000, 0x0000000097100000|100%| E|CS|TAMS 0x0000000097000000, 0x0000000097000000| Complete 
| 289|0x0000000097100000, 0x0000000097200000, 0x0000000097200000|100%| E|CS|TAMS 0x0000000097100000, 0x0000000097100000| Complete 
| 290|0x0000000097200000, 0x0000000097300000, 0x0000000097300000|100%| E|CS|TAMS 0x0000000097200000, 0x0000000097200000| Complete 
| 291|0x0000000097300000, 0x0000000097400000, 0x0000000097400000|100%| E|CS|TAMS 0x0000000097300000, 0x0000000097300000| Complete 
| 292|0x0000000097400000, 0x0000000097500000, 0x0000000097500000|100%| E|CS|TAMS 0x0000000097400000, 0x0000000097400000| Complete 
| 293|0x0000000097500000, 0x0000000097600000, 0x0000000097600000|100%| E|CS|TAMS 0x0000000097500000, 0x0000000097500000| Complete 
| 294|0x0000000097600000, 0x0000000097700000, 0x0000000097700000|100%| E|CS|TAMS 0x0000000097600000, 0x0000000097600000| Complete 
| 295|0x0000000097700000, 0x0000000097800000, 0x0000000097800000|100%| E|CS|TAMS 0x0000000097700000, 0x0000000097700000| Complete 
| 296|0x0000000097800000, 0x0000000097900000, 0x0000000097900000|100%| E|CS|TAMS 0x0000000097800000, 0x0000000097800000| Complete 
| 297|0x0000000097900000, 0x0000000097a00000, 0x0000000097a00000|100%| E|CS|TAMS 0x0000000097900000, 0x0000000097900000| Complete 
| 298|0x0000000097a00000, 0x0000000097b00000, 0x0000000097b00000|100%| E|CS|TAMS 0x0000000097a00000, 0x0000000097a00000| Complete 
| 299|0x0000000097b00000, 0x0000000097c00000, 0x0000000097c00000|100%| E|CS|TAMS 0x0000000097b00000, 0x0000000097b00000| Complete 
| 300|0x0000000097c00000, 0x0000000097d00000, 0x0000000097d00000|100%| E|CS|TAMS 0x0000000097c00000, 0x0000000097c00000| Complete 
| 301|0x0000000097d00000, 0x0000000097e00000, 0x0000000097e00000|100%| E|CS|TAMS 0x0000000097d00000, 0x0000000097d00000| Complete 
| 302|0x0000000097e00000, 0x0000000097f00000, 0x0000000097f00000|100%| E|CS|TAMS 0x0000000097e00000, 0x0000000097e00000| Complete 
| 303|0x0000000097f00000, 0x0000000098000000, 0x0000000098000000|100%| E|CS|TAMS 0x0000000097f00000, 0x0000000097f00000| Complete 
| 304|0x0000000098000000, 0x0000000098100000, 0x0000000098100000|100%| E|CS|TAMS 0x0000000098000000, 0x0000000098000000| Complete 
| 305|0x0000000098100000, 0x0000000098200000, 0x0000000098200000|100%| E|CS|TAMS 0x0000000098100000, 0x0000000098100000| Complete 
| 306|0x0000000098200000, 0x0000000098300000, 0x0000000098300000|100%| E|CS|TAMS 0x0000000098200000, 0x0000000098200000| Complete 
| 307|0x0000000098300000, 0x0000000098400000, 0x0000000098400000|100%| E|CS|TAMS 0x0000000098300000, 0x0000000098300000| Complete 
| 308|0x0000000098400000, 0x0000000098500000, 0x0000000098500000|100%| E|CS|TAMS 0x0000000098400000, 0x0000000098400000| Complete 
| 309|0x0000000098500000, 0x0000000098600000, 0x0000000098600000|100%| E|CS|TAMS 0x0000000098500000, 0x0000000098500000| Complete 
| 310|0x0000000098600000, 0x0000000098700000, 0x0000000098700000|100%| E|CS|TAMS 0x0000000098600000, 0x0000000098600000| Complete 
| 311|0x0000000098700000, 0x0000000098800000, 0x0000000098800000|100%| E|CS|TAMS 0x0000000098700000, 0x0000000098700000| Complete 
| 312|0x0000000098800000, 0x0000000098900000, 0x0000000098900000|100%| E|CS|TAMS 0x0000000098800000, 0x0000000098800000| Complete 
| 363|0x000000009bb00000, 0x000000009bc00000, 0x000000009bc00000|100%| E|CS|TAMS 0x000000009bb00000, 0x000000009bb00000| Complete 
| 364|0x000000009bc00000, 0x000000009bd00000, 0x000000009bd00000|100%| E|CS|TAMS 0x000000009bc00000, 0x000000009bc00000| Complete 
| 365|0x000000009bd00000, 0x000000009be00000, 0x000000009be00000|100%| E|CS|TAMS 0x000000009bd00000, 0x000000009bd00000| Complete 
| 366|0x000000009be00000, 0x000000009bf00000, 0x000000009bf00000|100%| E|CS|TAMS 0x000000009be00000, 0x000000009be00000| Complete 

Card table byte_map: [0x0000028bdc490000,0x0000028bdc870000] _byte_map_base: 0x0000028bdc068000

Marking Bits (Prev, Next): (CMBitMap*) 0x0000028bc9915690, (CMBitMap*) 0x0000028bc9915650
 Prev Bits: [0x0000028bdeb10000, 0x0000028be09d0000)
 Next Bits: [0x0000028bdcc50000, 0x0000028bdeb10000)

Polling page: 0x0000028bc78a0000

Metaspace:

Usage:
  Non-class:     63.31 MB used.
      Class:      7.90 MB used.
       Both:     71.21 MB used.

Virtual space:
  Non-class space:       64.00 MB reserved,      63.44 MB (>99%) committed,  8 nodes.
      Class space:        1.00 GB reserved,       8.06 MB ( <1%) committed,  1 nodes.
             Both:        1.06 GB reserved,      71.50 MB (  7%) committed. 

Chunk freelists:
   Non-Class:  517.00 KB
       Class:  3.92 MB
        Both:  4.42 MB

MaxMetaspaceSize: unlimited
CompressedClassSpaceSize: 1.00 GB
Initial GC threshold: 21.00 MB
Current GC threshold: 97.00 MB
CDS: off
MetaspaceReclaimPolicy: balanced
 - commit_granule_bytes: 65536.
 - commit_granule_words: 8192.
 - virtual_space_node_default_size: 1048576.
 - enlarge_chunks_in_place: 1.
 - new_chunks_are_fully_committed: 0.
 - uncommit_free_chunks: 1.
 - use_allocation_guard: 0.
 - handle_deallocations: 1.


Internal statistics:

num_allocs_failed_limit: 3.
num_arena_births: 390.
num_arena_deaths: 0.
num_vsnodes_births: 9.
num_vsnodes_deaths: 0.
num_space_committed: 1142.
num_space_uncommitted: 0.
num_chunks_returned_to_freelist: 3.
num_chunks_taken_from_freelist: 2871.
num_chunk_merges: 3.
num_chunk_splits: 2159.
num_chunks_enlarged: 1785.
num_purges: 0.
num_inconsistent_stats: 0.

CodeHeap 'non-profiled nmethods': size=120000Kb used=11777Kb max_used=11805Kb free=108222Kb
 bounds [0x0000028bd4850000, 0x0000028bd53e0000, 0x0000028bdbd80000]
CodeHeap 'profiled nmethods': size=120000Kb used=36265Kb max_used=37864Kb free=83734Kb
 bounds [0x0000028bccd80000, 0x0000028bcf280000, 0x0000028bd42b0000]
CodeHeap 'non-nmethods': size=5760Kb used=1331Kb max_used=1436Kb free=4428Kb
 bounds [0x0000028bd42b0000, 0x0000028bd4520000, 0x0000028bd4850000]
 total_blobs=13432 nmethods=12795 adapters=547
 compilation: enabled
              stopped_count=0, restarted_count=0
 full_count=0

Compilation events (20 events):
Event: 28.460 Thread 0x0000028be42f6fc0 nmethod 16669 0x0000028bd53cc790 code [0x0000028bd53cc940, 0x0000028bd53cd318]
Event: 28.460 Thread 0x0000028be42f6fc0 16671       4       org.jetbrains.kotlin.resolve.calls.components.ClassicTypeSystemContextForCS::isNothingConstructor (6 bytes)
Event: 28.473 Thread 0x0000028be42f6fc0 nmethod 16671 0x0000028bd53cd710 code [0x0000028bd53cd8e0, 0x0000028bd53cdf98]
Event: 28.473 Thread 0x0000028be42f6fc0 16672       4       org.jetbrains.kotlin.resolve.calls.tower.TowerResolver::runResolve (39 bytes)
Event: 28.507 Thread 0x0000028be4092610 16675       1       org.jetbrains.kotlin.metadata.ProtoBuf$Property::getReturnType (5 bytes)
Event: 28.507 Thread 0x0000028be4092610 nmethod 16675 0x0000028bd53ce490 code [0x0000028bd53ce620, 0x0000028bd53ce6f8]
Event: 28.543 Thread 0x0000028be4092610 16678       3       org.jetbrains.kotlin.resolve.calls.util.CallResolverUtilKt::isBinaryRemOperator (89 bytes)
Event: 28.546 Thread 0x0000028be4092610 nmethod 16678 0x0000028bcd525d10 code [0x0000028bcd526060, 0x0000028bcd5275e8]
Event: 28.576 Thread 0x0000028be408c740 nmethod 16663 0x0000028bd53ce790 code [0x0000028bd53ced40, 0x0000028bd53d37f0]
Event: 28.577 Thread 0x0000028be408c740 16677       4       org.jetbrains.kotlin.resolve.calls.components.SimpleArgumentsChecksKt::captureFromTypeParameterUpperBoundIfNeeded (230 bytes)
Event: 28.582 Thread 0x0000028be408c740 nmethod 16677 0x0000028bd53d6c90 code [0x0000028bd53d6e40, 0x0000028bd53d70d8]
Event: 28.582 Thread 0x0000028be408c740 16676       4       java.math.BigInteger::getInt (63 bytes)
Event: 28.586 Thread 0x0000028be408c740 nmethod 16676 0x0000028bd53d7390 code [0x0000028bd53d7520, 0x0000028bd53d7638]
Event: 28.586 Thread 0x0000028be408c740 16670       4       androidx.compose.compiler.plugins.kotlin.ComposableCallChecker::checkInlineLambdaCall (314 bytes)
Event: 28.600 Thread 0x0000028be408c740 nmethod 16670 0x0000028bd4a56f10 code [0x0000028bd4a57180, 0x0000028bd4a579d8]
Event: 28.601 Thread 0x0000028be408c740 16679       4       org.jetbrains.kotlin.resolve.calls.tower.KotlinToResolvedCallTransformer::runArgumentsChecks (420 bytes)
Event: 28.667 Thread 0x0000028be4092610 16684       3       androidx.compose.compiler.plugins.kotlin.inference.ApplierInferencer::restartable$schemeOf (20 bytes)
Event: 28.668 Thread 0x0000028be4092610 nmethod 16684 0x0000028bcd1b0a90 code [0x0000028bcd1b0ca0, 0x0000028bcd1b1288]
Event: 28.672 Thread 0x0000028be4092610 16686       3       org.jetbrains.kotlin.contracts.ESVariableWithDataFlowValue::<init> (23 bytes)
Event: 28.674 Thread 0x0000028be4092610 nmethod 16686 0x0000028bce71d610 code [0x0000028bce71d980, 0x0000028bce71ec88]

GC Heap History (20 events):
Event: 6.482 GC heap before
{Heap before GC invocations=25 (full 0):
 garbage-first heap   total 147456K, used 111935K [0x0000000085000000, 0x0000000100000000)
  region size 1024K, 44 young (45056K), 6 survivors (6144K)
 Metaspace       used 57897K, committed 58176K, reserved 1105920K
  class space    used 6728K, committed 6848K, reserved 1048576K
}
Event: 6.503 GC heap after
{Heap after GC invocations=26 (full 0):
 garbage-first heap   total 147456K, used 80594K [0x0000000085000000, 0x0000000100000000)
  region size 1024K, 6 young (6144K), 6 survivors (6144K)
 Metaspace       used 57897K, committed 58176K, reserved 1105920K
  class space    used 6728K, committed 6848K, reserved 1048576K
}
Event: 7.256 GC heap before
{Heap before GC invocations=27 (full 0):
 garbage-first heap   total 147456K, used 113362K [0x0000000085000000, 0x0000000100000000)
  region size 1024K, 38 young (38912K), 6 survivors (6144K)
 Metaspace       used 58639K, committed 58944K, reserved 1105920K
  class space    used 6754K, committed 6912K, reserved 1048576K
}
Event: 7.274 GC heap after
{Heap after GC invocations=28 (full 0):
 garbage-first heap   total 147456K, used 86746K [0x0000000085000000, 0x0000000100000000)
  region size 1024K, 5 young (5120K), 5 survivors (5120K)
 Metaspace       used 58639K, committed 58944K, reserved 1105920K
  class space    used 6754K, committed 6912K, reserved 1048576K
}
Event: 7.313 GC heap before
{Heap before GC invocations=28 (full 0):
 garbage-first heap   total 147456K, used 88794K [0x0000000085000000, 0x0000000100000000)
  region size 1024K, 7 young (7168K), 5 survivors (5120K)
 Metaspace       used 58689K, committed 59008K, reserved 1105920K
  class space    used 6754K, committed 6912K, reserved 1048576K
}
Event: 7.321 GC heap after
{Heap after GC invocations=29 (full 0):
 garbage-first heap   total 147456K, used 86353K [0x0000000085000000, 0x0000000100000000)
  region size 1024K, 1 young (1024K), 1 survivors (1024K)
 Metaspace       used 58689K, committed 59008K, reserved 1105920K
  class space    used 6754K, committed 6912K, reserved 1048576K
}
Event: 7.859 GC heap before
{Heap before GC invocations=29 (full 0):
 garbage-first heap   total 147456K, used 115025K [0x0000000085000000, 0x0000000100000000)
  region size 1024K, 29 young (29696K), 1 survivors (1024K)
 Metaspace       used 59213K, committed 59520K, reserved 1105920K
  class space    used 6761K, committed 6912K, reserved 1048576K
}
Event: 7.870 GC heap after
{Heap after GC invocations=30 (full 0):
 garbage-first heap   total 375808K, used 92427K [0x0000000085000000, 0x0000000100000000)
  region size 1024K, 4 young (4096K), 4 survivors (4096K)
 Metaspace       used 59213K, committed 59520K, reserved 1105920K
  class space    used 6761K, committed 6912K, reserved 1048576K
}
Event: 11.077 GC heap before
{Heap before GC invocations=31 (full 0):
 garbage-first heap   total 324608K, used 238859K [0x0000000085000000, 0x0000000100000000)
  region size 1024K, 147 young (150528K), 4 survivors (4096K)
 Metaspace       used 66250K, committed 66560K, reserved 1114112K
  class space    used 7413K, committed 7552K, reserved 1048576K
}
Event: 11.106 GC heap after
{Heap after GC invocations=32 (full 0):
 garbage-first heap   total 324608K, used 115230K [0x0000000085000000, 0x0000000100000000)
  region size 1024K, 19 young (19456K), 19 survivors (19456K)
 Metaspace       used 66250K, committed 66560K, reserved 1114112K
  class space    used 7413K, committed 7552K, reserved 1048576K
}
Event: 11.142 GC heap before
{Heap before GC invocations=32 (full 0):
 garbage-first heap   total 324608K, used 116254K [0x0000000085000000, 0x0000000100000000)
  region size 1024K, 20 young (20480K), 19 survivors (19456K)
 Metaspace       used 66281K, committed 66560K, reserved 1114112K
  class space    used 7413K, committed 7552K, reserved 1048576K
}
Event: 11.156 GC heap after
{Heap after GC invocations=33 (full 0):
 garbage-first heap   total 324608K, used 117424K [0x0000000085000000, 0x0000000100000000)
  region size 1024K, 3 young (3072K), 3 survivors (3072K)
 Metaspace       used 66281K, committed 66560K, reserved 1114112K
  class space    used 7413K, committed 7552K, reserved 1048576K
}
Event: 14.149 GC heap before
{Heap before GC invocations=33 (full 0):
 garbage-first heap   total 324608K, used 223920K [0x0000000085000000, 0x0000000100000000)
  region size 1024K, 107 young (109568K), 3 survivors (3072K)
 Metaspace       used 68773K, committed 69056K, reserved 1114112K
  class space    used 7612K, committed 7744K, reserved 1048576K
}
Event: 14.161 GC heap after
{Heap after GC invocations=34 (full 0):
 garbage-first heap   total 324608K, used 125955K [0x0000000085000000, 0x0000000100000000)
  region size 1024K, 11 young (11264K), 11 survivors (11264K)
 Metaspace       used 68773K, committed 69056K, reserved 1114112K
  class space    used 7612K, committed 7744K, reserved 1048576K
}
Event: 16.986 GC heap before
{Heap before GC invocations=34 (full 0):
 garbage-first heap   total 324608K, used 245763K [0x0000000085000000, 0x0000000100000000)
  region size 1024K, 118 young (120832K), 11 survivors (11264K)
 Metaspace       used 71815K, committed 72128K, reserved 1114112K
  class space    used 8029K, committed 8192K, reserved 1048576K
}
Event: 17.008 GC heap after
{Heap after GC invocations=35 (full 0):
 garbage-first heap   total 324608K, used 148159K [0x0000000085000000, 0x0000000100000000)
  region size 1024K, 13 young (13312K), 13 survivors (13312K)
 Metaspace       used 71815K, committed 72128K, reserved 1114112K
  class space    used 8029K, committed 8192K, reserved 1048576K
}
Event: 19.631 GC heap before
{Heap before GC invocations=35 (full 0):
 garbage-first heap   total 324608K, used 249535K [0x0000000085000000, 0x0000000100000000)
  region size 1024K, 112 young (114688K), 13 survivors (13312K)
 Metaspace       used 72515K, committed 72832K, reserved 1114112K
  class space    used 8079K, committed 8256K, reserved 1048576K
}
Event: 19.649 GC heap after
{Heap after GC invocations=36 (full 0):
 garbage-first heap   total 324608K, used 157521K [0x0000000085000000, 0x0000000100000000)
  region size 1024K, 10 young (10240K), 10 survivors (10240K)
 Metaspace       used 72515K, committed 72832K, reserved 1114112K
  class space    used 8079K, committed 8256K, reserved 1048576K
}
Event: 24.369 GC heap before
{Heap before GC invocations=36 (full 0):
 garbage-first heap   total 324608K, used 256849K [0x0000000085000000, 0x0000000100000000)
  region size 1024K, 107 young (109568K), 10 survivors (10240K)
 Metaspace       used 72846K, committed 73152K, reserved 1114112K
  class space    used 8084K, committed 8256K, reserved 1048576K
}
Event: 24.421 GC heap after
{Heap after GC invocations=37 (full 0):
 garbage-first heap   total 324608K, used 166073K [0x0000000085000000, 0x0000000100000000)
  region size 1024K, 9 young (9216K), 9 survivors (9216K)
 Metaspace       used 72846K, committed 73152K, reserved 1114112K
  class space    used 8084K, committed 8256K, reserved 1048576K
}

Dll operation events (2 events):
Event: 0.017 Loaded shared library C:\Program Files (x86)\android-studio-2022.3.1.17-windows\android-studio\jbr\bin\java.dll
Event: 0.931 Loaded shared library C:\Program Files (x86)\android-studio-2022.3.1.17-windows\android-studio\jbr\bin\verify.dll

Deoptimization events (20 events):
Event: 27.609 Thread 0x0000028bc98b9570 Uncommon trap: trap_request=0xffffffbe fr.pc=0x0000028bd52e9e80 relative=0x0000000000000940
Event: 27.609 Thread 0x0000028bc98b9570 Uncommon trap: reason=profile_predicate action=maybe_recompile pc=0x0000028bd52e9e80 method=org.jetbrains.kotlin.resolve.calls.tower.PSICallResolver.checkCallWithAdditionalResolve(Lorg/jetbrains/kotlin/resolve/calls/results/OverloadResolutionResults;Lorg/
Event: 27.610 Thread 0x0000028bc98b9570 DEOPT PACKING pc=0x0000028bd52e9e80 sp=0x00000091311faa90
Event: 27.610 Thread 0x0000028bc98b9570 DEOPT UNPACKING pc=0x0000028bd430a1a3 sp=0x00000091311faa90 mode 2
Event: 27.932 Thread 0x0000028bc98b9570 Uncommon trap: trap_request=0xffffff45 fr.pc=0x0000028bd536eec4 relative=0x0000000000000424
Event: 27.932 Thread 0x0000028bc98b9570 Uncommon trap: reason=unstable_if action=reinterpret pc=0x0000028bd536eec4 method=org.jetbrains.kotlin.resolve.calls.util.CallResolverUtilKt.isBinaryRemOperator(Lorg/jetbrains/kotlin/psi/Call;)Z @ 68 c2
Event: 27.932 Thread 0x0000028bc98b9570 DEOPT PACKING pc=0x0000028bd536eec4 sp=0x00000091311f9470
Event: 27.932 Thread 0x0000028bc98b9570 DEOPT UNPACKING pc=0x0000028bd430a1a3 sp=0x00000091311f93f8 mode 2
Event: 28.138 Thread 0x0000028bc98b9570 Uncommon trap: trap_request=0xffffffc6 fr.pc=0x0000028bd4bd0e80 relative=0x0000000000000260
Event: 28.138 Thread 0x0000028bc98b9570 Uncommon trap: reason=bimorphic_or_optimized_type_check action=maybe_recompile pc=0x0000028bd4bd0e80 method=org.jetbrains.kotlin.storage.LockBasedStorageManager$KeyWithComputation.equals(Ljava/lang/Object;)Z @ 37 c2
Event: 28.138 Thread 0x0000028bc98b9570 DEOPT PACKING pc=0x0000028bd4bd0e80 sp=0x00000091311f84f0
Event: 28.138 Thread 0x0000028bc98b9570 DEOPT UNPACKING pc=0x0000028bd430a1a3 sp=0x00000091311f8480 mode 2
Event: 28.138 Thread 0x0000028bc98b9570 Uncommon trap: trap_request=0xffffffc6 fr.pc=0x0000028bd4bd0e80 relative=0x0000000000000260
Event: 28.138 Thread 0x0000028bc98b9570 Uncommon trap: reason=bimorphic_or_optimized_type_check action=maybe_recompile pc=0x0000028bd4bd0e80 method=org.jetbrains.kotlin.storage.LockBasedStorageManager$KeyWithComputation.equals(Ljava/lang/Object;)Z @ 37 c2
Event: 28.138 Thread 0x0000028bc98b9570 DEOPT PACKING pc=0x0000028bd4bd0e80 sp=0x00000091311f84f0
Event: 28.138 Thread 0x0000028bc98b9570 DEOPT UNPACKING pc=0x0000028bd430a1a3 sp=0x00000091311f8480 mode 2
Event: 28.283 Thread 0x0000028bc98b9570 Uncommon trap: trap_request=0xffffff66 fr.pc=0x0000028bd537f36c relative=0x00000000000008cc
Event: 28.283 Thread 0x0000028bc98b9570 Uncommon trap: reason=speculate_class_check action=maybe_recompile pc=0x0000028bd537f36c method=org.jetbrains.kotlin.resolve.calls.tower.PSICallResolver.recordEffects(Lorg/jetbrains/kotlin/resolve/calls/model/ResolvedCall;Lorg/jetbrains/kotlin/resolve/Bin
Event: 28.283 Thread 0x0000028bc98b9570 DEOPT PACKING pc=0x0000028bd537f36c sp=0x00000091311f7ad0
Event: 28.283 Thread 0x0000028bc98b9570 DEOPT UNPACKING pc=0x0000028bd430a1a3 sp=0x00000091311f79b0 mode 2

Classes unloaded (0 events):
No events

Classes redefined (0 events):
No events

Internal exceptions (20 events):
Event: 11.740 Thread 0x0000028bc98b9570 Exception <a 'java/lang/IncompatibleClassChangeError'{0x0000000097634968}: Found class java.lang.Object, but interface was expected> (0x0000000097634968) 
thrown [s\src\hotspot\share\interpreter\linkResolver.cpp, line 838]
Event: 12.461 Thread 0x0000028bc98b9570 Exception <a 'java/lang/NoSuchMethodError'{0x00000000963f2fa0}: 'java.lang.Object java.lang.invoke.DirectMethodHandle$Holder.newInvokeSpecial(java.lang.Object, java.lang.Object, java.lang.Object, java.lang.Object, java.lang.Object, java.lang.Object, java.lang.Object)'> (0x00000000963f2fa0) 
thrown [s\src\hotspot\share\interpreter\linkResolver.cpp, line 771]
Event: 12.461 Thread 0x0000028bc98b9570 Exception <a 'java/lang/NoSuchMethodError'{0x00000000963f7b58}: 'java.lang.Object java.lang.invoke.Invokers$Holder.linkToTargetMethod(java.lang.Object, java.lang.Object, java.lang.Object, java.lang.Object, java.lang.Object, java.lang.Object, java.lang.Object)'> (0x00000000963f7b58) 
thrown [s\src\hotspot\share\interpreter\linkResolver.cpp, line 771]
Event: 13.495 Thread 0x0000028bc98b9570 Implicit null exception at 0x0000028bd48bb158 to 0x0000028bd48bb1ea
Event: 13.497 Thread 0x0000028bc98b9570 Implicit null exception at 0x0000028bd48f0d0f to 0x0000028bd48f0d85
Event: 14.133 Thread 0x0000028bc98b9570 Implicit null exception at 0x0000028bd48a3934 to 0x0000028bd48a39c1
Event: 14.344 Thread 0x0000028bc98b9570 Exception <a 'java/lang/NoSuchMethodError'{0x00000000984ab300}: 'void java.lang.invoke.DirectMethodHandle$Holder.invokeStatic(java.lang.Object, java.lang.Object, java.lang.Object)'> (0x00000000984ab300) 
thrown [s\src\hotspot\share\interpreter\linkResolver.cpp, line 771]
Event: 14.515 Thread 0x0000028bc98b9570 Implicit null exception at 0x0000028bd5037123 to 0x0000028bd50372b5
Event: 14.649 Thread 0x0000028bc98b9570 Implicit null exception at 0x0000028bd4c912a5 to 0x0000028bd4c919f0
Event: 14.667 Thread 0x0000028bc98b9570 Implicit null exception at 0x0000028bd4c8e5b1 to 0x0000028bd4c8ed7c
Event: 14.668 Thread 0x0000028bc98b9570 Implicit null exception at 0x0000028bd4b772c6 to 0x0000028bd4b77a70
Event: 14.697 Thread 0x0000028bc98b9570 Implicit null exception at 0x0000028bd504b551 to 0x0000028bd504b6f9
Event: 14.902 Thread 0x0000028bc98b9570 Exception <a 'java/lang/NoSuchMethodError'{0x000000009690f6e0}: 'void java.lang.invoke.DirectMethodHandle$Holder.invokeSpecial(java.lang.Object, java.lang.Object, int, java.lang.Object)'> (0x000000009690f6e0) 
thrown [s\src\hotspot\share\interpreter\linkResolver.cpp, line 771]
Event: 14.940 Thread 0x0000028bc98b9570 Exception <a 'java/lang/NoSuchMethodError'{0x00000000968ab150}: 'int java.lang.invoke.DirectMethodHandle$Holder.invokeVirtual(java.lang.Object, java.lang.Object, java.lang.Object)'> (0x00000000968ab150) 
thrown [s\src\hotspot\share\interpreter\linkResolver.cpp, line 771]
Event: 15.863 Thread 0x0000028bc98b9570 Implicit null exception at 0x0000028bd4c6ab63 to 0x0000028bd4c7036c
Event: 16.233 Thread 0x0000028bc98b9570 Implicit null exception at 0x0000028bd4bea577 to 0x0000028bd4beaad4
Event: 16.374 Thread 0x0000028bc98b9570 Implicit null exception at 0x0000028bd4c8e56f to 0x0000028bd4c8e714
Event: 16.925 Thread 0x0000028bc98b9570 Implicit null exception at 0x0000028bd4a322ac to 0x0000028bd4a32368
Event: 17.312 Thread 0x0000028bc98b9570 Implicit null exception at 0x0000028bd4ffbe36 to 0x0000028bd4ffc79b
Event: 20.789 Thread 0x0000028bc98b9570 Implicit null exception at 0x0000028bd490fb1a to 0x0000028bd490fc88

VM Operations (20 events):
Event: 24.368 Executing VM operation: G1CollectForAllocation
Event: 24.421 Executing VM operation: G1CollectForAllocation done
Event: 24.566 Executing VM operation: HandshakeAllThreads
Event: 24.576 Executing VM operation: HandshakeAllThreads done
Event: 24.801 Executing VM operation: HandshakeAllThreads
Event: 24.801 Executing VM operation: HandshakeAllThreads done
Event: 24.878 Executing VM operation: HandshakeAllThreads
Event: 24.885 Executing VM operation: HandshakeAllThreads done
Event: 24.909 Executing VM operation: ICBufferFull
Event: 24.910 Executing VM operation: ICBufferFull done
Event: 25.686 Executing VM operation: ICBufferFull
Event: 25.687 Executing VM operation: ICBufferFull done
Event: 26.700 Executing VM operation: Cleanup
Event: 26.749 Executing VM operation: Cleanup done
Event: 27.758 Executing VM operation: Cleanup
Event: 27.776 Executing VM operation: Cleanup done
Event: 28.582 Executing VM operation: HandshakeAllThreads
Event: 28.583 Executing VM operation: HandshakeAllThreads done
Event: 28.655 Executing VM operation: ICBufferFull
Event: 28.666 Executing VM operation: ICBufferFull done

Events (20 events):
Event: 24.942 Thread 0x0000028be409f570 flushing nmethod 0x0000028bceef2190
Event: 24.942 Thread 0x0000028be409f570 flushing nmethod 0x0000028bcef1b490
Event: 24.942 Thread 0x0000028be409f570 flushing nmethod 0x0000028bcef20810
Event: 24.942 Thread 0x0000028be409f570 flushing nmethod 0x0000028bcef2ed90
Event: 24.942 Thread 0x0000028be409f570 flushing nmethod 0x0000028bcef51690
Event: 24.943 Thread 0x0000028be409f570 flushing nmethod 0x0000028bcef9b290
Event: 24.943 Thread 0x0000028be409f570 flushing nmethod 0x0000028bcef9be90
Event: 24.946 Thread 0x0000028be409f570 flushing nmethod 0x0000028bcf0dda90
Event: 24.947 Thread 0x0000028be409f570 flushing nmethod 0x0000028bcf1d5590
Event: 24.947 Thread 0x0000028be409f570 flushing nmethod 0x0000028bcf1ebe10
Event: 28.586 Thread 0x0000028be409f570 flushing nmethod 0x0000028bd4a4fd10
Event: 28.596 Thread 0x0000028be409f570 flushing nmethod 0x0000028bcce40310
Event: 28.615 Thread 0x0000028be409f570 flushing nmethod 0x0000028bcd8f3e10
Event: 28.622 Thread 0x0000028be409f570 flushing nmethod 0x0000028bcde15b90
Event: 28.623 Thread 0x0000028be409f570 flushing nmethod 0x0000028bcdebe490
Event: 28.624 Thread 0x0000028be409f570 flushing nmethod 0x0000028bcdf43090
Event: 28.627 Thread 0x0000028be409f570 flushing nmethod 0x0000028bce0f7910
Event: 28.633 Thread 0x0000028be409f570 flushing nmethod 0x0000028bce194010
Event: 28.633 Thread 0x0000028be409f570 flushing nmethod 0x0000028bce1c7810
Event: 28.642 Thread 0x0000028be409f570 flushing nmethod 0x0000028bce84ae90


Dynamic libraries:
0x00007ff79c5c0000 - 0x00007ff79c5ca000 	C:\Program Files (x86)\android-studio-2022.3.1.17-windows\android-studio\jbr\bin\java.exe
0x00007ff9c0510000 - 0x00007ff9c0724000 	C:\WINDOWS\SYSTEM32\ntdll.dll
0x00007ff9bf6f0000 - 0x00007ff9bf7b4000 	C:\WINDOWS\System32\KERNEL32.DLL
0x00007ff9bdb50000 - 0x00007ff9bdef4000 	C:\WINDOWS\System32\KERNELBASE.dll
0x00007ff9bdf00000 - 0x00007ff9be011000 	C:\WINDOWS\System32\ucrtbase.dll
0x00007ff9b1fd0000 - 0x00007ff9b1feb000 	C:\Program Files (x86)\android-studio-2022.3.1.17-windows\android-studio\jbr\bin\VCRUNTIME140.dll
0x00007ff93f9f0000 - 0x00007ff93fa07000 	C:\Program Files (x86)\android-studio-2022.3.1.17-windows\android-studio\jbr\bin\jli.dll
0x00007ff9bfb60000 - 0x00007ff9bfd0e000 	C:\WINDOWS\System32\USER32.dll
0x00007ff9be020000 - 0x00007ff9be046000 	C:\WINDOWS\System32\win32u.dll
0x00007ff9be5b0000 - 0x00007ff9be5d9000 	C:\WINDOWS\System32\GDI32.dll
0x00007ff9be180000 - 0x00007ff9be298000 	C:\WINDOWS\System32\gdi32full.dll
0x00007ff9bd8c0000 - 0x00007ff9bd95a000 	C:\WINDOWS\System32\msvcp_win.dll
0x00007ff9b35f0000 - 0x00007ff9b3883000 	C:\WINDOWS\WinSxS\amd64_microsoft.windows.common-controls_6595b64144ccf1df_6.0.22621.2215_none_270d72677387dfc3\COMCTL32.dll
0x00007ff9bf640000 - 0x00007ff9bf6e7000 	C:\WINDOWS\System32\msvcrt.dll
0x00007ff9be460000 - 0x00007ff9be491000 	C:\WINDOWS\System32\IMM32.DLL
0x00007ff9b89d0000 - 0x00007ff9b89dc000 	C:\Program Files (x86)\android-studio-2022.3.1.17-windows\android-studio\jbr\bin\vcruntime140_1.dll
0x00007ff9a37f0000 - 0x00007ff9a387d000 	C:\Program Files (x86)\android-studio-2022.3.1.17-windows\android-studio\jbr\bin\msvcp140.dll
0x00007ff93ff10000 - 0x00007ff940b7e000 	C:\Program Files (x86)\android-studio-2022.3.1.17-windows\android-studio\jbr\bin\server\jvm.dll
0x00007ff9c0420000 - 0x00007ff9c04d0000 	C:\WINDOWS\System32\ADVAPI32.dll
0x00007ff9be2a0000 - 0x00007ff9be346000 	C:\WINDOWS\System32\sechost.dll
0x00007ff9be720000 - 0x00007ff9be837000 	C:\WINDOWS\System32\RPCRT4.dll
0x00007ff9b3320000 - 0x00007ff9b332a000 	C:\WINDOWS\SYSTEM32\VERSION.dll
0x00007ff9a37a0000 - 0x00007ff9a37a9000 	C:\WINDOWS\SYSTEM32\WSOCK32.dll
0x00007ff9b54a0000 - 0x00007ff9b54d4000 	C:\WINDOWS\SYSTEM32\WINMM.dll
0x00007ff9c00f0000 - 0x00007ff9c0161000 	C:\WINDOWS\System32\WS2_32.dll
0x00007ff9bc9b0000 - 0x00007ff9bc9c8000 	C:\WINDOWS\SYSTEM32\kernel.appcore.dll
0x00007ff9569e0000 - 0x00007ff9569ea000 	C:\Program Files (x86)\android-studio-2022.3.1.17-windows\android-studio\jbr\bin\jimage.dll
0x00007ff9bb070000 - 0x00007ff9bb29e000 	C:\WINDOWS\SYSTEM32\DBGHELP.DLL
0x00007ff9bf7d0000 - 0x00007ff9bfb5a000 	C:\WINDOWS\System32\combase.dll
0x00007ff9be640000 - 0x00007ff9be717000 	C:\WINDOWS\System32\OLEAUT32.dll
0x00007ff9b3440000 - 0x00007ff9b3472000 	C:\WINDOWS\SYSTEM32\dbgcore.DLL
0x00007ff9bdad0000 - 0x00007ff9bdb4a000 	C:\WINDOWS\System32\bcryptPrimitives.dll
0x00007ff956830000 - 0x00007ff956855000 	C:\Program Files (x86)\android-studio-2022.3.1.17-windows\android-studio\jbr\bin\java.dll
0x00007ff956810000 - 0x00007ff956828000 	C:\Program Files (x86)\android-studio-2022.3.1.17-windows\android-studio\jbr\bin\zip.dll
0x00007ff9becc0000 - 0x00007ff9bf4e3000 	C:\WINDOWS\System32\SHELL32.dll
0x00007ff9bb860000 - 0x00007ff9bc14a000 	C:\WINDOWS\SYSTEM32\windows.storage.dll
0x00007ff9bb720000 - 0x00007ff9bb85e000 	C:\WINDOWS\SYSTEM32\wintypes.dll
0x00007ff9be4a0000 - 0x00007ff9be593000 	C:\WINDOWS\System32\SHCORE.dll
0x00007ff9be400000 - 0x00007ff9be45e000 	C:\WINDOWS\System32\shlwapi.dll
0x00007ff9bd7f0000 - 0x00007ff9bd816000 	C:\WINDOWS\SYSTEM32\profapi.dll
0x00007ff94efe0000 - 0x00007ff94eff9000 	C:\Program Files (x86)\android-studio-2022.3.1.17-windows\android-studio\jbr\bin\net.dll
0x00007ff9b7480000 - 0x00007ff9b75b7000 	C:\WINDOWS\SYSTEM32\WINHTTP.dll
0x00007ff9bce80000 - 0x00007ff9bcee9000 	C:\WINDOWS\system32\mswsock.dll
0x00007ff946210000 - 0x00007ff946226000 	C:\Program Files (x86)\android-studio-2022.3.1.17-windows\android-studio\jbr\bin\nio.dll
0x00007ff9569d0000 - 0x00007ff9569e0000 	C:\Program Files (x86)\android-studio-2022.3.1.17-windows\android-studio\jbr\bin\verify.dll

dbghelp: loaded successfully - version: 4.0.5 - missing functions: none
symbol engine: initialized successfully - sym options: 0x614 - pdb path: .;C:\Program Files (x86)\android-studio-2022.3.1.17-windows\android-studio\jbr\bin;C:\WINDOWS\SYSTEM32;C:\WINDOWS\WinSxS\amd64_microsoft.windows.common-controls_6595b64144ccf1df_6.0.22621.2215_none_270d72677387dfc3;C:\Program Files (x86)\android-studio-2022.3.1.17-windows\android-studio\jbr\bin\server

VM Arguments:
java_command: org.jetbrains.kotlin.cli.jvm.K2JVMCompiler @C:\workspace\android\app\build\20231010_16371940744676558689.compiler.options
java_class_path (initial): C:\Users\user\.gradle\caches\modules-2\files-2.1\org.jetbrains.kotlin\kotlin-compiler-embeddable\1.8.10\b0757fd774344d54ce93f5ad6c30ba1c1731c8ff\kotlin-compiler-embeddable-1.8.10.jar;C:\Users\user\.gradle\caches\modules-2\files-2.1\org.jetbrains.kotlin\kotlin-stdlib\1.8.10\6d5560a229477df9406943d5feda5618e98eb64c\kotlin-stdlib-1.8.10.jar;C:\Users\user\.gradle\caches\modules-2\files-2.1\org.jetbrains.kotlin\kotlin-script-runtime\1.8.10\b13ea9c7e46d589139e56086a878763290e20bd5\kotlin-script-runtime-1.8.10.jar;C:\Users\user\.gradle\caches\modules-2\files-2.1\org.jetbrains.kotlin\kotlin-reflect\1.6.10\1cbe9c92c12a94eea200d23c2bbaedaf3daf5132\kotlin-reflect-1.6.10.jar;C:\Users\user\.gradle\caches\modules-2\files-2.1\org.jetbrains.kotlin\kotlin-daemon-embeddable\1.8.10\ad8541d9bc1cf9e52c3204161247910c2cf601d4\kotlin-daemon-embeddable-1.8.10.jar;C:\Users\user\.gradle\caches\modules-2\files-2.1\org.jetbrains.intellij.deps\trove4j\1.0.20200330\3afb14d5f9ceb459d724e907a21145e8ff394f02\trove4j-1.0.20200330.jar;C:\Users\user\.gradle\caches\modules-2\files-2.1\net.java.dev.jna\jna\5.6.0\330f2244e9030119ab3030fc3fededc86713d9cc\jna-5.6.0.jar;C:\Users\user\.gradle\caches\modules-2\files-2.1\org.jetbrains.kotlin\kotlin-stdlib-common\1.8.10\a61b182458550492c12aee66157d7b524a63a5ec\kotlin-stdlib-common-1.8.10.jar;C:\Users\user\.gradle\caches\modules-2\files-2.1\org.jetbrains\annotations\13.0\919f0dfe192fb4e063e7dacadee7f8bb9a2672a9\annotations-13.0.jar
Launcher Type: SUN_STANDARD

[Global flags]
     intx CICompilerCount                          = 4                                         {product} {ergonomic}
     uint ConcGCThreads                            = 2                                         {product} {ergonomic}
     uint G1ConcRefinementThreads                  = 8                                         {product} {ergonomic}
   size_t G1HeapRegionSize                         = 1048576                                   {product} {ergonomic}
    uintx GCDrainStackTargetSize                   = 64                                        {product} {ergonomic}
   size_t InitialHeapSize                          = 130023424                                 {product} {ergonomic}
   size_t MarkStackSize                            = 4194304                                   {product} {ergonomic}
   size_t MaxHeapSize                              = 2063597568                                {product} {ergonomic}
   size_t MaxNewSize                               = 1237319680                                {product} {ergonomic}
   size_t MinHeapDeltaBytes                        = 1048576                                   {product} {ergonomic}
   size_t MinHeapSize                              = 8388608                                   {product} {ergonomic}
    uintx NonNMethodCodeHeapSize                   = 5839372                                {pd product} {ergonomic}
    uintx NonProfiledCodeHeapSize                  = 122909434                              {pd product} {ergonomic}
    uintx ProfiledCodeHeapSize                     = 122909434                              {pd product} {ergonomic}
    uintx ReservedCodeCacheSize                    = 251658240                              {pd product} {ergonomic}
     bool SegmentedCodeCache                       = true                                      {product} {ergonomic}
   size_t SoftMaxHeapSize                          = 2063597568                             {manageable} {ergonomic}
     bool UseCompressedClassPointers               = true                           {product lp64_product} {ergonomic}
     bool UseCompressedOops                        = true                           {product lp64_product} {ergonomic}
     bool UseG1GC                                  = true                                      {product} {ergonomic}
     bool UseLargePagesIndividualAllocation        = false                                  {pd product} {ergonomic}

Logging:
Log output configuration:
 #0: stdout all=warning uptime,level,tags
 #1: stderr all=off uptime,level,tags

Environment Variables:
PATH=C:\Program Files\Common Files\Oracle\Java\javapath;C:\WINDOWS\system32;C:\WINDOWS;C:\WINDOWS\System32\Wbem;C:\WINDOWS\System32\WindowsPowerShell\v1.0\;C:\WINDOWS\System32\OpenSSH\;C:\Program Files (x86)\Git\cmd;C:\Program Files\Java\jdk-18.0.2.1\bin;C:\Program Files\MATLAB\R2022a\bin;C:\Program Files\Java\openssl-0.9.8e_X64\bin;C:\Program Files\nodejs\;C:\ProgramData\chocolatey\bin;C:\Users\user\AppData\Local\Programs\Python\Python39\Scripts\;C:\Users\user\AppData\Local\Programs\Python\Python39\;C:\Users\user\AppData\Local\Microsoft\WindowsApps;C:\Users\user\AppData\Local\Programs\Microsoft VS Code\bin;C:\Program Files\JetBrains\PyCharm Community Edition 2021.2\bin;;C:\Users\user\flutter\bin;C:\Users\user\AppData\Roaming\npm;C:\Program Files\JetBrains\IntelliJ IDEA 2023.2.2\bin;;C:\Users\user\AppData\Local\afreeca
USERNAME=user
OS=Windows_NT
PROCESSOR_IDENTIFIER=Intel64 Family 6 Model 140 Stepping 1, GenuineIntel
TMP=C:\Users\user\AppData\Local\Temp
TEMP=C:\Users\user\AppData\Local\Temp


JNI global refs:
JNI global refs: 13, weak refs: 8

JNI global refs memory usage: 843, weak refs: 841


---------------  S Y S T E M  ---------------

OS:
 Windows 11 , 64 bit Build 22621 (10.0.22621.2215)
OS uptime: 0 days 1:10 hours

CPU: total 8 (initial active 8) (4 cores per cpu, 2 threads per core) family 6 model 140 stepping 1 microcode 0x9a, cx8, cmov, fxsr, ht, mmx, 3dnowpref, sse, sse2, sse3, ssse3, sse4.1, sse4.2, popcnt, lzcnt, tsc, tscinvbit, avx, avx2, aes, erms, clmul, bmi1, bmi2, adx, avx512f, avx512dq, avx512cd, avx512bw, avx512vl, sha, fma, vzeroupper, avx512_vpopcntdq, avx512_vpclmulqdq, avx512_vaes, avx512_vnni, clflush, clflushopt, clwb, avx512_vbmi2, avx512_vbmi

Memory: 4k page, system-wide physical 7865M (72M free)
TotalPageFile size 14444M (AvailPageFile size 15M)
current process WorkingSet (physical memory assigned to process): 457M, peak: 584M
current process commit charge ("private bytes"): 608M, peak: 634M

vm_info: OpenJDK 64-Bit Server VM (17.0.6+0-b2043.56-10027231) for windows-amd64 JRE (17.0.6+0-b2043.56-10027231), built on Apr 28 2023 00:43:19 by "androidbuild" with MS VC++ 16.10 / 16.11 (VS2019)

END.
