#
# There is insufficient memory for the Java Runtime Environment to continue.
# Native memory allocation (mmap) failed to map 167772160 bytes for G1 virtual space
# Possible reasons:
#   The system is out of physical RAM or swap space
#   The process is running with CompressedOops enabled, and the Java Heap may be blocking the growth of the native heap
# Possible solutions:
#   Reduce memory load on the system
#   Increase physical memory or swap space
#   Check if swap backing store is full
#   Decrease Java heap size (-Xmx/-Xms)
#   Decrease number of Java threads
#   Decrease Java thread stack sizes (-Xss)
#   Set larger code cache with -XX:ReservedCodeCacheSize=
#   JVM is running with Unscaled Compressed Oops mode in which the Java heap is
#     placed in the first 4GB address space. The Java Heap base address is the
#     maximum limit for the native heap growth. Please use -XX:HeapBaseMinAddress
#     to set the Java Heap base and to place the Java Heap above 4GB virtual address.
# This output file may be truncated or incomplete.
#
#  Out of Memory Error (os_windows.cpp:3769), pid=24964, tid=20532
#
# JRE version: OpenJDK Runtime Environment (17.0.6) (build 17.0.6+0-b2043.56-10027231)
# Java VM: OpenJDK 64-Bit Server VM (17.0.6+0-b2043.56-10027231, mixed mode, tiered, compressed oops, compressed class ptrs, g1 gc, windows-amd64)
# No core dump will be written. Minidumps are not enabled by default on client versions of Windows
#

---------------  S U M M A R Y ------------

Command Line: --add-opens=java.base/java.util=ALL-UNNAMED --add-opens=java.base/java.lang=ALL-UNNAMED --add-opens=java.base/java.lang.invoke=ALL-UNNAMED --add-opens=java.prefs/java.util.prefs=ALL-UNNAMED --add-opens=java.base/java.nio.charset=ALL-UNNAMED --add-opens=java.base/java.net=ALL-UNNAMED --add-opens=java.base/java.util.concurrent.atomic=ALL-UNNAMED -Xmx2048m -Dfile.encoding=UTF-8 -Duser.country=KR -Duser.language=ko -Duser.variant org.gradle.launcher.daemon.bootstrap.GradleDaemon 8.0

Host: 11th Gen Intel(R) Core(TM) i5-1135G7 @ 2.40GHz, 8 cores, 7G,  Windows 11 , 64 bit Build 22621 (10.0.22621.2428)
Time: Sun Oct 15 16:48:44 2023  Windows 11 , 64 bit Build 22621 (10.0.22621.2428) elapsed time: 11.379947 seconds (0d 0h 0m 11s)

---------------  T H R E A D  ---------------

Current thread (0x000001ffde1a98e0):  VMThread "VM Thread" [stack: 0x000000f139d00000,0x000000f139e00000] [id=20532]

Stack: [0x000000f139d00000,0x000000f139e00000]
Native frames: (J=compiled Java code, j=interpreted, Vv=VM code, C=native code)
V  [jvm.dll+0x683c9a]
V  [jvm.dll+0x8427a4]
V  [jvm.dll+0x843f9e]
V  [jvm.dll+0x844603]
V  [jvm.dll+0x249b75]
V  [jvm.dll+0x680b69]
V  [jvm.dll+0x67505a]
V  [jvm.dll+0x309acb]
V  [jvm.dll+0x310f86]
V  [jvm.dll+0x3608ee]
V  [jvm.dll+0x360b1f]
V  [jvm.dll+0x2dfbf8]
V  [jvm.dll+0x2ddec4]
V  [jvm.dll+0x2dd4cc]
V  [jvm.dll+0x321f3b]
V  [jvm.dll+0x848ccb]
V  [jvm.dll+0x849a04]
V  [jvm.dll+0x849f1d]
V  [jvm.dll+0x84a2f4]
V  [jvm.dll+0x84a3c0]
V  [jvm.dll+0x7f274a]
V  [jvm.dll+0x682ad5]
C  [ucrtbase.dll+0x29363]
C  [KERNEL32.DLL+0x1257d]
C  [ntdll.dll+0x5aa78]

VM_Operation (0x000000f13b4f4a50): G1CollectForAllocation, mode: safepoint, requested by thread 0x000001ffe028e810


---------------  P R O C E S S  ---------------

Threads class SMR info:
_java_thread_list=0x000001ffe1e18a60, length=128, elements={
0x000001ffc4349020, 0x000001ffde1b1f30, 0x000001ffde1d2570, 0x000001ffdec1afd0,
0x000001ffdec1ba90, 0x000001ffdec20560, 0x000001ffdec20f10, 0x000001ffdec56170,
0x000001ffdec5fd60, 0x000001ffdec6b390, 0x000001ffdedda470, 0x000001ffdedf5df0,
0x000001ffe11e8db0, 0x000001ffdf93f0a0, 0x000001ffdef5c620, 0x000001ffe15b5000,
0x000001ffe1566b70, 0x000001ffe1567040, 0x000001ffe028e810, 0x000001ffe05c7c30,
0x000001ffdfb83650, 0x000001ffdfb814a0, 0x000001ffdfb81e40, 0x000001ffdfb80160,
0x000001ffdfb80630, 0x000001ffdfb81970, 0x000001ffdfb82310, 0x000001ffdfb80b00,
0x000001ffdfb827e0, 0x000001ffdfb80fd0, 0x000001ffdfb82cb0, 0x000001ffe2820110,
0x000001ffe281fc40, 0x000001ffe2823130, 0x000001ffe281f2a0, 0x000001ffe2824470,
0x000001ffe2820ab0, 0x000001ffe2826620, 0x000001ffe2820f80, 0x000001ffe2826150,
0x000001ffe281f770, 0x000001ffe2822790, 0x000001ffe2822c60, 0x000001ffe537ebf0,
0x000001ffe5377870, 0x000001ffe537bbd0, 0x000001ffe537b230, 0x000001ffe537c570,
0x000001ffe537d3e0, 0x000001ffe537d8b0, 0x000001ffe537dd80, 0x000001ffe5379550,
0x000001ffe5379ef0, 0x000001ffe537e250, 0x000001ffe537e720, 0x000001ffe5379a20,
0x000001ffe537f0c0, 0x000001ffe5377d40, 0x000001ffe5378210, 0x000001ffe537a3c0,
0x000001ffe53786e0, 0x000001ffe5379080, 0x000001ffe537a890, 0x000001ffe5378bb0,
0x000001ffe537ad60, 0x000001ffe537b700, 0x000001ffe537c0a0, 0x000001ffe537ca40,
0x000001ffe537cf10, 0x000001ffe1163820, 0x000001ffe11671e0, 0x000001ffe1166840,
0x000001ffe11629b0, 0x000001ffe11641c0, 0x000001ffe11611a0, 0x000001ffe1165500,
0x000001ffe1162010, 0x000001ffe1162e80, 0x000001ffe11676b0, 0x000001ffe1164690,
0x000001ffe11659d0, 0x000001ffe1160cd0, 0x000001ffe1167b80, 0x000001ffe1166d10,
0x000001ffe1161670, 0x000001ffe1168050, 0x000001ffe1163cf0, 0x000001ffe1165ea0,
0x000001ffe1161b40, 0x000001ffe11624e0, 0x000001ffe1160800, 0x000001ffe1163350,
0x000001ffe1164b60, 0x000001ffe1165030, 0x000001ffe1166370, 0x000001ffe1285530,
0x000001ffe12841f0, 0x000001ffe1289890, 0x000001ffe1288550, 0x000001ffe1285a00,
0x000001ffe1285ed0, 0x000001ffe12863a0, 0x000001ffe12893c0, 0x000001ffe128a700,
0x000001ffe128abd0, 0x000001ffe1289d60, 0x000001ffe12876e0, 0x000001ffe1286870,
0x000001ffe1288080, 0x000001ffe1288a20, 0x000001ffe1286d40, 0x000001ffe128b570,
0x000001ffe1288ef0, 0x000001ffe1287bb0, 0x000001ffe128a230, 0x000001ffe12846c0,
0x000001ffe1287210, 0x000001ffe1284b90, 0x000001ffe128b0a0, 0x000001ffe128ba40,
0x000001ffe1285060, 0x000001ffe1ad0190, 0x000001ffe1acdfe0, 0x000001ffe1ace980,
0x000001ffe1acf7f0, 0x000001ffe1ad1e70, 0x000001ffe2b5e0c0, 0x000001ffe2a72810
}

Java Threads: ( => current thread )
  0x000001ffc4349020 JavaThread "main" [_thread_blocked, id=20332, stack(0x000000f139700000,0x000000f139800000)]
  0x000001ffde1b1f30 JavaThread "Reference Handler" daemon [_thread_blocked, id=11464, stack(0x000000f139e00000,0x000000f139f00000)]
  0x000001ffde1d2570 JavaThread "Finalizer" daemon [_thread_blocked, id=13028, stack(0x000000f139f00000,0x000000f13a000000)]
  0x000001ffdec1afd0 JavaThread "Signal Dispatcher" daemon [_thread_blocked, id=16476, stack(0x000000f13a000000,0x000000f13a100000)]
  0x000001ffdec1ba90 JavaThread "Attach Listener" daemon [_thread_blocked, id=18512, stack(0x000000f13a100000,0x000000f13a200000)]
  0x000001ffdec20560 JavaThread "Service Thread" daemon [_thread_blocked, id=22192, stack(0x000000f13a200000,0x000000f13a300000)]
  0x000001ffdec20f10 JavaThread "Monitor Deflation Thread" daemon [_thread_blocked, id=23388, stack(0x000000f13a300000,0x000000f13a400000)]
  0x000001ffdec56170 JavaThread "C2 CompilerThread0" daemon [_thread_blocked, id=20920, stack(0x000000f13a400000,0x000000f13a500000)]
  0x000001ffdec5fd60 JavaThread "C1 CompilerThread0" daemon [_thread_blocked, id=18856, stack(0x000000f13a500000,0x000000f13a600000)]
  0x000001ffdec6b390 JavaThread "Sweeper thread" daemon [_thread_blocked, id=12280, stack(0x000000f13a600000,0x000000f13a700000)]
  0x000001ffdedda470 JavaThread "Common-Cleaner" daemon [_thread_blocked, id=16356, stack(0x000000f13a700000,0x000000f13a800000)]
  0x000001ffdedf5df0 JavaThread "Notification Thread" daemon [_thread_blocked, id=1088, stack(0x000000f13a800000,0x000000f13a900000)]
  0x000001ffe11e8db0 JavaThread "Daemon health stats" [_thread_blocked, id=19708, stack(0x000000f13b000000,0x000000f13b100000)]
  0x000001ffdf93f0a0 JavaThread "Incoming local TCP Connector on port 61610" [_thread_in_native, id=15060, stack(0x000000f13aa00000,0x000000f13ab00000)]
  0x000001ffdef5c620 JavaThread "Daemon periodic checks" [_thread_blocked, id=11576, stack(0x000000f13ab00000,0x000000f13ac00000)]
  0x000001ffe15b5000 JavaThread "Daemon" [_thread_blocked, id=12016, stack(0x000000f13b100000,0x000000f13b200000)]
  0x000001ffe1566b70 JavaThread "Handler for socket connection from /127.0.0.1:61610 to /127.0.0.1:61611" [_thread_in_native, id=25528, stack(0x000000f13b200000,0x000000f13b300000)]
  0x000001ffe1567040 JavaThread "Cancel handler" [_thread_blocked, id=3872, stack(0x000000f13b300000,0x000000f13b400000)]
  0x000001ffe028e810 JavaThread "Daemon worker" [_thread_blocked, id=2396, stack(0x000000f13b400000,0x000000f13b500000)]
  0x000001ffe05c7c30 JavaThread "Asynchronous log dispatcher for DefaultDaemonConnection: socket connection from /127.0.0.1:61610 to /127.0.0.1:61611" [_thread_blocked, id=19652, stack(0x000000f13b500000,0x000000f13b600000)]
  0x000001ffdfb83650 JavaThread "Stdin handler" [_thread_blocked, id=17148, stack(0x000000f13b600000,0x000000f13b700000)]
  0x000001ffdfb814a0 JavaThread "Daemon client event forwarder" [_thread_blocked, id=4892, stack(0x000000f13b700000,0x000000f13b800000)]
  0x000001ffdfb81e40 JavaThread "Cache worker for journal cache (C:\Users\user\.gradle\caches\journal-1)" [_thread_blocked, id=20900, stack(0x000000f13bc00000,0x000000f13bd00000)]
  0x000001ffdfb80160 JavaThread "File lock request listener" [_thread_in_native, id=12116, stack(0x000000f13bd00000,0x000000f13be00000)]
  0x000001ffdfb80630 JavaThread "Cache worker for file hash cache (C:\Users\user\.gradle\caches\8.0\fileHashes)" [_thread_blocked, id=25832, stack(0x000000f13be00000,0x000000f13bf00000)]
  0x000001ffdfb81970 JavaThread "File watcher server" daemon [_thread_in_native, id=11736, stack(0x000000f13c100000,0x000000f13c200000)]
  0x000001ffdfb82310 JavaThread "File watcher consumer" daemon [_thread_blocked, id=22148, stack(0x000000f13c200000,0x000000f13c300000)]
  0x000001ffdfb80b00 JavaThread "Cache worker for checksums cache (C:\workspace\android\.gradle\8.0\checksums)" [_thread_blocked, id=26096, stack(0x000000f13c300000,0x000000f13c400000)]
  0x000001ffdfb827e0 JavaThread "Cache worker for cache directory md-rule (C:\Users\user\.gradle\caches\8.0\md-rule)" [_thread_blocked, id=10624, stack(0x000000f13c400000,0x000000f13c500000)]
  0x000001ffdfb80fd0 JavaThread "Cache worker for file content cache (C:\Users\user\.gradle\caches\8.0\fileContent)" [_thread_blocked, id=22208, stack(0x000000f13c500000,0x000000f13c600000)]
  0x000001ffdfb82cb0 JavaThread "Cache worker for file hash cache (C:\workspace\android\.gradle\8.0\fileHashes)" [_thread_blocked, id=23516, stack(0x000000f13c600000,0x000000f13c700000)]
  0x000001ffe2820110 JavaThread "Cache worker for cache directory md-supplier (C:\Users\user\.gradle\caches\8.0\md-supplier)" [_thread_blocked, id=24384, stack(0x000000f13c700000,0x000000f13c800000)]
  0x000001ffe281fc40 JavaThread "Cache worker for execution history cache (C:\Users\user\.gradle\caches\8.0\executionHistory)" [_thread_blocked, id=9676, stack(0x000000f13c800000,0x000000f13c900000)]
  0x000001ffe2823130 JavaThread "jar transforms" [_thread_blocked, id=14280, stack(0x000000f13c900000,0x000000f13ca00000)]
  0x000001ffe281f2a0 JavaThread "jar transforms Thread 2" [_thread_blocked, id=15304, stack(0x000000f13ca00000,0x000000f13cb00000)]
  0x000001ffe2824470 JavaThread "Cache worker for kotlin-dsl (C:\Users\user\.gradle\caches\8.0\kotlin-dsl)" [_thread_blocked, id=17796, stack(0x000000f13cb00000,0x000000f13cc00000)]
  0x000001ffe2820ab0 JavaThread "jar transforms Thread 3" [_thread_blocked, id=16968, stack(0x000000f13cc00000,0x000000f13cd00000)]
  0x000001ffe2826620 JavaThread "jar transforms Thread 4" [_thread_blocked, id=17108, stack(0x000000f13cd00000,0x000000f13ce00000)]
  0x000001ffe2820f80 JavaThread "Cache worker for dependencies-accessors (C:\workspace\android\.gradle\8.0\dependencies-accessors)" [_thread_blocked, id=9724, stack(0x000000f13ce00000,0x000000f13cf00000)]
  0x000001ffe2826150 JavaThread "Cache worker for Build Output Cleanup Cache (C:\workspace\android\.gradle\buildOutputCleanup)" [_thread_blocked, id=15196, stack(0x000000f13cf00000,0x000000f13d000000)]
  0x000001ffe281f770 JavaThread "jar transforms Thread 5" [_thread_blocked, id=22328, stack(0x000000f13d000000,0x000000f13d100000)]
  0x000001ffe2822790 JavaThread "Unconstrained build operations" [_thread_blocked, id=24584, stack(0x000000f13d100000,0x000000f13d200000)]
  0x000001ffe2822c60 JavaThread "Unconstrained build operations Thread 2" [_thread_blocked, id=18652, stack(0x000000f13d200000,0x000000f13d300000)]
  0x000001ffe537ebf0 JavaThread "Unconstrained build operations Thread 3" [_thread_blocked, id=22620, stack(0x000000f13d300000,0x000000f13d400000)]
  0x000001ffe5377870 JavaThread "Unconstrained build operations Thread 4" [_thread_blocked, id=15240, stack(0x000000f13d400000,0x000000f13d500000)]
  0x000001ffe537bbd0 JavaThread "Unconstrained build operations Thread 5" [_thread_blocked, id=24756, stack(0x000000f13d500000,0x000000f13d600000)]
  0x000001ffe537b230 JavaThread "Unconstrained build operations Thread 6" [_thread_blocked, id=13852, stack(0x000000f13d600000,0x000000f13d700000)]
  0x000001ffe537c570 JavaThread "Unconstrained build operations Thread 7" [_thread_blocked, id=9184, stack(0x000000f13d700000,0x000000f13d800000)]
  0x000001ffe537d3e0 JavaThread "Unconstrained build operations Thread 8" [_thread_blocked, id=22244, stack(0x000000f13d800000,0x000000f13d900000)]
  0x000001ffe537d8b0 JavaThread "Unconstrained build operations Thread 9" [_thread_blocked, id=15608, stack(0x000000f13d900000,0x000000f13da00000)]
  0x000001ffe537dd80 JavaThread "Unconstrained build operations Thread 10" [_thread_blocked, id=23668, stack(0x000000f13da00000,0x000000f13db00000)]
  0x000001ffe5379550 JavaThread "Unconstrained build operations Thread 11" [_thread_blocked, id=22432, stack(0x000000f13db00000,0x000000f13dc00000)]
  0x000001ffe5379ef0 JavaThread "Unconstrained build operations Thread 12" [_thread_blocked, id=14584, stack(0x000000f13dc00000,0x000000f13dd00000)]
  0x000001ffe537e250 JavaThread "Unconstrained build operations Thread 13" [_thread_blocked, id=26072, stack(0x000000f13dd00000,0x000000f13de00000)]
  0x000001ffe537e720 JavaThread "Unconstrained build operations Thread 14" [_thread_blocked, id=14416, stack(0x000000f13de00000,0x000000f13df00000)]
  0x000001ffe5379a20 JavaThread "Unconstrained build operations Thread 15" [_thread_blocked, id=12472, stack(0x000000f13df00000,0x000000f13e000000)]
  0x000001ffe537f0c0 JavaThread "Unconstrained build operations Thread 16" [_thread_blocked, id=22088, stack(0x000000f13e000000,0x000000f13e100000)]
  0x000001ffe5377d40 JavaThread "Unconstrained build operations Thread 17" [_thread_blocked, id=11312, stack(0x000000f13e100000,0x000000f13e200000)]
  0x000001ffe5378210 JavaThread "Unconstrained build operations Thread 18" [_thread_blocked, id=24024, stack(0x000000f13e200000,0x000000f13e300000)]
  0x000001ffe537a3c0 JavaThread "Unconstrained build operations Thread 19" [_thread_blocked, id=11332, stack(0x000000f13e300000,0x000000f13e400000)]
  0x000001ffe53786e0 JavaThread "Unconstrained build operations Thread 20" [_thread_blocked, id=11512, stack(0x000000f13e400000,0x000000f13e500000)]
  0x000001ffe5379080 JavaThread "Unconstrained build operations Thread 21" [_thread_blocked, id=18564, stack(0x000000f13e500000,0x000000f13e600000)]
  0x000001ffe537a890 JavaThread "Unconstrained build operations Thread 22" [_thread_blocked, id=25864, stack(0x000000f13e600000,0x000000f13e700000)]
  0x000001ffe5378bb0 JavaThread "Unconstrained build operations Thread 23" [_thread_blocked, id=14648, stack(0x000000f13e700000,0x000000f13e800000)]
  0x000001ffe537ad60 JavaThread "Unconstrained build operations Thread 24" [_thread_blocked, id=4692, stack(0x000000f13e800000,0x000000f13e900000)]
  0x000001ffe537b700 JavaThread "Unconstrained build operations Thread 25" [_thread_blocked, id=17024, stack(0x000000f13e900000,0x000000f13ea00000)]
  0x000001ffe537c0a0 JavaThread "Unconstrained build operations Thread 26" [_thread_blocked, id=25348, stack(0x000000f13ea00000,0x000000f13eb00000)]
  0x000001ffe537ca40 JavaThread "Unconstrained build operations Thread 27" [_thread_blocked, id=22072, stack(0x000000f13eb00000,0x000000f13ec00000)]
  0x000001ffe537cf10 JavaThread "Unconstrained build operations Thread 28" [_thread_blocked, id=2284, stack(0x000000f13ec00000,0x000000f13ed00000)]
  0x000001ffe1163820 JavaThread "Unconstrained build operations Thread 29" [_thread_blocked, id=11864, stack(0x000000f13ed00000,0x000000f13ee00000)]
  0x000001ffe11671e0 JavaThread "Unconstrained build operations Thread 30" [_thread_blocked, id=25124, stack(0x000000f13ee00000,0x000000f13ef00000)]
  0x000001ffe1166840 JavaThread "Unconstrained build operations Thread 31" [_thread_blocked, id=24992, stack(0x000000f13ef00000,0x000000f13f000000)]
  0x000001ffe11629b0 JavaThread "Unconstrained build operations Thread 32" [_thread_blocked, id=19196, stack(0x000000f13f000000,0x000000f13f100000)]
  0x000001ffe11641c0 JavaThread "Unconstrained build operations Thread 33" [_thread_blocked, id=14276, stack(0x000000f13f100000,0x000000f13f200000)]
  0x000001ffe11611a0 JavaThread "Unconstrained build operations Thread 34" [_thread_blocked, id=20732, stack(0x000000f13f200000,0x000000f13f300000)]
  0x000001ffe1165500 JavaThread "Unconstrained build operations Thread 35" [_thread_blocked, id=26520, stack(0x000000f13f300000,0x000000f13f400000)]
  0x000001ffe1162010 JavaThread "Unconstrained build operations Thread 36" [_thread_blocked, id=21532, stack(0x000000f13f400000,0x000000f13f500000)]
  0x000001ffe1162e80 JavaThread "Unconstrained build operations Thread 37" [_thread_blocked, id=18368, stack(0x000000f13f500000,0x000000f13f600000)]
  0x000001ffe11676b0 JavaThread "Unconstrained build operations Thread 38" [_thread_blocked, id=9428, stack(0x000000f13f600000,0x000000f13f700000)]
  0x000001ffe1164690 JavaThread "Unconstrained build operations Thread 39" [_thread_blocked, id=5592, stack(0x000000f13f700000,0x000000f13f800000)]
  0x000001ffe11659d0 JavaThread "Unconstrained build operations Thread 40" [_thread_blocked, id=6936, stack(0x000000f13f800000,0x000000f13f900000)]
  0x000001ffe1160cd0 JavaThread "Unconstrained build operations Thread 41" [_thread_blocked, id=13096, stack(0x000000f13f900000,0x000000f13fa00000)]
  0x000001ffe1167b80 JavaThread "Unconstrained build operations Thread 42" [_thread_blocked, id=9224, stack(0x000000f13fa00000,0x000000f13fb00000)]
  0x000001ffe1166d10 JavaThread "Unconstrained build operations Thread 43" [_thread_blocked, id=9756, stack(0x000000f13fb00000,0x000000f13fc00000)]
  0x000001ffe1161670 JavaThread "Unconstrained build operations Thread 44" [_thread_blocked, id=20328, stack(0x000000f13fc00000,0x000000f13fd00000)]
  0x000001ffe1168050 JavaThread "Unconstrained build operations Thread 45" [_thread_blocked, id=5896, stack(0x000000f13fd00000,0x000000f13fe00000)]
  0x000001ffe1163cf0 JavaThread "Unconstrained build operations Thread 46" [_thread_blocked, id=18052, stack(0x000000f13fe00000,0x000000f13ff00000)]
  0x000001ffe1165ea0 JavaThread "Unconstrained build operations Thread 47" [_thread_blocked, id=23148, stack(0x000000f13ff00000,0x000000f140000000)]
  0x000001ffe1161b40 JavaThread "Unconstrained build operations Thread 48" [_thread_blocked, id=20060, stack(0x000000f140000000,0x000000f140100000)]
  0x000001ffe11624e0 JavaThread "Unconstrained build operations Thread 49" [_thread_blocked, id=21784, stack(0x000000f140100000,0x000000f140200000)]
  0x000001ffe1160800 JavaThread "Unconstrained build operations Thread 50" [_thread_blocked, id=9544, stack(0x000000f140200000,0x000000f140300000)]
  0x000001ffe1163350 JavaThread "Unconstrained build operations Thread 51" [_thread_blocked, id=17020, stack(0x000000f140300000,0x000000f140400000)]
  0x000001ffe1164b60 JavaThread "Unconstrained build operations Thread 52" [_thread_blocked, id=10600, stack(0x000000f140400000,0x000000f140500000)]
  0x000001ffe1165030 JavaThread "Unconstrained build operations Thread 53" [_thread_blocked, id=18248, stack(0x000000f140500000,0x000000f140600000)]
  0x000001ffe1166370 JavaThread "Unconstrained build operations Thread 54" [_thread_blocked, id=10576, stack(0x000000f140600000,0x000000f140700000)]
  0x000001ffe1285530 JavaThread "Unconstrained build operations Thread 55" [_thread_blocked, id=11660, stack(0x000000f140700000,0x000000f140800000)]
  0x000001ffe12841f0 JavaThread "Unconstrained build operations Thread 56" [_thread_blocked, id=14816, stack(0x000000f140800000,0x000000f140900000)]
  0x000001ffe1289890 JavaThread "Unconstrained build operations Thread 57" [_thread_blocked, id=1764, stack(0x000000f140900000,0x000000f140a00000)]
  0x000001ffe1288550 JavaThread "Unconstrained build operations Thread 58" [_thread_blocked, id=21220, stack(0x000000f140a00000,0x000000f140b00000)]
  0x000001ffe1285a00 JavaThread "Unconstrained build operations Thread 59" [_thread_blocked, id=9348, stack(0x000000f140b00000,0x000000f140c00000)]
  0x000001ffe1285ed0 JavaThread "Unconstrained build operations Thread 60" [_thread_blocked, id=20648, stack(0x000000f140c00000,0x000000f140d00000)]
  0x000001ffe12863a0 JavaThread "Unconstrained build operations Thread 61" [_thread_blocked, id=24500, stack(0x000000f140d00000,0x000000f140e00000)]
  0x000001ffe12893c0 JavaThread "Unconstrained build operations Thread 62" [_thread_blocked, id=8032, stack(0x000000f140e00000,0x000000f140f00000)]
  0x000001ffe128a700 JavaThread "Unconstrained build operations Thread 63" [_thread_blocked, id=8832, stack(0x000000f140f00000,0x000000f141000000)]
  0x000001ffe128abd0 JavaThread "Unconstrained build operations Thread 64" [_thread_blocked, id=22688, stack(0x000000f141000000,0x000000f141100000)]
  0x000001ffe1289d60 JavaThread "Unconstrained build operations Thread 65" [_thread_blocked, id=20428, stack(0x000000f141100000,0x000000f141200000)]
  0x000001ffe12876e0 JavaThread "Unconstrained build operations Thread 66" [_thread_blocked, id=25336, stack(0x000000f141200000,0x000000f141300000)]
  0x000001ffe1286870 JavaThread "Unconstrained build operations Thread 67" [_thread_blocked, id=18316, stack(0x000000f141300000,0x000000f141400000)]
  0x000001ffe1288080 JavaThread "Unconstrained build operations Thread 68" [_thread_blocked, id=22516, stack(0x000000f141400000,0x000000f141500000)]
  0x000001ffe1288a20 JavaThread "Unconstrained build operations Thread 69" [_thread_blocked, id=1864, stack(0x000000f141500000,0x000000f141600000)]
  0x000001ffe1286d40 JavaThread "Unconstrained build operations Thread 70" [_thread_blocked, id=20108, stack(0x000000f141600000,0x000000f141700000)]
  0x000001ffe128b570 JavaThread "Unconstrained build operations Thread 71" [_thread_blocked, id=8716, stack(0x000000f141700000,0x000000f141800000)]
  0x000001ffe1288ef0 JavaThread "Unconstrained build operations Thread 72" [_thread_blocked, id=9672, stack(0x000000f141800000,0x000000f141900000)]
  0x000001ffe1287bb0 JavaThread "Unconstrained build operations Thread 73" [_thread_blocked, id=22172, stack(0x000000f141900000,0x000000f141a00000)]
  0x000001ffe128a230 JavaThread "Unconstrained build operations Thread 74" [_thread_blocked, id=17920, stack(0x000000f141a00000,0x000000f141b00000)]
  0x000001ffe12846c0 JavaThread "Unconstrained build operations Thread 75" [_thread_blocked, id=24320, stack(0x000000f141b00000,0x000000f141c00000)]
  0x000001ffe1287210 JavaThread "Unconstrained build operations Thread 76" [_thread_blocked, id=2720, stack(0x000000f141c00000,0x000000f141d00000)]
  0x000001ffe1284b90 JavaThread "Unconstrained build operations Thread 77" [_thread_blocked, id=19104, stack(0x000000f141d00000,0x000000f141e00000)]
  0x000001ffe128b0a0 JavaThread "Unconstrained build operations Thread 78" [_thread_blocked, id=2840, stack(0x000000f141e00000,0x000000f141f00000)]
  0x000001ffe128ba40 JavaThread "Unconstrained build operations Thread 79" [_thread_blocked, id=25820, stack(0x000000f141f00000,0x000000f142000000)]
  0x000001ffe1285060 JavaThread "Unconstrained build operations Thread 80" [_thread_blocked, id=18864, stack(0x000000f142000000,0x000000f142100000)]
  0x000001ffe1ad0190 JavaThread "jar transforms Thread 6" [_thread_blocked, id=23616, stack(0x000000f142100000,0x000000f142200000)]
  0x000001ffe1acdfe0 JavaThread "jar transforms Thread 7" [_thread_blocked, id=10604, stack(0x000000f142200000,0x000000f142300000)]
  0x000001ffe1ace980 JavaThread "jar transforms Thread 8" [_thread_blocked, id=20700, stack(0x000000f142300000,0x000000f142400000)]
  0x000001ffe1acf7f0 JavaThread "build event listener" [_thread_blocked, id=9008, stack(0x000000f142400000,0x000000f142500000)]
  0x000001ffe1ad1e70 JavaThread "Memory manager" [_thread_blocked, id=15288, stack(0x000000f142500000,0x000000f142600000)]
  0x000001ffe2b5e0c0 JavaThread "C2 CompilerThread1" daemon [_thread_blocked, id=13228, stack(0x000000f13bf00000,0x000000f13c000000)]
  0x000001ffe2a72810 JavaThread "C2 CompilerThread2" daemon [_thread_blocked, id=20468, stack(0x000000f13c000000,0x000000f13c100000)]

Other Threads:
=>0x000001ffde1a98e0 VMThread "VM Thread" [stack: 0x000000f139d00000,0x000000f139e00000] [id=20532]
  0x000001ffdeddb950 WatcherThread [stack: 0x000000f13a900000,0x000000f13aa00000] [id=15744]
  0x000001ffc43a4240 GCTaskThread "GC Thread#0" [stack: 0x000000f139800000,0x000000f139900000] [id=19180]
  0x000001ffdf661cd0 GCTaskThread "GC Thread#1" [stack: 0x000000f13ac00000,0x000000f13ad00000] [id=12272]
  0x000001ffdf660cb0 GCTaskThread "GC Thread#2" [stack: 0x000000f13ad00000,0x000000f13ae00000] [id=20956]
  0x000001ffdf6614c0 GCTaskThread "GC Thread#3" [stack: 0x000000f13ae00000,0x000000f13af00000] [id=10764]
  0x000001ffdf661f80 GCTaskThread "GC Thread#4" [stack: 0x000000f13af00000,0x000000f13b000000] [id=20252]
  0x000001ffdf662790 GCTaskThread "GC Thread#5" [stack: 0x000000f13b800000,0x000000f13b900000] [id=13988]
  0x000001ffdf6624e0 GCTaskThread "GC Thread#6" [stack: 0x000000f13b900000,0x000000f13ba00000] [id=11480]
  0x000001ffdf661770 GCTaskThread "GC Thread#7" [stack: 0x000000f13ba00000,0x000000f13bb00000] [id=5752]
  0x000001ffc43b5180 ConcurrentGCThread "G1 Main Marker" [stack: 0x000000f139900000,0x000000f139a00000] [id=17536]
  0x000001ffc43b6330 ConcurrentGCThread "G1 Conc#0" [stack: 0x000000f139a00000,0x000000f139b00000] [id=18860]
  0x000001ffdf661a20 ConcurrentGCThread "G1 Conc#1" [stack: 0x000000f13bb00000,0x000000f13bc00000] [id=16408]
  0x000001ffde0124c0 ConcurrentGCThread "G1 Refine#0" [stack: 0x000000f139b00000,0x000000f139c00000] [id=13240]
  0x000001ffde012ee0 ConcurrentGCThread "G1 Service" [stack: 0x000000f139c00000,0x000000f139d00000] [id=8740]

Threads with active compile tasks:
C2 CompilerThread0    11427 9585       4       jdk.internal.org.objectweb.asm.Frame::accept (264 bytes)
C2 CompilerThread1    11427 9587       4       java.lang.Class::annotationData (44 bytes)
C2 CompilerThread2    11427 9554   !   4       java.net.URL::<init> (543 bytes)

VM state: at safepoint (normal execution)

VM Mutex/Monitor currently owned by a thread:  ([mutex/lock_event])
[0x000001ffc4343bd0] Threads_lock - owner thread: 0x000001ffde1a98e0
[0x000001ffc4343000] Heap_lock - owner thread: 0x000001ffe028e810

Heap address: 0x0000000080000000, size: 2048 MB, Compressed Oops mode: 32-bit

CDS archive(s) not mapped
Compressed class space mapped at: 0x0000000100000000-0x0000000140000000, reserved size: 1073741824
Narrow klass base: 0x0000000000000000, Narrow klass shift: 3, Narrow klass range: 0x140000000

GC Precious Log:
 CPUs: 8 total, 8 available
 Memory: 7865M
 Large Page Support: Disabled
 NUMA Support: Disabled
 Compressed Oops: Enabled (32-bit)
 Heap Region Size: 1M
 Heap Min Capacity: 8M
 Heap Initial Capacity: 124M
 Heap Max Capacity: 2G
 Pre-touch: Disabled
 Parallel Workers: 8
 Concurrent Workers: 2
 Concurrent Refinement Workers: 8
 Periodic GC: Disabled

Heap:
 garbage-first heap   total 159744K, used 86216K [0x0000000080000000, 0x0000000100000000)
  region size 1024K, 4 young (4096K), 4 survivors (4096K)
 Metaspace       used 92817K, committed 93504K, reserved 1130496K
  class space    used 12641K, committed 12992K, reserved 1048576K

Heap Regions: E=young(eden), S=young(survivor), O=old, HS=humongous(starts), HC=humongous(continues), CS=collection set, F=free, OA=open archive, CA=closed archive, TAMS=top-at-mark-start (previous, next)
|   0|0x0000000080000000, 0x0000000080100000, 0x0000000080100000|100%|HS|  |TAMS 0x0000000080100000, 0x0000000080100000| Complete 
|   1|0x0000000080100000, 0x0000000080200000, 0x0000000080200000|100%|HC|  |TAMS 0x0000000080200000, 0x0000000080200000| Complete 
|   2|0x0000000080200000, 0x0000000080300000, 0x0000000080300000|100%|HC|  |TAMS 0x0000000080300000, 0x0000000080300000| Complete 
|   3|0x0000000080300000, 0x0000000080400000, 0x0000000080400000|100%|HC|  |TAMS 0x0000000080400000, 0x0000000080400000| Complete 
|   4|0x0000000080400000, 0x0000000080500000, 0x0000000080500000|100%| O|  |TAMS 0x0000000080500000, 0x0000000080500000| Untracked 
|   5|0x0000000080500000, 0x0000000080600000, 0x0000000080600000|100%| O|  |TAMS 0x0000000080600000, 0x0000000080600000| Untracked 
|   6|0x0000000080600000, 0x0000000080700000, 0x0000000080700000|100%| O|  |TAMS 0x0000000080700000, 0x0000000080700000| Untracked 
|   7|0x0000000080700000, 0x0000000080800000, 0x0000000080800000|100%| O|  |TAMS 0x0000000080800000, 0x0000000080800000| Untracked 
|   8|0x0000000080800000, 0x0000000080900000, 0x0000000080900000|100%| O|  |TAMS 0x0000000080900000, 0x0000000080900000| Untracked 
|   9|0x0000000080900000, 0x0000000080a00000, 0x0000000080a00000|100%| O|  |TAMS 0x0000000080a00000, 0x0000000080a00000| Untracked 
|  10|0x0000000080a00000, 0x0000000080b00000, 0x0000000080b00000|100%| O|  |TAMS 0x0000000080b00000, 0x0000000080b00000| Untracked 
|  11|0x0000000080b00000, 0x0000000080c00000, 0x0000000080c00000|100%| O|  |TAMS 0x0000000080c00000, 0x0000000080c00000| Untracked 
|  12|0x0000000080c00000, 0x0000000080d00000, 0x0000000080d00000|100%| O|  |TAMS 0x0000000080d00000, 0x0000000080d00000| Untracked 
|  13|0x0000000080d00000, 0x0000000080e00000, 0x0000000080e00000|100%| O|  |TAMS 0x0000000080e00000, 0x0000000080e00000| Untracked 
|  14|0x0000000080e00000, 0x0000000080f00000, 0x0000000080f00000|100%| O|  |TAMS 0x0000000080f00000, 0x0000000080f00000| Untracked 
|  15|0x0000000080f00000, 0x0000000081000000, 0x0000000081000000|100%| O|  |TAMS 0x0000000081000000, 0x0000000081000000| Untracked 
|  16|0x0000000081000000, 0x0000000081100000, 0x0000000081100000|100%| O|  |TAMS 0x0000000081100000, 0x0000000081100000| Untracked 
|  17|0x0000000081100000, 0x0000000081200000, 0x0000000081200000|100%| O|  |TAMS 0x0000000081200000, 0x0000000081200000| Untracked 
|  18|0x0000000081200000, 0x0000000081300000, 0x0000000081300000|100%| O|  |TAMS 0x0000000081300000, 0x0000000081300000| Untracked 
|  19|0x0000000081300000, 0x0000000081400000, 0x0000000081400000|100%| O|  |TAMS 0x0000000081400000, 0x0000000081400000| Untracked 
|  20|0x0000000081400000, 0x0000000081500000, 0x0000000081500000|100%| O|  |TAMS 0x0000000081500000, 0x0000000081500000| Untracked 
|  21|0x0000000081500000, 0x0000000081600000, 0x0000000081600000|100%| O|  |TAMS 0x0000000081600000, 0x0000000081600000| Untracked 
|  22|0x0000000081600000, 0x0000000081700000, 0x0000000081700000|100%| O|  |TAMS 0x0000000081700000, 0x0000000081700000| Untracked 
|  23|0x0000000081700000, 0x0000000081800000, 0x0000000081800000|100%| O|  |TAMS 0x0000000081800000, 0x0000000081800000| Untracked 
|  24|0x0000000081800000, 0x0000000081900000, 0x0000000081900000|100%| O|  |TAMS 0x0000000081800000, 0x0000000081900000| Untracked 
|  25|0x0000000081900000, 0x0000000081a00000, 0x0000000081a00000|100%| O|  |TAMS 0x0000000081a00000, 0x0000000081a00000| Untracked 
|  26|0x0000000081a00000, 0x0000000081b00000, 0x0000000081b00000|100%| O|  |TAMS 0x0000000081b00000, 0x0000000081b00000| Untracked 
|  27|0x0000000081b00000, 0x0000000081c00000, 0x0000000081c00000|100%| O|  |TAMS 0x0000000081c00000, 0x0000000081c00000| Untracked 
|  28|0x0000000081c00000, 0x0000000081d00000, 0x0000000081d00000|100%| O|  |TAMS 0x0000000081d00000, 0x0000000081d00000| Untracked 
|  29|0x0000000081d00000, 0x0000000081e00000, 0x0000000081e00000|100%| O|  |TAMS 0x0000000081e00000, 0x0000000081e00000| Untracked 
|  30|0x0000000081e00000, 0x0000000081f00000, 0x0000000081f00000|100%| O|  |TAMS 0x0000000081f00000, 0x0000000081f00000| Untracked 
|  31|0x0000000081f00000, 0x0000000082000000, 0x0000000082000000|100%| O|  |TAMS 0x0000000082000000, 0x0000000082000000| Untracked 
|  32|0x0000000082000000, 0x0000000082000000, 0x0000000082100000|  0%| F|  |TAMS 0x0000000082000000, 0x0000000082000000| Untracked 
|  33|0x0000000082100000, 0x0000000082200000, 0x0000000082200000|100%|HS|  |TAMS 0x0000000082200000, 0x0000000082200000| Complete 
|  34|0x0000000082200000, 0x0000000082300000, 0x0000000082300000|100%|HS|  |TAMS 0x0000000082300000, 0x0000000082300000| Complete 
|  35|0x0000000082300000, 0x0000000082400000, 0x0000000082400000|100%|HS|  |TAMS 0x0000000082400000, 0x0000000082400000| Complete 
|  36|0x0000000082400000, 0x0000000082500000, 0x0000000082500000|100%| O|  |TAMS 0x0000000082500000, 0x0000000082500000| Untracked 
|  37|0x0000000082500000, 0x0000000082600000, 0x0000000082600000|100%| O|  |TAMS 0x0000000082600000, 0x0000000082600000| Untracked 
|  38|0x0000000082600000, 0x0000000082700000, 0x0000000082700000|100%| O|  |TAMS 0x0000000082700000, 0x0000000082700000| Untracked 
|  39|0x0000000082700000, 0x0000000082800000, 0x0000000082800000|100%| O|  |TAMS 0x0000000082800000, 0x0000000082800000| Untracked 
|  40|0x0000000082800000, 0x0000000082900000, 0x0000000082900000|100%| O|  |TAMS 0x0000000082900000, 0x0000000082900000| Untracked 
|  41|0x0000000082900000, 0x0000000082a00000, 0x0000000082a00000|100%|HS|  |TAMS 0x0000000082a00000, 0x0000000082a00000| Complete 
|  42|0x0000000082a00000, 0x0000000082b00000, 0x0000000082b00000|100%|HC|  |TAMS 0x0000000082b00000, 0x0000000082b00000| Complete 
|  43|0x0000000082b00000, 0x0000000082c00000, 0x0000000082c00000|100%|HS|  |TAMS 0x0000000082c00000, 0x0000000082c00000| Complete 
|  44|0x0000000082c00000, 0x0000000082d00000, 0x0000000082d00000|100%|HC|  |TAMS 0x0000000082d00000, 0x0000000082d00000| Complete 
|  45|0x0000000082d00000, 0x0000000082e00000, 0x0000000082e00000|100%|HC|  |TAMS 0x0000000082e00000, 0x0000000082e00000| Complete 
|  46|0x0000000082e00000, 0x0000000082f00000, 0x0000000082f00000|100%|HC|  |TAMS 0x0000000082f00000, 0x0000000082f00000| Complete 
|  47|0x0000000082f00000, 0x0000000083000000, 0x0000000083000000|100%| O|  |TAMS 0x0000000083000000, 0x0000000083000000| Untracked 
|  48|0x0000000083000000, 0x0000000083100000, 0x0000000083100000|100%| O|  |TAMS 0x0000000083100000, 0x0000000083100000| Untracked 
|  49|0x0000000083100000, 0x0000000083200000, 0x0000000083200000|100%| O|  |TAMS 0x0000000083200000, 0x0000000083200000| Untracked 
|  50|0x0000000083200000, 0x0000000083300000, 0x0000000083300000|100%| O|  |TAMS 0x0000000083300000, 0x0000000083300000| Untracked 
|  51|0x0000000083300000, 0x0000000083400000, 0x0000000083400000|100%| O|  |TAMS 0x0000000083400000, 0x0000000083400000| Untracked 
|  52|0x0000000083400000, 0x0000000083500000, 0x0000000083500000|100%| O|  |TAMS 0x0000000083500000, 0x0000000083500000| Untracked 
|  53|0x0000000083500000, 0x0000000083600000, 0x0000000083600000|100%| O|  |TAMS 0x0000000083600000, 0x0000000083600000| Untracked 
|  54|0x0000000083600000, 0x0000000083700000, 0x0000000083700000|100%| O|  |TAMS 0x0000000083700000, 0x0000000083700000| Untracked 
|  55|0x0000000083700000, 0x0000000083800000, 0x0000000083800000|100%| O|  |TAMS 0x0000000083800000, 0x0000000083800000| Untracked 
|  56|0x0000000083800000, 0x0000000083900000, 0x0000000083900000|100%| O|  |TAMS 0x0000000083900000, 0x0000000083900000| Untracked 
|  57|0x0000000083900000, 0x0000000083a00000, 0x0000000083a00000|100%| O|  |TAMS 0x0000000083a00000, 0x0000000083a00000| Untracked 
|  58|0x0000000083a00000, 0x0000000083b00000, 0x0000000083b00000|100%| O|  |TAMS 0x0000000083b00000, 0x0000000083b00000| Untracked 
|  59|0x0000000083b00000, 0x0000000083c00000, 0x0000000083c00000|100%| O|  |TAMS 0x0000000083c00000, 0x0000000083c00000| Untracked 
|  60|0x0000000083c00000, 0x0000000083d00000, 0x0000000083d00000|100%| O|  |TAMS 0x0000000083d00000, 0x0000000083d00000| Untracked 
|  61|0x0000000083d00000, 0x0000000083e00000, 0x0000000083e00000|100%| O|  |TAMS 0x0000000083e00000, 0x0000000083e00000| Untracked 
|  62|0x0000000083e00000, 0x0000000083f00000, 0x0000000083f00000|100%| O|  |TAMS 0x0000000083f00000, 0x0000000083f00000| Untracked 
|  63|0x0000000083f00000, 0x0000000084000000, 0x0000000084000000|100%| O|  |TAMS 0x0000000084000000, 0x0000000084000000| Untracked 
|  64|0x0000000084000000, 0x0000000084100000, 0x0000000084100000|100%| O|  |TAMS 0x0000000084100000, 0x0000000084100000| Untracked 
|  65|0x0000000084100000, 0x0000000084200000, 0x0000000084200000|100%| O|  |TAMS 0x0000000084200000, 0x0000000084200000| Untracked 
|  66|0x0000000084200000, 0x0000000084300000, 0x0000000084300000|100%| O|  |TAMS 0x0000000084300000, 0x0000000084300000| Untracked 
|  67|0x0000000084300000, 0x0000000084400000, 0x0000000084400000|100%| O|  |TAMS 0x0000000084400000, 0x0000000084400000| Untracked 
|  68|0x0000000084400000, 0x0000000084500000, 0x0000000084500000|100%| O|  |TAMS 0x0000000084500000, 0x0000000084500000| Untracked 
|  69|0x0000000084500000, 0x0000000084600000, 0x0000000084600000|100%| O|  |TAMS 0x0000000084600000, 0x0000000084600000| Untracked 
|  70|0x0000000084600000, 0x0000000084700000, 0x0000000084700000|100%| O|  |TAMS 0x0000000084700000, 0x0000000084700000| Untracked 
|  71|0x0000000084700000, 0x0000000084800000, 0x0000000084800000|100%| O|  |TAMS 0x0000000084794800, 0x0000000084800000| Untracked 
|  72|0x0000000084800000, 0x0000000084900000, 0x0000000084900000|100%| O|  |TAMS 0x0000000084900000, 0x0000000084900000| Untracked 
|  73|0x0000000084900000, 0x0000000084a00000, 0x0000000084a00000|100%| O|  |TAMS 0x0000000084a00000, 0x0000000084a00000| Untracked 
|  74|0x0000000084a00000, 0x0000000084b00000, 0x0000000084b00000|100%| O|  |TAMS 0x0000000084b00000, 0x0000000084b00000| Untracked 
|  75|0x0000000084b00000, 0x0000000084c00000, 0x0000000084c00000|100%| O|  |TAMS 0x0000000084b00000, 0x0000000084c00000| Untracked 
|  76|0x0000000084c00000, 0x0000000084d00000, 0x0000000084d00000|100%| O|  |TAMS 0x0000000084c00000, 0x0000000084d00000| Untracked 
|  77|0x0000000084d00000, 0x0000000084e00000, 0x0000000084e00000|100%| O|  |TAMS 0x0000000084d00000, 0x0000000084e00000| Untracked 
|  78|0x0000000084e00000, 0x0000000084f00000, 0x0000000084f00000|100%| O|  |TAMS 0x0000000084e00000, 0x0000000084f00000| Untracked 
|  79|0x0000000084f00000, 0x0000000085000000, 0x0000000085000000|100%| O|  |TAMS 0x0000000084f00000, 0x0000000085000000| Untracked 
|  80|0x0000000085000000, 0x0000000085100000, 0x0000000085100000|100%| O|  |TAMS 0x0000000085000000, 0x0000000085100000| Untracked 
|  81|0x0000000085100000, 0x0000000085139c00, 0x0000000085200000| 22%| O|  |TAMS 0x0000000085100000, 0x0000000085139c00| Untracked 
|  82|0x0000000085200000, 0x0000000085200000, 0x0000000085300000|  0%| F|  |TAMS 0x0000000085200000, 0x0000000085200000| Untracked 
|  83|0x0000000085300000, 0x0000000085300000, 0x0000000085400000|  0%| F|  |TAMS 0x0000000085300000, 0x0000000085300000| Untracked 
|  84|0x0000000085400000, 0x0000000085400000, 0x0000000085500000|  0%| F|  |TAMS 0x0000000085400000, 0x0000000085400000| Untracked 
|  85|0x0000000085500000, 0x0000000085500000, 0x0000000085600000|  0%| F|  |TAMS 0x0000000085500000, 0x0000000085500000| Untracked 
|  86|0x0000000085600000, 0x0000000085600000, 0x0000000085700000|  0%| F|  |TAMS 0x0000000085600000, 0x0000000085600000| Untracked 
|  87|0x0000000085700000, 0x0000000085700000, 0x0000000085800000|  0%| F|  |TAMS 0x0000000085700000, 0x0000000085700000| Untracked 
|  88|0x0000000085800000, 0x0000000085800000, 0x0000000085900000|  0%| F|  |TAMS 0x0000000085800000, 0x0000000085800000| Untracked 
|  89|0x0000000085900000, 0x0000000085900000, 0x0000000085a00000|  0%| F|  |TAMS 0x0000000085900000, 0x0000000085900000| Untracked 
|  90|0x0000000085a00000, 0x0000000085a00000, 0x0000000085b00000|  0%| F|  |TAMS 0x0000000085a00000, 0x0000000085a00000| Untracked 
|  91|0x0000000085b00000, 0x0000000085b00000, 0x0000000085c00000|  0%| F|  |TAMS 0x0000000085b00000, 0x0000000085b00000| Untracked 
|  92|0x0000000085c00000, 0x0000000085c00000, 0x0000000085d00000|  0%| F|  |TAMS 0x0000000085c00000, 0x0000000085c00000| Untracked 
|  93|0x0000000085d00000, 0x0000000085d00000, 0x0000000085e00000|  0%| F|  |TAMS 0x0000000085d00000, 0x0000000085d00000| Untracked 
|  94|0x0000000085e00000, 0x0000000085e00000, 0x0000000085f00000|  0%| F|  |TAMS 0x0000000085e00000, 0x0000000085e00000| Untracked 
|  95|0x0000000085f00000, 0x0000000085f00000, 0x0000000086000000|  0%| F|  |TAMS 0x0000000085f00000, 0x0000000085f00000| Untracked 
|  96|0x0000000086000000, 0x0000000086000000, 0x0000000086100000|  0%| F|  |TAMS 0x0000000086000000, 0x0000000086000000| Untracked 
|  97|0x0000000086100000, 0x0000000086100000, 0x0000000086200000|  0%| F|  |TAMS 0x0000000086100000, 0x0000000086100000| Untracked 
|  98|0x0000000086200000, 0x0000000086200000, 0x0000000086300000|  0%| F|  |TAMS 0x0000000086200000, 0x0000000086200000| Untracked 
|  99|0x0000000086300000, 0x0000000086300000, 0x0000000086400000|  0%| F|  |TAMS 0x0000000086300000, 0x0000000086300000| Untracked 
| 100|0x0000000086400000, 0x0000000086400000, 0x0000000086500000|  0%| F|  |TAMS 0x0000000086400000, 0x0000000086400000| Untracked 
| 101|0x0000000086500000, 0x0000000086500000, 0x0000000086600000|  0%| F|  |TAMS 0x0000000086500000, 0x0000000086500000| Untracked 
| 102|0x0000000086600000, 0x0000000086600000, 0x0000000086700000|  0%| F|  |TAMS 0x0000000086600000, 0x0000000086600000| Untracked 
| 103|0x0000000086700000, 0x0000000086700000, 0x0000000086800000|  0%| F|  |TAMS 0x0000000086700000, 0x0000000086700000| Untracked 
| 104|0x0000000086800000, 0x0000000086800000, 0x0000000086900000|  0%| F|  |TAMS 0x0000000086800000, 0x0000000086800000| Untracked 
| 105|0x0000000086900000, 0x0000000086900000, 0x0000000086a00000|  0%| F|  |TAMS 0x0000000086900000, 0x0000000086900000| Untracked 
| 106|0x0000000086a00000, 0x0000000086af8638, 0x0000000086b00000| 97%| S|CS|TAMS 0x0000000086a00000, 0x0000000086a00000| Complete 
| 107|0x0000000086b00000, 0x0000000086c00000, 0x0000000086c00000|100%| S|CS|TAMS 0x0000000086b00000, 0x0000000086b00000| Complete 
| 108|0x0000000086c00000, 0x0000000086d00000, 0x0000000086d00000|100%| S|CS|TAMS 0x0000000086c00000, 0x0000000086c00000| Complete 
| 109|0x0000000086d00000, 0x0000000086e00000, 0x0000000086e00000|100%| S|CS|TAMS 0x0000000086d00000, 0x0000000086d00000| Complete 
| 110|0x0000000086e00000, 0x0000000086e00000, 0x0000000086f00000|  0%| F|  |TAMS 0x0000000086e00000, 0x0000000086e00000| Untracked 
| 111|0x0000000086f00000, 0x0000000086f00000, 0x0000000087000000|  0%| F|  |TAMS 0x0000000086f00000, 0x0000000086f00000| Untracked 
| 112|0x0000000087000000, 0x0000000087000000, 0x0000000087100000|  0%| F|  |TAMS 0x0000000087000000, 0x0000000087000000| Untracked 
| 113|0x0000000087100000, 0x0000000087100000, 0x0000000087200000|  0%| F|  |TAMS 0x0000000087100000, 0x0000000087100000| Untracked 
| 114|0x0000000087200000, 0x0000000087200000, 0x0000000087300000|  0%| F|  |TAMS 0x0000000087200000, 0x0000000087200000| Untracked 
| 115|0x0000000087300000, 0x0000000087300000, 0x0000000087400000|  0%| F|  |TAMS 0x0000000087300000, 0x0000000087300000| Untracked 
| 116|0x0000000087400000, 0x0000000087400000, 0x0000000087500000|  0%| F|  |TAMS 0x0000000087400000, 0x0000000087400000| Untracked 
| 117|0x0000000087500000, 0x0000000087500000, 0x0000000087600000|  0%| F|  |TAMS 0x0000000087500000, 0x0000000087500000| Untracked 
| 118|0x0000000087600000, 0x0000000087600000, 0x0000000087700000|  0%| F|  |TAMS 0x0000000087600000, 0x0000000087600000| Untracked 
| 119|0x0000000087700000, 0x0000000087700000, 0x0000000087800000|  0%| F|  |TAMS 0x0000000087700000, 0x0000000087700000| Untracked 
| 120|0x0000000087800000, 0x0000000087800000, 0x0000000087900000|  0%| F|  |TAMS 0x0000000087800000, 0x0000000087800000| Untracked 
| 121|0x0000000087900000, 0x0000000087900000, 0x0000000087a00000|  0%| F|  |TAMS 0x0000000087900000, 0x0000000087900000| Untracked 
| 122|0x0000000087a00000, 0x0000000087a00000, 0x0000000087b00000|  0%| F|  |TAMS 0x0000000087a00000, 0x0000000087a00000| Untracked 
| 123|0x0000000087b00000, 0x0000000087b00000, 0x0000000087c00000|  0%| F|  |TAMS 0x0000000087b00000, 0x0000000087b00000| Untracked 
| 124|0x0000000087c00000, 0x0000000087c00000, 0x0000000087d00000|  0%| F|  |TAMS 0x0000000087c00000, 0x0000000087c00000| Untracked 
| 125|0x0000000087d00000, 0x0000000087d00000, 0x0000000087e00000|  0%| F|  |TAMS 0x0000000087d00000, 0x0000000087d00000| Untracked 
| 126|0x0000000087e00000, 0x0000000087e00000, 0x0000000087f00000|  0%| F|  |TAMS 0x0000000087e00000, 0x0000000087e00000| Untracked 
| 127|0x0000000087f00000, 0x0000000087f00000, 0x0000000088000000|  0%| F|  |TAMS 0x0000000087f00000, 0x0000000087f00000| Untracked 
| 128|0x0000000088000000, 0x0000000088000000, 0x0000000088100000|  0%| F|  |TAMS 0x0000000088000000, 0x0000000088000000| Untracked 
| 129|0x0000000088100000, 0x0000000088100000, 0x0000000088200000|  0%| F|  |TAMS 0x0000000088100000, 0x0000000088100000| Untracked 
| 130|0x0000000088200000, 0x0000000088200000, 0x0000000088300000|  0%| F|  |TAMS 0x0000000088200000, 0x0000000088200000| Untracked 
| 131|0x0000000088300000, 0x0000000088300000, 0x0000000088400000|  0%| F|  |TAMS 0x0000000088300000, 0x0000000088300000| Untracked 
| 132|0x0000000088400000, 0x0000000088400000, 0x0000000088500000|  0%| F|  |TAMS 0x0000000088400000, 0x0000000088400000| Untracked 
| 133|0x0000000088500000, 0x0000000088500000, 0x0000000088600000|  0%| F|  |TAMS 0x0000000088500000, 0x0000000088500000| Untracked 
| 134|0x0000000088600000, 0x0000000088600000, 0x0000000088700000|  0%| F|  |TAMS 0x0000000088600000, 0x0000000088600000| Untracked 
| 135|0x0000000088700000, 0x0000000088700000, 0x0000000088800000|  0%| F|  |TAMS 0x0000000088700000, 0x0000000088700000| Untracked 
| 136|0x0000000088800000, 0x0000000088800000, 0x0000000088900000|  0%| F|  |TAMS 0x0000000088800000, 0x0000000088800000| Untracked 
| 137|0x0000000088900000, 0x0000000088900000, 0x0000000088a00000|  0%| F|  |TAMS 0x0000000088900000, 0x0000000088900000| Untracked 
| 138|0x0000000088a00000, 0x0000000088a00000, 0x0000000088b00000|  0%| F|  |TAMS 0x0000000088a00000, 0x0000000088a00000| Untracked 
| 139|0x0000000088b00000, 0x0000000088b00000, 0x0000000088c00000|  0%| F|  |TAMS 0x0000000088b00000, 0x0000000088b00000| Untracked 
| 140|0x0000000088c00000, 0x0000000088c00000, 0x0000000088d00000|  0%| F|  |TAMS 0x0000000088c00000, 0x0000000088c00000| Untracked 
| 141|0x0000000088d00000, 0x0000000088d00000, 0x0000000088e00000|  0%| F|  |TAMS 0x0000000088d00000, 0x0000000088d00000| Untracked 
| 142|0x0000000088e00000, 0x0000000088e00000, 0x0000000088f00000|  0%| F|  |TAMS 0x0000000088e00000, 0x0000000088e00000| Untracked 
| 143|0x0000000088f00000, 0x0000000088f00000, 0x0000000089000000|  0%| F|  |TAMS 0x0000000088f00000, 0x0000000088f00000| Untracked 
| 144|0x0000000089000000, 0x0000000089000000, 0x0000000089100000|  0%| F|  |TAMS 0x0000000089000000, 0x0000000089000000| Untracked 
| 145|0x0000000089100000, 0x0000000089100000, 0x0000000089200000|  0%| F|  |TAMS 0x0000000089100000, 0x0000000089100000| Untracked 
| 146|0x0000000089200000, 0x0000000089200000, 0x0000000089300000|  0%| F|  |TAMS 0x0000000089200000, 0x0000000089200000| Untracked 
| 147|0x0000000089300000, 0x0000000089300000, 0x0000000089400000|  0%| F|  |TAMS 0x0000000089300000, 0x0000000089300000| Untracked 
| 148|0x0000000089400000, 0x0000000089400000, 0x0000000089500000|  0%| F|  |TAMS 0x0000000089400000, 0x0000000089400000| Untracked 
| 149|0x0000000089500000, 0x0000000089500000, 0x0000000089600000|  0%| F|  |TAMS 0x0000000089500000, 0x0000000089500000| Untracked 
| 150|0x0000000089600000, 0x0000000089600000, 0x0000000089700000|  0%| F|  |TAMS 0x0000000089600000, 0x0000000089600000| Untracked 
| 151|0x0000000089700000, 0x0000000089700000, 0x0000000089800000|  0%| F|  |TAMS 0x0000000089700000, 0x0000000089700000| Untracked 
| 152|0x0000000089800000, 0x0000000089800000, 0x0000000089900000|  0%| F|  |TAMS 0x0000000089800000, 0x0000000089800000| Untracked 
| 153|0x0000000089900000, 0x0000000089900000, 0x0000000089a00000|  0%| F|  |TAMS 0x0000000089900000, 0x0000000089900000| Untracked 
| 154|0x0000000089a00000, 0x0000000089a00000, 0x0000000089b00000|  0%| F|  |TAMS 0x0000000089a00000, 0x0000000089a00000| Untracked 
| 155|0x0000000089b00000, 0x0000000089b00000, 0x0000000089c00000|  0%| F|  |TAMS 0x0000000089b00000, 0x0000000089b00000| Untracked 

Card table byte_map: [0x000001ffd6f50000,0x000001ffd7350000] _byte_map_base: 0x000001ffd6b50000

Marking Bits (Prev, Next): (CMBitMap*) 0x000001ffc43a4850, (CMBitMap*) 0x000001ffc43a4890
 Prev Bits: [0x000001ffd7750000, 0x000001ffd9750000)
 Next Bits: [0x000001ffd9750000, 0x000001ffdb750000)

Polling page: 0x000001ffc3b10000

Metaspace:

Usage:
  Non-class:     78.30 MB used.
      Class:     12.35 MB used.
       Both:     90.64 MB used.

Virtual space:
  Non-class space:       80.00 MB reserved,      78.62 MB ( 98%) committed,  10 nodes.
      Class space:        1.00 GB reserved,      12.69 MB (  1%) committed,  1 nodes.
             Both:        1.08 GB reserved,      91.31 MB (  8%) committed. 

Chunk freelists:
   Non-Class:  1.04 MB
       Class:  3.23 MB
        Both:  4.27 MB

MaxMetaspaceSize: unlimited
CompressedClassSpaceSize: 1.00 GB
Initial GC threshold: 21.00 MB
Current GC threshold: 141.88 MB
CDS: off
MetaspaceReclaimPolicy: balanced
 - commit_granule_bytes: 65536.
 - commit_granule_words: 8192.
 - virtual_space_node_default_size: 1048576.
 - enlarge_chunks_in_place: 1.
 - new_chunks_are_fully_committed: 0.
 - uncommit_free_chunks: 1.
 - use_allocation_guard: 0.
 - handle_deallocations: 1.


Internal statistics:

num_allocs_failed_limit: 9.
num_arena_births: 866.
num_arena_deaths: 0.
num_vsnodes_births: 11.
num_vsnodes_deaths: 0.
num_space_committed: 1461.
num_space_uncommitted: 0.
num_chunks_returned_to_freelist: 9.
num_chunks_taken_from_freelist: 4214.
num_chunk_merges: 9.
num_chunk_splits: 2858.
num_chunks_enlarged: 1975.
num_purges: 0.
num_inconsistent_stats: 0.

CodeHeap 'non-profiled nmethods': size=120000Kb used=5749Kb max_used=5749Kb free=114250Kb
 bounds [0x000001ffcf2e0000, 0x000001ffcf880000, 0x000001ffd6810000]
CodeHeap 'profiled nmethods': size=120000Kb used=17328Kb max_used=17328Kb free=102671Kb
 bounds [0x000001ffc7810000, 0x000001ffc8900000, 0x000001ffced40000]
CodeHeap 'non-nmethods': size=5760Kb used=2392Kb max_used=2464Kb free=3367Kb
 bounds [0x000001ffced40000, 0x000001ffcefb0000, 0x000001ffcf2e0000]
 total_blobs=9680 nmethods=8765 adapters=827
 compilation: enabled
              stopped_count=0, restarted_count=0
 full_count=0

Compilation events (20 events):
Event: 11.288 Thread 0x000001ffdec5fd60 nmethod 9577 0x000001ffc88f3890 code [0x000001ffc88f3c20, 0x000001ffc88f5428]
Event: 11.288 Thread 0x000001ffdec5fd60 9580       3       jdk.internal.loader.AbstractClassLoaderValue::<init> (5 bytes)
Event: 11.288 Thread 0x000001ffdec5fd60 nmethod 9580 0x000001ffc88f5c90 code [0x000001ffc88f5e20, 0x000001ffc88f5f78]
Event: 11.288 Thread 0x000001ffdec5fd60 9578       3       jdk.internal.loader.AbstractClassLoaderValue::sub (10 bytes)
Event: 11.288 Thread 0x000001ffdec5fd60 nmethod 9578 0x000001ffc88f6010 code [0x000001ffc88f61c0, 0x000001ffc88f64f8]
Event: 11.289 Thread 0x000001ffdec5fd60 9579       3       jdk.internal.loader.AbstractClassLoaderValue$Sub::<init> (15 bytes)
Event: 11.289 Thread 0x000001ffdec5fd60 nmethod 9579 0x000001ffc88f6610 code [0x000001ffc88f67c0, 0x000001ffc88f6a38]
Event: 11.325 Thread 0x000001ffdec5fd60 9581       3       java.lang.reflect.ProxyGenerator::generateClassFile (281 bytes)
Event: 11.327 Thread 0x000001ffdec5fd60 nmethod 9581 0x000001ffc88f6b10 code [0x000001ffc88f6f00, 0x000001ffc88f8808]
Event: 11.327 Thread 0x000001ffdec5fd60 9582       3       java.lang.reflect.ProxyGenerator::computeUniqueCatchList (163 bytes)
Event: 11.328 Thread 0x000001ffdec5fd60 nmethod 9582 0x000001ffc88f8f90 code [0x000001ffc88f92e0, 0x000001ffc88fac38]
Event: 11.330 Thread 0x000001ffdec5fd60 9583       3       java.lang.Short::<init> (10 bytes)
Event: 11.330 Thread 0x000001ffdec5fd60 nmethod 9583 0x000001ffc88fb510 code [0x000001ffc88fb6c0, 0x000001ffc88fb898]
Event: 11.349 Thread 0x000001ffdec5fd60 9584       3       com.sun.xml.bind.v2.model.impl.TypeInfoImpl::nav (8 bytes)
Event: 11.349 Thread 0x000001ffdec5fd60 nmethod 9584 0x000001ffc88fb990 code [0x000001ffc88fbb20, 0x000001ffc88fbc38]
Event: 11.351 Thread 0x000001ffdec56170 9585       4       jdk.internal.org.objectweb.asm.Frame::accept (264 bytes)
Event: 11.361 Thread 0x000001ffe2b5e0c0 nmethod 9561 0x000001ffcf878a10 code [0x000001ffcf878c60, 0x000001ffcf87bef8]
Event: 11.366 Thread 0x000001ffdec5fd60 9586       3       com.sun.xml.bind.v2.model.impl.TypeInfoImpl::reader (8 bytes)
Event: 11.366 Thread 0x000001ffdec5fd60 nmethod 9586 0x000001ffc88fbd10 code [0x000001ffc88fbea0, 0x000001ffc88fbfb8]
Event: 11.368 Thread 0x000001ffe2b5e0c0 9587       4       java.lang.Class::annotationData (44 bytes)

GC Heap History (20 events):
Event: 7.202 GC heap after
{Heap after GC invocations=23 (full 0):
 garbage-first heap   total 121856K, used 64052K [0x0000000080000000, 0x0000000100000000)
  region size 1024K, 3 young (3072K), 3 survivors (3072K)
 Metaspace       used 69880K, committed 70464K, reserved 1114112K
  class space    used 9205K, committed 9472K, reserved 1048576K
}
Event: 7.595 GC heap before
{Heap before GC invocations=24 (full 0):
 garbage-first heap   total 121856K, used 92724K [0x0000000080000000, 0x0000000100000000)
  region size 1024K, 31 young (31744K), 3 survivors (3072K)
 Metaspace       used 72358K, committed 72960K, reserved 1114112K
  class space    used 9536K, committed 9792K, reserved 1048576K
}
Event: 7.599 GC heap after
{Heap after GC invocations=25 (full 0):
 garbage-first heap   total 121856K, used 66318K [0x0000000080000000, 0x0000000100000000)
  region size 1024K, 3 young (3072K), 3 survivors (3072K)
 Metaspace       used 72358K, committed 72960K, reserved 1114112K
  class space    used 9536K, committed 9792K, reserved 1048576K
}
Event: 7.882 GC heap before
{Heap before GC invocations=25 (full 0):
 garbage-first heap   total 121856K, used 94990K [0x0000000080000000, 0x0000000100000000)
  region size 1024K, 31 young (31744K), 3 survivors (3072K)
 Metaspace       used 74829K, committed 75392K, reserved 1122304K
  class space    used 9902K, committed 10176K, reserved 1048576K
}
Event: 7.888 GC heap after
{Heap after GC invocations=26 (full 0):
 garbage-first heap   total 121856K, used 68671K [0x0000000080000000, 0x0000000100000000)
  region size 1024K, 3 young (3072K), 3 survivors (3072K)
 Metaspace       used 74829K, committed 75392K, reserved 1122304K
  class space    used 9902K, committed 10176K, reserved 1048576K
}
Event: 8.155 GC heap before
{Heap before GC invocations=27 (full 0):
 garbage-first heap   total 121856K, used 96319K [0x0000000080000000, 0x0000000100000000)
  region size 1024K, 30 young (30720K), 3 survivors (3072K)
 Metaspace       used 77242K, committed 77888K, reserved 1122304K
  class space    used 10199K, committed 10496K, reserved 1048576K
}
Event: 8.161 GC heap after
{Heap after GC invocations=28 (full 0):
 garbage-first heap   total 121856K, used 73508K [0x0000000080000000, 0x0000000100000000)
  region size 1024K, 4 young (4096K), 4 survivors (4096K)
 Metaspace       used 77242K, committed 77888K, reserved 1122304K
  class space    used 10199K, committed 10496K, reserved 1048576K
}
Event: 8.320 GC heap before
{Heap before GC invocations=28 (full 0):
 garbage-first heap   total 121856K, used 98084K [0x0000000080000000, 0x0000000100000000)
  region size 1024K, 28 young (28672K), 4 survivors (4096K)
 Metaspace       used 77539K, committed 78208K, reserved 1122304K
  class space    used 10240K, committed 10560K, reserved 1048576K
}
Event: 8.326 GC heap after
{Heap after GC invocations=29 (full 0):
 garbage-first heap   total 121856K, used 75036K [0x0000000080000000, 0x0000000100000000)
  region size 1024K, 4 young (4096K), 4 survivors (4096K)
 Metaspace       used 77539K, committed 78208K, reserved 1122304K
  class space    used 10240K, committed 10560K, reserved 1048576K
}
Event: 8.563 GC heap before
{Heap before GC invocations=30 (full 0):
 garbage-first heap   total 133120K, used 97564K [0x0000000080000000, 0x0000000100000000)
  region size 1024K, 26 young (26624K), 4 survivors (4096K)
 Metaspace       used 80237K, committed 80832K, reserved 1122304K
  class space    used 10602K, committed 10880K, reserved 1048576K
}
Event: 8.567 GC heap after
{Heap after GC invocations=31 (full 0):
 garbage-first heap   total 159744K, used 76352K [0x0000000080000000, 0x0000000100000000)
  region size 1024K, 2 young (2048K), 2 survivors (2048K)
 Metaspace       used 80237K, committed 80832K, reserved 1122304K
  class space    used 10602K, committed 10880K, reserved 1048576K
}
Event: 8.631 GC heap before
{Heap before GC invocations=31 (full 0):
 garbage-first heap   total 159744K, used 81472K [0x0000000080000000, 0x0000000100000000)
  region size 1024K, 7 young (7168K), 2 survivors (2048K)
 Metaspace       used 80653K, committed 81216K, reserved 1122304K
  class space    used 10652K, committed 10944K, reserved 1048576K
}
Event: 8.634 GC heap after
{Heap after GC invocations=32 (full 0):
 garbage-first heap   total 159744K, used 75834K [0x0000000080000000, 0x0000000100000000)
  region size 1024K, 1 young (1024K), 1 survivors (1024K)
 Metaspace       used 80653K, committed 81216K, reserved 1122304K
  class space    used 10652K, committed 10944K, reserved 1048576K
}
Event: 9.591 GC heap before
{Heap before GC invocations=32 (full 0):
 garbage-first heap   total 159744K, used 124986K [0x0000000080000000, 0x0000000100000000)
  region size 1024K, 49 young (50176K), 1 survivors (1024K)
 Metaspace       used 86343K, committed 86912K, reserved 1130496K
  class space    used 11648K, committed 11904K, reserved 1048576K
}
Event: 9.597 GC heap after
{Heap after GC invocations=33 (full 0):
 garbage-first heap   total 159744K, used 78689K [0x0000000080000000, 0x0000000100000000)
  region size 1024K, 4 young (4096K), 4 survivors (4096K)
 Metaspace       used 86343K, committed 86912K, reserved 1130496K
  class space    used 11648K, committed 11904K, reserved 1048576K
}
Event: 10.433 GC heap before
{Heap before GC invocations=34 (full 0):
 garbage-first heap   total 159744K, used 127841K [0x0000000080000000, 0x0000000100000000)
  region size 1024K, 52 young (53248K), 4 survivors (4096K)
 Metaspace       used 88531K, committed 89152K, reserved 1130496K
  class space    used 11988K, committed 12288K, reserved 1048576K
}
Event: 10.442 GC heap after
{Heap after GC invocations=35 (full 0):
 garbage-first heap   total 159744K, used 82745K [0x0000000080000000, 0x0000000100000000)
  region size 1024K, 7 young (7168K), 7 survivors (7168K)
 Metaspace       used 88531K, committed 89152K, reserved 1130496K
  class space    used 11988K, committed 12288K, reserved 1048576K
}
Event: 10.451 GC heap before
{Heap before GC invocations=35 (full 0):
 garbage-first heap   total 159744K, used 83769K [0x0000000080000000, 0x0000000100000000)
  region size 1024K, 8 young (8192K), 7 survivors (7168K)
 Metaspace       used 88560K, committed 89216K, reserved 1130496K
  class space    used 11992K, committed 12288K, reserved 1048576K
}
Event: 10.459 GC heap after
{Heap after GC invocations=36 (full 0):
 garbage-first heap   total 159744K, used 83175K [0x0000000080000000, 0x0000000100000000)
  region size 1024K, 1 young (1024K), 1 survivors (1024K)
 Metaspace       used 88560K, committed 89216K, reserved 1130496K
  class space    used 11992K, committed 12288K, reserved 1048576K
}
Event: 11.369 GC heap before
{Heap before GC invocations=36 (full 0):
 garbage-first heap   total 159744K, used 129255K [0x0000000080000000, 0x0000000100000000)
  region size 1024K, 46 young (47104K), 1 survivors (1024K)
 Metaspace       used 92817K, committed 93504K, reserved 1130496K
  class space    used 12641K, committed 12992K, reserved 1048576K
}

Dll operation events (2 events):
Event: 0.012 Loaded shared library C:\Program Files (x86)\android-studio-2022.3.1.17-windows\android-studio\jbr\bin\java.dll
Event: 0.342 Loaded shared library C:\Program Files (x86)\android-studio-2022.3.1.17-windows\android-studio\jbr\bin\verify.dll

Deoptimization events (20 events):
Event: 10.998 Thread 0x000001ffe028e810 Uncommon trap: trap_request=0xffffffc6 fr.pc=0x000001ffcf709998 relative=0x0000000000000078
Event: 10.998 Thread 0x000001ffe028e810 Uncommon trap: reason=bimorphic_or_optimized_type_check action=maybe_recompile pc=0x000001ffcf709998 method=java.util.Collections$UnmodifiableCollection.size()I @ 4 c2
Event: 10.998 Thread 0x000001ffe028e810 DEOPT PACKING pc=0x000001ffcf709998 sp=0x000000f13b4f96f0
Event: 10.998 Thread 0x000001ffe028e810 DEOPT UNPACKING pc=0x000001ffced9a1a3 sp=0x000000f13b4f9680 mode 2
Event: 10.998 Thread 0x000001ffe028e810 Uncommon trap: trap_request=0xffffffc6 fr.pc=0x000001ffcf709998 relative=0x0000000000000078
Event: 10.998 Thread 0x000001ffe028e810 Uncommon trap: reason=bimorphic_or_optimized_type_check action=maybe_recompile pc=0x000001ffcf709998 method=java.util.Collections$UnmodifiableCollection.size()I @ 4 c2
Event: 10.998 Thread 0x000001ffe028e810 DEOPT PACKING pc=0x000001ffcf709998 sp=0x000000f13b4f96f0
Event: 10.998 Thread 0x000001ffe028e810 DEOPT UNPACKING pc=0x000001ffced9a1a3 sp=0x000000f13b4f9680 mode 2
Event: 11.029 Thread 0x000001ffe028e810 Uncommon trap: trap_request=0xffffffc6 fr.pc=0x000001ffcf7a26dc relative=0x00000000000003fc
Event: 11.029 Thread 0x000001ffe028e810 Uncommon trap: reason=bimorphic_or_optimized_type_check action=maybe_recompile pc=0x000001ffcf7a26dc method=com.google.common.collect.ImmutableCollection$Builder.addAll(Ljava/lang/Iterable;)Lcom/google/common/collect/ImmutableCollection$Builder; @ 1 c2
Event: 11.029 Thread 0x000001ffe028e810 DEOPT PACKING pc=0x000001ffcf7a26dc sp=0x000000f13b4f98e0
Event: 11.029 Thread 0x000001ffe028e810 DEOPT UNPACKING pc=0x000001ffced9a1a3 sp=0x000000f13b4f98b0 mode 2
Event: 11.029 Thread 0x000001ffe028e810 Uncommon trap: trap_request=0xffffffc6 fr.pc=0x000001ffcf7a26dc relative=0x00000000000003fc
Event: 11.029 Thread 0x000001ffe028e810 Uncommon trap: reason=bimorphic_or_optimized_type_check action=maybe_recompile pc=0x000001ffcf7a26dc method=com.google.common.collect.ImmutableCollection$Builder.addAll(Ljava/lang/Iterable;)Lcom/google/common/collect/ImmutableCollection$Builder; @ 1 c2
Event: 11.029 Thread 0x000001ffe028e810 DEOPT PACKING pc=0x000001ffcf7a26dc sp=0x000000f13b4f97c0
Event: 11.029 Thread 0x000001ffe028e810 DEOPT UNPACKING pc=0x000001ffced9a1a3 sp=0x000000f13b4f9790 mode 2
Event: 11.335 Thread 0x000001ffe028e810 Uncommon trap: trap_request=0xfffffff4 fr.pc=0x000001ffcf665498 relative=0x0000000000002258
Event: 11.335 Thread 0x000001ffe028e810 Uncommon trap: reason=null_check action=make_not_entrant pc=0x000001ffcf665498 method=java.lang.Class.createAnnotationData(I)Ljava/lang/Class$AnnotationData; @ 14 c2
Event: 11.335 Thread 0x000001ffe028e810 DEOPT PACKING pc=0x000001ffcf665498 sp=0x000000f13b4f7390
Event: 11.335 Thread 0x000001ffe028e810 DEOPT UNPACKING pc=0x000001ffced9a1a3 sp=0x000000f13b4f7310 mode 2

Classes unloaded (0 events):
No events

Classes redefined (0 events):
No events

Internal exceptions (20 events):
Event: 10.425 Thread 0x000001ffe028e810 Exception <a 'java/lang/ClassNotFoundException'{0x0000000086c2c4e0}: org/gradle/api/internal/artifacts/configurations/DefaultConfiguration_DecoratedBeanInfo> (0x0000000086c2c4e0) 
thrown [s\src\hotspot\share\classfile\systemDictionary.cpp, line 256]
Event: 10.426 Thread 0x000001ffe028e810 Exception <a 'java/lang/ClassNotFoundException'{0x0000000086c3d0d8}: org/gradle/api/internal/artifacts/configurations/DefaultConfigurationBeanInfo> (0x0000000086c3d0d8) 
thrown [s\src\hotspot\share\classfile\systemDictionary.cpp, line 256]
Event: 10.426 Thread 0x000001ffe028e810 Exception <a 'java/lang/ClassNotFoundException'{0x0000000086c4a3a0}: org/gradle/api/internal/file/AbstractFileCollectionBeanInfo> (0x0000000086c4a3a0) 
thrown [s\src\hotspot\share\classfile\systemDictionary.cpp, line 256]
Event: 10.427 Thread 0x000001ffe028e810 Exception <a 'java/lang/ClassNotFoundException'{0x0000000086c57638}: org/gradle/api/internal/file/AbstractFileCollectionCustomizer> (0x0000000086c57638) 
thrown [s\src\hotspot\share\classfile\systemDictionary.cpp, line 256]
Event: 10.429 Thread 0x000001ffe028e810 Exception <a 'java/lang/ClassNotFoundException'{0x0000000086c7a968}: org/gradle/api/internal/artifacts/configurations/DefaultConfigurationCustomizer> (0x0000000086c7a968) 
thrown [s\src\hotspot\share\classfile\systemDictionary.cpp, line 256]
Event: 10.433 Thread 0x000001ffe028e810 Exception <a 'java/lang/ClassNotFoundException'{0x0000000086ce8cc0}: org/gradle/api/internal/artifacts/configurations/DefaultConfiguration_DecoratedCustomizer> (0x0000000086ce8cc0) 
thrown [s\src\hotspot\share\classfile\systemDictionary.cpp, line 256]
Event: 10.447 Thread 0x000001ffe028e810 Implicit null exception at 0x000001ffcf631c9d to 0x000001ffcf6327c0
Event: 10.461 Thread 0x000001ffe028e810 Exception <a 'java/lang/ClassNotFoundException'{0x0000000089975c38}: org/codehaus/groovy/runtime/MethodClosureBeanInfo> (0x0000000089975c38) 
thrown [s\src\hotspot\share\classfile\systemDictionary.cpp, line 256]
Event: 10.463 Thread 0x000001ffe028e810 Exception <a 'java/lang/ClassNotFoundException'{0x0000000089743178}: org/codehaus/groovy/runtime/MethodClosureCustomizer> (0x0000000089743178) 
thrown [s\src\hotspot\share\classfile\systemDictionary.cpp, line 256]
Event: 10.466 Thread 0x000001ffe028e810 Exception <a 'java/lang/ClassNotFoundException'{0x000000008977b820}: org/gradle/api/internal/artifacts/configurations/DefaultConfiguration$ConfigurationResolvableDependencies_DecoratedBeanInfo> (0x000000008977b820) 
thrown [s\src\hotspot\share\classfile\systemDictionary.cpp, line 256]
Event: 10.467 Thread 0x000001ffe028e810 Exception <a 'java/lang/ClassNotFoundException'{0x000000008978d008}: org/gradle/api/internal/artifacts/configurations/DefaultConfiguration$ConfigurationResolvableDependenciesBeanInfo> (0x000000008978d008) 
thrown [s\src\hotspot\share\classfile\systemDictionary.cpp, line 256]
Event: 10.467 Thread 0x000001ffe028e810 Exception <a 'java/lang/ClassNotFoundException'{0x000000008979e840}: org/gradle/api/internal/artifacts/configurations/DefaultConfiguration$ConfigurationResolvableDependenciesCustomizer> (0x000000008979e840) 
thrown [s\src\hotspot\share\classfile\systemDictionary.cpp, line 256]
Event: 10.469 Thread 0x000001ffe028e810 Exception <a 'java/lang/ClassNotFoundException'{0x00000000897bffd0}: org/gradle/api/internal/artifacts/configurations/DefaultConfiguration$ConfigurationResolvableDependencies_DecoratedCustomizer> (0x00000000897bffd0) 
thrown [s\src\hotspot\share\classfile\systemDictionary.cpp, line 256]
Event: 10.583 Thread 0x000001ffe028e810 Implicit null exception at 0x000001ffcf76cee6 to 0x000001ffcf76d7b0
Event: 10.583 Thread 0x000001ffe028e810 Implicit null exception at 0x000001ffcf76cee6 to 0x000001ffcf76d7b0
Event: 10.590 Thread 0x000001ffe028e810 Implicit null exception at 0x000001ffcf76cee6 to 0x000001ffcf76d7b0
Event: 10.590 Thread 0x000001ffe028e810 Implicit null exception at 0x000001ffcf76cee6 to 0x000001ffcf76d7b0
Event: 11.056 Thread 0x000001ffe028e810 Exception <a 'sun/nio/fs/WindowsException'{0x0000000087b29aa0}> (0x0000000087b29aa0) 
thrown [s\src\hotspot\share\prims\jni.cpp, line 517]
Event: 11.243 Thread 0x000001ffe028e810 Exception <a 'java/lang/NullPointerException'{0x00000000874eeae8}> (0x00000000874eeae8) 
thrown [s\src\hotspot\share\interpreter\linkResolver.cpp, line 1447]
Event: 11.335 Thread 0x000001ffe028e810 Implicit null exception at 0x000001ffcf663310 to 0x000001ffcf665488

VM Operations (20 events):
Event: 9.199 Executing VM operation: ICBufferFull done
Event: 9.591 Executing VM operation: G1CollectForAllocation
Event: 9.601 Executing VM operation: G1CollectForAllocation done
Event: 9.671 Executing VM operation: G1Concurrent
Event: 9.677 Executing VM operation: G1Concurrent done
Event: 9.704 Executing VM operation: G1Concurrent
Event: 9.704 Executing VM operation: G1Concurrent done
Event: 10.169 Executing VM operation: HandshakeAllThreads
Event: 10.169 Executing VM operation: HandshakeAllThreads done
Event: 10.271 Executing VM operation: HandshakeAllThreads
Event: 10.271 Executing VM operation: HandshakeAllThreads done
Event: 10.378 Executing VM operation: HandshakeAllThreads
Event: 10.378 Executing VM operation: HandshakeAllThreads done
Event: 10.433 Executing VM operation: G1CollectForAllocation
Event: 10.443 Executing VM operation: G1CollectForAllocation done
Event: 10.451 Executing VM operation: G1CollectForAllocation
Event: 10.459 Executing VM operation: G1CollectForAllocation done
Event: 10.837 Executing VM operation: ICBufferFull
Event: 10.838 Executing VM operation: ICBufferFull done
Event: 11.369 Executing VM operation: G1CollectForAllocation

Events (20 events):
Event: 11.270 loading class java/awt/image/RenderedImage
Event: 11.270 loading class java/awt/image/RenderedImage done
Event: 11.271 loading class java/awt/image/BufferedImage
Event: 11.272 loading class java/awt/image/WritableRenderedImage
Event: 11.272 loading class java/awt/image/WritableRenderedImage done
Event: 11.272 loading class java/awt/image/BufferedImage done
Event: 11.272 loading class java/awt/Graphics2D
Event: 11.272 loading class java/awt/Graphics2D done
Event: 11.274 loading class java/awt/datatransfer/Transferable
Event: 11.274 loading class java/awt/datatransfer/Transferable done
Event: 11.275 loading class javax/xml/transform/Result
Event: 11.275 loading class javax/xml/transform/Result done
Event: 11.276 loading class javax/xml/datatype/XMLGregorianCalendar
Event: 11.276 loading class javax/xml/datatype/XMLGregorianCalendar done
Event: 11.281 loading class javax/xml/namespace/NamespaceContext
Event: 11.281 loading class javax/xml/namespace/NamespaceContext done
Event: 11.281 loading class javax/xml/datatype/Duration
Event: 11.282 loading class javax/xml/datatype/Duration done
Event: 11.330 loading class java/lang/Short$ShortCache
Event: 11.330 loading class java/lang/Short$ShortCache done


Dynamic libraries:
0x00007ff6cbde0000 - 0x00007ff6cbdea000 	C:\Program Files (x86)\android-studio-2022.3.1.17-windows\android-studio\jbr\bin\java.exe
0x00007ff9dd150000 - 0x00007ff9dd367000 	C:\WINDOWS\SYSTEM32\ntdll.dll
0x00007ff9daeb0000 - 0x00007ff9daf74000 	C:\WINDOWS\System32\KERNEL32.DLL
0x00007ff9da8b0000 - 0x00007ff9dac56000 	C:\WINDOWS\System32\KERNELBASE.dll
0x00007ff9da4d0000 - 0x00007ff9da5e1000 	C:\WINDOWS\System32\ucrtbase.dll
0x00007ff9b8ae0000 - 0x00007ff9b8af7000 	C:\Program Files (x86)\android-studio-2022.3.1.17-windows\android-studio\jbr\bin\jli.dll
0x00007ff9dc1a0000 - 0x00007ff9dc34d000 	C:\WINDOWS\System32\USER32.dll
0x00007ff9da5f0000 - 0x00007ff9da616000 	C:\WINDOWS\System32\win32u.dll
0x00007ff9af600000 - 0x00007ff9af61b000 	C:\Program Files (x86)\android-studio-2022.3.1.17-windows\android-studio\jbr\bin\VCRUNTIME140.dll
0x00007ff9dd0e0000 - 0x00007ff9dd109000 	C:\WINDOWS\System32\GDI32.dll
0x00007ff9da790000 - 0x00007ff9da8a8000 	C:\WINDOWS\System32\gdi32full.dll
0x00007ff9dad20000 - 0x00007ff9dadba000 	C:\WINDOWS\System32\msvcp_win.dll
0x00007ff9c8070000 - 0x00007ff9c8303000 	C:\WINDOWS\WinSxS\amd64_microsoft.windows.common-controls_6595b64144ccf1df_6.0.22621.2361_none_2712ced57382f843\COMCTL32.dll
0x00007ff9daff0000 - 0x00007ff9db097000 	C:\WINDOWS\System32\msvcrt.dll
0x00007ff9daf80000 - 0x00007ff9dafb1000 	C:\WINDOWS\System32\IMM32.DLL
0x00007ff9beda0000 - 0x00007ff9bedac000 	C:\Program Files (x86)\android-studio-2022.3.1.17-windows\android-studio\jbr\bin\vcruntime140_1.dll
0x00007ff99cae0000 - 0x00007ff99cb6d000 	C:\Program Files (x86)\android-studio-2022.3.1.17-windows\android-studio\jbr\bin\msvcp140.dll
0x00007ff9559b0000 - 0x00007ff95661e000 	C:\Program Files (x86)\android-studio-2022.3.1.17-windows\android-studio\jbr\bin\server\jvm.dll
0x00007ff9dce00000 - 0x00007ff9dceb0000 	C:\WINDOWS\System32\ADVAPI32.dll
0x00007ff9dc350000 - 0x00007ff9dc3f6000 	C:\WINDOWS\System32\sechost.dll
0x00007ff9dbdc0000 - 0x00007ff9dbed7000 	C:\WINDOWS\System32\RPCRT4.dll
0x00007ff9d0720000 - 0x00007ff9d0754000 	C:\WINDOWS\SYSTEM32\WINMM.dll
0x00007ff9cda10000 - 0x00007ff9cda1a000 	C:\WINDOWS\SYSTEM32\VERSION.dll
0x00007ff9c0510000 - 0x00007ff9c0519000 	C:\WINDOWS\SYSTEM32\WSOCK32.dll
0x00007ff9db760000 - 0x00007ff9db7d1000 	C:\WINDOWS\System32\WS2_32.dll
0x00007ff9d9600000 - 0x00007ff9d9618000 	C:\WINDOWS\SYSTEM32\kernel.appcore.dll
0x00007ff9ce880000 - 0x00007ff9ce88a000 	C:\Program Files (x86)\android-studio-2022.3.1.17-windows\android-studio\jbr\bin\jimage.dll
0x00007ff9d7f30000 - 0x00007ff9d815e000 	C:\WINDOWS\SYSTEM32\DBGHELP.DLL
0x00007ff9db210000 - 0x00007ff9db59a000 	C:\WINDOWS\System32\combase.dll
0x00007ff9db0a0000 - 0x00007ff9db177000 	C:\WINDOWS\System32\OLEAUT32.dll
0x00007ff9ce600000 - 0x00007ff9ce632000 	C:\WINDOWS\SYSTEM32\dbgcore.DLL
0x00007ff9dadc0000 - 0x00007ff9dae3a000 	C:\WINDOWS\System32\bcryptPrimitives.dll
0x00007ff9cd930000 - 0x00007ff9cd955000 	C:\Program Files (x86)\android-studio-2022.3.1.17-windows\android-studio\jbr\bin\java.dll
0x00007ff9cce00000 - 0x00007ff9cce18000 	C:\Program Files (x86)\android-studio-2022.3.1.17-windows\android-studio\jbr\bin\zip.dll
0x00007ff9dc400000 - 0x00007ff9dcc58000 	C:\WINDOWS\System32\SHELL32.dll
0x00007ff9d8440000 - 0x00007ff9d8d32000 	C:\WINDOWS\SYSTEM32\windows.storage.dll
0x00007ff9d8300000 - 0x00007ff9d843e000 	C:\WINDOWS\SYSTEM32\wintypes.dll
0x00007ff9dbc60000 - 0x00007ff9dbd53000 	C:\WINDOWS\System32\SHCORE.dll
0x00007ff9dbd60000 - 0x00007ff9dbdbe000 	C:\WINDOWS\System32\shlwapi.dll
0x00007ff9da400000 - 0x00007ff9da426000 	C:\WINDOWS\SYSTEM32\profapi.dll
0x00007ff9c8010000 - 0x00007ff9c8029000 	C:\Program Files (x86)\android-studio-2022.3.1.17-windows\android-studio\jbr\bin\net.dll
0x00007ff9d2130000 - 0x00007ff9d2267000 	C:\WINDOWS\SYSTEM32\WINHTTP.dll
0x00007ff9d9a80000 - 0x00007ff9d9ae9000 	C:\WINDOWS\system32\mswsock.dll
0x00007ff9bedb0000 - 0x00007ff9bedc6000 	C:\Program Files (x86)\android-studio-2022.3.1.17-windows\android-studio\jbr\bin\nio.dll
0x00007ff9cd920000 - 0x00007ff9cd930000 	C:\Program Files (x86)\android-studio-2022.3.1.17-windows\android-studio\jbr\bin\verify.dll
0x00007ff9a86d0000 - 0x00007ff9a86f7000 	C:\Users\user\.gradle\native\68d5fa5c4cc2d200863cafc0d521ce42e7d3e7ee720ec0a83991735586a16f82\windows-amd64\native-platform.dll
0x00007ff997ff0000 - 0x00007ff998134000 	C:\Users\user\.gradle\native\e376f236ea51e6404a007f0833ffe2c6e607c4080706a723a18a27aeea778392\windows-amd64\native-platform-file-events.dll
0x00007ff9cd700000 - 0x00007ff9cd709000 	C:\Program Files (x86)\android-studio-2022.3.1.17-windows\android-studio\jbr\bin\management.dll
0x00007ff9cd5e0000 - 0x00007ff9cd5eb000 	C:\Program Files (x86)\android-studio-2022.3.1.17-windows\android-studio\jbr\bin\management_ext.dll
0x00007ff9db180000 - 0x00007ff9db188000 	C:\WINDOWS\System32\PSAPI.DLL
0x00007ff9d9cd0000 - 0x00007ff9d9ceb000 	C:\WINDOWS\SYSTEM32\CRYPTSP.dll
0x00007ff9d9560000 - 0x00007ff9d9595000 	C:\WINDOWS\system32\rsaenh.dll
0x00007ff9d9b70000 - 0x00007ff9d9b9c000 	C:\WINDOWS\SYSTEM32\USERENV.dll
0x00007ff9d9e90000 - 0x00007ff9d9eb8000 	C:\WINDOWS\SYSTEM32\bcrypt.dll
0x00007ff9d9cf0000 - 0x00007ff9d9cfc000 	C:\WINDOWS\SYSTEM32\CRYPTBASE.dll
0x00007ff9d9050000 - 0x00007ff9d907d000 	C:\WINDOWS\SYSTEM32\IPHLPAPI.DLL
0x00007ff9db750000 - 0x00007ff9db759000 	C:\WINDOWS\System32\NSI.dll
0x00007ff9d0b70000 - 0x00007ff9d0b89000 	C:\WINDOWS\SYSTEM32\dhcpcsvc6.DLL
0x00007ff9d0b30000 - 0x00007ff9d0b4f000 	C:\WINDOWS\SYSTEM32\dhcpcsvc.DLL
0x00007ff9d9080000 - 0x00007ff9d9179000 	C:\WINDOWS\SYSTEM32\DNSAPI.dll
0x00007ff9cd2c0000 - 0x00007ff9cd2c8000 	C:\WINDOWS\system32\wshunix.dll
0x00007ff9bd2d0000 - 0x00007ff9bd2e7000 	C:\WINDOWS\system32\napinsp.dll
0x00007ff9bd110000 - 0x00007ff9bd12b000 	C:\WINDOWS\system32\pnrpnsp.dll
0x00007ff9bbe20000 - 0x00007ff9bbe31000 	C:\WINDOWS\System32\winrnr.dll
0x00007ff9d00a0000 - 0x00007ff9d00b5000 	C:\WINDOWS\system32\wshbth.dll
0x00007ff9bbdf0000 - 0x00007ff9bbe11000 	C:\WINDOWS\system32\nlansp_c.dll
0x00007ff9d0b60000 - 0x00007ff9d0b6a000 	C:\Windows\System32\rasadhlp.dll
0x00007ff9cedc0000 - 0x00007ff9cee44000 	C:\WINDOWS\System32\fwpuclnt.dll

dbghelp: loaded successfully - version: 4.0.5 - missing functions: none
symbol engine: initialized successfully - sym options: 0x614 - pdb path: .;C:\Program Files (x86)\android-studio-2022.3.1.17-windows\android-studio\jbr\bin;C:\WINDOWS\SYSTEM32;C:\WINDOWS\WinSxS\amd64_microsoft.windows.common-controls_6595b64144ccf1df_6.0.22621.2361_none_2712ced57382f843;C:\Program Files (x86)\android-studio-2022.3.1.17-windows\android-studio\jbr\bin\server;C:\Users\user\.gradle\native\68d5fa5c4cc2d200863cafc0d521ce42e7d3e7ee720ec0a83991735586a16f82\windows-amd64;C:\Users\user\.gradle\native\e376f236ea51e6404a007f0833ffe2c6e607c4080706a723a18a27aeea778392\windows-amd64

VM Arguments:
jvm_args: --add-opens=java.base/java.util=ALL-UNNAMED --add-opens=java.base/java.lang=ALL-UNNAMED --add-opens=java.base/java.lang.invoke=ALL-UNNAMED --add-opens=java.prefs/java.util.prefs=ALL-UNNAMED --add-opens=java.base/java.nio.charset=ALL-UNNAMED --add-opens=java.base/java.net=ALL-UNNAMED --add-opens=java.base/java.util.concurrent.atomic=ALL-UNNAMED -Xmx2048m -Dfile.encoding=UTF-8 -Duser.country=KR -Duser.language=ko -Duser.variant 
java_command: org.gradle.launcher.daemon.bootstrap.GradleDaemon 8.0
java_class_path (initial): C:\Users\user\.gradle\wrapper\dists\gradle-8.0-bin\ca5e32bp14vu59qr306oxotwh\gradle-8.0\lib\gradle-launcher-8.0.jar
Launcher Type: SUN_STANDARD

[Global flags]
     intx CICompilerCount                          = 4                                         {product} {ergonomic}
     uint ConcGCThreads                            = 2                                         {product} {ergonomic}
     uint G1ConcRefinementThreads                  = 8                                         {product} {ergonomic}
   size_t G1HeapRegionSize                         = 1048576                                   {product} {ergonomic}
    uintx GCDrainStackTargetSize                   = 64                                        {product} {ergonomic}
   size_t InitialHeapSize                          = 130023424                                 {product} {ergonomic}
   size_t MarkStackSize                            = 4194304                                   {product} {ergonomic}
   size_t MaxHeapSize                              = 2147483648                                {product} {command line}
   size_t MaxNewSize                               = 1287651328                                {product} {ergonomic}
   size_t MinHeapDeltaBytes                        = 1048576                                   {product} {ergonomic}
   size_t MinHeapSize                              = 8388608                                   {product} {ergonomic}
    uintx NonNMethodCodeHeapSize                   = 5839372                                {pd product} {ergonomic}
    uintx NonProfiledCodeHeapSize                  = 122909434                              {pd product} {ergonomic}
    uintx ProfiledCodeHeapSize                     = 122909434                              {pd product} {ergonomic}
    uintx ReservedCodeCacheSize                    = 251658240                              {pd product} {ergonomic}
     bool SegmentedCodeCache                       = true                                      {product} {ergonomic}
   size_t SoftMaxHeapSize                          = 2147483648                             {manageable} {ergonomic}
     bool UseCompressedClassPointers               = true                           {product lp64_product} {ergonomic}
     bool UseCompressedOops                        = true                           {product lp64_product} {ergonomic}
     bool UseG1GC                                  = true                                      {product} {ergonomic}
     bool UseLargePagesIndividualAllocation        = false                                  {pd product} {ergonomic}

Logging:
Log output configuration:
 #0: stdout all=warning uptime,level,tags
 #1: stderr all=off uptime,level,tags

Environment Variables:
PATH=C:\Program Files\Common Files\Oracle\Java\javapath;C:\WINDOWS\system32;C:\WINDOWS;C:\WINDOWS\System32\Wbem;C:\WINDOWS\System32\WindowsPowerShell\v1.0\;C:\WINDOWS\System32\OpenSSH\;C:\Program Files (x86)\Git\cmd;C:\Program Files\Java\jdk-18.0.2.1\bin;C:\Program Files\MATLAB\R2022a\bin;C:\Program Files\Java\openssl-0.9.8e_X64\bin;C:\Program Files\nodejs\;C:\ProgramData\chocolatey\bin;C:\Users\user\AppData\Local\Programs\Python\Python39\Scripts\;C:\Users\user\AppData\Local\Programs\Python\Python39\;C:\Users\user\AppData\Local\Microsoft\WindowsApps;C:\Users\user\AppData\Local\Programs\Microsoft VS Code\bin;C:\Program Files\JetBrains\PyCharm Community Edition 2021.2\bin;;C:\Users\user\flutter\bin;C:\Users\user\AppData\Roaming\npm;C:\Program Files\JetBrains\IntelliJ IDEA 2023.2.2\bin;;C:\Users\user\AppData\Local\afreeca
USERNAME=user
OS=Windows_NT
PROCESSOR_IDENTIFIER=Intel64 Family 6 Model 140 Stepping 1, GenuineIntel
TMP=C:\Users\user\AppData\Local\Temp
TEMP=C:\Users\user\AppData\Local\Temp


JNI global refs:
JNI global refs: 26, weak refs: 0

JNI global refs memory usage: 843, weak refs: 841


---------------  S Y S T E M  ---------------

OS:
 Windows 11 , 64 bit Build 22621 (10.0.22621.2428)
OS uptime: 1 days 10:23 hours

CPU: total 8 (initial active 8) (4 cores per cpu, 2 threads per core) family 6 model 140 stepping 1 microcode 0x9a, cx8, cmov, fxsr, ht, mmx, 3dnowpref, sse, sse2, sse3, ssse3, sse4.1, sse4.2, popcnt, lzcnt, tsc, tscinvbit, avx, avx2, aes, erms, clmul, bmi1, bmi2, adx, avx512f, avx512dq, avx512cd, avx512bw, avx512vl, sha, fma, vzeroupper, avx512_vpopcntdq, avx512_vpclmulqdq, avx512_vaes, avx512_vnni, clflush, clflushopt, clwb, avx512_vbmi2, avx512_vbmi

Memory: 4k page, system-wide physical 7865M (646M free)
TotalPageFile size 11402M (AvailPageFile size 82M)
current process WorkingSet (physical memory assigned to process): 422M, peak: 442M
current process commit charge ("private bytes"): 456M, peak: 616M

vm_info: OpenJDK 64-Bit Server VM (17.0.6+0-b2043.56-10027231) for windows-amd64 JRE (17.0.6+0-b2043.56-10027231), built on Apr 28 2023 00:43:19 by "androidbuild" with MS VC++ 16.10 / 16.11 (VS2019)

END.
